ResNet-34 (ImageNet) · Lean 4 → JAX
  Conv(3→64,7x7/2)+BN → Pool(3x3) → Res3(64→64,s1) → Res4(64→128,s2) → Res6(128→256,s2) → Res3(256→512,s2) → GAP → 512→1000

ImageNet (1000-class) — tfds streaming pipeline
lr=0.100000  batch_size=256 (4 devices x 64)  epochs=90  params=21797672
steps_per_epoch=5004  total_steps=450360
backend=gpu  devices=[CudaDevice(id=0), CudaDevice(id=1), CudaDevice(id=2), CudaDevice(id=3)]
Starting training...
Loading phase-3 init from /home/skoonce/r34_imagenet_bf16_e85.bin
Resuming at global_step=425340 (= epoch 86/90); LR schedule continues from there
E0531 13:12:52.184307   85129 cuda_timer.cc:87] Delay kernel timed out: measured time has sub-optimal accuracy. There may be a missing warmup execution, please investigate in Nsight Systems.
E0531 13:12:53.126016   85126 cuda_timer.cc:87] Delay kernel timed out: measured time has sub-optimal accuracy. There may be a missing warmup execution, please investigate in Nsight Systems.
E0531 13:12:53.521884   85120 cuda_timer.cc:87] Delay kernel timed out: measured time has sub-optimal accuracy. There may be a missing warmup execution, please investigate in Nsight Systems.
E0531 13:12:55.270678   85132 cuda_timer.cc:87] Delay kernel timed out: measured time has sub-optimal accuracy. There may be a missing warmup execution, please investigate in Nsight Systems.
E0531 13:12:58.286939   85127 cuda_timer.cc:87] Delay kernel timed out: measured time has sub-optimal accuracy. There may be a missing warmup execution, please investigate in Nsight Systems.
E0531 13:12:58.589593   85121 cuda_timer.cc:87] Delay kernel timed out: measured time has sub-optimal accuracy. There may be a missing warmup execution, please investigate in Nsight Systems.
E0531 13:12:58.780065   85111 cuda_timer.cc:87] Delay kernel timed out: measured time has sub-optimal accuracy. There may be a missing warmup execution, please investigate in Nsight Systems.
E0531 13:12:58.922658   85139 cuda_timer.cc:87] Delay kernel timed out: measured time has sub-optimal accuracy. There may be a missing warmup execution, please investigate in Nsight Systems.
  step 425400/450360  loss=1.2034  lr=0.00085  (0.0ms/step avg)
  step 425500/450360  loss=1.213  lr=0.00084  (0.0ms/step avg)
  step 425600/450360  loss=0.9588  lr=0.00083  (0.0ms/step avg)
  step 425700/450360  loss=1.0231  lr=0.00083  (0.0ms/step avg)
  step 425800/450360  loss=1.0418  lr=0.00082  (0.0ms/step avg)
  step 425900/450360  loss=1.228  lr=0.00081  (0.0ms/step avg)
  step 426000/450360  loss=1.2537  lr=0.00081  (0.0ms/step avg)
  step 426100/450360  loss=1.0301  lr=0.0008  (0.0ms/step avg)
  step 426200/450360  loss=1.0894  lr=0.00079  (0.0ms/step avg)
  step 426300/450360  loss=0.9127  lr=0.00079  (0.0ms/step avg)
  step 426400/450360  loss=1.1678  lr=0.00078  (0.0ms/step avg)
  step 426500/450360  loss=1.096  lr=0.00077  (0.0ms/step avg)
  step 426600/450360  loss=1.1029  lr=0.00077  (0.0ms/step avg)
  step 426700/450360  loss=1.074  lr=0.00076  (0.0ms/step avg)
  step 426800/450360  loss=1.2043  lr=0.00076  (0.0ms/step avg)
  step 426900/450360  loss=1.1263  lr=0.00075  (0.0ms/step avg)
  step 427000/450360  loss=0.9319  lr=0.00074  (1.0ms/step avg)
  step 427100/450360  loss=0.9565  lr=0.00074  (1.0ms/step avg)
  step 427200/450360  loss=1.0932  lr=0.00073  (1.0ms/step avg)
  step 427300/450360  loss=1.0727  lr=0.00072  (1.0ms/step avg)
  step 427400/450360  loss=1.0126  lr=0.00072  (1.0ms/step avg)
  step 427500/450360  loss=1.0191  lr=0.00071  (1.0ms/step avg)
  step 427600/450360  loss=1.0579  lr=0.0007  (1.0ms/step avg)
  step 427700/450360  loss=1.0301  lr=0.0007  (1.0ms/step avg)
  step 427800/450360  loss=1.0999  lr=0.00069  (1.0ms/step avg)
  step 427900/450360  loss=1.0465  lr=0.00069  (1.0ms/step avg)
  step 428000/450360  loss=1.1286  lr=0.00068  (1.0ms/step avg)
  step 428100/450360  loss=1.0844  lr=0.00067  (1.0ms/step avg)
  step 428200/450360  loss=0.9752  lr=0.00067  (1.0ms/step avg)
  step 428300/450360  loss=1.124  lr=0.00066  (1.0ms/step avg)
  step 428400/450360  loss=1.045  lr=0.00066  (1.0ms/step avg)
  step 428500/450360  loss=1.2494  lr=0.00065  (1.0ms/step avg)
  step 428600/450360  loss=1.0549  lr=0.00064  (1.0ms/step avg)
  step 428700/450360  loss=1.0147  lr=0.00064  (1.0ms/step avg)
  step 428800/450360  loss=1.0014  lr=0.00063  (1.0ms/step avg)
  step 428900/450360  loss=1.1944  lr=0.00063  (1.0ms/step avg)
  step 429000/450360  loss=1.0388  lr=0.00062  (1.0ms/step avg)
  step 429100/450360  loss=1.0355  lr=0.00062  (1.0ms/step avg)
  step 429200/450360  loss=1.0598  lr=0.00061  (1.0ms/step avg)
  step 429300/450360  loss=1.0321  lr=0.0006  (1.0ms/step avg)
  step 429400/450360  loss=1.158  lr=0.0006  (1.0ms/step avg)
  step 429500/450360  loss=0.982  lr=0.00059  (1.0ms/step avg)
  step 429600/450360  loss=1.1742  lr=0.00059  (1.0ms/step avg)
  step 429700/450360  loss=1.2385  lr=0.00058  (1.0ms/step avg)
  step 429800/450360  loss=1.1348  lr=0.00058  (1.0ms/step avg)
  step 429900/450360  loss=1.0987  lr=0.00057  (1.0ms/step avg)
  step 430000/450360  loss=1.2971  lr=0.00056  (1.0ms/step avg)
  step 430100/450360  loss=1.0709  lr=0.00056  (1.0ms/step avg)
  step 430200/450360  loss=1.2076  lr=0.00055  (1.0ms/step avg)
  step 430300/450360  loss=1.065  lr=0.00055  (1.0ms/step avg)
  Running validation ...
[Epoch 86] lr=0.000545 loss(train_avg)=1.1177 val_top1=35909/49920 (0.7193) val_top5=0.9048 val_loss=1.1255  [634.5s train, -622.5s val]
saved 37 param-groups to /home/skoonce/r34_imagenet_bf16_e86.bin (87190688 bytes)
  step 430400/450360  loss=1.0899  lr=0.00054  (1.0ms/step avg)
  step 430500/450360  loss=1.0672  lr=0.00054  (2.0ms/step avg)
  step 430600/450360  loss=1.1357  lr=0.00053  (2.0ms/step avg)
  step 430700/450360  loss=1.0064  lr=0.00053  (2.0ms/step avg)
  step 430800/450360  loss=1.2869  lr=0.00052  (2.0ms/step avg)
  step 430900/450360  loss=1.166  lr=0.00052  (2.0ms/step avg)
  step 431000/450360  loss=1.0846  lr=0.00051  (2.0ms/step avg)
  step 431100/450360  loss=1.1634  lr=0.00051  (2.0ms/step avg)
  step 431200/450360  loss=0.9097  lr=0.0005  (2.0ms/step avg)
  step 431300/450360  loss=1.0947  lr=0.00049  (2.0ms/step avg)
  step 431400/450360  loss=1.0865  lr=0.00049  (2.0ms/step avg)
  step 431500/450360  loss=1.1068  lr=0.00048  (2.0ms/step avg)
  step 431600/450360  loss=1.1347  lr=0.00048  (2.0ms/step avg)
  step 431700/450360  loss=1.0423  lr=0.00047  (2.0ms/step avg)
  step 431800/450360  loss=1.0359  lr=0.00047  (2.0ms/step avg)
  step 431900/450360  loss=1.2589  lr=0.00046  (2.0ms/step avg)
  step 432000/450360  loss=1.0118  lr=0.00046  (2.0ms/step avg)
  step 432100/450360  loss=1.0646  lr=0.00045  (2.0ms/step avg)
  step 432200/450360  loss=1.122  lr=0.00045  (2.0ms/step avg)
  step 432300/450360  loss=0.885  lr=0.00044  (2.0ms/step avg)
  step 432400/450360  loss=1.0803  lr=0.00044  (2.0ms/step avg)
  step 432500/450360  loss=1.2447  lr=0.00043  (2.0ms/step avg)
  step 432600/450360  loss=1.2409  lr=0.00043  (2.0ms/step avg)
  step 432700/450360  loss=1.0977  lr=0.00042  (2.0ms/step avg)
  step 432800/450360  loss=1.0034  lr=0.00042  (2.0ms/step avg)
  step 432900/450360  loss=1.1455  lr=0.00042  (2.0ms/step avg)
  step 433000/450360  loss=0.9482  lr=0.00041  (2.0ms/step avg)
  step 433100/450360  loss=1.033  lr=0.00041  (2.0ms/step avg)
  step 433200/450360  loss=0.9472  lr=0.0004  (2.0ms/step avg)
  step 433300/450360  loss=1.2548  lr=0.0004  (2.0ms/step avg)
  step 433400/450360  loss=1.189  lr=0.00039  (2.0ms/step avg)
  step 433500/450360  loss=1.0997  lr=0.00039  (2.0ms/step avg)
  step 433600/450360  loss=1.1939  lr=0.00038  (2.0ms/step avg)
  step 433700/450360  loss=1.173  lr=0.00038  (2.0ms/step avg)
  step 433800/450360  loss=1.0804  lr=0.00037  (2.0ms/step avg)
  step 433900/450360  loss=1.1241  lr=0.00037  (2.0ms/step avg)
  step 434000/450360  loss=0.9377  lr=0.00036  (2.0ms/step avg)
  step 434100/450360  loss=0.9572  lr=0.00036  (3.0ms/step avg)
  step 434200/450360  loss=1.1528  lr=0.00036  (3.0ms/step avg)
  step 434300/450360  loss=0.9893  lr=0.00035  (3.0ms/step avg)
  step 434400/450360  loss=1.0981  lr=0.00035  (3.0ms/step avg)
  step 434500/450360  loss=1.0788  lr=0.00034  (3.0ms/step avg)
  step 434600/450360  loss=1.0816  lr=0.00034  (3.0ms/step avg)
  step 434700/450360  loss=1.2378  lr=0.00033  (3.0ms/step avg)
  step 434800/450360  loss=0.9212  lr=0.00033  (3.0ms/step avg)
  step 434900/450360  loss=1.1637  lr=0.00033  (3.0ms/step avg)
  step 435000/450360  loss=0.9856  lr=0.00032  (3.0ms/step avg)
  step 435100/450360  loss=0.9438  lr=0.00032  (3.0ms/step avg)
  step 435200/450360  loss=1.2692  lr=0.00031  (3.0ms/step avg)
  step 435300/450360  loss=1.0548  lr=0.00031  (3.0ms/step avg)
  Running validation ...
[Epoch 87] lr=0.000307 loss(train_avg)=1.1017 val_top1=35934/49920 (0.7198) val_top5=0.9061 val_loss=1.121  [616.4s train, -606.4s val]
saved 37 param-groups to /home/skoonce/r34_imagenet_bf16_e87.bin (87190688 bytes)
  step 435400/450360  loss=1.1342  lr=0.0003  (3.0ms/step avg)
  step 435500/450360  loss=1.0883  lr=0.0003  (3.0ms/step avg)
  step 435600/450360  loss=1.1725  lr=0.0003  (3.0ms/step avg)
  step 435700/450360  loss=1.1441  lr=0.00029  (3.0ms/step avg)
  step 435800/450360  loss=0.9006  lr=0.00029  (3.0ms/step avg)
  step 435900/450360  loss=1.0268  lr=0.00028  (3.0ms/step avg)
  step 436000/450360  loss=1.1334  lr=0.00028  (3.0ms/step avg)
  step 436100/450360  loss=1.1212  lr=0.00028  (3.0ms/step avg)
  step 436200/450360  loss=1.0011  lr=0.00027  (3.0ms/step avg)
  step 436300/450360  loss=1.0244  lr=0.00027  (3.0ms/step avg)
  step 436400/450360  loss=1.0364  lr=0.00027  (3.0ms/step avg)
  step 436500/450360  loss=0.8567  lr=0.00026  (3.0ms/step avg)
  step 436600/450360  loss=0.9377  lr=0.00026  (3.0ms/step avg)
  step 436700/450360  loss=1.0939  lr=0.00025  (3.0ms/step avg)
  step 436800/450360  loss=0.8901  lr=0.00025  (3.0ms/step avg)
  step 436900/450360  loss=1.1964  lr=0.00025  (3.0ms/step avg)
  step 437000/450360  loss=0.9337  lr=0.00024  (3.0ms/step avg)
  step 437100/450360  loss=0.9916  lr=0.00024  (3.0ms/step avg)
  step 437200/450360  loss=1.2272  lr=0.00024  (3.0ms/step avg)
  step 437300/450360  loss=1.1383  lr=0.00023  (3.0ms/step avg)
  step 437400/450360  loss=1.4335  lr=0.00023  (3.0ms/step avg)
  step 437500/450360  loss=1.055  lr=0.00023  (3.0ms/step avg)
  step 437600/450360  loss=1.1331  lr=0.00022  (3.0ms/step avg)
  step 437700/450360  loss=1.1967  lr=0.00022  (4.0ms/step avg)
  step 437800/450360  loss=1.0326  lr=0.00022  (4.0ms/step avg)
  step 437900/450360  loss=1.1018  lr=0.00021  (4.0ms/step avg)
  step 438000/450360  loss=0.9315  lr=0.00021  (4.0ms/step avg)
  step 438100/450360  loss=1.079  lr=0.0002  (4.0ms/step avg)
  step 438200/450360  loss=1.0272  lr=0.0002  (4.0ms/step avg)
  step 438300/450360  loss=1.1599  lr=0.0002  (4.0ms/step avg)
  step 438400/450360  loss=1.2973  lr=0.00019  (4.0ms/step avg)
  step 438500/450360  loss=1.1612  lr=0.00019  (4.0ms/step avg)
  step 438600/450360  loss=1.1776  lr=0.00019  (4.0ms/step avg)
  step 438700/450360  loss=1.1234  lr=0.00019  (4.0ms/step avg)
  step 438800/450360  loss=1.1812  lr=0.00018  (4.0ms/step avg)
  step 438900/450360  loss=1.0561  lr=0.00018  (4.0ms/step avg)
  step 439000/450360  loss=1.1673  lr=0.00018  (4.0ms/step avg)
  step 439100/450360  loss=1.1974  lr=0.00017  (4.0ms/step avg)
  step 439200/450360  loss=1.0588  lr=0.00017  (4.0ms/step avg)
  step 439300/450360  loss=0.9655  lr=0.00017  (4.0ms/step avg)
  step 439400/450360  loss=1.2381  lr=0.00016  (4.0ms/step avg)
  step 439500/450360  loss=1.0219  lr=0.00016  (4.0ms/step avg)
  step 439600/450360  loss=0.9558  lr=0.00016  (4.0ms/step avg)
  step 439700/450360  loss=1.0576  lr=0.00015  (4.0ms/step avg)
  step 439800/450360  loss=1.1457  lr=0.00015  (4.0ms/step avg)
  step 439900/450360  loss=1.1004  lr=0.00015  (4.0ms/step avg)
  step 440000/450360  loss=1.16  lr=0.00015  (4.0ms/step avg)
  step 440100/450360  loss=0.9665  lr=0.00014  (4.0ms/step avg)
  step 440200/450360  loss=0.8195  lr=0.00014  (4.0ms/step avg)
  step 440300/450360  loss=1.2206  lr=0.00014  (4.0ms/step avg)
  Running validation ...
[Epoch 88] lr=0.000137 loss(train_avg)=1.0918 val_top1=36003/49920 (0.7212) val_top5=0.9061 val_loss=1.1158  [615.1s train, -605.3s val]
saved 37 param-groups to /home/skoonce/r34_imagenet_bf16_e88.bin (87190688 bytes)
  step 440400/450360  loss=1.2178  lr=0.00014  (4.0ms/step avg)
  step 440500/450360  loss=1.0323  lr=0.00013  (4.0ms/step avg)
  step 440600/450360  loss=1.0646  lr=0.00013  (4.0ms/step avg)
  step 440700/450360  loss=1.2907  lr=0.00013  (4.0ms/step avg)
  step 440800/450360  loss=1.1607  lr=0.00012  (4.0ms/step avg)
  step 440900/450360  loss=1.1383  lr=0.00012  (4.0ms/step avg)
  step 441000/450360  loss=1.1248  lr=0.00012  (4.0ms/step avg)
  step 441100/450360  loss=1.0586  lr=0.00012  (4.0ms/step avg)
  step 441200/450360  loss=1.0993  lr=0.00011  (4.0ms/step avg)
  step 441300/450360  loss=1.0556  lr=0.00011  (4.0ms/step avg)
  step 441400/450360  loss=0.9722  lr=0.00011  (5.0ms/step avg)
  step 441500/450360  loss=1.1333  lr=0.00011  (5.0ms/step avg)
  step 441600/450360  loss=0.8825  lr=0.0001  (5.0ms/step avg)
  step 441700/450360  loss=0.9868  lr=0.0001  (5.0ms/step avg)
  step 441800/450360  loss=0.9649  lr=0.0001  (5.0ms/step avg)
  step 441900/450360  loss=1.186  lr=0.0001  (5.0ms/step avg)
  step 442000/450360  loss=1.0533  lr=0.0001  (5.0ms/step avg)
  step 442100/450360  loss=1.0163  lr=9e-05  (5.0ms/step avg)
  step 442200/450360  loss=1.0164  lr=9e-05  (5.0ms/step avg)
  step 442300/450360  loss=0.9584  lr=9e-05  (5.0ms/step avg)
  step 442400/450360  loss=0.9661  lr=9e-05  (5.0ms/step avg)
  step 442500/450360  loss=1.0176  lr=8e-05  (5.0ms/step avg)
  step 442600/450360  loss=1.131  lr=8e-05  (5.0ms/step avg)
  step 442700/450360  loss=1.0979  lr=8e-05  (5.0ms/step avg)
  step 442800/450360  loss=1.1036  lr=8e-05  (5.0ms/step avg)
  step 442900/450360  loss=0.931  lr=8e-05  (5.0ms/step avg)
  step 443000/450360  loss=0.882  lr=7e-05  (5.0ms/step avg)
  step 443100/450360  loss=1.078  lr=7e-05  (5.0ms/step avg)
  step 443200/450360  loss=1.0281  lr=7e-05  (5.0ms/step avg)
  step 443300/450360  loss=1.2781  lr=7e-05  (5.0ms/step avg)
  step 443400/450360  loss=0.7864  lr=7e-05  (5.0ms/step avg)
  step 443500/450360  loss=1.0118  lr=6e-05  (5.0ms/step avg)
  step 443600/450360  loss=1.0403  lr=6e-05  (5.0ms/step avg)
  step 443700/450360  loss=1.1127  lr=6e-05  (5.0ms/step avg)
  step 443800/450360  loss=1.0393  lr=6e-05  (5.0ms/step avg)
  step 443900/450360  loss=1.0989  lr=6e-05  (5.0ms/step avg)
  step 444000/450360  loss=0.9653  lr=6e-05  (5.0ms/step avg)
  step 444100/450360  loss=0.9862  lr=5e-05  (5.0ms/step avg)
  step 444200/450360  loss=1.1192  lr=5e-05  (5.0ms/step avg)
  step 444300/450360  loss=1.056  lr=5e-05  (5.0ms/step avg)
  step 444400/450360  loss=1.2219  lr=5e-05  (5.0ms/step avg)
  step 444500/450360  loss=1.2547  lr=5e-05  (5.0ms/step avg)
  step 444600/450360  loss=1.0399  lr=5e-05  (5.0ms/step avg)
  step 444700/450360  loss=1.1174  lr=4e-05  (5.0ms/step avg)
  step 444800/450360  loss=0.8239  lr=4e-05  (5.0ms/step avg)
  step 444900/450360  loss=1.0459  lr=4e-05  (5.0ms/step avg)
  step 445000/450360  loss=0.939  lr=4e-05  (5.0ms/step avg)
  step 445100/450360  loss=1.0725  lr=4e-05  (5.0ms/step avg)
  step 445200/450360  loss=1.0505  lr=4e-05  (6.0ms/step avg)
  step 445300/450360  loss=1.0527  lr=3e-05  (6.0ms/step avg)
  Running validation ...
[Epoch 89] lr=3.4e-05 loss(train_avg)=1.0863 val_top1=35973/49920 (0.7206) val_top5=0.9066 val_loss=1.1149  [620.3s train, -610.3s val]
saved 37 param-groups to /home/skoonce/r34_imagenet_bf16_e89.bin (87190688 bytes)
  step 445400/450360  loss=1.0348  lr=3e-05  (6.0ms/step avg)
  step 445500/450360  loss=0.8512  lr=3e-05  (6.0ms/step avg)
  step 445600/450360  loss=0.9751  lr=3e-05  (6.0ms/step avg)
  step 445700/450360  loss=0.9498  lr=3e-05  (6.0ms/step avg)
  step 445800/450360  loss=0.958  lr=3e-05  (6.0ms/step avg)
  step 445900/450360  loss=1.0885  lr=3e-05  (6.0ms/step avg)
  step 446000/450360  loss=1.088  lr=3e-05  (6.0ms/step avg)
  step 446100/450360  loss=1.1954  lr=2e-05  (6.0ms/step avg)
  step 446200/450360  loss=0.9563  lr=2e-05  (6.0ms/step avg)
  step 446300/450360  loss=0.9861  lr=2e-05  (6.0ms/step avg)
  step 446400/450360  loss=1.1398  lr=2e-05  (6.0ms/step avg)
  step 446500/450360  loss=0.9568  lr=2e-05  (6.0ms/step avg)
  step 446600/450360  loss=1.2834  lr=2e-05  (6.0ms/step avg)
  step 446700/450360  loss=1.0064  lr=2e-05  (6.0ms/step avg)
  step 446800/450360  loss=1.004  lr=2e-05  (6.0ms/step avg)
  step 446900/450360  loss=1.0552  lr=2e-05  (6.0ms/step avg)
  step 447000/450360  loss=1.11  lr=2e-05  (6.0ms/step avg)
  step 447100/450360  loss=1.1454  lr=1e-05  (6.0ms/step avg)
  step 447200/450360  loss=1.257  lr=1e-05  (6.0ms/step avg)
  step 447300/450360  loss=1.15  lr=1e-05  (6.0ms/step avg)
  step 447400/450360  loss=1.1935  lr=1e-05  (6.0ms/step avg)
  step 447500/450360  loss=1.2271  lr=1e-05  (6.0ms/step avg)
  step 447600/450360  loss=1.0744  lr=1e-05  (6.0ms/step avg)
  step 447700/450360  loss=1.1351  lr=1e-05  (6.0ms/step avg)
  step 447800/450360  loss=1.2367  lr=1e-05  (6.0ms/step avg)
  step 447900/450360  loss=1.0522  lr=1e-05  (6.0ms/step avg)
  step 448000/450360  loss=1.1043  lr=1e-05  (6.0ms/step avg)
  step 448100/450360  loss=1.209  lr=1e-05  (6.0ms/step avg)
  step 448200/450360  loss=1.0582  lr=1e-05  (6.0ms/step avg)
  step 448300/450360  loss=1.0127  lr=1e-05  (6.0ms/step avg)
  step 448400/450360  loss=0.8716  lr=1e-05  (6.0ms/step avg)
  step 448500/450360  loss=1.0544  lr=0.0  (6.0ms/step avg)
  step 448600/450360  loss=1.2663  lr=0.0  (6.0ms/step avg)
  step 448700/450360  loss=1.1038  lr=0.0  (6.0ms/step avg)
  step 448800/450360  loss=1.0484  lr=0.0  (6.0ms/step avg)
  step 448900/450360  loss=1.114  lr=0.0  (7.0ms/step avg)
  step 449000/450360  loss=0.9241  lr=0.0  (7.0ms/step avg)
  step 449100/450360  loss=1.1434  lr=0.0  (7.0ms/step avg)
  step 449200/450360  loss=0.9505  lr=0.0  (7.0ms/step avg)
  step 449300/450360  loss=0.9251  lr=0.0  (7.0ms/step avg)
  step 449400/450360  loss=1.0773  lr=0.0  (7.0ms/step avg)
  step 449500/450360  loss=0.9512  lr=0.0  (7.0ms/step avg)
  step 449600/450360  loss=1.2083  lr=0.0  (7.0ms/step avg)
  step 449700/450360  loss=1.0071  lr=0.0  (7.0ms/step avg)
  step 449800/450360  loss=1.0109  lr=0.0  (7.0ms/step avg)
  step 449900/450360  loss=1.1568  lr=0.0  (7.0ms/step avg)
  step 450000/450360  loss=1.0848  lr=0.0  (7.0ms/step avg)
  step 450100/450360  loss=1.2045  lr=0.0  (7.0ms/step avg)
  step 450200/450360  loss=1.0346  lr=0.0  (7.0ms/step avg)
  step 450300/450360  loss=1.1101  lr=0.0  (7.0ms/step avg)
  Running validation ...
[Epoch 90] lr=0.0 loss(train_avg)=1.0827 val_top1=35982/49920 (0.7208) val_top5=0.9063 val_loss=1.1148  [619.5s train, -609.8s val]
saved 37 param-groups to /home/skoonce/r34_imagenet_bf16_e90.bin (87190688 bytes)
saved 37 param-groups to /home/skoonce/r34_imagenet_bf16.bin (87190688 bytes)

Done. Total time: 3106.5s
