DDPM UNet T-cond base64 bottleneck-attn (CIFAR 32x32x3): 2675395 params (epochs=20)
Generating train step MLIR...
  250821 chars
Compiling vmfb...
  train step compiled
Loading CIFAR-10...
  train: 50000 images (centered to [-1, 1])
  2675395 params, 30 MB
  session loaded
training: 1562 batches/epoch, batch=32, lr=0.000500
  step 0/1562: loss=1.837995 (202ms)
  step 1/1562: loss=1.811179 (204ms)
  step 2/1562: loss=1.389554 (208ms)
  step 200/1562: loss=0.158376 (189ms)
  step 400/1562: loss=0.127439 (206ms)
  step 600/1562: loss=0.103694 (191ms)
  step 800/1562: loss=0.102932 (193ms)
  step 1000/1562: loss=0.090752 (197ms)
  step 1200/1562: loss=0.116207 (194ms)
  step 1400/1562: loss=0.098741 (190ms)
Epoch 1/20: avg loss=0.136631 (323333ms)
  step 0/1562: loss=0.070602 (196ms)
  step 1/1562: loss=0.091225 (198ms)
  step 2/1562: loss=0.127862 (201ms)
  step 200/1562: loss=0.058529 (199ms)
  step 400/1562: loss=0.114713 (201ms)
  step 600/1562: loss=0.061065 (197ms)
  step 800/1562: loss=0.106405 (197ms)
  step 1000/1562: loss=0.057158 (201ms)
  step 1200/1562: loss=0.069972 (210ms)
  step 1400/1562: loss=0.089034 (201ms)
Epoch 2/20: avg loss=0.091610 (327611ms)
  step 0/1562: loss=0.080870 (197ms)
  step 1/1562: loss=0.107505 (199ms)
  step 2/1562: loss=0.078363 (194ms)
  step 200/1562: loss=0.103297 (197ms)
  step 400/1562: loss=0.130274 (192ms)
  step 600/1562: loss=0.074880 (193ms)
  step 800/1562: loss=0.045878 (194ms)
  step 1000/1562: loss=0.080524 (199ms)
  step 1200/1562: loss=0.100476 (189ms)
  step 1400/1562: loss=0.065001 (188ms)
Epoch 3/20: avg loss=0.085509 (323723ms)
  step 0/1562: loss=0.075765 (190ms)
  step 1/1562: loss=0.079097 (190ms)
  step 2/1562: loss=0.130308 (196ms)
  step 200/1562: loss=0.052829 (202ms)
  step 400/1562: loss=0.069485 (205ms)
  step 600/1562: loss=0.078290 (194ms)
  step 800/1562: loss=0.112461 (191ms)
  step 1000/1562: loss=0.053516 (193ms)
  step 1200/1562: loss=0.054555 (200ms)
  step 1400/1562: loss=0.056284 (197ms)
Epoch 4/20: avg loss=0.078404 (322705ms)
  step 0/1562: loss=0.049151 (195ms)
  step 1/1562: loss=0.074599 (201ms)
  step 2/1562: loss=0.093799 (185ms)
  step 200/1562: loss=0.071998 (199ms)
  step 400/1562: loss=0.065413 (199ms)
  step 600/1562: loss=0.064944 (194ms)
  step 800/1562: loss=0.082663 (197ms)
  step 1000/1562: loss=0.075589 (203ms)
  step 1200/1562: loss=0.081216 (198ms)
  step 1400/1562: loss=0.106485 (190ms)
Epoch 5/20: avg loss=0.077264 (322706ms)
  step 0/1562: loss=0.108566 (190ms)
  step 1/1562: loss=0.089052 (189ms)
  step 2/1562: loss=0.085543 (188ms)
  step 200/1562: loss=0.073852 (196ms)
  step 400/1562: loss=0.095944 (183ms)
  step 600/1562: loss=0.094298 (194ms)
  step 800/1562: loss=0.058368 (186ms)
  step 1000/1562: loss=0.049450 (209ms)
  step 1200/1562: loss=0.069809 (195ms)
  step 1400/1562: loss=0.081470 (195ms)
Epoch 6/20: avg loss=0.075667 (323210ms)
  step 0/1562: loss=0.102034 (189ms)
  step 1/1562: loss=0.056573 (195ms)
  step 2/1562: loss=0.049256 (190ms)
  step 200/1562: loss=0.087231 (199ms)
  step 400/1562: loss=0.055258 (199ms)
  step 600/1562: loss=0.087758 (199ms)
  step 800/1562: loss=0.102145 (194ms)
  step 1000/1562: loss=0.068120 (188ms)
  step 1200/1562: loss=0.081513 (199ms)
  step 1400/1562: loss=0.067433 (203ms)
Epoch 7/20: avg loss=0.073924 (323300ms)
  step 0/1562: loss=0.072741 (201ms)
  step 1/1562: loss=0.053060 (196ms)
  step 2/1562: loss=0.102643 (196ms)
  step 200/1562: loss=0.079833 (203ms)
  step 400/1562: loss=0.055088 (197ms)
  step 600/1562: loss=0.073082 (190ms)
  step 800/1562: loss=0.056179 (199ms)
  step 1000/1562: loss=0.070233 (203ms)
  step 1200/1562: loss=0.065525 (207ms)
  step 1400/1562: loss=0.051598 (199ms)
Epoch 8/20: avg loss=0.072010 (323874ms)
  step 0/1562: loss=0.086814 (191ms)
  step 1/1562: loss=0.075058 (183ms)
  step 2/1562: loss=0.066469 (186ms)
  step 200/1562: loss=0.057327 (193ms)
  step 400/1562: loss=0.078012 (200ms)
  step 600/1562: loss=0.056516 (198ms)
  step 800/1562: loss=0.075328 (190ms)
  step 1000/1562: loss=0.070910 (192ms)
  step 1200/1562: loss=0.070807 (190ms)
  step 1400/1562: loss=0.068052 (207ms)
Epoch 9/20: avg loss=0.071279 (322986ms)
  step 0/1562: loss=0.051796 (198ms)
  step 1/1562: loss=0.069092 (202ms)
  step 2/1562: loss=0.088576 (191ms)
  step 200/1562: loss=0.057318 (201ms)
  step 400/1562: loss=0.052682 (199ms)
  step 600/1562: loss=0.063348 (198ms)
  step 800/1562: loss=0.060536 (193ms)
  step 1000/1562: loss=0.058555 (200ms)
  step 1200/1562: loss=0.076693 (193ms)
  step 1400/1562: loss=0.053792 (200ms)
Epoch 10/20: avg loss=0.069766 (322393ms)
  step 0/1562: loss=0.074704 (200ms)
  step 1/1562: loss=0.104526 (192ms)
  step 2/1562: loss=0.041257 (197ms)
  step 200/1562: loss=0.084727 (189ms)
  step 400/1562: loss=0.054845 (194ms)
  step 600/1562: loss=0.047846 (192ms)
  step 800/1562: loss=0.037006 (195ms)
  step 1000/1562: loss=0.060326 (203ms)
  step 1200/1562: loss=0.046662 (194ms)
  step 1400/1562: loss=0.102275 (191ms)
Epoch 11/20: avg loss=0.069854 (322615ms)
  step 0/1562: loss=0.065102 (193ms)
  step 1/1562: loss=0.067337 (199ms)
  step 2/1562: loss=0.077370 (196ms)
  step 200/1562: loss=0.059105 (199ms)
  step 400/1562: loss=0.081492 (206ms)
  step 600/1562: loss=0.085768 (201ms)
  step 800/1562: loss=0.098210 (190ms)
  step 1000/1562: loss=0.074018 (192ms)
  step 1200/1562: loss=0.046064 (197ms)
  step 1400/1562: loss=0.065152 (192ms)
Epoch 12/20: avg loss=0.070878 (322934ms)
  step 0/1562: loss=0.090804 (200ms)
  step 1/1562: loss=0.101185 (192ms)
  step 2/1562: loss=0.073776 (191ms)
  step 200/1562: loss=0.086222 (192ms)
  step 400/1562: loss=0.059421 (190ms)
  step 600/1562: loss=0.052686 (203ms)
  step 800/1562: loss=0.061919 (194ms)
  step 1000/1562: loss=0.056613 (193ms)
  step 1200/1562: loss=0.110242 (198ms)
  step 1400/1562: loss=0.064140 (191ms)
Epoch 13/20: avg loss=0.071209 (323422ms)
  step 0/1562: loss=0.078550 (191ms)
  step 1/1562: loss=0.067069 (196ms)
  step 2/1562: loss=0.053418 (195ms)
  step 200/1562: loss=0.078867 (193ms)
  step 400/1562: loss=0.048926 (194ms)
  step 600/1562: loss=0.078868 (190ms)
  step 800/1562: loss=0.087131 (199ms)
  step 1000/1562: loss=0.035486 (191ms)
  step 1200/1562: loss=0.062311 (187ms)
  step 1400/1562: loss=0.054768 (186ms)
Epoch 14/20: avg loss=0.069029 (322837ms)
  step 0/1562: loss=0.058212 (200ms)
  step 1/1562: loss=0.092400 (191ms)
  step 2/1562: loss=0.056659 (198ms)
  step 200/1562: loss=0.095798 (202ms)
  step 400/1562: loss=0.049246 (212ms)
  step 600/1562: loss=0.059685 (193ms)
  step 800/1562: loss=0.064919 (195ms)
  step 1000/1562: loss=0.111275 (193ms)
  step 1200/1562: loss=0.063439 (193ms)
  step 1400/1562: loss=0.052613 (187ms)
Epoch 15/20: avg loss=0.068422 (325663ms)
  step 0/1562: loss=0.075864 (203ms)
  step 1/1562: loss=0.066921 (207ms)
  step 2/1562: loss=0.108024 (204ms)
  step 200/1562: loss=0.071000 (205ms)
  step 400/1562: loss=0.057147 (204ms)
  step 600/1562: loss=0.061142 (209ms)
  step 800/1562: loss=0.049547 (204ms)
  step 1000/1562: loss=0.068919 (193ms)
  step 1200/1562: loss=0.092808 (195ms)
  step 1400/1562: loss=0.075111 (199ms)
Epoch 16/20: avg loss=0.068080 (330676ms)
  step 0/1562: loss=0.036879 (202ms)
  step 1/1562: loss=0.062115 (195ms)
  step 2/1562: loss=0.045834 (192ms)
  step 200/1562: loss=0.061827 (205ms)
  step 400/1562: loss=0.116155 (201ms)
  step 600/1562: loss=0.093773 (198ms)
  step 800/1562: loss=0.056763 (196ms)
  step 1000/1562: loss=0.058550 (191ms)
  step 1200/1562: loss=0.057841 (202ms)
  step 1400/1562: loss=0.045470 (201ms)
Epoch 17/20: avg loss=0.069579 (325846ms)
  step 0/1562: loss=0.091526 (202ms)
  step 1/1562: loss=0.067350 (207ms)
  step 2/1562: loss=0.076211 (205ms)
  step 200/1562: loss=0.040969 (195ms)
  step 400/1562: loss=0.073111 (203ms)
  step 600/1562: loss=0.081273 (198ms)
  step 800/1562: loss=0.073419 (208ms)
  step 1000/1562: loss=0.063862 (197ms)
  step 1200/1562: loss=0.045427 (204ms)
  step 1400/1562: loss=0.077674 (193ms)
Epoch 18/20: avg loss=0.068083 (328497ms)
  step 0/1562: loss=0.053933 (203ms)
  step 1/1562: loss=0.086228 (202ms)
  step 2/1562: loss=0.042613 (204ms)
  step 200/1562: loss=0.095414 (193ms)
  step 400/1562: loss=0.054383 (204ms)
  step 600/1562: loss=0.067422 (196ms)
  step 800/1562: loss=0.071248 (205ms)
  step 1000/1562: loss=0.071359 (192ms)
  step 1200/1562: loss=0.068371 (197ms)
  step 1400/1562: loss=0.058172 (196ms)
Epoch 19/20: avg loss=0.070166 (327388ms)
  step 0/1562: loss=0.085384 (201ms)
  step 1/1562: loss=0.078980 (198ms)
  step 2/1562: loss=0.071891 (203ms)
  step 200/1562: loss=0.075463 (190ms)
  step 400/1562: loss=0.072149 (194ms)
  step 600/1562: loss=0.086113 (190ms)
  step 800/1562: loss=0.067399 (194ms)
  step 1000/1562: loss=0.060789 (189ms)
  step 1200/1562: loss=0.053601 (189ms)
  step 1400/1562: loss=0.068280 (197ms)
Epoch 20/20: avg loss=0.068026 (327017ms)
Saved params + BN stats.
