Ablation: convnext-tiny-gelu-erase
  spec: ConvNeXt-T-GELU, optimizer: Adam
  lr: 0.001000, cosine: true, wd: 0.000100
  aug: true, label_smooth: 0.100000
ConvNeXt-T-GELU-convnext-tiny-gelu-erase: 27826186 params
Generating train step MLIR...
  790459 chars
Compiling vmfbs...
  forward compiled
  eval forward compiled
  train step compiled
  session loaded
  train: 9469 images (196608 floats/image)
  27826186 params + m + v (318 MB)
training: 295 batches/epoch, batch=32, Adam, lr=0.001000, cosine warmup=3, label_smooth=0.100000, wd=0.000100
  BN layers: 1, BN stat floats: 192
  step 0/295: loss=2.449318 (2331ms)
  step 1/295: loss=3.540318 (2325ms)
  step 2/295: loss=3.120735 (2153ms)
  step 100/295: loss=2.238342 (2127ms)
  step 200/295: loss=2.062048 (2128ms)
Epoch 1/80: loss=2.168949 lr=0.000333 (642517ms)
  step 0/295: loss=2.117828 (2159ms)
  step 1/295: loss=2.126452 (2178ms)
  step 2/295: loss=1.809565 (2163ms)
  step 100/295: loss=1.883737 (2128ms)
  step 200/295: loss=1.735176 (2163ms)
Epoch 2/80: loss=1.913901 lr=0.000667 (643771ms)
  step 0/295: loss=1.857759 (2162ms)
  step 1/295: loss=2.255766 (2169ms)
  step 2/295: loss=1.690751 (2160ms)
  step 100/295: loss=1.603820 (2148ms)
  step 200/295: loss=1.302820 (2168ms)
Epoch 3/80: loss=1.640370 lr=0.001000 (644395ms)
  step 0/295: loss=1.687172 (2142ms)
  step 1/295: loss=1.334666 (2165ms)
  step 2/295: loss=1.515253 (2148ms)
  step 100/295: loss=1.395099 (2138ms)
  step 200/295: loss=1.501326 (2155ms)
Epoch 4/80: loss=1.448447 lr=0.001000 (645475ms)
  step 0/295: loss=1.235438 (2117ms)
  step 1/295: loss=1.664866 (2133ms)
  step 2/295: loss=1.341607 (2151ms)
  step 100/295: loss=1.439837 (2263ms)
  step 200/295: loss=1.213474 (2170ms)
Epoch 5/80: loss=1.326058 lr=0.001000 (676220ms)
  step 0/295: loss=1.196692 (2148ms)
  step 1/295: loss=1.147493 (2170ms)
  step 2/295: loss=1.303524 (2144ms)
  step 100/295: loss=1.198575 (2138ms)
  step 200/295: loss=1.635269 (2157ms)
Epoch 6/80: loss=1.230422 lr=0.000998 (647618ms)
  step 0/295: loss=1.112222 (2168ms)
  step 1/295: loss=1.161740 (2172ms)
  step 2/295: loss=1.188428 (2176ms)
  step 100/295: loss=1.155681 (2152ms)
  step 200/295: loss=1.280947 (2125ms)
Epoch 7/80: loss=1.162932 lr=0.000996 (647955ms)
  step 0/295: loss=0.998321 (2140ms)
  step 1/295: loss=1.217073 (2110ms)
  step 2/295: loss=1.492932 (2164ms)
  step 100/295: loss=1.476328 (2161ms)
  step 200/295: loss=1.067546 (2133ms)
Epoch 8/80: loss=1.113679 lr=0.000993 (647589ms)
  step 0/295: loss=1.040646 (2119ms)
  step 1/295: loss=1.026018 (2156ms)
  step 2/295: loss=1.156449 (2189ms)
  step 100/295: loss=0.890586 (2158ms)
  step 200/295: loss=1.049843 (2155ms)
Epoch 9/80: loss=1.090076 lr=0.000990 (648088ms)
  step 0/295: loss=0.925212 (2193ms)
  step 1/295: loss=0.828631 (2175ms)
  step 2/295: loss=0.814028 (2160ms)
  step 100/295: loss=1.142918 (2118ms)
  step 200/295: loss=0.844898 (2142ms)
Epoch 10/80: loss=1.023882 lr=0.000985 (646286ms)
  val accuracy (running BN): 2898/3904 = 74.231557%
  step 0/295: loss=1.112316 (2151ms)
  step 1/295: loss=0.743920 (2162ms)
  step 2/295: loss=0.918710 (2175ms)
  step 100/295: loss=1.206552 (2152ms)
  step 200/295: loss=1.010561 (2115ms)
Epoch 11/80: loss=1.005416 lr=0.000980 (643730ms)
  step 0/295: loss=1.031907 (2151ms)
  step 1/295: loss=0.877608 (2152ms)
  step 2/295: loss=0.735252 (2157ms)
  step 100/295: loss=0.912448 (2186ms)
  step 200/295: loss=0.870125 (2122ms)
Epoch 12/80: loss=0.953869 lr=0.000974 (643880ms)
  step 0/295: loss=0.836875 (2166ms)
  step 1/295: loss=0.957636 (2176ms)
  step 2/295: loss=0.923350 (2201ms)
  step 100/295: loss=0.974679 (2164ms)
  step 200/295: loss=1.103229 (2131ms)
Epoch 13/80: loss=0.920364 lr=0.000967 (645870ms)
  step 0/295: loss=0.757428 (2158ms)
  step 1/295: loss=0.854410 (2173ms)
  step 2/295: loss=0.845193 (2146ms)
  step 100/295: loss=0.890184 (2127ms)
  step 200/295: loss=0.927874 (2159ms)
Epoch 14/80: loss=0.876032 lr=0.000959 (645418ms)
  step 0/295: loss=1.084613 (2148ms)
  step 1/295: loss=0.859202 (2153ms)
  step 2/295: loss=0.707029 (2143ms)
  step 100/295: loss=0.829270 (2120ms)
  step 200/295: loss=0.989103 (2146ms)
Epoch 15/80: loss=0.860718 lr=0.000950 (644236ms)
  step 0/295: loss=0.795179 (2148ms)
  step 1/295: loss=0.742920 (2116ms)
  step 2/295: loss=0.709522 (2151ms)
  step 100/295: loss=0.694504 (2135ms)
  step 200/295: loss=0.686431 (2153ms)
Epoch 16/80: loss=0.821136 lr=0.000941 (644416ms)
  step 0/295: loss=0.703523 (2163ms)
  step 1/295: loss=0.890561 (2089ms)
  step 2/295: loss=0.771914 (2134ms)
  step 100/295: loss=0.690222 (2129ms)
  step 200/295: loss=0.772022 (2140ms)
Epoch 17/80: loss=0.775554 lr=0.000931 (644542ms)
  step 0/295: loss=0.763709 (2170ms)
  step 1/295: loss=0.673121 (2163ms)
  step 2/295: loss=0.668079 (2165ms)
  step 100/295: loss=0.881227 (2126ms)
  step 200/295: loss=0.694609 (2111ms)
Epoch 18/80: loss=0.781774 lr=0.000921 (644840ms)
  step 0/295: loss=0.792080 (2144ms)
  step 1/295: loss=0.801605 (2135ms)
  step 2/295: loss=0.908970 (2154ms)
  step 100/295: loss=0.835320 (2136ms)
  step 200/295: loss=0.864243 (2164ms)
Epoch 19/80: loss=0.790057 lr=0.000909 (644711ms)
  step 0/295: loss=0.660095 (2151ms)
  step 1/295: loss=0.747510 (2149ms)
  step 2/295: loss=0.774720 (2131ms)
  step 100/295: loss=0.745968 (2150ms)
  step 200/295: loss=0.727504 (2141ms)
Epoch 20/80: loss=0.742195 lr=0.000897 (645750ms)
  val accuracy (running BN): 3113/3904 = 79.738730%
  step 0/295: loss=0.775703 (2141ms)
  step 1/295: loss=0.672149 (2119ms)
  step 2/295: loss=0.591790 (2134ms)
  step 100/295: loss=0.622938 (2171ms)
  step 200/295: loss=0.613597 (2163ms)
Epoch 21/80: loss=0.687344 lr=0.000884 (646121ms)
  step 0/295: loss=0.678795 (2157ms)
  step 1/295: loss=0.727113 (2179ms)
  step 2/295: loss=0.624617 (2191ms)
  step 100/295: loss=0.662826 (2132ms)
  step 200/295: loss=0.610886 (2103ms)
Epoch 22/80: loss=0.643609 lr=0.000871 (645855ms)
  step 0/295: loss=0.584333 (2155ms)
  step 1/295: loss=0.582556 (2141ms)
  step 2/295: loss=0.635521 (2156ms)
  step 100/295: loss=0.611936 (2155ms)
  step 200/295: loss=0.676457 (2155ms)
Epoch 23/80: loss=0.633298 lr=0.000857 (644567ms)
  step 0/295: loss=0.613756 (2176ms)
  step 1/295: loss=0.684917 (2183ms)
  step 2/295: loss=0.619760 (2160ms)
  step 100/295: loss=0.611285 (2136ms)
  step 200/295: loss=0.663825 (2142ms)
Epoch 24/80: loss=0.619501 lr=0.000843 (644285ms)
  step 0/295: loss=0.617289 (2156ms)
  step 1/295: loss=0.618864 (2132ms)
  step 2/295: loss=0.686963 (2140ms)
  step 100/295: loss=0.592898 (2133ms)
  step 200/295: loss=0.581201 (2158ms)
Epoch 25/80: loss=0.607705 lr=0.000827 (644606ms)
  step 0/295: loss=0.544153 (2153ms)
  step 1/295: loss=0.605092 (2173ms)
  step 2/295: loss=0.616779 (2163ms)
  step 100/295: loss=0.600033 (2154ms)
  step 200/295: loss=0.567201 (2126ms)
Epoch 26/80: loss=0.603417 lr=0.000812 (645891ms)
  step 0/295: loss=0.686930 (2145ms)
  step 1/295: loss=0.566430 (2162ms)
  step 2/295: loss=0.597678 (2132ms)
  step 100/295: loss=0.548897 (2170ms)
  step 200/295: loss=0.582115 (2162ms)
Epoch 27/80: loss=0.600904 lr=0.000796 (644621ms)
  step 0/295: loss=0.618313 (2150ms)
  step 1/295: loss=0.549472 (2152ms)
  step 2/295: loss=0.590923 (2124ms)
  step 100/295: loss=0.561728 (2143ms)
  step 200/295: loss=0.692788 (2152ms)
Epoch 28/80: loss=0.594591 lr=0.000779 (645487ms)
  step 0/295: loss=0.665881 (2166ms)
  step 1/295: loss=0.569163 (2176ms)
  step 2/295: loss=0.543768 (2167ms)
  step 100/295: loss=0.604857 (2158ms)
  step 200/295: loss=0.558956 (2143ms)
Epoch 29/80: loss=0.586353 lr=0.000762 (644532ms)
  step 0/295: loss=0.600146 (2128ms)
  step 1/295: loss=0.558007 (2154ms)
  step 2/295: loss=0.596772 (2165ms)
  step 100/295: loss=0.576976 (2150ms)
  step 200/295: loss=0.604256 (2173ms)
Epoch 30/80: loss=0.596539 lr=0.000744 (644334ms)
  val accuracy (running BN): 3204/3904 = 82.069672%
  step 0/295: loss=0.598627 (2101ms)
  step 1/295: loss=0.565817 (2132ms)
  step 2/295: loss=0.614694 (2157ms)
  step 100/295: loss=0.620899 (2139ms)
  step 200/295: loss=0.620977 (2140ms)
Epoch 31/80: loss=0.584661 lr=0.000726 (644560ms)
  step 0/295: loss=0.602272 (2185ms)
  step 1/295: loss=0.592420 (2173ms)
  step 2/295: loss=0.617495 (2181ms)
  step 100/295: loss=0.558603 (2139ms)
  step 200/295: loss=0.582060 (2167ms)
Epoch 32/80: loss=0.581531 lr=0.000708 (645713ms)
  step 0/295: loss=0.554870 (2142ms)
  step 1/295: loss=0.650695 (2126ms)
  step 2/295: loss=0.541606 (2127ms)
  step 100/295: loss=0.551277 (2134ms)
  step 200/295: loss=0.609282 (2161ms)
Epoch 33/80: loss=0.574771 lr=0.000689 (645600ms)
  step 0/295: loss=0.527150 (2139ms)
  step 1/295: loss=0.551660 (2135ms)
  step 2/295: loss=0.570836 (2120ms)
  step 100/295: loss=0.565092 (2137ms)
  step 200/295: loss=0.554984 (2151ms)
Epoch 34/80: loss=0.572757 lr=0.000670 (646268ms)
  step 0/295: loss=0.544620 (2164ms)
  step 1/295: loss=0.589082 (2183ms)
  step 2/295: loss=0.569200 (2168ms)
  step 100/295: loss=0.532668 (2126ms)
  step 200/295: loss=0.585356 (2162ms)
Epoch 35/80: loss=0.570143 lr=0.000651 (645667ms)
  step 0/295: loss=0.605144 (2126ms)
  step 1/295: loss=0.537001 (2140ms)
  step 2/295: loss=0.542957 (2135ms)
  step 100/295: loss=0.555953 (2122ms)
  step 200/295: loss=0.547141 (2163ms)
Epoch 36/80: loss=0.563301 lr=0.000631 (645699ms)
  step 0/295: loss=0.533274 (2163ms)
  step 1/295: loss=0.605409 (2128ms)
  step 2/295: loss=0.529956 (2140ms)
  step 100/295: loss=0.580389 (2149ms)
  step 200/295: loss=0.579247 (2149ms)
Epoch 37/80: loss=0.566942 lr=0.000611 (646636ms)
  step 0/295: loss=0.536487 (2178ms)
  step 1/295: loss=0.566077 (2137ms)
  step 2/295: loss=0.537199 (2136ms)
  step 100/295: loss=0.577152 (2169ms)
  step 200/295: loss=0.651322 (2158ms)
Epoch 38/80: loss=0.560315 lr=0.000591 (645725ms)
  step 0/295: loss=0.538942 (2132ms)
  step 1/295: loss=0.536543 (2145ms)
  step 2/295: loss=0.575316 (2151ms)
  step 100/295: loss=0.529700 (2143ms)
  step 200/295: loss=0.542901 (2150ms)
Epoch 39/80: loss=0.554786 lr=0.000571 (646031ms)
  step 0/295: loss=0.550394 (2181ms)
  step 1/295: loss=0.534929 (2173ms)
  step 2/295: loss=0.561721 (2138ms)
  step 100/295: loss=0.560094 (2139ms)
  step 200/295: loss=0.552198 (2129ms)
Epoch 40/80: loss=0.556895 lr=0.000551 (645926ms)
  val accuracy (running BN): 3248/3904 = 83.196721%
  step 0/295: loss=0.526497 (2146ms)
  step 1/295: loss=0.532155 (2139ms)
  step 2/295: loss=0.531299 (2147ms)
  step 100/295: loss=0.535876 (2153ms)
  step 200/295: loss=0.540592 (2150ms)
Epoch 41/80: loss=0.550669 lr=0.000531 (645830ms)
  step 0/295: loss=0.530560 (2142ms)
  step 1/295: loss=0.519523 (2152ms)
  step 2/295: loss=0.541312 (2148ms)
  step 100/295: loss=0.519692 (2133ms)
  step 200/295: loss=0.545883 (2141ms)
Epoch 42/80: loss=0.545368 lr=0.000510 (644758ms)
  step 0/295: loss=0.525195 (2148ms)
  step 1/295: loss=0.522608 (2146ms)
  step 2/295: loss=0.559420 (2150ms)
  step 100/295: loss=0.580978 (2141ms)
  step 200/295: loss=0.547387 (2134ms)
Epoch 43/80: loss=0.551525 lr=0.000490 (645066ms)
  step 0/295: loss=0.537888 (2155ms)
  step 1/295: loss=0.525410 (2180ms)
  step 2/295: loss=0.537041 (2154ms)
  step 100/295: loss=0.532097 (2158ms)
  step 200/295: loss=0.549525 (2168ms)
Epoch 44/80: loss=0.541194 lr=0.000469 (646307ms)
  step 0/295: loss=0.523580 (2151ms)
  step 1/295: loss=0.549320 (2170ms)
  step 2/295: loss=0.523750 (2170ms)
  step 100/295: loss=0.521728 (2188ms)
  step 200/295: loss=0.547330 (2144ms)
Epoch 45/80: loss=0.545758 lr=0.000449 (646289ms)
  step 0/295: loss=0.597382 (2174ms)
  step 1/295: loss=0.538344 (2172ms)
  step 2/295: loss=0.537134 (2142ms)
  step 100/295: loss=0.534449 (2148ms)
  step 200/295: loss=0.692468 (2157ms)
Epoch 46/80: loss=0.536887 lr=0.000429 (645593ms)
  step 0/295: loss=0.516826 (2137ms)
  step 1/295: loss=0.542629 (2153ms)
  step 2/295: loss=0.561641 (2159ms)
  step 100/295: loss=0.518497 (2163ms)
  step 200/295: loss=0.554944 (2185ms)
Epoch 47/80: loss=0.537710 lr=0.000409 (646302ms)
  step 0/295: loss=0.553739 (2183ms)
  step 1/295: loss=0.538464 (2157ms)
  step 2/295: loss=0.518988 (2138ms)
  step 100/295: loss=0.532511 (2133ms)
  step 200/295: loss=0.518382 (2142ms)
Epoch 48/80: loss=0.537490 lr=0.000389 (645834ms)
  step 0/295: loss=0.553367 (2185ms)
  step 1/295: loss=0.534911 (2184ms)
  step 2/295: loss=0.529449 (2157ms)
  step 100/295: loss=0.530356 (2166ms)
  step 200/295: loss=0.532685 (2157ms)
Epoch 49/80: loss=0.536772 lr=0.000369 (646470ms)
  step 0/295: loss=0.521699 (2136ms)
  step 1/295: loss=0.522928 (2144ms)
  step 2/295: loss=0.521621 (2123ms)
  step 100/295: loss=0.514292 (2117ms)
  step 200/295: loss=0.552786 (2143ms)
Epoch 50/80: loss=0.533976 lr=0.000349 (645892ms)
  val accuracy (running BN): 3282/3904 = 84.067623%
  step 0/295: loss=0.547009 (2164ms)
  step 1/295: loss=0.521236 (2151ms)
  step 2/295: loss=0.517266 (2163ms)
  step 100/295: loss=0.523302 (2149ms)
  step 200/295: loss=0.556269 (2131ms)
Epoch 51/80: loss=0.531600 lr=0.000330 (646014ms)
  step 0/295: loss=0.515670 (2169ms)
  step 1/295: loss=0.543486 (2112ms)
  step 2/295: loss=0.517882 (2151ms)
  step 100/295: loss=0.520692 (2163ms)
  step 200/295: loss=0.522688 (2160ms)
Epoch 52/80: loss=0.529854 lr=0.000311 (646050ms)
  step 0/295: loss=0.523505 (2178ms)
  step 1/295: loss=0.542196 (2155ms)
  step 2/295: loss=0.538074 (2133ms)
  step 100/295: loss=0.574857 (2137ms)
  step 200/295: loss=0.519096 (2142ms)
Epoch 53/80: loss=0.530609 lr=0.000292 (645100ms)
  step 0/295: loss=0.512940 (2135ms)
  step 1/295: loss=0.520657 (2218ms)
  step 2/295: loss=0.511757 (2169ms)
  step 100/295: loss=0.525254 (2139ms)
  step 200/295: loss=0.523605 (2155ms)
Epoch 54/80: loss=0.526828 lr=0.000274 (645881ms)
  step 0/295: loss=0.510610 (2151ms)
  step 1/295: loss=0.519778 (2159ms)
  step 2/295: loss=0.522907 (2167ms)
  step 100/295: loss=0.524470 (2157ms)
  step 200/295: loss=0.518186 (2143ms)
Epoch 55/80: loss=0.524293 lr=0.000256 (645121ms)
  step 0/295: loss=0.514785 (2186ms)
  step 1/295: loss=0.519064 (2150ms)
  step 2/295: loss=0.532581 (2137ms)
  step 100/295: loss=0.528699 (2112ms)
  step 200/295: loss=0.540032 (2139ms)
Epoch 56/80: loss=0.524008 lr=0.000238 (645605ms)
  step 0/295: loss=0.518719 (2191ms)
  step 1/295: loss=0.515300 (2170ms)
  step 2/295: loss=0.517639 (2181ms)
  step 100/295: loss=0.512208 (2121ms)
  step 200/295: loss=0.509855 (2134ms)
Epoch 57/80: loss=0.520975 lr=0.000221 (644122ms)
  step 0/295: loss=0.531497 (2117ms)
  step 1/295: loss=0.516036 (2123ms)
  step 2/295: loss=0.508103 (2145ms)
  step 100/295: loss=0.534608 (2133ms)
  step 200/295: loss=0.544038 (2146ms)
Epoch 58/80: loss=0.523184 lr=0.000204 (645822ms)
  step 0/295: loss=0.508012 (2182ms)
  step 1/295: loss=0.514771 (2152ms)
  step 2/295: loss=0.541762 (2131ms)
  step 100/295: loss=0.511985 (2141ms)
  step 200/295: loss=0.517661 (2122ms)
Epoch 59/80: loss=0.522373 lr=0.000188 (645421ms)
  step 0/295: loss=0.509781 (2106ms)
  step 1/295: loss=0.515166 (2134ms)
  step 2/295: loss=0.527972 (2136ms)
  step 100/295: loss=0.517320 (2138ms)
  step 200/295: loss=0.525803 (2144ms)
Epoch 60/80: loss=0.518371 lr=0.000173 (645011ms)
  val accuracy (running BN): 3331/3904 = 85.322746%
  step 0/295: loss=0.526710 (2157ms)
  step 1/295: loss=0.511913 (2173ms)
  step 2/295: loss=0.514373 (2165ms)
  step 100/295: loss=0.513607 (2175ms)
  step 200/295: loss=0.515316 (2175ms)
Epoch 61/80: loss=0.517375 lr=0.000157 (646028ms)
  step 0/295: loss=0.514991 (2132ms)
  step 1/295: loss=0.519859 (2135ms)
  step 2/295: loss=0.515062 (2150ms)
  step 100/295: loss=0.512126 (2143ms)
  step 200/295: loss=0.521620 (2176ms)
Epoch 62/80: loss=0.517836 lr=0.000143 (645849ms)
  step 0/295: loss=0.509452 (2141ms)
  step 1/295: loss=0.508551 (2139ms)
  step 2/295: loss=0.511213 (2151ms)
  step 100/295: loss=0.528066 (2127ms)
  step 200/295: loss=0.511264 (2151ms)
Epoch 63/80: loss=0.518319 lr=0.000129 (646299ms)
  step 0/295: loss=0.515460 (2143ms)
  step 1/295: loss=0.515756 (2115ms)
  step 2/295: loss=0.510845 (2120ms)
  step 100/295: loss=0.508429 (2140ms)
  step 200/295: loss=0.512155 (2152ms)
Epoch 64/80: loss=0.516743 lr=0.000116 (645444ms)
  step 0/295: loss=0.509856 (2146ms)
  step 1/295: loss=0.518562 (2147ms)
  step 2/295: loss=0.508427 (2177ms)
  step 100/295: loss=0.509412 (2130ms)
  step 200/295: loss=0.507973 (2174ms)
Epoch 65/80: loss=0.516620 lr=0.000103 (646124ms)
  step 0/295: loss=0.515103 (2176ms)
  step 1/295: loss=0.529126 (2131ms)
  step 2/295: loss=0.527087 (2127ms)
  step 100/295: loss=0.512215 (2141ms)
  step 200/295: loss=0.510278 (2140ms)
Epoch 66/80: loss=0.517050 lr=0.000091 (645672ms)
  step 0/295: loss=0.509171 (2161ms)
  step 1/295: loss=0.513538 (2161ms)
  step 2/295: loss=0.549431 (2172ms)
  step 100/295: loss=0.505310 (2178ms)
  step 200/295: loss=0.543563 (2147ms)
Epoch 67/80: loss=0.514836 lr=0.000079 (645277ms)
  step 0/295: loss=0.508589 (2143ms)
  step 1/295: loss=0.512337 (2126ms)
  step 2/295: loss=0.517813 (2146ms)
  step 100/295: loss=0.515765 (2144ms)
  step 200/295: loss=0.510002 (2171ms)
Epoch 68/80: loss=0.512828 lr=0.000069 (646961ms)
  step 0/295: loss=0.508527 (2125ms)
  step 1/295: loss=0.508614 (2117ms)
  step 2/295: loss=0.543130 (2144ms)
  step 100/295: loss=0.508169 (2164ms)
  step 200/295: loss=0.510054 (2117ms)
Epoch 69/80: loss=0.513319 lr=0.000059 (645605ms)
  step 0/295: loss=0.550061 (2117ms)
  step 1/295: loss=0.513251 (2137ms)
  step 2/295: loss=0.513978 (2138ms)
  step 100/295: loss=0.514041 (2167ms)
  step 200/295: loss=0.511816 (2160ms)
Epoch 70/80: loss=0.513343 lr=0.000050 (647026ms)
  val accuracy (running BN): 3329/3904 = 85.271516%
  step 0/295: loss=0.511597 (2150ms)
  step 1/295: loss=0.511197 (2144ms)
  step 2/295: loss=0.504954 (2152ms)
  step 100/295: loss=0.505961 (2171ms)
  step 200/295: loss=0.507096 (2137ms)
Epoch 71/80: loss=0.512346 lr=0.000041 (645767ms)
  step 0/295: loss=0.508768 (2191ms)
  step 1/295: loss=0.511156 (2179ms)
  step 2/295: loss=0.510353 (2164ms)
  step 100/295: loss=0.520874 (2177ms)
  step 200/295: loss=0.508881 (2118ms)
Epoch 72/80: loss=0.513322 lr=0.000033 (646509ms)
  step 0/295: loss=0.503875 (2185ms)
  step 1/295: loss=0.506852 (2153ms)
  step 2/295: loss=0.511634 (2119ms)
  step 100/295: loss=0.511725 (2152ms)
  step 200/295: loss=0.524297 (2135ms)
Epoch 73/80: loss=0.512854 lr=0.000026 (646773ms)
  step 0/295: loss=0.586965 (2128ms)
  step 1/295: loss=0.533849 (2148ms)
  step 2/295: loss=0.521628 (2120ms)
  step 100/295: loss=0.506544 (2142ms)
  step 200/295: loss=0.523801 (2160ms)
Epoch 74/80: loss=0.513447 lr=0.000020 (647045ms)
  step 0/295: loss=0.550522 (2143ms)
  step 1/295: loss=0.508733 (2147ms)
  step 2/295: loss=0.506409 (2144ms)
  step 100/295: loss=0.506476 (2125ms)
  step 200/295: loss=0.508722 (2161ms)
Epoch 75/80: loss=0.511973 lr=0.000015 (646058ms)
  step 0/295: loss=0.505544 (2171ms)
  step 1/295: loss=0.506901 (2158ms)
  step 2/295: loss=0.510789 (2147ms)
  step 100/295: loss=0.518048 (2141ms)
  step 200/295: loss=0.503516 (2153ms)
Epoch 76/80: loss=0.511274 lr=0.000010 (644624ms)
  step 0/295: loss=0.505631 (2158ms)
  step 1/295: loss=0.518231 (2138ms)
  step 2/295: loss=0.600174 (2154ms)
  step 100/295: loss=0.506846 (2156ms)
  step 200/295: loss=0.506845 (2130ms)
Epoch 77/80: loss=0.513095 lr=0.000007 (643602ms)
  step 0/295: loss=0.506853 (2150ms)
  step 1/295: loss=0.510542 (2159ms)
  step 2/295: loss=0.508457 (2124ms)
  step 100/295: loss=0.505871 (2161ms)
  step 200/295: loss=0.511449 (2145ms)
Epoch 78/80: loss=0.511522 lr=0.000004 (644811ms)
  step 0/295: loss=0.529570 (2139ms)
  step 1/295: loss=0.517420 (2154ms)
  step 2/295: loss=0.505855 (2146ms)
  step 100/295: loss=0.509322 (2153ms)
  step 200/295: loss=0.506353 (2140ms)
Epoch 79/80: loss=0.511405 lr=0.000002 (643712ms)
  step 0/295: loss=0.505326 (2162ms)
  step 1/295: loss=0.510020 (2138ms)
  step 2/295: loss=0.511846 (2138ms)
  step 100/295: loss=0.506732 (2136ms)
  step 200/295: loss=0.515569 (2141ms)
Epoch 80/80: loss=0.512283 lr=0.000000 (644597ms)
  val accuracy (running BN): 3343/3904 = 85.630123%
Saved params + BN stats.
