Ablation: convnext-tiny-gelu-mixup
  spec: ConvNeXt-T-GELU, optimizer: Adam
  lr: 0.001000, cosine: true, wd: 0.000100
  aug: true, label_smooth: 0.100000
ConvNeXt-T-GELU-convnext-tiny-gelu-mixup: 27826186 params
Generating train step MLIR...
  789986 chars
Compiling vmfbs...
  forward compiled
  eval forward compiled
  train step compiled
  session loaded
  train: 9469 images (196608 floats/image)
  27826186 params + m + v (318 MB)
training: 295 batches/epoch, batch=32, Adam, lr=0.001000, cosine warmup=3, label_smooth=0.100000, wd=0.000100
  BN layers: 1, BN stat floats: 192
  step 0/295: loss=2.546848 (2174ms)
  step 1/295: loss=3.660854 (2202ms)
  step 2/295: loss=3.011949 (2040ms)
  step 100/295: loss=2.073350 (1972ms)
  step 200/295: loss=2.090419 (1983ms)
Epoch 1/80: loss=2.272263 lr=0.000333 (602027ms)
  step 0/295: loss=2.379812 (2044ms)
  step 1/295: loss=2.083173 (2013ms)
  step 2/295: loss=1.786788 (1996ms)
  step 100/295: loss=2.073880 (1987ms)
  step 200/295: loss=2.109950 (2013ms)
Epoch 2/80: loss=2.105074 lr=0.000667 (603020ms)
  step 0/295: loss=2.146487 (1994ms)
  step 1/295: loss=2.295756 (2029ms)
  step 2/295: loss=1.841555 (2055ms)
  step 100/295: loss=1.827660 (1980ms)
  step 200/295: loss=1.595540 (2013ms)
Epoch 3/80: loss=1.937330 lr=0.001000 (603896ms)
  step 0/295: loss=1.877333 (2004ms)
  step 1/295: loss=1.451648 (2028ms)
  step 2/295: loss=1.994735 (2033ms)
  step 100/295: loss=1.821967 (1979ms)
  step 200/295: loss=1.927519 (2008ms)
Epoch 4/80: loss=1.798542 lr=0.001000 (603964ms)
  step 0/295: loss=1.777647 (2040ms)
  step 1/295: loss=1.729495 (2032ms)
  step 2/295: loss=1.558581 (2020ms)
  step 100/295: loss=1.996381 (2025ms)
  step 200/295: loss=1.925357 (2053ms)
Epoch 5/80: loss=1.745522 lr=0.001000 (638196ms)
  step 0/295: loss=1.380405 (2038ms)
  step 1/295: loss=1.863130 (2042ms)
  step 2/295: loss=1.560514 (2030ms)
  step 100/295: loss=1.375398 (2049ms)
  step 200/295: loss=1.769162 (2024ms)
Epoch 6/80: loss=1.706418 lr=0.000998 (607176ms)
  step 0/295: loss=1.425187 (1999ms)
  step 1/295: loss=1.593216 (2014ms)
  step 2/295: loss=1.755631 (1990ms)
  step 100/295: loss=1.957070 (2015ms)
  step 200/295: loss=1.872452 (1978ms)
Epoch 7/80: loss=1.675139 lr=0.000996 (605607ms)
  step 0/295: loss=1.478652 (2034ms)
  step 1/295: loss=1.343692 (2064ms)
  step 2/295: loss=1.827124 (2040ms)
  step 100/295: loss=1.688881 (2011ms)
  step 200/295: loss=1.939148 (1983ms)
Epoch 8/80: loss=1.678732 lr=0.000993 (605781ms)
  step 0/295: loss=1.659735 (2035ms)
  step 1/295: loss=1.578152 (2025ms)
  step 2/295: loss=1.579070 (2018ms)
  step 100/295: loss=1.931992 (1999ms)
  step 200/295: loss=1.470398 (2001ms)
Epoch 9/80: loss=1.738839 lr=0.000990 (606354ms)
  step 0/295: loss=1.793876 (2013ms)
  step 1/295: loss=1.866546 (2036ms)
  step 2/295: loss=1.492148 (2047ms)
  step 100/295: loss=1.523027 (1997ms)
  step 200/295: loss=1.837283 (2037ms)
Epoch 10/80: loss=1.640656 lr=0.000985 (605952ms)
  val accuracy (running BN): 2509/3904 = 64.267418%
  step 0/295: loss=1.612612 (2006ms)
  step 1/295: loss=1.528410 (2013ms)
  step 2/295: loss=1.452728 (1993ms)
  step 100/295: loss=1.965172 (2013ms)
  step 200/295: loss=1.731599 (2011ms)
Epoch 11/80: loss=1.642387 lr=0.000980 (604005ms)
  step 0/295: loss=1.887915 (2012ms)
  step 1/295: loss=1.257947 (2018ms)
  step 2/295: loss=1.752321 (2013ms)
  step 100/295: loss=1.734128 (1991ms)
  step 200/295: loss=1.839589 (2027ms)
Epoch 12/80: loss=1.596608 lr=0.000974 (602856ms)
  step 0/295: loss=1.637650 (2003ms)
  step 1/295: loss=1.991481 (2014ms)
  step 2/295: loss=1.722793 (2013ms)
  step 100/295: loss=1.524907 (1986ms)
  step 200/295: loss=1.857978 (1966ms)
Epoch 13/80: loss=1.515151 lr=0.000967 (603396ms)
  step 0/295: loss=1.267928 (2009ms)
  step 1/295: loss=1.210022 (2012ms)
  step 2/295: loss=1.752554 (2022ms)
  step 100/295: loss=1.062174 (2022ms)
  step 200/295: loss=1.230213 (1976ms)
Epoch 14/80: loss=1.485430 lr=0.000959 (604437ms)
  step 0/295: loss=1.677331 (2015ms)
  step 1/295: loss=1.128448 (2020ms)
  step 2/295: loss=1.664761 (1983ms)
  step 100/295: loss=1.789427 (1998ms)
  step 200/295: loss=0.987328 (1985ms)
Epoch 15/80: loss=1.448834 lr=0.000950 (602943ms)
  step 0/295: loss=1.610552 (2018ms)
  step 1/295: loss=1.001574 (2011ms)
  step 2/295: loss=1.105412 (2016ms)
  step 100/295: loss=1.592543 (1977ms)
  step 200/295: loss=1.084467 (2004ms)
Epoch 16/80: loss=1.430011 lr=0.000941 (602414ms)
  step 0/295: loss=1.215382 (1973ms)
  step 1/295: loss=1.221693 (1978ms)
  step 2/295: loss=1.289206 (1964ms)
  step 100/295: loss=1.713902 (2014ms)
  step 200/295: loss=1.392277 (2044ms)
Epoch 17/80: loss=1.416305 lr=0.000931 (603114ms)
  step 0/295: loss=1.461613 (2009ms)
  step 1/295: loss=1.120802 (1993ms)
  step 2/295: loss=1.728269 (1982ms)
  step 100/295: loss=0.998117 (1983ms)
  step 200/295: loss=1.467573 (1994ms)
Epoch 18/80: loss=1.402511 lr=0.000921 (603075ms)
  step 0/295: loss=1.424225 (2002ms)
  step 1/295: loss=1.539271 (2002ms)
  step 2/295: loss=1.647103 (1978ms)
  step 100/295: loss=1.594136 (2029ms)
  step 200/295: loss=1.716223 (1996ms)
Epoch 19/80: loss=1.355108 lr=0.000909 (603570ms)
  step 0/295: loss=1.349095 (2035ms)
  step 1/295: loss=1.738453 (1972ms)
  step 2/295: loss=0.920243 (1967ms)
  step 100/295: loss=1.422593 (1994ms)
  step 200/295: loss=1.631522 (1998ms)
Epoch 20/80: loss=1.348806 lr=0.000897 (603143ms)
  val accuracy (running BN): 3081/3904 = 78.919057%
  step 0/295: loss=1.708683 (2027ms)
  step 1/295: loss=1.030643 (2012ms)
  step 2/295: loss=1.515137 (2021ms)
  step 100/295: loss=1.679014 (2017ms)
  step 200/295: loss=1.008170 (2018ms)
Epoch 21/80: loss=1.344991 lr=0.000884 (603428ms)
  step 0/295: loss=1.524036 (1996ms)
  step 1/295: loss=1.459265 (1988ms)
  step 2/295: loss=1.032199 (1971ms)
  step 100/295: loss=1.721793 (1999ms)
  step 200/295: loss=1.555486 (2011ms)
Epoch 22/80: loss=1.314285 lr=0.000871 (602757ms)
  step 0/295: loss=1.494435 (2026ms)
  step 1/295: loss=1.480993 (2026ms)
  step 2/295: loss=1.253759 (2029ms)
  step 100/295: loss=0.728887 (2002ms)
  step 200/295: loss=1.585894 (2034ms)
Epoch 23/80: loss=1.298924 lr=0.000857 (605805ms)
  step 0/295: loss=1.247859 (2013ms)
  step 1/295: loss=1.392249 (1992ms)
  step 2/295: loss=1.090192 (2017ms)
  step 100/295: loss=1.311687 (2042ms)
  step 200/295: loss=1.060243 (2032ms)
Epoch 24/80: loss=1.282037 lr=0.000843 (603768ms)
  step 0/295: loss=1.369853 (1985ms)
  step 1/295: loss=0.713821 (1992ms)
  step 2/295: loss=1.329427 (1983ms)
  step 100/295: loss=0.984075 (2028ms)
  step 200/295: loss=0.684241 (2039ms)
Epoch 25/80: loss=1.243492 lr=0.000827 (602608ms)
  step 0/295: loss=1.147303 (1993ms)
  step 1/295: loss=1.186903 (2005ms)
  step 2/295: loss=1.295995 (2005ms)
  step 100/295: loss=0.984075 (2040ms)
  step 200/295: loss=0.889728 (2023ms)
Epoch 26/80: loss=1.250379 lr=0.000812 (602961ms)
  step 0/295: loss=1.426384 (1972ms)
  step 1/295: loss=1.449285 (1978ms)
  step 2/295: loss=0.726926 (1972ms)
  step 100/295: loss=1.515098 (2024ms)
  step 200/295: loss=1.642905 (2013ms)
Epoch 27/80: loss=1.229248 lr=0.000796 (602268ms)
  step 0/295: loss=0.674842 (2023ms)
  step 1/295: loss=1.494035 (2036ms)
  step 2/295: loss=1.428027 (2014ms)
  step 100/295: loss=1.187647 (2018ms)
  step 200/295: loss=1.465299 (2009ms)
Epoch 28/80: loss=1.225010 lr=0.000779 (603650ms)
  step 0/295: loss=1.151824 (1985ms)
  step 1/295: loss=0.623168 (1999ms)
  step 2/295: loss=1.248737 (1987ms)
  step 100/295: loss=0.637955 (2022ms)
  step 200/295: loss=0.638335 (1998ms)
Epoch 29/80: loss=1.218275 lr=0.000762 (602522ms)
  step 0/295: loss=0.601980 (1990ms)
  step 1/295: loss=1.604523 (1986ms)
  step 2/295: loss=1.360618 (2009ms)
  step 100/295: loss=1.264069 (2035ms)
  step 200/295: loss=1.440414 (1982ms)
Epoch 30/80: loss=1.228167 lr=0.000744 (603422ms)
  val accuracy (running BN): 3127/3904 = 80.097336%
  step 0/295: loss=0.861203 (2047ms)
  step 1/295: loss=1.297760 (2013ms)
  step 2/295: loss=0.647093 (2017ms)
  step 100/295: loss=1.489955 (2009ms)
  step 200/295: loss=1.495065 (2031ms)
Epoch 31/80: loss=1.197925 lr=0.000726 (603241ms)
  step 0/295: loss=1.236186 (2014ms)
  step 1/295: loss=1.152719 (2010ms)
  step 2/295: loss=1.171587 (2003ms)
  step 100/295: loss=1.358276 (1981ms)
  step 200/295: loss=1.554825 (2002ms)
Epoch 32/80: loss=1.196166 lr=0.000708 (602909ms)
  step 0/295: loss=0.774386 (2023ms)
  step 1/295: loss=1.188904 (1975ms)
  step 2/295: loss=0.724079 (1997ms)
  step 100/295: loss=1.322403 (2047ms)
  step 200/295: loss=1.635707 (2011ms)
Epoch 33/80: loss=1.184796 lr=0.000689 (602955ms)
  step 0/295: loss=1.368067 (2010ms)
  step 1/295: loss=1.394347 (2045ms)
  step 2/295: loss=1.010292 (2014ms)
  step 100/295: loss=1.103799 (2018ms)
  step 200/295: loss=0.892402 (2021ms)
Epoch 34/80: loss=1.190427 lr=0.000670 (603595ms)
  step 0/295: loss=1.021604 (2025ms)
  step 1/295: loss=1.291613 (2029ms)
  step 2/295: loss=0.990012 (2023ms)
  step 100/295: loss=0.786470 (2023ms)
  step 200/295: loss=1.211200 (1977ms)
Epoch 35/80: loss=1.159558 lr=0.000651 (603349ms)
  step 0/295: loss=0.833914 (2017ms)
  step 1/295: loss=0.757291 (2003ms)
  step 2/295: loss=1.125460 (1984ms)
  step 100/295: loss=1.500611 (1994ms)
  step 200/295: loss=1.121418 (2019ms)
Epoch 36/80: loss=1.171118 lr=0.000631 (603400ms)
  step 0/295: loss=1.055348 (2018ms)
  step 1/295: loss=1.399942 (2013ms)
  step 2/295: loss=1.546533 (2007ms)
  step 100/295: loss=0.682466 (2017ms)
  step 200/295: loss=1.478085 (2020ms)
Epoch 37/80: loss=1.156184 lr=0.000611 (604185ms)
  step 0/295: loss=1.436342 (2015ms)
  step 1/295: loss=0.882702 (2039ms)
  step 2/295: loss=0.972253 (2047ms)
  step 100/295: loss=0.646736 (2007ms)
  step 200/295: loss=1.063351 (2031ms)
Epoch 38/80: loss=1.162741 lr=0.000591 (603433ms)
  step 0/295: loss=1.409950 (2015ms)
  step 1/295: loss=0.640345 (1994ms)
  step 2/295: loss=0.825096 (2005ms)
  step 100/295: loss=1.235565 (1992ms)
  step 200/295: loss=0.578880 (2022ms)
Epoch 39/80: loss=1.137790 lr=0.000571 (603459ms)
  step 0/295: loss=1.285462 (1996ms)
  step 1/295: loss=1.489852 (2000ms)
  step 2/295: loss=0.624540 (2041ms)
  step 100/295: loss=1.506308 (2021ms)
  step 200/295: loss=0.670231 (1994ms)
Epoch 40/80: loss=1.163033 lr=0.000551 (603519ms)
  val accuracy (running BN): 3121/3904 = 79.943648%
  step 0/295: loss=0.944428 (2028ms)
  step 1/295: loss=0.758794 (2033ms)
  step 2/295: loss=1.119526 (2034ms)
  step 100/295: loss=0.890698 (2018ms)
  step 200/295: loss=1.029688 (1984ms)
Epoch 41/80: loss=1.137875 lr=0.000531 (603727ms)
  step 0/295: loss=1.425431 (2053ms)
  step 1/295: loss=1.453324 (2033ms)
  step 2/295: loss=0.993541 (2019ms)
  step 100/295: loss=0.600642 (1998ms)
  step 200/295: loss=1.398870 (2008ms)
Epoch 42/80: loss=1.140719 lr=0.000510 (603845ms)
  step 0/295: loss=1.485584 (2012ms)
  step 1/295: loss=1.547867 (1985ms)
  step 2/295: loss=0.914777 (2002ms)
  step 100/295: loss=0.706060 (2035ms)
  step 200/295: loss=1.374855 (2023ms)
Epoch 43/80: loss=1.153574 lr=0.000490 (604043ms)
  step 0/295: loss=1.412872 (1982ms)
  step 1/295: loss=1.538491 (1977ms)
  step 2/295: loss=1.281046 (1992ms)
  step 100/295: loss=1.207403 (1995ms)
  step 200/295: loss=0.792809 (2004ms)
Epoch 44/80: loss=1.143109 lr=0.000469 (603134ms)
  step 0/295: loss=1.421606 (2008ms)
  step 1/295: loss=0.984150 (2006ms)
  step 2/295: loss=0.830488 (1990ms)
  step 100/295: loss=0.768978 (1969ms)
  step 200/295: loss=1.401433 (2031ms)
Epoch 45/80: loss=1.135394 lr=0.000449 (603628ms)
  step 0/295: loss=1.453084 (2038ms)
  step 1/295: loss=1.383213 (2032ms)
  step 2/295: loss=1.374341 (2030ms)
  step 100/295: loss=0.813716 (2035ms)
  step 200/295: loss=0.775952 (2018ms)
Epoch 46/80: loss=1.122191 lr=0.000429 (603658ms)
  step 0/295: loss=1.367673 (2005ms)
  step 1/295: loss=0.826921 (2033ms)
  step 2/295: loss=1.628995 (2018ms)
  step 100/295: loss=1.410445 (1987ms)
  step 200/295: loss=1.409524 (2038ms)
Epoch 47/80: loss=1.113408 lr=0.000409 (603715ms)
  step 0/295: loss=1.489626 (2005ms)
  step 1/295: loss=1.574245 (2006ms)
  step 2/295: loss=0.631913 (2059ms)
  step 100/295: loss=1.347651 (1988ms)
  step 200/295: loss=1.038846 (1968ms)
Epoch 48/80: loss=1.118008 lr=0.000389 (603460ms)
  step 0/295: loss=0.748032 (2006ms)
  step 1/295: loss=0.933822 (1990ms)
  step 2/295: loss=1.323627 (1993ms)
  step 100/295: loss=1.013614 (2013ms)
  step 200/295: loss=0.662342 (2029ms)
Epoch 49/80: loss=1.123772 lr=0.000369 (603690ms)
  step 0/295: loss=0.749836 (2021ms)
  step 1/295: loss=1.505900 (2027ms)
  step 2/295: loss=1.272029 (1996ms)
  step 100/295: loss=1.229614 (2024ms)
  step 200/295: loss=0.951536 (2015ms)
Epoch 50/80: loss=1.119814 lr=0.000349 (604979ms)
  val accuracy (running BN): 3203/3904 = 82.044057%
  step 0/295: loss=1.143294 (2033ms)
  step 1/295: loss=0.700703 (2024ms)
  step 2/295: loss=1.269176 (2005ms)
  step 100/295: loss=1.099475 (1998ms)
  step 200/295: loss=1.184343 (2020ms)
Epoch 51/80: loss=1.112478 lr=0.000330 (604657ms)
  step 0/295: loss=0.564711 (2014ms)
  step 1/295: loss=0.839053 (2003ms)
  step 2/295: loss=1.261537 (2010ms)
  step 100/295: loss=0.788620 (1992ms)
  step 200/295: loss=0.671997 (2017ms)
Epoch 52/80: loss=1.104456 lr=0.000311 (604970ms)
  step 0/295: loss=1.496509 (2021ms)
  step 1/295: loss=0.656513 (1978ms)
  step 2/295: loss=1.131435 (1997ms)
  step 100/295: loss=1.441646 (2029ms)
  step 200/295: loss=0.583244 (2022ms)
Epoch 53/80: loss=1.092963 lr=0.000292 (603643ms)
  step 0/295: loss=0.560512 (2010ms)
  step 1/295: loss=1.143502 (1992ms)
  step 2/295: loss=0.625042 (2009ms)
  step 100/295: loss=1.260195 (2028ms)
  step 200/295: loss=1.556297 (1988ms)
Epoch 54/80: loss=1.114323 lr=0.000274 (603813ms)
  step 0/295: loss=0.764005 (2006ms)
  step 1/295: loss=0.890502 (1990ms)
  step 2/295: loss=0.714197 (2020ms)
  step 100/295: loss=1.164609 (2019ms)
  step 200/295: loss=1.483634 (1994ms)
Epoch 55/80: loss=1.098309 lr=0.000256 (603352ms)
  step 0/295: loss=1.225463 (2004ms)
  step 1/295: loss=1.265679 (2007ms)
  step 2/295: loss=1.425761 (2022ms)
  step 100/295: loss=1.229301 (1980ms)
  step 200/295: loss=1.475808 (2017ms)
Epoch 56/80: loss=1.092520 lr=0.000238 (603656ms)
  step 0/295: loss=1.424859 (2024ms)
  step 1/295: loss=0.702324 (2015ms)
  step 2/295: loss=1.410467 (2006ms)
  step 100/295: loss=1.095420 (1970ms)
  step 200/295: loss=1.404346 (2013ms)
Epoch 57/80: loss=1.105276 lr=0.000221 (604124ms)
  step 0/295: loss=0.676088 (2016ms)
  step 1/295: loss=0.767657 (1986ms)
  step 2/295: loss=1.247440 (2020ms)
  step 100/295: loss=1.052428 (1983ms)
  step 200/295: loss=0.716976 (2039ms)
Epoch 58/80: loss=1.100104 lr=0.000204 (603406ms)
  step 0/295: loss=1.433725 (2024ms)
  step 1/295: loss=1.289212 (2008ms)
  step 2/295: loss=1.225236 (2009ms)
  step 100/295: loss=0.864432 (1997ms)
  step 200/295: loss=0.602821 (2017ms)
Epoch 59/80: loss=1.096028 lr=0.000188 (603158ms)
  step 0/295: loss=1.192814 (2013ms)
  step 1/295: loss=0.597825 (1984ms)
  step 2/295: loss=0.796364 (1995ms)
  step 100/295: loss=1.483015 (2014ms)
  step 200/295: loss=1.487171 (1981ms)
Epoch 60/80: loss=1.091195 lr=0.000173 (603316ms)
  val accuracy (running BN): 3229/3904 = 82.710041%
  step 0/295: loss=0.778746 (1973ms)
  step 1/295: loss=1.432822 (1987ms)
  step 2/295: loss=0.848525 (1988ms)
  step 100/295: loss=0.772477 (2011ms)
  step 200/295: loss=0.834219 (1974ms)
Epoch 61/80: loss=1.096313 lr=0.000157 (601214ms)
  step 0/295: loss=1.376883 (2038ms)
  step 1/295: loss=1.382177 (2007ms)
  step 2/295: loss=0.864082 (2027ms)
  step 100/295: loss=1.220751 (2034ms)
  step 200/295: loss=1.402988 (2002ms)
Epoch 62/80: loss=1.085336 lr=0.000143 (603997ms)
  step 0/295: loss=1.167708 (2043ms)
  step 1/295: loss=1.046395 (2026ms)
  step 2/295: loss=0.973221 (2002ms)
  step 100/295: loss=1.146078 (2027ms)
  step 200/295: loss=1.434792 (2008ms)
Epoch 63/80: loss=1.088868 lr=0.000129 (602769ms)
  step 0/295: loss=1.340198 (2011ms)
  step 1/295: loss=1.549296 (2024ms)
  step 2/295: loss=0.595420 (2036ms)
  step 100/295: loss=1.122669 (2013ms)
  step 200/295: loss=1.363540 (1981ms)
Epoch 64/80: loss=1.099889 lr=0.000116 (602852ms)
  step 0/295: loss=1.460579 (2023ms)
  step 1/295: loss=1.380165 (1968ms)
  step 2/295: loss=0.743365 (1985ms)
  step 100/295: loss=1.475429 (1989ms)
  step 200/295: loss=1.408124 (2051ms)
Epoch 65/80: loss=1.085687 lr=0.000103 (603666ms)
  step 0/295: loss=0.862663 (1996ms)
  step 1/295: loss=1.424936 (1992ms)
  step 2/295: loss=1.254503 (2028ms)
  step 100/295: loss=0.684554 (2049ms)
  step 200/295: loss=1.463895 (2034ms)
Epoch 66/80: loss=1.077608 lr=0.000091 (603584ms)
  step 0/295: loss=0.712720 (2005ms)
  step 1/295: loss=0.887474 (2024ms)
  step 2/295: loss=1.261613 (2012ms)
  step 100/295: loss=1.042440 (2024ms)
  step 200/295: loss=1.386022 (1974ms)
Epoch 67/80: loss=1.079011 lr=0.000079 (603645ms)
  step 0/295: loss=1.357911 (1988ms)
  step 1/295: loss=1.236936 (1975ms)
  step 2/295: loss=1.350018 (1995ms)
  step 100/295: loss=0.736417 (2038ms)
  step 200/295: loss=0.744215 (2003ms)
Epoch 68/80: loss=1.078017 lr=0.000069 (603058ms)
  step 0/295: loss=0.656389 (2018ms)
  step 1/295: loss=1.349603 (2034ms)
  step 2/295: loss=1.374199 (2036ms)
  step 100/295: loss=0.956980 (1967ms)
  step 200/295: loss=0.968398 (2006ms)
Epoch 69/80: loss=1.075986 lr=0.000059 (604186ms)
  step 0/295: loss=1.337309 (2042ms)
  step 1/295: loss=1.385126 (2039ms)
  step 2/295: loss=0.775917 (2032ms)
  step 100/295: loss=1.360117 (1978ms)
  step 200/295: loss=0.905882 (2003ms)
Epoch 70/80: loss=1.075533 lr=0.000050 (603377ms)
  val accuracy (running BN): 3238/3904 = 82.940574%
  step 0/295: loss=1.371074 (2025ms)
  step 1/295: loss=1.130533 (2004ms)
  step 2/295: loss=0.811757 (1995ms)
  step 100/295: loss=1.321341 (2014ms)
  step 200/295: loss=1.083704 (1993ms)
Epoch 71/80: loss=1.083664 lr=0.000041 (602968ms)
  step 0/295: loss=1.371680 (1993ms)
  step 1/295: loss=1.298515 (2005ms)
  step 2/295: loss=0.689014 (1985ms)
  step 100/295: loss=0.969328 (2007ms)
  step 200/295: loss=0.719041 (2030ms)
Epoch 72/80: loss=1.084562 lr=0.000033 (603580ms)
  step 0/295: loss=0.580377 (2004ms)
  step 1/295: loss=1.043424 (1993ms)
  step 2/295: loss=0.879900 (2074ms)
  step 100/295: loss=1.087257 (2011ms)
  step 200/295: loss=0.829893 (2012ms)
Epoch 73/80: loss=1.077403 lr=0.000026 (604426ms)
  step 0/295: loss=1.208218 (2037ms)
  step 1/295: loss=1.181804 (2028ms)
  step 2/295: loss=0.629614 (2044ms)
  step 100/295: loss=1.358960 (2015ms)
  step 200/295: loss=1.466285 (2001ms)
Epoch 74/80: loss=1.086851 lr=0.000020 (604340ms)
  step 0/295: loss=0.545344 (2023ms)
  step 1/295: loss=0.602989 (1990ms)
  step 2/295: loss=1.134548 (2006ms)
  step 100/295: loss=0.927972 (2021ms)
  step 200/295: loss=0.980595 (2027ms)
Epoch 75/80: loss=1.053032 lr=0.000015 (603823ms)
  step 0/295: loss=1.271690 (2035ms)
  step 1/295: loss=1.200581 (2024ms)
  step 2/295: loss=0.548057 (2032ms)
  step 100/295: loss=0.554968 (2028ms)
  step 200/295: loss=0.647539 (1980ms)
Epoch 76/80: loss=1.065155 lr=0.000010 (604402ms)
  step 0/295: loss=1.265907 (2029ms)
  step 1/295: loss=0.689088 (2036ms)
  step 2/295: loss=0.771646 (2021ms)
  step 100/295: loss=1.336797 (2007ms)
  step 200/295: loss=1.248034 (2041ms)
Epoch 77/80: loss=1.085883 lr=0.000007 (603245ms)
  step 0/295: loss=1.403564 (1969ms)
  step 1/295: loss=1.272416 (1983ms)
  step 2/295: loss=1.242198 (2016ms)
  step 100/295: loss=0.571711 (2019ms)
  step 200/295: loss=0.671275 (1991ms)
Epoch 78/80: loss=1.067918 lr=0.000004 (604125ms)
  step 0/295: loss=1.118855 (2019ms)
  step 1/295: loss=1.339708 (1985ms)
  step 2/295: loss=0.557049 (1997ms)
  step 100/295: loss=1.192400 (2038ms)
  step 200/295: loss=1.316323 (2051ms)
Epoch 79/80: loss=1.066180 lr=0.000002 (605510ms)
  step 0/295: loss=0.971924 (2037ms)
  step 1/295: loss=1.430515 (2004ms)
  step 2/295: loss=0.879140 (2011ms)
  step 100/295: loss=1.327288 (1997ms)
  step 200/295: loss=1.468981 (2048ms)
Epoch 80/80: loss=1.078193 lr=0.000000 (603699ms)
  val accuracy (running BN): 3258/3904 = 83.452869%
Saved params + BN stats.
