  loss: LossKind.perPixelWeightedCE [1.000000, 7.804100, 14.835300, 13.985100]
  arm: wcesqrt_pb_cos  (artifacts: .lake/build/unet__brats__240_240_4_modality_mri___4_class_tumour__wcesqrt_pb_cos_*)
UNet (BraTS, 240×240 4-modality MRI → 4-class tumour): 7849988 params
Generating train step MLIR...
  1672722 chars
Compiling vmfbs...
  forward (cached)
  eval forward (cached)
  train step (cached)
  session loaded
  train: 14415 images (230400 floats/image)
  head prior-bias init: bias = log π = [-0.025728, -4.135167, -5.426151, -5.298317]
  7849988 params + m + v (89 MB)
training: 900 batches/epoch, batch=16, Adam, lr=0.001000, cosine warmup=0, label_smooth=0.000000, wd=0.000100
  BN layers: 18, BN stat floats: 5888
  step 0/900: loss=1.519197 (2679ms)
  step 1/900: loss=1.651114 (2695ms)
  step 2/900: loss=0.923386 (2708ms)
  step 100/900: loss=0.406797 (2663ms)
  step 200/900: loss=0.622182 (2667ms)
  step 300/900: loss=0.448348 (2631ms)
  step 400/900: loss=0.630223 (2662ms)
  step 500/900: loss=0.474618 (2679ms)
  step 600/900: loss=0.205281 (2673ms)
  step 700/900: loss=0.503961 (2656ms)
  step 800/900: loss=0.705822 (2654ms)
Epoch 1/10: loss=0.519110 lr=0.000976 (2399715ms)
  val mIoU: 0.228666  (per-class: c0=0.880454 c1=0.000378 c2=0.000000 c3=0.033831)
  val Dice WT: 0.282859  (inter=3396358 gt=3891438 pred=20123073)
  val Dice TC: 0.121382  (inter=1308048 gt=1455542 pred=20096957)
  val Dice ET: 0.065448  (inter=682790 gt=768149 pred=20096957)
  step 0/900: loss=0.533858 (2666ms)
  step 1/900: loss=0.622642 (2652ms)
  step 2/900: loss=0.454457 (2652ms)
  step 100/900: loss=0.416010 (2642ms)
  step 200/900: loss=0.531566 (2632ms)
  step 300/900: loss=0.434170 (2662ms)
  step 400/900: loss=0.595020 (2646ms)
  step 500/900: loss=0.457063 (2657ms)
  step 600/900: loss=0.203919 (2639ms)
  step 700/900: loss=0.468388 (2638ms)
  step 800/900: loss=0.647779 (2659ms)
Epoch 2/10: loss=0.491285 lr=0.000905 (2394093ms)
  val mIoU: 0.248879  (per-class: c0=0.946876 c1=0.000000 c2=0.000000 c3=0.048639)
  val Dice WT: 0.321771  (inter=1835077 gt=3891438 pred=7514659)
  val Dice TC: 0.152085  (inter=682115 gt=1455542 pred=7514659)
  val Dice ET: 0.092766  (inter=384182 gt=768149 pred=7514659)
  step 0/900: loss=0.531321 (2674ms)
  step 1/900: loss=0.586748 (2659ms)
  step 2/900: loss=0.457021 (2635ms)
  step 100/900: loss=0.410941 (2631ms)
  step 200/900: loss=0.543578 (2655ms)
  step 300/900: loss=0.440920 (2637ms)
  step 400/900: loss=0.582268 (2662ms)
  step 500/900: loss=0.474840 (2651ms)
  step 600/900: loss=0.202201 (2636ms)
  step 700/900: loss=0.478506 (2642ms)
  step 800/900: loss=0.652981 (2658ms)
Epoch 3/10: loss=0.486403 lr=0.000794 (2390976ms)
  val mIoU: 0.245565  (per-class: c0=0.938403 c1=0.000000 c2=0.000000 c3=0.043858)
  val Dice WT: 0.329086  (inter=2194447 gt=3891438 pred=9445191)
  val Dice TC: 0.157933  (inter=860795 gt=1455542 pred=9445191)
  val Dice ET: 0.084031  (inter=429117 gt=768149 pred=9445191)
  step 0/900: loss=0.509035 (2676ms)
  step 1/900: loss=0.585860 (2651ms)
  step 2/900: loss=0.467347 (2667ms)
  step 100/900: loss=0.391876 (2677ms)
  step 200/900: loss=0.523539 (2642ms)
  step 300/900: loss=0.425199 (2637ms)
  step 400/900: loss=0.583531 (2639ms)
  step 500/900: loss=0.459242 (2660ms)
  step 600/900: loss=0.210380 (2655ms)
  step 700/900: loss=0.487228 (2667ms)
  step 800/900: loss=0.672757 (2644ms)
Epoch 4/10: loss=0.480468 lr=0.000655 (2394790ms)
  val mIoU: 0.240904  (per-class: c0=0.930899 c1=0.000002 c2=0.000000 c3=0.032716)
  val Dice WT: 0.272837  (inter=1887101 gt=3891438 pred=9941760)
  val Dice TC: 0.123075  (inter=701296 gt=1455542 pred=9940681)
  val Dice ET: 0.063360  (inter=339255 gt=768149 pred=9940681)
  step 0/900: loss=0.514567 (2658ms)
  step 1/900: loss=0.586421 (2662ms)
  step 2/900: loss=0.464351 (2641ms)
  step 100/900: loss=0.396887 (2630ms)
  step 200/900: loss=0.539769 (2629ms)
  step 300/900: loss=0.419003 (2666ms)
  step 400/900: loss=0.568321 (2655ms)
  step 500/900: loss=0.462521 (2652ms)
  step 600/900: loss=0.210830 (2659ms)
  step 700/900: loss=0.486980 (2648ms)
  step 800/900: loss=0.635374 (2630ms)
Epoch 5/10: loss=0.477237 lr=0.000500 (2394589ms)
  val mIoU: 0.241759  (per-class: c0=0.932404 c1=0.000000 c2=0.000000 c3=0.034631)
  val Dice WT: 0.277906  (inter=1893411 gt=3891438 pred=9734812)
  val Dice TC: 0.128430  (inter=718590 gt=1455542 pred=9734804)
  val Dice ET: 0.066944  (inter=351554 gt=768149 pred=9734804)
  step 0/900: loss=0.512066 (2648ms)
  step 1/900: loss=0.589158 (2649ms)
  step 2/900: loss=0.456423 (2647ms)
  step 100/900: loss=0.402078 (2648ms)
  step 200/900: loss=0.514430 (2668ms)
  step 300/900: loss=0.414275 (2659ms)
  step 400/900: loss=0.574954 (2685ms)
  step 500/900: loss=0.446005 (2654ms)
  step 600/900: loss=0.209705 (2636ms)
  step 700/900: loss=0.471986 (2634ms)
  step 800/900: loss=0.630268 (2666ms)
Epoch 6/10: loss=0.474213 lr=0.000345 (2394111ms)
  val mIoU: 0.268031  (per-class: c0=0.953420 c1=0.118627 c2=0.000000 c3=0.000077)
  val Dice WT: 0.292282  (inter=1404805 gt=3891438 pred=5721218)
  val Dice TC: 0.000372  (inter=271 gt=1455542 pred=2448)
  val Dice ET: 0.000153  (inter=59 gt=768149 pred=2448)
  step 0/900: loss=0.522014 (2648ms)
  step 1/900: loss=0.588564 (2660ms)
  step 2/900: loss=0.449630 (2652ms)
  step 100/900: loss=0.407335 (2659ms)
  step 200/900: loss=0.519379 (2649ms)
  step 300/900: loss=0.412524 (2667ms)
  step 400/900: loss=0.580331 (2656ms)
  step 500/900: loss=0.442421 (2655ms)
  step 600/900: loss=0.210949 (2634ms)
  step 700/900: loss=0.468830 (2625ms)
  step 800/900: loss=0.619706 (2656ms)
Epoch 7/10: loss=0.472809 lr=0.000206 (2393875ms)
  val mIoU: 0.261337  (per-class: c0=0.957225 c1=0.088125 c2=0.000000 c3=0.000000)
  val Dice WT: 0.224092  (inter=905235 gt=3891438 pred=4187701)
  val Dice TC: 0.000000  (inter=0 gt=1455542 pred=0)
  val Dice ET: 0.000000  (inter=0 gt=768149 pred=0)
  step 0/900: loss=0.523496 (2662ms)
  step 1/900: loss=0.591463 (2652ms)
  step 2/900: loss=0.447955 (2650ms)
  step 100/900: loss=0.404908 (2674ms)
  step 200/900: loss=0.526306 (2658ms)
  step 300/900: loss=0.398042 (2650ms)
  step 400/900: loss=0.582130 (2665ms)
  step 500/900: loss=0.440243 (2644ms)
  step 600/900: loss=0.209408 (2667ms)
  step 700/900: loss=0.449801 (2652ms)
  step 800/900: loss=0.634708 (2663ms)
Epoch 8/10: loss=0.471810 lr=0.000095 (2393502ms)
  val mIoU: 0.258141  (per-class: c0=0.960702 c1=0.071864 c2=0.000000 c3=0.000000)
  val Dice WT: 0.176631  (inter=618943 gt=3891438 pred=3116876)
  val Dice TC: 0.000000  (inter=0 gt=1455542 pred=0)
  val Dice ET: 0.000000  (inter=0 gt=768149 pred=0)
  step 0/900: loss=0.520021 (2641ms)
  step 1/900: loss=0.588731 (2634ms)
  step 2/900: loss=0.447900 (2655ms)
  step 100/900: loss=0.400941 (2657ms)
  step 200/900: loss=0.525784 (2652ms)
  step 300/900: loss=0.392028 (2644ms)
  step 400/900: loss=0.572234 (2658ms)
  step 500/900: loss=0.435904 (2673ms)
  step 600/900: loss=0.206965 (2631ms)
  step 700/900: loss=0.442131 (2666ms)
  step 800/900: loss=0.643647 (2650ms)
Epoch 9/10: loss=0.470558 lr=0.000024 (2394595ms)
  val mIoU: 0.260842  (per-class: c0=0.963979 c1=0.079390 c2=0.000000 c3=0.000000)
  val Dice WT: 0.194109  (inter=636900 gt=3891438 pred=2670863)
  val Dice TC: 0.000000  (inter=0 gt=1455542 pred=0)
  val Dice ET: 0.000000  (inter=0 gt=768149 pred=0)
  step 0/900: loss=0.522927 (2660ms)
  step 1/900: loss=0.580127 (2669ms)
  step 2/900: loss=0.456995 (2640ms)
  step 100/900: loss=0.393324 (2663ms)
  step 200/900: loss=0.521083 (2676ms)
  step 300/900: loss=0.387523 (2667ms)
  step 400/900: loss=0.562253 (2649ms)
  step 500/900: loss=0.443868 (2641ms)
  step 600/900: loss=0.206001 (2669ms)
  step 700/900: loss=0.431847 (2644ms)
  step 800/900: loss=0.645276 (2638ms)
Epoch 10/10: loss=0.468825 lr=0.000000 (2393695ms)
  checkpoint: wrote .lake/build/unet__brats__240_240_4_modality_mri___4_class_tumour__wcesqrt_pb_cos_params_e10.bin + bn_stats_e10.bin
  val mIoU: 0.262486  (per-class: c0=0.960014 c1=0.089931 c2=0.000000 c3=0.000000)
  val Dice WT: 0.225708  (inter=854383 gt=3891438 pred=3679268)
  val Dice TC: 0.000000  (inter=0 gt=1455542 pred=0)
  val Dice ET: 0.000000  (inter=0 gt=768149 pred=0)
Saved params + BN stats.
