  loss: LossKind.perPixelCE
  arm: ce  (artifacts: .lake/build/unet__brats__240_240_4_modality_mri___4_class_tumour__ce_*)
UNet (BraTS, 240×240 4-modality MRI → 4-class tumour): 7849988 params
Generating train step MLIR...
  1671534 chars
Compiling vmfbs...
  forward (cached)
  eval forward (cached)
  train step (cached)
  session loaded
  train: 14415 images (230400 floats/image)
  7849988 params + m + v (89 MB)
training: 900 batches/epoch, batch=16, Adam, lr=0.001000, cosine warmup=0, label_smooth=0.000000, wd=0.000100
  BN layers: 18, BN stat floats: 5888
  step 0/900: loss=1.112794 (2758ms)
  step 1/900: loss=0.915096 (2783ms)
  step 2/900: loss=0.786735 (2692ms)
  step 100/900: loss=0.117727 (2712ms)
  step 200/900: loss=0.118874 (2706ms)
  step 300/900: loss=0.088072 (2671ms)
  step 400/900: loss=0.145247 (2708ms)
  step 500/900: loss=0.141936 (2687ms)
  step 600/900: loss=0.031673 (2676ms)
  step 700/900: loss=0.110471 (2712ms)
  step 800/900: loss=0.157988 (2688ms)
Epoch 1/10: loss=0.132800 lr=0.001000 (2425709ms)
  step 0/900: loss=0.104053 (2679ms)
  step 1/900: loss=0.153118 (2699ms)
  step 2/900: loss=0.107967 (2675ms)
  step 100/900: loss=0.084999 (2691ms)
  step 200/900: loss=0.102036 (2674ms)
  step 300/900: loss=0.076872 (2662ms)
  step 400/900: loss=0.142399 (2684ms)
  step 500/900: loss=0.135551 (2661ms)
  step 600/900: loss=0.030599 (2677ms)
  step 700/900: loss=0.104649 (2664ms)
  step 800/900: loss=0.158352 (2703ms)
Epoch 2/10: loss=0.111333 lr=0.001000 (2423896ms)
  step 0/900: loss=0.109502 (2683ms)
  step 1/900: loss=0.143636 (2674ms)
  step 2/900: loss=0.104949 (2669ms)
  step 100/900: loss=0.081078 (2668ms)
  step 200/900: loss=0.104169 (2703ms)
  step 300/900: loss=0.078243 (2678ms)
  step 400/900: loss=0.134792 (2685ms)
  step 500/900: loss=0.127023 (2680ms)
  step 600/900: loss=0.032452 (2680ms)
  step 700/900: loss=0.104320 (2665ms)
  step 800/900: loss=0.153656 (2711ms)
Epoch 3/10: loss=0.110204 lr=0.001000 (2423626ms)
  step 0/900: loss=0.103577 (2676ms)
  step 1/900: loss=0.141206 (2676ms)
  step 2/900: loss=0.102989 (2662ms)
  step 100/900: loss=0.080386 (2659ms)
  step 200/900: loss=0.102509 (2696ms)
  step 300/900: loss=0.074418 (2647ms)
  step 400/900: loss=0.133740 (2666ms)
  step 500/900: loss=0.132364 (2701ms)
  step 600/900: loss=0.028760 (2695ms)
  step 700/900: loss=0.105331 (2691ms)
  step 800/900: loss=0.155585 (2697ms)
Epoch 4/10: loss=0.107854 lr=0.001000 (2441276ms)
  step 0/900: loss=0.101236 (2686ms)
  step 1/900: loss=0.138780 (2672ms)
  step 2/900: loss=0.106710 (2690ms)
  step 100/900: loss=0.080806 (2685ms)
  step 200/900: loss=0.101535 (2690ms)
  step 300/900: loss=0.073499 (2683ms)
  step 400/900: loss=0.134652 (2684ms)
  step 500/900: loss=0.128848 (2686ms)
  step 600/900: loss=0.030424 (2656ms)
  step 700/900: loss=0.104282 (2682ms)
  step 800/900: loss=0.151199 (2692ms)
Epoch 5/10: loss=0.106942 lr=0.001000 (2420780ms)
  step 0/900: loss=0.100008 (2679ms)
  step 1/900: loss=0.135943 (2674ms)
  step 2/900: loss=0.105395 (2684ms)
  step 100/900: loss=0.080691 (2661ms)
  step 200/900: loss=0.100847 (2693ms)
  step 300/900: loss=0.073719 (2698ms)
  step 400/900: loss=0.133609 (2663ms)
  step 500/900: loss=0.128328 (2662ms)
  step 600/900: loss=0.031560 (2682ms)
  step 700/900: loss=0.104215 (2670ms)
  step 800/900: loss=0.152606 (2689ms)
Epoch 6/10: loss=0.106561 lr=0.001000 (2421211ms)
  step 0/900: loss=0.098741 (2673ms)
  step 1/900: loss=0.134187 (2680ms)
  step 2/900: loss=0.104732 (2708ms)
  step 100/900: loss=0.082273 (2669ms)
  step 200/900: loss=0.100320 (2686ms)
  step 300/900: loss=0.072841 (2681ms)
  step 400/900: loss=0.133646 (2657ms)
  step 500/900: loss=0.126509 (2677ms)
  step 600/900: loss=0.031073 (2665ms)
  step 700/900: loss=0.104431 (2681ms)
  step 800/900: loss=0.151118 (2668ms)
Epoch 7/10: loss=0.106409 lr=0.001000 (2420364ms)
  step 0/900: loss=0.099986 (2671ms)
  step 1/900: loss=0.133853 (2689ms)
  step 2/900: loss=0.106307 (2679ms)
  step 100/900: loss=0.081589 (2650ms)
  step 200/900: loss=0.097870 (2664ms)
  step 300/900: loss=0.073688 (2680ms)
  step 400/900: loss=0.132486 (2660ms)
  step 500/900: loss=0.127030 (2668ms)
  step 600/900: loss=0.031451 (2669ms)
  step 700/900: loss=0.102661 (2679ms)
  step 800/900: loss=0.156650 (2676ms)
Epoch 8/10: loss=0.106207 lr=0.001000 (2419703ms)
  step 0/900: loss=0.099186 (2680ms)
  step 1/900: loss=0.135697 (2685ms)
  step 2/900: loss=0.104074 (2711ms)
  step 100/900: loss=0.082075 (2683ms)
  step 200/900: loss=0.099408 (2669ms)
  step 300/900: loss=0.073423 (2659ms)
  step 400/900: loss=0.133264 (2668ms)
  step 500/900: loss=0.126615 (2674ms)
  step 600/900: loss=0.030791 (2668ms)
  step 700/900: loss=0.103372 (2694ms)
  step 800/900: loss=0.151208 (2692ms)
Epoch 9/10: loss=0.106028 lr=0.001000 (2420552ms)
  step 0/900: loss=0.097002 (2671ms)
  step 1/900: loss=0.133199 (2691ms)
  step 2/900: loss=0.104846 (2684ms)
  step 100/900: loss=0.082228 (2664ms)
  step 200/900: loss=0.099060 (2684ms)
  step 300/900: loss=0.074288 (2698ms)
  step 400/900: loss=0.133396 (2697ms)
  step 500/900: loss=0.127736 (2689ms)
  step 600/900: loss=0.029910 (2697ms)
  step 700/900: loss=0.102710 (2688ms)
  step 800/900: loss=0.150740 (2700ms)
Epoch 10/10: loss=0.105830 lr=0.001000 (2420517ms)
  checkpoint: wrote .lake/build/unet__brats__240_240_4_modality_mri___4_class_tumour__ce_params_e10.bin + bn_stats_e10.bin
  val mIoU: 0.243402  (per-class: c0=0.973609 c1=0.000000 c2=0.000000 c3=0.000000)
  val Dice WT: 0.000000  (inter=0 gt=3891438 pred=0)
  val Dice TC: 0.000000  (inter=0 gt=1455542 pred=0)
  val Dice ET: 0.000000  (inter=0 gt=768149 pred=0)
Saved params + BN stats.
