  loss: LossKind.perPixelWeightedCE [1.000000, 60.903300, 220.086800, 195.583500]
  arm: wce  (artifacts: .lake/build/unet__brats__240_240_4_modality_mri___4_class_tumour__wce_*)
UNet (BraTS, 240×240 4-modality MRI → 4-class tumour): 7849988 params
Generating train step MLIR...
  1672728 chars
Compiling vmfbs...
  forward (cached)
  eval forward (cached)
  train step (cached)
  session loaded
  train: 14415 images (230400 floats/image)
  7849988 params + m + v (89 MB)
training: 900 batches/epoch, batch=16, Adam, lr=0.001000, cosine warmup=0, label_smooth=0.000000, wd=0.000100
  BN layers: 18, BN stat floats: 5888
  step 0/900: loss=2.444386 (2773ms)
  step 1/900: loss=1.934918 (2769ms)
  step 2/900: loss=1.706568 (2800ms)
  step 100/900: loss=1.088586 (2791ms)
  step 200/900: loss=1.201964 (2757ms)
  step 300/900: loss=1.326835 (2779ms)
  step 400/900: loss=1.181097 (2757ms)
  step 500/900: loss=0.956063 (2749ms)
  step 600/900: loss=0.683109 (2770ms)
  step 700/900: loss=1.079226 (2778ms)
  step 800/900: loss=1.073306 (2753ms)
Epoch 1/10: loss=1.061211 lr=0.001000 (2493889ms)
  step 0/900: loss=1.040549 (2762ms)
  step 1/900: loss=1.105560 (2760ms)
  step 2/900: loss=0.988458 (2760ms)
  step 100/900: loss=1.003774 (2756ms)
  step 200/900: loss=1.072669 (2748ms)
  step 300/900: loss=1.226410 (2754ms)
  step 400/900: loss=1.155216 (2722ms)
  step 500/900: loss=0.921357 (2761ms)
  step 600/900: loss=0.641508 (2737ms)
  step 700/900: loss=1.043202 (2770ms)
  step 800/900: loss=1.040617 (2732ms)
Epoch 2/10: loss=1.012549 lr=0.001000 (2483563ms)
  step 0/900: loss=1.067531 (2754ms)
  step 1/900: loss=1.086827 (2747ms)
  step 2/900: loss=0.979416 (2749ms)
  step 100/900: loss=0.971296 (2759ms)
  step 200/900: loss=1.084681 (2766ms)
  step 300/900: loss=1.200397 (2760ms)
  step 400/900: loss=1.126355 (2745ms)
  step 500/900: loss=0.911234 (2731ms)
  step 600/900: loss=0.648679 (2742ms)
  step 700/900: loss=1.061796 (2742ms)
  step 800/900: loss=1.037380 (2751ms)
Epoch 3/10: loss=1.007009 lr=0.001000 (2483863ms)
  step 0/900: loss=1.061769 (2749ms)
  step 1/900: loss=1.089786 (2735ms)
  step 2/900: loss=0.974470 (2737ms)
  step 100/900: loss=0.980454 (2747ms)
  step 200/900: loss=1.083603 (2717ms)
  step 300/900: loss=1.170931 (2733ms)
  step 400/900: loss=1.135864 (2746ms)
  step 500/900: loss=0.932818 (2736ms)
  step 600/900: loss=0.640572 (2737ms)
  step 700/900: loss=1.050560 (2747ms)
  step 800/900: loss=1.037185 (2761ms)
Epoch 4/10: loss=1.003456 lr=0.001000 (2483203ms)
  step 0/900: loss=1.052622 (2734ms)
  step 1/900: loss=1.083291 (2743ms)
  step 2/900: loss=0.985291 (2735ms)
  step 100/900: loss=0.982096 (2767ms)
  step 200/900: loss=1.073184 (2765ms)
  step 300/900: loss=1.168160 (2755ms)
  step 400/900: loss=1.128090 (2762ms)
  step 500/900: loss=0.921341 (2771ms)
  step 600/900: loss=0.655816 (2731ms)
  step 700/900: loss=1.072027 (2748ms)
  step 800/900: loss=1.039936 (2741ms)
Epoch 5/10: loss=1.001558 lr=0.001000 (2482373ms)
  step 0/900: loss=1.071442 (2740ms)
  step 1/900: loss=1.095301 (2745ms)
  step 2/900: loss=0.970256 (2739ms)
  step 100/900: loss=0.995424 (2753ms)
  step 200/900: loss=1.075583 (2753ms)
  step 300/900: loss=1.163325 (2729ms)
  step 400/900: loss=1.128578 (2741ms)
  step 500/900: loss=0.915970 (2768ms)
  step 600/900: loss=0.650533 (2734ms)
  step 700/900: loss=1.063023 (2732ms)
  step 800/900: loss=1.044695 (2750ms)
Epoch 6/10: loss=0.998906 lr=0.001000 (2481789ms)
  step 0/900: loss=1.077433 (2748ms)
  step 1/900: loss=1.096969 (2756ms)
  step 2/900: loss=0.967550 (2754ms)
  step 100/900: loss=0.987228 (2767ms)
  step 200/900: loss=1.090997 (2758ms)
  step 300/900: loss=1.153457 (2743ms)
  step 400/900: loss=1.124627 (2725ms)
  step 500/900: loss=0.912934 (2745ms)
  step 600/900: loss=0.652470 (2746ms)
  step 700/900: loss=1.052892 (2773ms)
  step 800/900: loss=1.039629 (2759ms)
Epoch 7/10: loss=0.998671 lr=0.001000 (2483248ms)
  step 0/900: loss=1.069499 (2779ms)
  step 1/900: loss=1.093107 (2749ms)
  step 2/900: loss=0.968376 (2738ms)
  step 100/900: loss=0.991596 (2745ms)
  step 200/900: loss=1.074641 (2749ms)
  step 300/900: loss=1.149493 (2748ms)
  step 400/900: loss=1.112966 (2755ms)
  step 500/900: loss=0.910738 (2746ms)
  step 600/900: loss=0.650123 (2768ms)
  step 700/900: loss=1.035273 (2774ms)
  step 800/900: loss=1.031202 (2742ms)
Epoch 8/10: loss=0.995832 lr=0.001000 (2482179ms)
  step 0/900: loss=1.078802 (2766ms)
  step 1/900: loss=1.096191 (2742ms)
  step 2/900: loss=0.962463 (2767ms)
  step 100/900: loss=0.984556 (2751ms)
  step 200/900: loss=1.093125 (2744ms)
  step 300/900: loss=1.152238 (2737ms)
  step 400/900: loss=1.104057 (2755ms)
  step 500/900: loss=0.908592 (2741ms)
  step 600/900: loss=0.646136 (2759ms)
  step 700/900: loss=1.057509 (2764ms)
  step 800/900: loss=1.028799 (2750ms)
Epoch 9/10: loss=0.993439 lr=0.001000 (2482868ms)
  step 0/900: loss=1.070204 (2768ms)
  step 1/900: loss=1.084697 (2758ms)
  step 2/900: loss=0.968949 (2739ms)
  step 100/900: loss=0.976466 (2774ms)
  step 200/900: loss=1.092471 (2756ms)
  step 300/900: loss=1.152938 (2746ms)
  step 400/900: loss=1.099410 (2739ms)
  step 500/900: loss=0.903992 (2749ms)
  step 600/900: loss=0.636466 (2736ms)
  step 700/900: loss=1.038253 (2738ms)
  step 800/900: loss=1.030336 (2752ms)
Epoch 10/10: loss=0.990715 lr=0.001000 (2483093ms)
  checkpoint: wrote .lake/build/unet__brats__240_240_4_modality_mri___4_class_tumour__wce_params_e10.bin + bn_stats_e10.bin
  val mIoU: 0.186536  (per-class: c0=0.728320 c1=0.000000 c2=0.000000 c3=0.017823)
  val Dice WT: 0.165003  (inter=3854726 gt=3891438 pred=42831676)
  val Dice TC: 0.065377  (inter=1447685 gt=1455542 pred=42831676)
  val Dice ET: 0.035021  (inter=763457 gt=768149 pred=42831676)
Saved params + BN stats.
