UNet (BraTS, 240×240 4-modality MRI → 4-class tumour): 7849988 params
Generating train step MLIR...
  1671521 chars
Compiling vmfbs...
  forward (cached)
  eval forward (cached)
  train step (cached)
  session loaded
  train: 14415 images (230400 floats/image)
  7849988 params + m + v (89 MB)
training: 900 batches/epoch, batch=16, Adam, lr=0.001000, cosine warmup=0, label_smooth=0.000000, wd=0.000100
  BN layers: 18, BN stat floats: 5888
  step 0/900: loss=1.112794 (2687ms)
  step 1/900: loss=0.915096 (2695ms)
  step 2/900: loss=0.786735 (2704ms)
  step 100/900: loss=0.117727 (2682ms)
  step 200/900: loss=0.118874 (2673ms)
  step 300/900: loss=0.088072 (2681ms)
  step 400/900: loss=0.145247 (2661ms)
  step 500/900: loss=0.141936 (2652ms)
  step 600/900: loss=0.031673 (2676ms)
  step 700/900: loss=0.110471 (2683ms)
  step 800/900: loss=0.157988 (2652ms)
Epoch 1/1: loss=0.132800 lr=0.001000 (2411655ms)
  val mIoU: 0.243445  (per-class: c0=0.973529 c1=0.000000 c2=0.000250 c3=0.000000)
Saved params + BN stats.
