=== launch convnext-tiny-train on GPU 0 Mon Jun 15 03:14:56 AM UTC 2026 ===
ConvNeXt-T: 27826186 params
Generating train step MLIR...
  790414 chars
Compiling vmfbs...
  forward compiled
  eval forward compiled
  train step compiled
  session loaded
  train: 9469 images (196608 floats/image)
  27826186 params + m + v (318 MB)
training: 295 batches/epoch, batch=32, Adam, lr=0.001000, cosine warmup=3, label_smooth=0.100000, wd=0.000100
  BN layers: 1, BN stat floats: 192
  step 0/295: loss=2.453635 (2150ms)
  step 1/295: loss=3.138016 (2197ms)
  step 2/295: loss=3.066603 (1987ms)
  step 100/295: loss=2.354151 (1974ms)
  step 200/295: loss=2.109111 (2039ms)
Epoch 1/80: loss=2.164297 lr=0.000333 (599824ms)
  step 0/295: loss=2.648553 (1982ms)
  step 1/295: loss=2.280551 (2020ms)
  step 2/295: loss=1.810908 (2007ms)
  step 100/295: loss=1.816009 (2023ms)
  step 200/295: loss=1.786257 (2017ms)
Epoch 2/80: loss=1.983003 lr=0.000667 (600345ms)
  step 0/295: loss=2.049586 (1976ms)
  step 1/295: loss=2.385100 (1995ms)
  step 2/295: loss=1.814099 (2008ms)
  step 100/295: loss=1.646567 (2030ms)
  step 200/295: loss=1.435606 (2003ms)
Epoch 3/80: loss=1.637833 lr=0.001000 (600579ms)
  step 0/295: loss=1.611153 (2031ms)
  step 1/295: loss=1.248756 (2009ms)
  step 2/295: loss=1.460571 (1980ms)
  step 100/295: loss=1.393893 (2016ms)
  step 200/295: loss=1.422765 (2023ms)
Epoch 4/80: loss=1.427351 lr=0.001000 (601311ms)
  step 0/295: loss=1.202971 (2000ms)
  step 1/295: loss=1.600841 (1983ms)
  step 2/295: loss=1.326714 (1991ms)
  step 100/295: loss=1.435665 (2023ms)
  step 200/295: loss=1.115311 (2012ms)
Epoch 5/80: loss=1.291039 lr=0.000998 (602170ms)
  step 0/295: loss=1.282277 (2026ms)
  step 1/295: loss=1.049551 (2029ms)
  step 2/295: loss=1.185639 (1998ms)
  step 100/295: loss=1.273303 (2006ms)
  step 200/295: loss=1.496688 (2000ms)
Epoch 6/80: loss=1.210674 lr=0.000996 (601367ms)
  step 0/295: loss=1.138678 (2043ms)
  step 1/295: loss=1.083363 (2000ms)
  step 2/295: loss=1.214444 (2008ms)
  step 100/295: loss=1.220405 (2017ms)
  step 200/295: loss=1.073291 (1981ms)
Epoch 7/80: loss=1.145158 lr=0.000993 (601223ms)
  step 0/295: loss=1.022180 (2055ms)
  step 1/295: loss=1.337981 (1993ms)
  step 2/295: loss=1.442178 (2026ms)
  step 100/295: loss=1.390636 (2012ms)
  step 200/295: loss=1.080677 (2003ms)
Epoch 8/80: loss=1.091168 lr=0.000990 (601656ms)
  step 0/295: loss=1.061437 (2015ms)
  step 1/295: loss=0.890834 (1992ms)
  step 2/295: loss=1.026117 (2019ms)
  step 100/295: loss=0.856745 (2009ms)
  step 200/295: loss=0.952356 (2018ms)
Epoch 9/80: loss=1.040891 lr=0.000985 (601108ms)
  step 0/295: loss=0.796961 (1994ms)
  step 1/295: loss=0.866900 (2020ms)
  step 2/295: loss=0.864819 (2006ms)
  step 100/295: loss=0.994323 (2028ms)
  step 200/295: loss=0.817522 (1993ms)
Epoch 10/80: loss=0.982928 lr=0.000980 (601382ms)
  checkpoint: wrote .lake/build/convnext_t_params_e10.bin + bn_stats_e10.bin
  val accuracy (running BN): 2870/3904 = 73.514344%
  step 0/295: loss=1.033381 (1999ms)
  step 1/295: loss=0.810959 (2009ms)
  step 2/295: loss=0.818260 (2001ms)
  step 100/295: loss=1.247176 (2010ms)
  step 200/295: loss=0.816764 (1997ms)
Epoch 11/80: loss=0.946684 lr=0.000974 (600939ms)
  step 0/295: loss=0.983496 (1974ms)
  step 1/295: loss=0.773970 (2007ms)
  step 2/295: loss=0.748324 (1969ms)
  step 100/295: loss=0.783861 (1994ms)
  step 200/295: loss=0.810806 (2006ms)
Epoch 12/80: loss=0.860428 lr=0.000967 (601822ms)
  step 0/295: loss=0.797052 (2011ms)
  step 1/295: loss=0.834900 (1971ms)
  step 2/295: loss=0.793873 (1989ms)
  step 100/295: loss=1.006857 (2010ms)
  step 200/295: loss=0.944940 (2047ms)
Epoch 13/80: loss=0.800034 lr=0.000959 (600835ms)
  step 0/295: loss=0.727322 (1982ms)
  step 1/295: loss=0.709956 (1978ms)
  step 2/295: loss=0.655847 (2020ms)
  step 100/295: loss=0.752870 (2012ms)
  step 200/295: loss=0.777494 (2005ms)
Epoch 14/80: loss=0.737825 lr=0.000950 (600625ms)
  step 0/295: loss=0.704862 (1966ms)
  step 1/295: loss=0.674270 (1978ms)
  step 2/295: loss=0.682043 (1963ms)
  step 100/295: loss=0.764064 (2020ms)
  step 200/295: loss=0.638298 (2006ms)
Epoch 15/80: loss=0.699300 lr=0.000941 (600934ms)
  step 0/295: loss=0.744408 (2026ms)
  step 1/295: loss=0.659901 (2005ms)
  step 2/295: loss=0.599115 (2020ms)
  step 100/295: loss=0.600903 (2023ms)
  step 200/295: loss=0.634638 (1977ms)
Epoch 16/80: loss=0.664027 lr=0.000931 (601425ms)
  step 0/295: loss=0.626636 (1998ms)
  step 1/295: loss=0.607680 (2011ms)
  step 2/295: loss=0.620156 (1994ms)
  step 100/295: loss=0.577694 (2002ms)
  step 200/295: loss=0.601760 (2005ms)
Epoch 17/80: loss=0.625423 lr=0.000921 (600577ms)
  step 0/295: loss=0.677242 (2038ms)
  step 1/295: loss=0.582572 (1979ms)
  step 2/295: loss=0.567182 (1982ms)
  step 100/295: loss=0.574079 (1988ms)
  step 200/295: loss=0.569440 (2003ms)
Epoch 18/80: loss=0.601518 lr=0.000909 (601180ms)
  step 0/295: loss=0.590067 (2018ms)
  step 1/295: loss=0.573714 (1995ms)
  step 2/295: loss=0.607593 (2009ms)
  step 100/295: loss=0.569554 (1996ms)
  step 200/295: loss=0.624434 (1993ms)
Epoch 19/80: loss=0.594045 lr=0.000897 (600567ms)
  step 0/295: loss=0.588042 (2003ms)
  step 1/295: loss=0.609809 (1994ms)
  step 2/295: loss=0.617595 (1986ms)
  step 100/295: loss=0.589482 (2021ms)
  step 200/295: loss=0.575669 (2015ms)
Epoch 20/80: loss=0.580066 lr=0.000884 (599598ms)
  checkpoint: wrote .lake/build/convnext_t_params_e20.bin + bn_stats_e20.bin
  val accuracy (running BN): 3148/3904 = 80.635246%
  step 0/295: loss=0.580151 (2033ms)
  step 1/295: loss=0.592214 (1995ms)
  step 2/295: loss=0.569437 (2000ms)
  step 100/295: loss=0.578000 (2000ms)
  step 200/295: loss=0.603777 (1991ms)
Epoch 21/80: loss=0.592751 lr=0.000871 (600065ms)
  step 0/295: loss=0.599150 (2032ms)
  step 1/295: loss=0.596468 (2018ms)
  step 2/295: loss=0.593785 (1968ms)
  step 100/295: loss=0.577807 (2009ms)
  step 200/295: loss=0.552162 (2026ms)
Epoch 22/80: loss=0.568537 lr=0.000857 (600037ms)
  step 0/295: loss=0.566439 (2020ms)
  step 1/295: loss=0.560687 (2030ms)
  step 2/295: loss=0.574749 (2016ms)
  step 100/295: loss=0.564537 (2012ms)
  step 200/295: loss=0.551679 (1983ms)
Epoch 23/80: loss=0.558531 lr=0.000843 (600405ms)
  step 0/295: loss=0.554473 (2009ms)
  step 1/295: loss=0.540209 (2016ms)
  step 2/295: loss=0.573358 (1989ms)
  step 100/295: loss=0.562494 (2027ms)
  step 200/295: loss=0.587846 (1984ms)
Epoch 24/80: loss=0.555044 lr=0.000827 (598849ms)
  step 0/295: loss=0.529776 (1988ms)
  step 1/295: loss=0.534956 (2023ms)
  step 2/295: loss=0.561816 (2006ms)
  step 100/295: loss=0.562498 (1978ms)
  step 200/295: loss=0.533061 (2011ms)
Epoch 25/80: loss=0.556908 lr=0.000812 (598801ms)
  step 0/295: loss=0.532398 (1998ms)
  step 1/295: loss=0.580225 (1977ms)
  step 2/295: loss=0.545732 (1954ms)
  step 100/295: loss=0.538819 (2013ms)
  step 200/295: loss=0.586365 (2023ms)
Epoch 26/80: loss=0.556788 lr=0.000796 (599502ms)
  step 0/295: loss=0.555568 (2007ms)
  step 1/295: loss=0.578405 (2011ms)
  step 2/295: loss=0.597699 (2017ms)
  step 100/295: loss=0.528243 (2000ms)
  step 200/295: loss=0.554408 (1993ms)
Epoch 27/80: loss=0.553343 lr=0.000779 (598754ms)
  step 0/295: loss=0.543040 (1938ms)
  step 1/295: loss=0.527204 (1950ms)
  step 2/295: loss=0.536490 (2007ms)
  step 100/295: loss=0.559168 (2007ms)
  step 200/295: loss=0.551511 (2003ms)
Epoch 28/80: loss=0.544808 lr=0.000762 (599937ms)
  step 0/295: loss=0.541997 (2029ms)
  step 1/295: loss=0.544321 (2038ms)
  step 2/295: loss=0.526290 (2023ms)
  step 100/295: loss=0.543618 (2024ms)
  step 200/295: loss=0.529821 (2014ms)
Epoch 29/80: loss=0.538918 lr=0.000744 (599790ms)
  step 0/295: loss=0.538384 (2027ms)
  step 1/295: loss=0.532056 (2008ms)
  step 2/295: loss=0.533775 (2008ms)
  step 100/295: loss=0.539421 (2012ms)
  step 200/295: loss=0.546872 (1980ms)
Epoch 30/80: loss=0.541177 lr=0.000726 (598655ms)
  checkpoint: wrote .lake/build/convnext_t_params_e30.bin + bn_stats_e30.bin
  val accuracy (running BN): 3222/3904 = 82.530738%
  step 0/295: loss=0.562965 (1990ms)
  step 1/295: loss=0.521098 (1995ms)
  step 2/295: loss=0.533843 (1987ms)
  step 100/295: loss=0.544176 (1962ms)
  step 200/295: loss=0.538909 (2020ms)
Epoch 31/80: loss=0.538346 lr=0.000708 (598993ms)
  step 0/295: loss=0.538463 (1992ms)
  step 1/295: loss=0.566279 (1982ms)
  step 2/295: loss=0.549474 (2003ms)
  step 100/295: loss=0.565646 (1995ms)
  step 200/295: loss=0.543085 (2009ms)
Epoch 32/80: loss=0.540256 lr=0.000689 (599694ms)
  step 0/295: loss=0.565162 (1977ms)
  step 1/295: loss=0.528008 (2007ms)
  step 2/295: loss=0.531855 (2029ms)
  step 100/295: loss=0.533446 (2024ms)
  step 200/295: loss=0.538227 (1970ms)
Epoch 33/80: loss=0.537466 lr=0.000670 (599258ms)
  step 0/295: loss=0.520379 (2001ms)
  step 1/295: loss=0.556590 (2000ms)
  step 2/295: loss=0.535052 (2003ms)
  step 100/295: loss=0.522938 (2013ms)
  step 200/295: loss=0.534682 (2017ms)
Epoch 34/80: loss=0.531764 lr=0.000651 (599367ms)
  step 0/295: loss=0.522805 (2010ms)
  step 1/295: loss=0.554909 (1967ms)
  step 2/295: loss=0.518198 (1943ms)
  step 100/295: loss=0.526426 (1998ms)
  step 200/295: loss=0.529083 (2010ms)
Epoch 35/80: loss=0.531658 lr=0.000631 (597543ms)
  step 0/295: loss=0.534876 (1998ms)
  step 1/295: loss=0.522608 (2009ms)
  step 2/295: loss=0.523162 (2027ms)
  step 100/295: loss=0.521236 (2010ms)
  step 200/295: loss=0.515630 (2032ms)
Epoch 36/80: loss=0.528320 lr=0.000611 (599652ms)
  step 0/295: loss=0.527257 (2001ms)
  step 1/295: loss=0.516892 (1987ms)
  step 2/295: loss=0.525761 (2024ms)
  step 100/295: loss=0.536385 (2013ms)
  step 200/295: loss=0.540067 (1998ms)
Epoch 37/80: loss=0.527816 lr=0.000591 (599536ms)
  step 0/295: loss=0.520679 (1975ms)
  step 1/295: loss=0.531929 (2006ms)
  step 2/295: loss=0.539830 (2021ms)
  step 100/295: loss=0.526031 (1996ms)
  step 200/295: loss=0.524460 (1997ms)
Epoch 38/80: loss=0.529835 lr=0.000571 (599714ms)
  step 0/295: loss=0.532925 (2012ms)
  step 1/295: loss=0.544630 (2008ms)
  step 2/295: loss=0.576822 (2015ms)
  step 100/295: loss=0.533726 (1991ms)
  step 200/295: loss=0.530625 (2003ms)
Epoch 39/80: loss=0.528060 lr=0.000551 (599047ms)
  step 0/295: loss=0.522723 (2018ms)
  step 1/295: loss=0.525487 (1980ms)
  step 2/295: loss=0.515448 (2016ms)
  step 100/295: loss=0.515707 (1987ms)
  step 200/295: loss=0.514752 (2020ms)
Epoch 40/80: loss=0.521750 lr=0.000531 (600069ms)
  checkpoint: wrote .lake/build/convnext_t_params_e40.bin + bn_stats_e40.bin
  val accuracy (running BN): 3239/3904 = 82.966189%
  step 0/295: loss=0.510053 (1998ms)
  step 1/295: loss=0.512919 (1970ms)
  step 2/295: loss=0.526784 (1984ms)
  step 100/295: loss=0.514417 (2010ms)
  step 200/295: loss=0.521983 (1998ms)
Epoch 41/80: loss=0.520481 lr=0.000510 (597076ms)
  step 0/295: loss=0.517442 (2023ms)
  step 1/295: loss=0.510420 (1962ms)
  step 2/295: loss=0.518514 (1985ms)
  step 100/295: loss=0.515180 (2000ms)
  step 200/295: loss=0.515574 (1996ms)
Epoch 42/80: loss=0.519199 lr=0.000490 (598502ms)
  step 0/295: loss=0.516171 (1988ms)
  step 1/295: loss=0.513707 (2004ms)
  step 2/295: loss=0.511054 (1961ms)
  step 100/295: loss=0.517278 (2022ms)
  step 200/295: loss=0.509878 (1972ms)
Epoch 43/80: loss=0.516395 lr=0.000469 (597518ms)
  step 0/295: loss=0.514548 (2016ms)
  step 1/295: loss=0.510339 (1994ms)
  step 2/295: loss=0.515672 (1973ms)
  step 100/295: loss=0.514016 (1999ms)
  step 200/295: loss=0.510877 (1982ms)
Epoch 44/80: loss=0.515918 lr=0.000449 (598412ms)
  step 0/295: loss=0.509974 (1971ms)
  step 1/295: loss=0.515753 (2000ms)
  step 2/295: loss=0.508958 (2013ms)
  step 100/295: loss=0.509589 (2015ms)
  step 200/295: loss=0.513499 (1984ms)
Epoch 45/80: loss=0.515065 lr=0.000429 (597512ms)
  step 0/295: loss=0.513170 (1997ms)
  step 1/295: loss=0.514077 (2013ms)
  step 2/295: loss=0.511428 (1981ms)
  step 100/295: loss=0.521504 (1984ms)
  step 200/295: loss=0.512692 (2029ms)
Epoch 46/80: loss=0.515307 lr=0.000409 (598685ms)
  step 0/295: loss=0.506535 (1986ms)
  step 1/295: loss=0.528361 (2005ms)
  step 2/295: loss=0.524915 (2017ms)
  step 100/295: loss=0.516230 (2015ms)
  step 200/295: loss=0.508486 (2001ms)
Epoch 47/80: loss=0.516588 lr=0.000389 (598029ms)
  step 0/295: loss=0.510054 (2018ms)
  step 1/295: loss=0.513670 (2012ms)
  step 2/295: loss=0.506251 (2021ms)
  step 100/295: loss=0.514831 (2037ms)
  step 200/295: loss=0.512793 (1962ms)
Epoch 48/80: loss=0.514844 lr=0.000369 (598695ms)
  step 0/295: loss=0.513612 (2005ms)
  step 1/295: loss=0.515639 (1994ms)
  step 2/295: loss=0.508286 (1996ms)
  step 100/295: loss=0.510616 (2033ms)
  step 200/295: loss=0.507281 (2014ms)
Epoch 49/80: loss=0.512407 lr=0.000349 (598421ms)
  step 0/295: loss=0.508129 (2004ms)
  step 1/295: loss=0.510006 (1972ms)
  step 2/295: loss=0.510930 (2006ms)
  step 100/295: loss=0.510546 (2005ms)
  step 200/295: loss=0.511027 (2015ms)
Epoch 50/80: loss=0.513533 lr=0.000330 (598532ms)
  checkpoint: wrote .lake/build/convnext_t_params_e50.bin + bn_stats_e50.bin
  val accuracy (running BN): 3314/3904 = 84.887295%
  step 0/295: loss=0.510360 (1979ms)
  step 1/295: loss=0.508394 (1985ms)
  step 2/295: loss=0.513518 (2011ms)
  step 100/295: loss=0.510150 (1991ms)
  step 200/295: loss=0.512126 (2016ms)
Epoch 51/80: loss=0.510801 lr=0.000311 (598460ms)
  step 0/295: loss=0.516087 (1987ms)
  step 1/295: loss=0.511426 (2015ms)
  step 2/295: loss=0.514559 (2009ms)
  step 100/295: loss=0.506768 (2013ms)
  step 200/295: loss=0.512171 (1985ms)
Epoch 52/80: loss=0.510292 lr=0.000292 (597828ms)
  step 0/295: loss=0.512190 (1984ms)
  step 1/295: loss=0.525746 (2012ms)
  step 2/295: loss=0.511794 (1992ms)
  step 100/295: loss=0.509733 (2018ms)
  step 200/295: loss=0.507981 (2009ms)
Epoch 53/80: loss=0.509266 lr=0.000274 (598790ms)
  step 0/295: loss=0.507334 (1989ms)
  step 1/295: loss=0.509127 (1959ms)
  step 2/295: loss=0.508335 (1973ms)
  step 100/295: loss=0.507364 (1988ms)
  step 200/295: loss=0.505126 (2012ms)
Epoch 54/80: loss=0.507999 lr=0.000256 (598384ms)
  step 0/295: loss=0.503839 (2037ms)
  step 1/295: loss=0.505749 (2001ms)
  step 2/295: loss=0.505266 (2001ms)
  step 100/295: loss=0.507723 (1977ms)
  step 200/295: loss=0.506836 (1994ms)
Epoch 55/80: loss=0.506901 lr=0.000238 (597717ms)
  step 0/295: loss=0.503374 (1996ms)
  step 1/295: loss=0.505960 (2014ms)
  step 2/295: loss=0.507092 (2012ms)
  step 100/295: loss=0.504780 (2015ms)
  step 200/295: loss=0.505391 (2021ms)
Epoch 56/80: loss=0.507112 lr=0.000221 (598058ms)
  step 0/295: loss=0.508709 (1996ms)
  step 1/295: loss=0.509282 (2001ms)
  step 2/295: loss=0.507894 (2000ms)
  step 100/295: loss=0.506299 (2033ms)
  step 200/295: loss=0.507032 (2021ms)
Epoch 57/80: loss=0.506982 lr=0.000204 (598485ms)
  step 0/295: loss=0.507020 (2005ms)
  step 1/295: loss=0.506065 (2004ms)
  step 2/295: loss=0.503951 (2009ms)
  step 100/295: loss=0.503197 (1983ms)
  step 200/295: loss=0.506620 (2010ms)
Epoch 58/80: loss=0.506424 lr=0.000188 (597136ms)
  step 0/295: loss=0.509356 (1998ms)
  step 1/295: loss=0.506091 (2007ms)
  step 2/295: loss=0.510132 (2012ms)
  step 100/295: loss=0.505322 (2026ms)
  step 200/295: loss=0.504184 (2022ms)
Epoch 59/80: loss=0.505432 lr=0.000173 (598941ms)
  step 0/295: loss=0.503655 (1975ms)
  step 1/295: loss=0.505650 (1986ms)
  step 2/295: loss=0.504055 (1963ms)
  step 100/295: loss=0.504921 (1984ms)
  step 200/295: loss=0.516203 (1994ms)
Epoch 60/80: loss=0.505205 lr=0.000157 (598104ms)
  checkpoint: wrote .lake/build/convnext_t_params_e60.bin + bn_stats_e60.bin
  val accuracy (running BN): 3330/3904 = 85.297131%
  step 0/295: loss=0.504588 (1981ms)
  step 1/295: loss=0.507018 (2007ms)
  step 2/295: loss=0.506124 (2030ms)
  step 100/295: loss=0.504221 (2007ms)
  step 200/295: loss=0.506016 (1981ms)
Epoch 61/80: loss=0.504588 lr=0.000143 (598066ms)
  step 0/295: loss=0.502549 (1992ms)
  step 1/295: loss=0.503560 (1975ms)
  step 2/295: loss=0.506145 (1973ms)
  step 100/295: loss=0.503476 (2011ms)
  step 200/295: loss=0.507231 (2000ms)
Epoch 62/80: loss=0.504376 lr=0.000129 (597620ms)
  step 0/295: loss=0.505225 (2001ms)
  step 1/295: loss=0.502622 (2001ms)
  step 2/295: loss=0.503402 (1989ms)
  step 100/295: loss=0.504209 (2008ms)
  step 200/295: loss=0.502824 (1980ms)
Epoch 63/80: loss=0.504293 lr=0.000116 (598728ms)
  step 0/295: loss=0.506368 (2022ms)
  step 1/295: loss=0.503378 (2001ms)
  step 2/295: loss=0.504520 (2011ms)
  step 100/295: loss=0.502255 (2015ms)
  step 200/295: loss=0.502941 (2009ms)
Epoch 64/80: loss=0.503785 lr=0.000103 (597723ms)
  step 0/295: loss=0.503652 (2020ms)
  step 1/295: loss=0.506832 (2020ms)
  step 2/295: loss=0.503374 (2009ms)
  step 100/295: loss=0.503539 (1997ms)
  step 200/295: loss=0.502169 (1999ms)
Epoch 65/80: loss=0.503696 lr=0.000091 (598284ms)
  step 0/295: loss=0.505649 (1999ms)
  step 1/295: loss=0.504272 (1970ms)
  step 2/295: loss=0.502763 (1988ms)
  step 100/295: loss=0.503658 (2001ms)
  step 200/295: loss=0.503297 (1971ms)
Epoch 66/80: loss=0.503537 lr=0.000079 (598810ms)
  step 0/295: loss=0.503983 (2001ms)
  step 1/295: loss=0.504272 (2019ms)
  step 2/295: loss=0.503067 (2010ms)
  step 100/295: loss=0.501829 (2046ms)
  step 200/295: loss=0.506119 (2001ms)
Epoch 67/80: loss=0.503371 lr=0.000069 (599099ms)
  step 0/295: loss=0.502776 (2024ms)
  step 1/295: loss=0.502594 (1994ms)
  step 2/295: loss=0.503466 (1997ms)
  step 100/295: loss=0.504506 (2010ms)
  step 200/295: loss=0.504866 (1985ms)
Epoch 68/80: loss=0.503153 lr=0.000059 (597510ms)
  step 0/295: loss=0.502058 (1975ms)
  step 1/295: loss=0.502841 (2018ms)
  step 2/295: loss=0.506442 (2022ms)
  step 100/295: loss=0.503314 (2020ms)
  step 200/295: loss=0.505239 (2013ms)
Epoch 69/80: loss=0.502889 lr=0.000050 (599240ms)
  step 0/295: loss=0.502556 (1983ms)
  step 1/295: loss=0.501978 (1997ms)
  step 2/295: loss=0.503887 (1994ms)
  step 100/295: loss=0.502104 (1976ms)
  step 200/295: loss=0.502339 (2007ms)
Epoch 70/80: loss=0.502787 lr=0.000041 (599580ms)
  checkpoint: wrote .lake/build/convnext_t_params_e70.bin + bn_stats_e70.bin
  val accuracy (running BN): 3345/3904 = 85.681352%
  step 0/295: loss=0.502867 (2010ms)
  step 1/295: loss=0.503637 (2006ms)
  step 2/295: loss=0.501785 (2005ms)
  step 100/295: loss=0.501918 (1956ms)
  step 200/295: loss=0.502318 (1997ms)
Epoch 71/80: loss=0.502775 lr=0.000033 (598126ms)
  step 0/295: loss=0.502467 (2016ms)
  step 1/295: loss=0.503077 (2018ms)
  step 2/295: loss=0.501764 (2036ms)
  step 100/295: loss=0.501415 (1996ms)
  step 200/295: loss=0.502565 (1993ms)
Epoch 72/80: loss=0.502605 lr=0.000026 (598743ms)
  step 0/295: loss=0.501481 (1988ms)
  step 1/295: loss=0.502381 (1991ms)
  step 2/295: loss=0.503544 (1996ms)
  step 100/295: loss=0.501909 (1986ms)
  step 200/295: loss=0.502604 (2025ms)
Epoch 73/80: loss=0.502542 lr=0.000020 (599671ms)
  step 0/295: loss=0.502615 (1990ms)
  step 1/295: loss=0.503354 (2008ms)
  step 2/295: loss=0.501720 (1987ms)
  step 100/295: loss=0.501638 (1998ms)
  step 200/295: loss=0.503904 (1980ms)
Epoch 74/80: loss=0.502530 lr=0.000015 (599695ms)
  step 0/295: loss=0.502703 (2015ms)
  step 1/295: loss=0.502838 (2015ms)
  step 2/295: loss=0.502261 (2011ms)
  step 100/295: loss=0.502143 (1993ms)
  step 200/295: loss=0.501671 (2010ms)
Epoch 75/80: loss=0.502383 lr=0.000010 (600119ms)
  step 0/295: loss=0.503384 (1993ms)
  step 1/295: loss=0.502090 (1990ms)
  step 2/295: loss=0.502944 (1998ms)
  step 100/295: loss=0.502643 (2021ms)
  step 200/295: loss=0.501632 (1986ms)
Epoch 76/80: loss=0.502328 lr=0.000007 (600133ms)
  step 0/295: loss=0.501870 (2017ms)
  step 1/295: loss=0.503837 (2019ms)
  step 2/295: loss=0.501996 (1999ms)
  step 100/295: loss=0.502417 (1951ms)
  step 200/295: loss=0.501482 (1998ms)
Epoch 77/80: loss=0.502378 lr=0.000004 (599162ms)
  step 0/295: loss=0.502682 (1975ms)
  step 1/295: loss=0.501651 (2012ms)
  step 2/295: loss=0.502695 (2005ms)
  step 100/295: loss=0.501864 (2002ms)
  step 200/295: loss=0.503269 (1973ms)
Epoch 78/80: loss=0.502320 lr=0.000002 (598701ms)
  step 0/295: loss=0.501247 (2019ms)
  step 1/295: loss=0.502446 (2020ms)
  step 2/295: loss=0.501936 (2018ms)
  step 100/295: loss=0.502588 (1997ms)
  step 200/295: loss=0.502150 (1986ms)
Epoch 79/80: loss=0.502320 lr=0.000000 (600008ms)
  step 0/295: loss=0.502380 (2009ms)
  step 1/295: loss=0.502153 (2006ms)
  step 2/295: loss=0.504282 (2018ms)
  step 100/295: loss=0.501687 (1992ms)
  step 200/295: loss=0.502290 (2002ms)
Epoch 80/80: loss=0.502423 lr=0.000000 (599467ms)
  checkpoint: wrote .lake/build/convnext_t_params_e80.bin + bn_stats_e80.bin
  val accuracy (running BN): 3352/3904 = 85.860656%
Saved params + BN stats.
