Randomized-smoothing certificate on CIFAR-CNN (verified codegen → IREE → GPU, forward-only)
  iree-compile verified_mlir/cifar_train_step.mlir
  iree-compile verified_mlir/cifar_fwd.mlir
  n0=128 (select)  n=10112 (estimate)  α=0.001000  certifying 200 test imgs (every 50th)
  p_A ceiling = 0.999317 (= α^(1/n))  →  max certifiable radius = σ · 3.201786

── σ = 0.250000  (radius ceiling at this n = 0.800447) ──
    epoch 1/12: clean acc = 41.085737%
    epoch 2/12: clean acc = 51.362179%
    epoch 3/12: clean acc = 53.956330%
    epoch 4/12: clean acc = 56.870994%
    epoch 5/12: clean acc = 59.435096%
    epoch 6/12: clean acc = 60.747196%
    epoch 7/12: clean acc = 59.024439%
    epoch 8/12: clean acc = 60.697115%
    epoch 9/12: clean acc = 60.546875%
    epoch 10/12: clean acc = 59.675481%
    epoch 11/12: clean acc = 56.800881%
    epoch 12/12: clean acc = 57.351763%
  noise-trained clean acc = 60.747196%
    certified 100/200 ...
    certified 200/200 ...
  smoothed natural acc = 53.500000%   abstain = 15.000000%   ACR = 0.270617
  certified-robust acc (L2): 0.250000→37.500000% / 0.500000→32.000000% / 0.750000→18.500000% / 1.000000→0.000000% / 1.250000→0.000000% / 1.500000→0.000000%

── σ = 0.500000  (radius ceiling at this n = 1.600893) ──
    epoch 1/12: clean acc = 21.043670%
    epoch 2/12: clean acc = 39.443109%
    epoch 3/12: clean acc = 40.715144%
    epoch 4/12: clean acc = 47.856571%
    epoch 5/12: clean acc = 51.292067%
    epoch 6/12: clean acc = 51.352163%
    epoch 7/12: clean acc = 53.415465%
    epoch 8/12: clean acc = 53.505609%
    epoch 9/12: clean acc = 53.846154%
    epoch 10/12: clean acc = 54.537260%
    epoch 11/12: clean acc = 54.106571%
    epoch 12/12: clean acc = 54.056490%
  noise-trained clean acc = 54.537260%
    certified 100/200 ...
    certified 200/200 ...
  smoothed natural acc = 55.000000%   abstain = 20.000000%   ACR = 0.402712
  certified-robust acc (L2): 0.250000→41.500000% / 0.500000→32.500000% / 0.750000→26.000000% / 1.000000→18.500000% / 1.250000→11.500000% / 1.500000→8.000000%

══ randomized smoothing (CIFAR-CNN): depth-independent certified L2 radius ══
  σ	clean%	nat%	abst%	cert@.5	cert@1.0	cert@1.5	ACR
  0.250000	60.747196	53.500000	15.000000	32.000000	0.000000	0.000000	0.270617
  0.500000	54.537260	55.000000	20.000000	32.500000	18.500000	8.000000	0.402712

done (randomized smoothing: forward-only Monte-Carlo cert via the proof-rendered fwd —
      architecture-agnostic + depth-independent, non-vacuous where ∏‖Wᵢ‖₂ is hopeless).
