=== launch vit-tiny-train on GPU 1 Mon Jun 15 03:15:00 AM UTC 2026 ===
ViT-Tiny: 5526346 params
Generating train step MLIR...
  764763 chars
Compiling vmfbs...
  forward (cached)
  eval forward (cached)
  train step (cached)
  session loaded
  train: 9469 images (196608 floats/image)
  5526346 params + m + v (63 MB)
training: 295 batches/epoch, batch=32, Adam, lr=0.000300, cosine warmup=5, label_smooth=0.100000, wd=0.000100
  BN layers: 0, BN stat floats: 0
  step 0/295: loss=3.351142 (473ms)
  step 1/295: loss=3.560058 (458ms)
  step 2/295: loss=3.353813 (452ms)
  step 100/295: loss=2.124132 (407ms)
  step 200/295: loss=2.116795 (425ms)
Epoch 1/80: loss=2.108320 lr=0.000060 (123737ms)
  step 0/295: loss=1.742025 (400ms)
  step 1/295: loss=1.680175 (398ms)
  step 2/295: loss=1.800208 (409ms)
  step 100/295: loss=1.767555 (397ms)
  step 200/295: loss=1.734868 (385ms)
Epoch 2/80: loss=1.758419 lr=0.000120 (124213ms)
  step 0/295: loss=1.768293 (416ms)
  step 1/295: loss=1.984606 (412ms)
  step 2/295: loss=1.713122 (417ms)
  step 100/295: loss=1.474383 (368ms)
  step 200/295: loss=1.608154 (411ms)
Epoch 3/80: loss=1.633937 lr=0.000180 (123760ms)
  step 0/295: loss=1.935885 (396ms)
  step 1/295: loss=1.654103 (405ms)
  step 2/295: loss=1.838563 (419ms)
  step 100/295: loss=1.500610 (428ms)
  step 200/295: loss=1.454980 (419ms)
Epoch 4/80: loss=1.568652 lr=0.000240 (124067ms)
  step 0/295: loss=1.282787 (407ms)
  step 1/295: loss=1.722303 (387ms)
  step 2/295: loss=1.473279 (392ms)
  step 100/295: loss=1.541463 (407ms)
  step 200/295: loss=1.541571 (383ms)
Epoch 5/80: loss=1.523450 lr=0.000300 (124266ms)
  step 0/295: loss=1.611229 (414ms)
  step 1/295: loss=1.229127 (417ms)
  step 2/295: loss=1.393626 (399ms)
  step 100/295: loss=1.463143 (413ms)
  step 200/295: loss=1.945531 (413ms)
Epoch 6/80: loss=1.456765 lr=0.000300 (123679ms)
  step 0/295: loss=1.267315 (416ms)
  step 1/295: loss=1.635038 (410ms)
  step 2/295: loss=1.445362 (419ms)
  step 100/295: loss=1.250235 (408ms)
  step 200/295: loss=1.575081 (403ms)
Epoch 7/80: loss=1.418446 lr=0.000299 (123316ms)
  step 0/295: loss=1.302647 (413ms)
  step 1/295: loss=1.483523 (421ms)
  step 2/295: loss=1.541706 (419ms)
  step 100/295: loss=1.532403 (407ms)
  step 200/295: loss=1.225557 (412ms)
Epoch 8/80: loss=1.391675 lr=0.000299 (123474ms)
  step 0/295: loss=1.384112 (418ms)
  step 1/295: loss=1.313573 (417ms)
  step 2/295: loss=1.416371 (403ms)
  step 100/295: loss=1.279206 (400ms)
  step 200/295: loss=1.303802 (408ms)
Epoch 9/80: loss=1.354556 lr=0.000298 (123697ms)
  step 0/295: loss=1.154993 (400ms)
  step 1/295: loss=1.432953 (395ms)
  step 2/295: loss=1.323585 (395ms)
  step 100/295: loss=1.488024 (401ms)
  step 200/295: loss=1.351495 (403ms)
Epoch 10/80: loss=1.328014 lr=0.000297 (123125ms)
  checkpoint: wrote .lake/build/vit_tiny_params_e10.bin + bn_stats_e10.bin
  val accuracy (running BN): 2325/3904 = 59.554303%
  step 0/295: loss=1.379578 (400ms)
  step 1/295: loss=0.948388 (397ms)
  step 2/295: loss=1.220769 (410ms)
  step 100/295: loss=1.625589 (419ms)
  step 200/295: loss=1.198247 (401ms)
Epoch 11/80: loss=1.294490 lr=0.000295 (124030ms)
  step 0/295: loss=1.161559 (386ms)
  step 1/295: loss=1.422807 (396ms)
  step 2/295: loss=1.216569 (388ms)
  step 100/295: loss=1.300560 (398ms)
  step 200/295: loss=1.114424 (407ms)
Epoch 12/80: loss=1.274749 lr=0.000294 (123425ms)
  step 0/295: loss=1.728929 (404ms)
  step 1/295: loss=1.149227 (411ms)
  step 2/295: loss=1.283858 (409ms)
  step 100/295: loss=1.224750 (420ms)
  step 200/295: loss=1.419512 (401ms)
Epoch 13/80: loss=1.255969 lr=0.000292 (123628ms)
  step 0/295: loss=1.072463 (405ms)
  step 1/295: loss=1.268616 (409ms)
  step 2/295: loss=1.052328 (413ms)
  step 100/295: loss=1.424354 (404ms)
  step 200/295: loss=1.391872 (386ms)
Epoch 14/80: loss=1.238957 lr=0.000289 (123583ms)
  step 0/295: loss=1.214932 (432ms)
  step 1/295: loss=1.340894 (415ms)
  step 2/295: loss=1.028108 (407ms)
  step 100/295: loss=1.221509 (401ms)
  step 200/295: loss=1.253791 (389ms)
Epoch 15/80: loss=1.224507 lr=0.000287 (123309ms)
  step 0/295: loss=1.363304 (395ms)
  step 1/295: loss=1.026068 (409ms)
  step 2/295: loss=1.204949 (412ms)
  step 100/295: loss=1.300823 (425ms)
  step 200/295: loss=1.082150 (414ms)
Epoch 16/80: loss=1.201864 lr=0.000284 (123963ms)
  step 0/295: loss=0.978732 (393ms)
  step 1/295: loss=1.341815 (408ms)
  step 2/295: loss=0.984706 (406ms)
  step 100/295: loss=1.004410 (390ms)
  step 200/295: loss=1.239894 (408ms)
Epoch 17/80: loss=1.181525 lr=0.000281 (124394ms)
  step 0/295: loss=1.071834 (414ms)
  step 1/295: loss=1.044732 (431ms)
  step 2/295: loss=1.117226 (426ms)
  step 100/295: loss=1.205681 (406ms)
  step 200/295: loss=0.846377 (392ms)
Epoch 18/80: loss=1.172017 lr=0.000278 (123861ms)
  step 0/295: loss=1.073065 (443ms)
  step 1/295: loss=1.060390 (401ms)
  step 2/295: loss=1.147713 (398ms)
  step 100/295: loss=1.131289 (408ms)
  step 200/295: loss=1.267915 (397ms)
Epoch 19/80: loss=1.135203 lr=0.000275 (123621ms)
  step 0/295: loss=1.092422 (412ms)
  step 1/295: loss=1.265764 (411ms)
  step 2/295: loss=1.274551 (408ms)
  step 100/295: loss=1.224694 (395ms)
  step 200/295: loss=1.274803 (401ms)
Epoch 20/80: loss=1.126649 lr=0.000271 (123442ms)
  checkpoint: wrote .lake/build/vit_tiny_params_e20.bin + bn_stats_e20.bin
  val accuracy (running BN): 2585/3904 = 66.214139%
  step 0/295: loss=1.170501 (406ms)
  step 1/295: loss=0.938741 (388ms)
  step 2/295: loss=1.010121 (422ms)
  step 100/295: loss=1.088855 (404ms)
  step 200/295: loss=1.198037 (411ms)
Epoch 21/80: loss=1.108126 lr=0.000268 (123892ms)
  step 0/295: loss=1.183855 (405ms)
  step 1/295: loss=1.150107 (412ms)
  step 2/295: loss=0.985158 (406ms)
  step 100/295: loss=1.272891 (384ms)
  step 200/295: loss=1.079271 (411ms)
Epoch 22/80: loss=1.100861 lr=0.000264 (123954ms)
  step 0/295: loss=1.084149 (425ms)
  step 1/295: loss=1.152111 (419ms)
  step 2/295: loss=0.881465 (399ms)
  step 100/295: loss=0.988630 (429ms)
  step 200/295: loss=1.131938 (398ms)
Epoch 23/80: loss=1.074090 lr=0.000259 (123914ms)
  step 0/295: loss=1.396087 (388ms)
  step 1/295: loss=1.329148 (416ms)
  step 2/295: loss=1.005504 (432ms)
  step 100/295: loss=1.123511 (405ms)
  step 200/295: loss=1.260541 (407ms)
Epoch 24/80: loss=1.052766 lr=0.000255 (123912ms)
  step 0/295: loss=0.880298 (405ms)
  step 1/295: loss=1.071884 (414ms)
  step 2/295: loss=0.822086 (393ms)
  step 100/295: loss=1.100115 (405ms)
  step 200/295: loss=0.992518 (429ms)
Epoch 25/80: loss=1.030960 lr=0.000250 (124147ms)
  step 0/295: loss=0.972571 (423ms)
  step 1/295: loss=0.885012 (435ms)
  step 2/295: loss=0.932735 (434ms)
  step 100/295: loss=1.040800 (400ms)
  step 200/295: loss=1.123705 (398ms)
Epoch 26/80: loss=1.012805 lr=0.000246 (123692ms)
  step 0/295: loss=0.989028 (380ms)
  step 1/295: loss=0.927313 (404ms)
  step 2/295: loss=0.968740 (413ms)
  step 100/295: loss=0.789840 (411ms)
  step 200/295: loss=0.955566 (425ms)
Epoch 27/80: loss=0.997505 lr=0.000241 (123664ms)
  step 0/295: loss=0.984372 (408ms)
  step 1/295: loss=1.005427 (408ms)
  step 2/295: loss=1.003709 (406ms)
  step 100/295: loss=1.373597 (416ms)
  step 200/295: loss=1.170210 (387ms)
Epoch 28/80: loss=0.984565 lr=0.000236 (124354ms)
  step 0/295: loss=0.832594 (409ms)
  step 1/295: loss=0.936897 (409ms)
  step 2/295: loss=0.868808 (415ms)
  step 100/295: loss=0.899804 (405ms)
  step 200/295: loss=0.825733 (415ms)
Epoch 29/80: loss=0.956587 lr=0.000230 (124362ms)
  step 0/295: loss=1.018066 (412ms)
  step 1/295: loss=0.957762 (400ms)
  step 2/295: loss=0.908379 (388ms)
  step 100/295: loss=0.883411 (397ms)
  step 200/295: loss=0.913678 (419ms)
Epoch 30/80: loss=0.943919 lr=0.000225 (123622ms)
  checkpoint: wrote .lake/build/vit_tiny_params_e30.bin + bn_stats_e30.bin
  val accuracy (running BN): 2675/3904 = 68.519467%
  step 0/295: loss=0.934049 (423ms)
  step 1/295: loss=0.793767 (429ms)
  step 2/295: loss=0.936660 (411ms)
  step 100/295: loss=0.739542 (416ms)
  step 200/295: loss=1.067040 (419ms)
Epoch 31/80: loss=0.909787 lr=0.000219 (124329ms)
  step 0/295: loss=0.909335 (406ms)
  step 1/295: loss=0.956535 (407ms)
  step 2/295: loss=0.853522 (414ms)
  step 100/295: loss=0.775551 (399ms)
  step 200/295: loss=1.039328 (391ms)
Epoch 32/80: loss=0.900583 lr=0.000214 (123799ms)
  step 0/295: loss=0.797499 (409ms)
  step 1/295: loss=0.694009 (416ms)
  step 2/295: loss=0.960886 (402ms)
  step 100/295: loss=1.025596 (405ms)
  step 200/295: loss=1.078949 (443ms)
Epoch 33/80: loss=0.870671 lr=0.000208 (123840ms)
  step 0/295: loss=0.792116 (409ms)
  step 1/295: loss=0.904819 (412ms)
  step 2/295: loss=0.752530 (413ms)
  step 100/295: loss=0.806578 (413ms)
  step 200/295: loss=0.737778 (402ms)
Epoch 34/80: loss=0.855481 lr=0.000202 (124284ms)
  step 0/295: loss=0.829882 (400ms)
  step 1/295: loss=0.856686 (396ms)
  step 2/295: loss=0.813844 (391ms)
  step 100/295: loss=0.927008 (431ms)
  step 200/295: loss=0.694049 (400ms)
Epoch 35/80: loss=0.829478 lr=0.000196 (124305ms)
  step 0/295: loss=0.900024 (393ms)
  step 1/295: loss=0.683199 (401ms)
  step 2/295: loss=0.714856 (409ms)
  step 100/295: loss=0.762810 (417ms)
  step 200/295: loss=0.931440 (412ms)
Epoch 36/80: loss=0.819781 lr=0.000190 (123722ms)
  step 0/295: loss=0.803957 (435ms)
  step 1/295: loss=0.696097 (418ms)
  step 2/295: loss=0.693803 (396ms)
  step 100/295: loss=0.804244 (382ms)
  step 200/295: loss=1.125943 (404ms)
Epoch 37/80: loss=0.802305 lr=0.000184 (123913ms)
  step 0/295: loss=0.736614 (405ms)
  step 1/295: loss=0.773320 (397ms)
  step 2/295: loss=0.636234 (397ms)
  step 100/295: loss=0.722741 (409ms)
  step 200/295: loss=0.763539 (410ms)
Epoch 38/80: loss=0.770938 lr=0.000178 (124269ms)
  step 0/295: loss=0.613257 (422ms)
  step 1/295: loss=0.777237 (415ms)
  step 2/295: loss=0.654784 (412ms)
  step 100/295: loss=0.755482 (416ms)
  step 200/295: loss=0.829413 (388ms)
Epoch 39/80: loss=0.756309 lr=0.000172 (123933ms)
  step 0/295: loss=0.724490 (407ms)
  step 1/295: loss=0.631891 (421ms)
  step 2/295: loss=0.597011 (431ms)
  step 100/295: loss=0.730506 (397ms)
  step 200/295: loss=0.637271 (436ms)
Epoch 40/80: loss=0.733448 lr=0.000166 (123758ms)
  checkpoint: wrote .lake/build/vit_tiny_params_e40.bin + bn_stats_e40.bin
  val accuracy (running BN): 2654/3904 = 67.981557%
  step 0/295: loss=0.721890 (407ms)
  step 1/295: loss=0.629045 (428ms)
  step 2/295: loss=0.659778 (420ms)
  step 100/295: loss=0.674935 (387ms)
  step 200/295: loss=0.690781 (416ms)
Epoch 41/80: loss=0.728343 lr=0.000159 (123759ms)
  step 0/295: loss=0.700672 (415ms)
  step 1/295: loss=0.747180 (412ms)
  step 2/295: loss=0.836290 (407ms)
  step 100/295: loss=0.678303 (396ms)
  step 200/295: loss=0.611324 (412ms)
Epoch 42/80: loss=0.712370 lr=0.000153 (124127ms)
  step 0/295: loss=0.790458 (420ms)
  step 1/295: loss=0.637583 (423ms)
  step 2/295: loss=0.744128 (425ms)
  step 100/295: loss=0.561489 (406ms)
  step 200/295: loss=0.725785 (396ms)
Epoch 43/80: loss=0.698727 lr=0.000147 (124312ms)
  step 0/295: loss=0.674520 (408ms)
  step 1/295: loss=0.582546 (417ms)
  step 2/295: loss=0.594024 (397ms)
  step 100/295: loss=0.744278 (399ms)
  step 200/295: loss=0.735735 (396ms)
Epoch 44/80: loss=0.674397 lr=0.000141 (124237ms)
  step 0/295: loss=0.603426 (393ms)
  step 1/295: loss=0.579674 (393ms)
  step 2/295: loss=0.637006 (387ms)
  step 100/295: loss=0.693829 (395ms)
  step 200/295: loss=0.651671 (413ms)
Epoch 45/80: loss=0.670313 lr=0.000134 (123565ms)
  step 0/295: loss=0.612495 (399ms)
  step 1/295: loss=0.758362 (402ms)
  step 2/295: loss=0.594904 (422ms)
  step 100/295: loss=0.604251 (429ms)
  step 200/295: loss=0.608983 (394ms)
Epoch 46/80: loss=0.644643 lr=0.000128 (124162ms)
  step 0/295: loss=0.549984 (434ms)
  step 1/295: loss=0.637092 (401ms)
  step 2/295: loss=0.840917 (392ms)
  step 100/295: loss=0.598944 (389ms)
  step 200/295: loss=0.605063 (403ms)
Epoch 47/80: loss=0.647737 lr=0.000122 (123624ms)
  step 0/295: loss=0.636396 (405ms)
  step 1/295: loss=0.613225 (405ms)
  step 2/295: loss=0.559037 (401ms)
  step 100/295: loss=0.649700 (425ms)
  step 200/295: loss=0.614101 (395ms)
Epoch 48/80: loss=0.634659 lr=0.000116 (123401ms)
  step 0/295: loss=0.579176 (424ms)
  step 1/295: loss=0.558364 (433ms)
  step 2/295: loss=0.606504 (411ms)
  step 100/295: loss=0.605083 (369ms)
  step 200/295: loss=0.621747 (415ms)
Epoch 49/80: loss=0.624932 lr=0.000110 (123975ms)
  step 0/295: loss=0.564235 (410ms)
  step 1/295: loss=0.575956 (426ms)
  step 2/295: loss=0.612672 (395ms)
  step 100/295: loss=0.594289 (407ms)
  step 200/295: loss=0.590943 (404ms)
Epoch 50/80: loss=0.610932 lr=0.000104 (124275ms)
  checkpoint: wrote .lake/build/vit_tiny_params_e50.bin + bn_stats_e50.bin
  val accuracy (running BN): 2695/3904 = 69.031762%
  step 0/295: loss=0.605937 (400ms)
  step 1/295: loss=0.561045 (408ms)
  step 2/295: loss=0.616194 (400ms)
  step 100/295: loss=0.551804 (386ms)
  step 200/295: loss=0.623754 (399ms)
Epoch 51/80: loss=0.602141 lr=0.000098 (123476ms)
  step 0/295: loss=0.658626 (404ms)
  step 1/295: loss=0.691068 (414ms)
  step 2/295: loss=0.623881 (421ms)
  step 100/295: loss=0.529669 (425ms)
  step 200/295: loss=0.604600 (377ms)
Epoch 52/80: loss=0.593000 lr=0.000092 (124007ms)
  step 0/295: loss=0.644761 (433ms)
  step 1/295: loss=0.546746 (417ms)
  step 2/295: loss=0.565073 (408ms)
  step 100/295: loss=0.556886 (401ms)
  step 200/295: loss=0.598917 (408ms)
Epoch 53/80: loss=0.584804 lr=0.000086 (123878ms)
  step 0/295: loss=0.548532 (414ms)
  step 1/295: loss=0.636123 (416ms)
  step 2/295: loss=0.604540 (403ms)
  step 100/295: loss=0.564712 (394ms)
  step 200/295: loss=0.558674 (440ms)
Epoch 54/80: loss=0.578645 lr=0.000081 (123894ms)
  step 0/295: loss=0.550331 (418ms)
  step 1/295: loss=0.539833 (402ms)
  step 2/295: loss=0.562223 (413ms)
  step 100/295: loss=0.567508 (414ms)
  step 200/295: loss=0.537951 (401ms)
Epoch 55/80: loss=0.574074 lr=0.000075 (123979ms)
  step 0/295: loss=0.686001 (388ms)
  step 1/295: loss=0.573371 (383ms)
  step 2/295: loss=0.563470 (407ms)
  step 100/295: loss=0.563573 (423ms)
  step 200/295: loss=0.566404 (394ms)
Epoch 56/80: loss=0.571192 lr=0.000070 (123822ms)
  step 0/295: loss=0.537388 (406ms)
  step 1/295: loss=0.612008 (411ms)
  step 2/295: loss=0.641172 (405ms)
  step 100/295: loss=0.657373 (399ms)
  step 200/295: loss=0.589916 (407ms)
Epoch 57/80: loss=0.563963 lr=0.000064 (123405ms)
  step 0/295: loss=0.568446 (388ms)
  step 1/295: loss=0.540066 (402ms)
  step 2/295: loss=0.543945 (402ms)
  step 100/295: loss=0.566717 (411ms)
  step 200/295: loss=0.570551 (396ms)
Epoch 58/80: loss=0.557723 lr=0.000059 (123877ms)
  step 0/295: loss=0.536213 (399ms)
  step 1/295: loss=0.543162 (428ms)
  step 2/295: loss=0.548066 (397ms)
  step 100/295: loss=0.540925 (411ms)
  step 200/295: loss=0.548691 (426ms)
Epoch 59/80: loss=0.552276 lr=0.000054 (123879ms)
  step 0/295: loss=0.528394 (405ms)
  step 1/295: loss=0.578336 (424ms)
  step 2/295: loss=0.575904 (408ms)
  step 100/295: loss=0.547879 (420ms)
  step 200/295: loss=0.575114 (405ms)
Epoch 60/80: loss=0.549374 lr=0.000050 (123644ms)
  checkpoint: wrote .lake/build/vit_tiny_params_e60.bin + bn_stats_e60.bin
  val accuracy (running BN): 2707/3904 = 69.339139%
  step 0/295: loss=0.522547 (409ms)
  step 1/295: loss=0.548156 (386ms)
  step 2/295: loss=0.524886 (402ms)
  step 100/295: loss=0.520025 (375ms)
  step 200/295: loss=0.525221 (391ms)
Epoch 61/80: loss=0.545712 lr=0.000045 (123803ms)
  step 0/295: loss=0.535045 (395ms)
  step 1/295: loss=0.569880 (397ms)
  step 2/295: loss=0.525567 (420ms)
  step 100/295: loss=0.577107 (416ms)
  step 200/295: loss=0.532343 (407ms)
Epoch 62/80: loss=0.544253 lr=0.000041 (123779ms)
  step 0/295: loss=0.581085 (419ms)
  step 1/295: loss=0.517695 (442ms)
  step 2/295: loss=0.535606 (404ms)
  step 100/295: loss=0.565259 (402ms)
  step 200/295: loss=0.542613 (412ms)
Epoch 63/80: loss=0.542390 lr=0.000036 (123969ms)
  step 0/295: loss=0.520462 (433ms)
  step 1/295: loss=0.530604 (428ms)
  step 2/295: loss=0.520155 (406ms)
  step 100/295: loss=0.522253 (412ms)
  step 200/295: loss=0.520336 (419ms)
Epoch 64/80: loss=0.536653 lr=0.000032 (123810ms)
  step 0/295: loss=0.516183 (412ms)
  step 1/295: loss=0.532407 (413ms)
  step 2/295: loss=0.531766 (415ms)
  step 100/295: loss=0.531852 (402ms)
  step 200/295: loss=0.540393 (406ms)
Epoch 65/80: loss=0.536052 lr=0.000029 (123808ms)
  step 0/295: loss=0.521680 (419ms)
  step 1/295: loss=0.530083 (418ms)
  step 2/295: loss=0.523875 (417ms)
  step 100/295: loss=0.546627 (379ms)
  step 200/295: loss=0.519685 (401ms)
Epoch 66/80: loss=0.535281 lr=0.000025 (123758ms)
  step 0/295: loss=0.528965 (435ms)
  step 1/295: loss=0.544567 (407ms)
  step 2/295: loss=0.545206 (402ms)
  step 100/295: loss=0.518516 (399ms)
  step 200/295: loss=0.529608 (408ms)
Epoch 67/80: loss=0.530917 lr=0.000022 (123431ms)
  step 0/295: loss=0.541756 (399ms)
  step 1/295: loss=0.521770 (413ms)
  step 2/295: loss=0.524676 (393ms)
  step 100/295: loss=0.513335 (411ms)
  step 200/295: loss=0.531634 (406ms)
Epoch 68/80: loss=0.529233 lr=0.000019 (123720ms)
  step 0/295: loss=0.547355 (396ms)
  step 1/295: loss=0.526337 (416ms)
  step 2/295: loss=0.519091 (408ms)
  step 100/295: loss=0.545598 (413ms)
  step 200/295: loss=0.522155 (427ms)
Epoch 69/80: loss=0.530003 lr=0.000016 (124510ms)
  step 0/295: loss=0.517233 (399ms)
  step 1/295: loss=0.517233 (409ms)
  step 2/295: loss=0.521221 (391ms)
  step 100/295: loss=0.539454 (401ms)
  step 200/295: loss=0.514232 (413ms)
Epoch 70/80: loss=0.528314 lr=0.000013 (124152ms)
  checkpoint: wrote .lake/build/vit_tiny_params_e70.bin + bn_stats_e70.bin
  val accuracy (running BN): 2754/3904 = 70.543033%
  step 0/295: loss=0.513148 (423ms)
  step 1/295: loss=0.522289 (396ms)
  step 2/295: loss=0.520129 (401ms)
  step 100/295: loss=0.526267 (414ms)
  step 200/295: loss=0.513263 (405ms)
Epoch 71/80: loss=0.525964 lr=0.000011 (123752ms)
  step 0/295: loss=0.515467 (386ms)
  step 1/295: loss=0.518288 (410ms)
  step 2/295: loss=0.538978 (406ms)
  step 100/295: loss=0.527883 (438ms)
  step 200/295: loss=0.516109 (414ms)
Epoch 72/80: loss=0.524884 lr=0.000008 (123998ms)
  step 0/295: loss=0.533212 (382ms)
  step 1/295: loss=0.518502 (394ms)
  step 2/295: loss=0.521236 (395ms)
  step 100/295: loss=0.510427 (393ms)
  step 200/295: loss=0.530735 (412ms)
Epoch 73/80: loss=0.525341 lr=0.000006 (123803ms)
  step 0/295: loss=0.512983 (411ms)
  step 1/295: loss=0.514172 (415ms)
  step 2/295: loss=0.513712 (425ms)
  step 100/295: loss=0.542850 (409ms)
  step 200/295: loss=0.517383 (385ms)
Epoch 74/80: loss=0.525084 lr=0.000005 (123818ms)
  step 0/295: loss=0.522096 (414ms)
  step 1/295: loss=0.582567 (399ms)
  step 2/295: loss=0.516259 (387ms)
  step 100/295: loss=0.534360 (375ms)
  step 200/295: loss=0.522505 (405ms)
Epoch 75/80: loss=0.524975 lr=0.000003 (123690ms)
  step 0/295: loss=0.512047 (404ms)
  step 1/295: loss=0.515216 (414ms)
  step 2/295: loss=0.520667 (393ms)
  step 100/295: loss=0.515117 (425ms)
  step 200/295: loss=0.508987 (401ms)
Epoch 76/80: loss=0.522702 lr=0.000002 (123880ms)
  step 0/295: loss=0.514655 (413ms)
  step 1/295: loss=0.533230 (418ms)
  step 2/295: loss=0.524294 (405ms)
  step 100/295: loss=0.530861 (421ms)
  step 200/295: loss=0.513692 (410ms)
Epoch 77/80: loss=0.523314 lr=0.000001 (124094ms)
  step 0/295: loss=0.563258 (396ms)
  step 1/295: loss=0.523878 (411ms)
  step 2/295: loss=0.527586 (434ms)
  step 100/295: loss=0.520579 (405ms)
  step 200/295: loss=0.526091 (420ms)
Epoch 78/80: loss=0.522073 lr=0.000001 (123654ms)
  step 0/295: loss=0.509440 (422ms)
  step 1/295: loss=0.517588 (413ms)
  step 2/295: loss=0.511633 (401ms)
  step 100/295: loss=0.536397 (416ms)
  step 200/295: loss=0.516479 (401ms)
Epoch 79/80: loss=0.523272 lr=0.000000 (123664ms)
  step 0/295: loss=0.514561 (425ms)
  step 1/295: loss=0.514815 (421ms)
  step 2/295: loss=0.515891 (419ms)
  step 100/295: loss=0.538278 (427ms)
  step 200/295: loss=0.514681 (386ms)
Epoch 80/80: loss=0.522670 lr=0.000000 (123838ms)
  checkpoint: wrote .lake/build/vit_tiny_params_e80.bin + bn_stats_e80.bin
  val accuracy (running BN): 2737/3904 = 70.107582%
Saved params + BN stats.
