DDPM UNet T-cond base80 centered (CIFAR 32x32x3): 2943923 params (epochs=50)
Generating train step MLIR...
  182192 chars
Compiling vmfb...
  train step compiled
Loading CIFAR-10...
  train: 50000 images (centered to [-1, 1])
  2943923 params, 33 MB
  session loaded
training: 1562 batches/epoch, batch=32, lr=0.000500
  step 0/1562: loss=1.885713 (236ms)
  step 1/1562: loss=1.884413 (219ms)
  step 2/1562: loss=1.301714 (224ms)
  step 200/1562: loss=0.146978 (221ms)
  step 400/1562: loss=0.116497 (224ms)
  step 600/1562: loss=0.089207 (229ms)
  step 800/1562: loss=0.090354 (223ms)
  step 1000/1562: loss=0.079023 (228ms)
  step 1200/1562: loss=0.102845 (227ms)
  step 1400/1562: loss=0.091131 (225ms)
Epoch 1/50: avg loss=0.121329 (366977ms)
  step 0/1562: loss=0.061652 (229ms)
  step 1/1562: loss=0.082415 (225ms)
  step 2/1562: loss=0.118741 (218ms)
  step 200/1562: loss=0.050671 (222ms)
  step 400/1562: loss=0.105366 (229ms)
  step 600/1562: loss=0.056371 (232ms)
  step 800/1562: loss=0.095693 (221ms)
  step 1000/1562: loss=0.044605 (227ms)
  step 1200/1562: loss=0.063146 (236ms)
  step 1400/1562: loss=0.081268 (229ms)
Epoch 2/50: avg loss=0.083480 (366520ms)
  step 0/1562: loss=0.074119 (217ms)
  step 1/1562: loss=0.099283 (221ms)
  step 2/1562: loss=0.072060 (231ms)
  step 200/1562: loss=0.092665 (218ms)
  step 400/1562: loss=0.117831 (225ms)
  step 600/1562: loss=0.059599 (218ms)
  step 800/1562: loss=0.043642 (225ms)
  step 1000/1562: loss=0.068982 (219ms)
  step 1200/1562: loss=0.092562 (220ms)
  step 1400/1562: loss=0.059933 (217ms)
Epoch 3/50: avg loss=0.077561 (365752ms)
  step 0/1562: loss=0.068960 (224ms)
  step 1/1562: loss=0.074269 (221ms)
  step 2/1562: loss=0.119401 (216ms)
  step 200/1562: loss=0.047984 (222ms)
  step 400/1562: loss=0.065351 (226ms)
  step 600/1562: loss=0.074259 (227ms)
  step 800/1562: loss=0.105785 (216ms)
  step 1000/1562: loss=0.049628 (216ms)
  step 1200/1562: loss=0.052317 (225ms)
  step 1400/1562: loss=0.052856 (217ms)
Epoch 4/50: avg loss=0.073096 (364484ms)
  step 0/1562: loss=0.045317 (217ms)
  step 1/1562: loss=0.071041 (221ms)
  step 2/1562: loss=0.089499 (223ms)
  step 200/1562: loss=0.067483 (224ms)
  step 400/1562: loss=0.057467 (216ms)
  step 600/1562: loss=0.061285 (212ms)
  step 800/1562: loss=0.076194 (218ms)
  step 1000/1562: loss=0.072925 (219ms)
  step 1200/1562: loss=0.075473 (225ms)
  step 1400/1562: loss=0.102177 (210ms)
Epoch 5/50: avg loss=0.072130 (364216ms)
  step 0/1562: loss=0.102603 (225ms)
  step 1/1562: loss=0.083432 (220ms)
  step 2/1562: loss=0.082184 (220ms)
  step 200/1562: loss=0.069869 (226ms)
  step 400/1562: loss=0.084602 (229ms)
  step 600/1562: loss=0.088481 (226ms)
  step 800/1562: loss=0.053561 (224ms)
  step 1000/1562: loss=0.046901 (219ms)
  step 1200/1562: loss=0.064851 (227ms)
  step 1400/1562: loss=0.076447 (218ms)
Epoch 6/50: avg loss=0.070562 (364822ms)
  step 0/1562: loss=0.096732 (220ms)
  step 1/1562: loss=0.054434 (226ms)
  step 2/1562: loss=0.046998 (221ms)
  step 200/1562: loss=0.082324 (225ms)
  step 400/1562: loss=0.053006 (223ms)
  step 600/1562: loss=0.083635 (225ms)
  step 800/1562: loss=0.096984 (218ms)
  step 1000/1562: loss=0.064634 (220ms)
  step 1200/1562: loss=0.076856 (225ms)
  step 1400/1562: loss=0.063285 (228ms)
Epoch 7/50: avg loss=0.070025 (364380ms)
  step 0/1562: loss=0.069203 (218ms)
  step 1/1562: loss=0.048677 (226ms)
  step 2/1562: loss=0.095350 (225ms)
  step 200/1562: loss=0.074558 (222ms)
  step 400/1562: loss=0.052241 (229ms)
  step 600/1562: loss=0.067374 (218ms)
  step 800/1562: loss=0.054285 (216ms)
  step 1000/1562: loss=0.066695 (216ms)
  step 1200/1562: loss=0.062669 (228ms)
  step 1400/1562: loss=0.049676 (225ms)
Epoch 8/50: avg loss=0.068492 (364410ms)
  step 0/1562: loss=0.082761 (218ms)
  step 1/1562: loss=0.071195 (220ms)
  step 2/1562: loss=0.063272 (223ms)
  step 200/1562: loss=0.055061 (222ms)
  step 400/1562: loss=0.074536 (228ms)
  step 600/1562: loss=0.053893 (219ms)
  step 800/1562: loss=0.070904 (219ms)
  step 1000/1562: loss=0.067545 (227ms)
  step 1200/1562: loss=0.067633 (226ms)
  step 1400/1562: loss=0.064818 (219ms)
Epoch 9/50: avg loss=0.067902 (364244ms)
  step 0/1562: loss=0.050502 (216ms)
  step 1/1562: loss=0.066638 (226ms)
  step 2/1562: loss=0.085927 (224ms)
  step 200/1562: loss=0.055642 (228ms)
  step 400/1562: loss=0.049758 (225ms)
  step 600/1562: loss=0.061127 (221ms)
  step 800/1562: loss=0.058506 (224ms)
  step 1000/1562: loss=0.056419 (225ms)
  step 1200/1562: loss=0.075872 (222ms)
  step 1400/1562: loss=0.050782 (219ms)
Epoch 10/50: avg loss=0.067023 (364731ms)
  step 0/1562: loss=0.071091 (217ms)
  step 1/1562: loss=0.099853 (216ms)
  step 2/1562: loss=0.040237 (218ms)
  step 200/1562: loss=0.080630 (224ms)
  step 400/1562: loss=0.054062 (225ms)
  step 600/1562: loss=0.044670 (224ms)
  step 800/1562: loss=0.034574 (222ms)
  step 1000/1562: loss=0.058379 (217ms)
  step 1200/1562: loss=0.044391 (233ms)
  step 1400/1562: loss=0.100529 (220ms)
Epoch 11/50: avg loss=0.067138 (364279ms)
  step 0/1562: loss=0.062878 (218ms)
  step 1/1562: loss=0.064838 (228ms)
  step 2/1562: loss=0.075004 (224ms)
  step 200/1562: loss=0.057242 (222ms)
  step 400/1562: loss=0.079030 (221ms)
  step 600/1562: loss=0.072177 (230ms)
  step 800/1562: loss=0.091385 (217ms)
  step 1000/1562: loss=0.070621 (222ms)
  step 1200/1562: loss=0.045049 (213ms)
  step 1400/1562: loss=0.062355 (230ms)
Epoch 12/50: avg loss=0.066420 (364737ms)
  step 0/1562: loss=0.088337 (213ms)
  step 1/1562: loss=0.095624 (228ms)
  step 2/1562: loss=0.071191 (226ms)
  step 200/1562: loss=0.082276 (220ms)
  step 400/1562: loss=0.057419 (231ms)
  step 600/1562: loss=0.051612 (221ms)
  step 800/1562: loss=0.052831 (226ms)
  step 1000/1562: loss=0.051068 (220ms)
  step 1200/1562: loss=0.101575 (228ms)
  step 1400/1562: loss=0.057725 (221ms)
Epoch 13/50: avg loss=0.065916 (367564ms)
  step 0/1562: loss=0.070841 (229ms)
  step 1/1562: loss=0.062741 (229ms)
  step 2/1562: loss=0.050941 (239ms)
  step 200/1562: loss=0.074653 (228ms)
  step 400/1562: loss=0.046350 (228ms)
  step 600/1562: loss=0.073078 (228ms)
  step 800/1562: loss=0.082031 (223ms)
  step 1000/1562: loss=0.034387 (214ms)
  step 1200/1562: loss=0.058230 (220ms)
  step 1400/1562: loss=0.051328 (218ms)
Epoch 14/50: avg loss=0.065763 (365781ms)
  step 0/1562: loss=0.055397 (222ms)
  step 1/1562: loss=0.087964 (212ms)
  step 2/1562: loss=0.054550 (222ms)
  step 200/1562: loss=0.092409 (229ms)
  step 400/1562: loss=0.047749 (223ms)
  step 600/1562: loss=0.057281 (223ms)
  step 800/1562: loss=0.061990 (232ms)
  step 1000/1562: loss=0.107449 (230ms)
  step 1200/1562: loss=0.061106 (226ms)
  step 1400/1562: loss=0.051077 (223ms)
Epoch 15/50: avg loss=0.065767 (367285ms)
  step 0/1562: loss=0.066372 (227ms)
  step 1/1562: loss=0.056798 (226ms)
  step 2/1562: loss=0.094566 (225ms)
  step 200/1562: loss=0.067474 (223ms)
  step 400/1562: loss=0.055166 (229ms)
  step 600/1562: loss=0.058581 (224ms)
  step 800/1562: loss=0.047012 (215ms)
  step 1000/1562: loss=0.066642 (225ms)
  step 1200/1562: loss=0.089596 (230ms)
  step 1400/1562: loss=0.071152 (219ms)
Epoch 16/50: avg loss=0.065265 (364708ms)
  step 0/1562: loss=0.035349 (222ms)
  step 1/1562: loss=0.060218 (215ms)
  step 2/1562: loss=0.043915 (218ms)
  step 200/1562: loss=0.052908 (220ms)
  step 400/1562: loss=0.109227 (223ms)
  step 600/1562: loss=0.090525 (218ms)
  step 800/1562: loss=0.053610 (224ms)
  step 1000/1562: loss=0.056814 (214ms)
  step 1200/1562: loss=0.055648 (219ms)
  step 1400/1562: loss=0.043186 (217ms)
Epoch 17/50: avg loss=0.065728 (364862ms)
  step 0/1562: loss=0.087490 (225ms)
  step 1/1562: loss=0.064547 (223ms)
  step 2/1562: loss=0.074117 (222ms)
  step 200/1562: loss=0.039140 (226ms)
  step 400/1562: loss=0.071118 (215ms)
  step 600/1562: loss=0.078677 (218ms)
  step 800/1562: loss=0.070585 (222ms)
  step 1000/1562: loss=0.061857 (222ms)
  step 1200/1562: loss=0.042993 (219ms)
  step 1400/1562: loss=0.073480 (221ms)
Epoch 18/50: avg loss=0.065399 (364520ms)
  step 0/1562: loss=0.052651 (220ms)
  step 1/1562: loss=0.083424 (222ms)
  step 2/1562: loss=0.040726 (223ms)
  step 200/1562: loss=0.091364 (216ms)
  step 400/1562: loss=0.051659 (218ms)
  step 600/1562: loss=0.065945 (219ms)
  step 800/1562: loss=0.069564 (225ms)
  step 1000/1562: loss=0.054238 (230ms)
  step 1200/1562: loss=0.058946 (217ms)
  step 1400/1562: loss=0.049593 (222ms)
Epoch 19/50: avg loss=0.064653 (364655ms)
  step 0/1562: loss=0.078072 (227ms)
  step 1/1562: loss=0.073248 (219ms)
  step 2/1562: loss=0.066689 (221ms)
  step 200/1562: loss=0.069732 (218ms)
  step 400/1562: loss=0.067232 (228ms)
  step 600/1562: loss=0.079725 (217ms)
  step 800/1562: loss=0.063334 (222ms)
  step 1000/1562: loss=0.058557 (217ms)
  step 1200/1562: loss=0.050093 (234ms)
  step 1400/1562: loss=0.065445 (226ms)
Epoch 20/50: avg loss=0.063950 (364849ms)
  step 0/1562: loss=0.046763 (217ms)
  step 1/1562: loss=0.096959 (227ms)
  step 2/1562: loss=0.089131 (213ms)
  step 200/1562: loss=0.085912 (223ms)
  step 400/1562: loss=0.041822 (222ms)
  step 600/1562: loss=0.065184 (230ms)
  step 800/1562: loss=0.041082 (227ms)
  step 1000/1562: loss=0.063232 (221ms)
  step 1200/1562: loss=0.069046 (220ms)
  step 1400/1562: loss=0.088422 (217ms)
Epoch 21/50: avg loss=0.064456 (365218ms)
  step 0/1562: loss=0.077066 (227ms)
  step 1/1562: loss=0.072644 (220ms)
  step 2/1562: loss=0.062318 (217ms)
  step 200/1562: loss=0.053812 (221ms)
  step 400/1562: loss=0.068049 (220ms)
  step 600/1562: loss=0.055039 (223ms)
  step 800/1562: loss=0.060218 (222ms)
  step 1000/1562: loss=0.068968 (226ms)
  step 1200/1562: loss=0.068476 (228ms)
  step 1400/1562: loss=0.066365 (221ms)
Epoch 22/50: avg loss=0.064124 (364653ms)
  step 0/1562: loss=0.087775 (222ms)
  step 1/1562: loss=0.049027 (215ms)
  step 2/1562: loss=0.080442 (215ms)
  step 200/1562: loss=0.068721 (213ms)
  step 400/1562: loss=0.044066 (220ms)
  step 600/1562: loss=0.042923 (221ms)
  step 800/1562: loss=0.061516 (221ms)
  step 1000/1562: loss=0.087463 (216ms)
  step 1200/1562: loss=0.087049 (232ms)
  step 1400/1562: loss=0.035421 (223ms)
Epoch 23/50: avg loss=0.064189 (364974ms)
  step 0/1562: loss=0.052328 (231ms)
  step 1/1562: loss=0.069698 (217ms)
  step 2/1562: loss=0.061228 (219ms)
  step 200/1562: loss=0.096464 (215ms)
  step 400/1562: loss=0.072323 (224ms)
  step 600/1562: loss=0.076248 (217ms)
  step 800/1562: loss=0.065580 (220ms)
  step 1000/1562: loss=0.048764 (225ms)
  step 1200/1562: loss=0.054352 (227ms)
  step 1400/1562: loss=0.059157 (226ms)
Epoch 24/50: avg loss=0.063982 (364549ms)
  step 0/1562: loss=0.061714 (220ms)
  step 1/1562: loss=0.067203 (218ms)
  step 2/1562: loss=0.063804 (223ms)
  step 200/1562: loss=0.062263 (222ms)
  step 400/1562: loss=0.074779 (219ms)
  step 600/1562: loss=0.066433 (224ms)
  step 800/1562: loss=0.068327 (227ms)
  step 1000/1562: loss=0.049835 (222ms)
  step 1200/1562: loss=0.058602 (223ms)
  step 1400/1562: loss=0.048324 (219ms)
Epoch 25/50: avg loss=0.063872 (365108ms)
  step 0/1562: loss=0.081521 (228ms)
  step 1/1562: loss=0.071767 (229ms)
  step 2/1562: loss=0.061102 (224ms)
  step 200/1562: loss=0.057690 (224ms)
  step 400/1562: loss=0.051451 (223ms)
  step 600/1562: loss=0.067946 (225ms)
  step 800/1562: loss=0.050509 (223ms)
  step 1000/1562: loss=0.026582 (222ms)
  step 1200/1562: loss=0.039682 (219ms)
  step 1400/1562: loss=0.048463 (224ms)
Epoch 26/50: avg loss=0.063217 (364861ms)
  step 0/1562: loss=0.057354 (229ms)
  step 1/1562: loss=0.102033 (223ms)
  step 2/1562: loss=0.053579 (233ms)
  step 200/1562: loss=0.038771 (226ms)
  step 400/1562: loss=0.042457 (227ms)
  step 600/1562: loss=0.069409 (221ms)
  step 800/1562: loss=0.060741 (224ms)
  step 1000/1562: loss=0.059345 (222ms)
  step 1200/1562: loss=0.050820 (216ms)
  step 1400/1562: loss=0.052815 (212ms)
Epoch 27/50: avg loss=0.063981 (364348ms)
  step 0/1562: loss=0.049235 (220ms)
  step 1/1562: loss=0.097677 (217ms)
  step 2/1562: loss=0.062556 (218ms)
  step 200/1562: loss=0.045289 (225ms)
  step 400/1562: loss=0.056130 (216ms)
  step 600/1562: loss=0.065924 (219ms)
  step 800/1562: loss=0.071832 (231ms)
  step 1000/1562: loss=0.059550 (223ms)
  step 1200/1562: loss=0.061230 (219ms)
  step 1400/1562: loss=0.029423 (220ms)
Epoch 28/50: avg loss=0.063418 (364738ms)
  step 0/1562: loss=0.086840 (226ms)
  step 1/1562: loss=0.045132 (222ms)
  step 2/1562: loss=0.068230 (228ms)
  step 200/1562: loss=0.064806 (220ms)
  step 400/1562: loss=0.073469 (215ms)
  step 600/1562: loss=0.054444 (225ms)
  step 800/1562: loss=0.070388 (219ms)
  step 1000/1562: loss=0.043305 (227ms)
  step 1200/1562: loss=0.078089 (228ms)
  step 1400/1562: loss=0.036795 (228ms)
Epoch 29/50: avg loss=0.063548 (364445ms)
  step 0/1562: loss=0.055957 (222ms)
  step 1/1562: loss=0.064847 (223ms)
  step 2/1562: loss=0.070407 (218ms)
  step 200/1562: loss=0.050663 (214ms)
  step 400/1562: loss=0.050970 (220ms)
  step 600/1562: loss=0.069199 (219ms)
  step 800/1562: loss=0.054624 (217ms)
  step 1000/1562: loss=0.045425 (222ms)
  step 1200/1562: loss=0.085281 (233ms)
  step 1400/1562: loss=0.073253 (220ms)
Epoch 30/50: avg loss=0.063224 (366920ms)
  step 0/1562: loss=0.067894 (231ms)
  step 1/1562: loss=0.070156 (228ms)
  step 2/1562: loss=0.036383 (221ms)
  step 200/1562: loss=0.053877 (226ms)
  step 400/1562: loss=0.063924 (229ms)
  step 600/1562: loss=0.066105 (228ms)
  step 800/1562: loss=0.041416 (220ms)
  step 1000/1562: loss=0.067837 (222ms)
  step 1200/1562: loss=0.044554 (218ms)
  step 1400/1562: loss=0.028474 (220ms)
Epoch 31/50: avg loss=0.063668 (365241ms)
  step 0/1562: loss=0.057762 (225ms)
  step 1/1562: loss=0.056522 (220ms)
  step 2/1562: loss=0.047085 (225ms)
  step 200/1562: loss=0.069707 (220ms)
  step 400/1562: loss=0.073872 (214ms)
  step 600/1562: loss=0.052951 (224ms)
  step 800/1562: loss=0.073919 (220ms)
  step 1000/1562: loss=0.053584 (232ms)
  step 1200/1562: loss=0.065688 (221ms)
  step 1400/1562: loss=0.086827 (227ms)
Epoch 32/50: avg loss=0.063003 (364718ms)
  step 0/1562: loss=0.067588 (220ms)
  step 1/1562: loss=0.087128 (224ms)
  step 2/1562: loss=0.079544 (220ms)
  step 200/1562: loss=0.053509 (220ms)
  step 400/1562: loss=0.087697 (224ms)
  step 600/1562: loss=0.055118 (211ms)
  step 800/1562: loss=0.053755 (218ms)
  step 1000/1562: loss=0.059769 (214ms)
  step 1200/1562: loss=0.095497 (214ms)
  step 1400/1562: loss=0.068175 (218ms)
Epoch 33/50: avg loss=0.063373 (364804ms)
  step 0/1562: loss=0.069867 (228ms)
  step 1/1562: loss=0.051919 (222ms)
  step 2/1562: loss=0.047416 (221ms)
  step 200/1562: loss=0.080336 (220ms)
  step 400/1562: loss=0.070691 (223ms)
  step 600/1562: loss=0.044038 (224ms)
  step 800/1562: loss=0.038470 (230ms)
  step 1000/1562: loss=0.041083 (228ms)
  step 1200/1562: loss=0.044038 (219ms)
  step 1400/1562: loss=0.045258 (223ms)
Epoch 34/50: avg loss=0.062906 (365292ms)
  step 0/1562: loss=0.056298 (218ms)
  step 1/1562: loss=0.074739 (225ms)
  step 2/1562: loss=0.057448 (218ms)
  step 200/1562: loss=0.041603 (230ms)
  step 400/1562: loss=0.087437 (211ms)
  step 600/1562: loss=0.060566 (224ms)
  step 800/1562: loss=0.072937 (221ms)
  step 1000/1562: loss=0.060745 (221ms)
  step 1200/1562: loss=0.072715 (225ms)
  step 1400/1562: loss=0.072026 (217ms)
Epoch 35/50: avg loss=0.062874 (364618ms)
  step 0/1562: loss=0.064723 (216ms)
  step 1/1562: loss=0.054995 (211ms)
  step 2/1562: loss=0.090014 (217ms)
  step 200/1562: loss=0.099574 (214ms)
  step 400/1562: loss=0.073584 (222ms)
  step 600/1562: loss=0.071063 (225ms)
  step 800/1562: loss=0.053823 (226ms)
  step 1000/1562: loss=0.044171 (224ms)
  step 1200/1562: loss=0.081091 (224ms)
  step 1400/1562: loss=0.043967 (227ms)
Epoch 36/50: avg loss=0.063207 (364217ms)
  step 0/1562: loss=0.056263 (219ms)
  step 1/1562: loss=0.058876 (226ms)
  step 2/1562: loss=0.090068 (222ms)
  step 200/1562: loss=0.057938 (218ms)
  step 400/1562: loss=0.053667 (226ms)
  step 600/1562: loss=0.030507 (225ms)
  step 800/1562: loss=0.080305 (225ms)
  step 1000/1562: loss=0.076445 (229ms)
  step 1200/1562: loss=0.055583 (228ms)
  step 1400/1562: loss=0.046854 (224ms)
Epoch 37/50: avg loss=0.063015 (364791ms)
  step 0/1562: loss=0.059216 (218ms)
  step 1/1562: loss=0.046045 (225ms)
  step 2/1562: loss=0.076343 (230ms)
  step 200/1562: loss=0.060756 (225ms)
  step 400/1562: loss=0.112609 (222ms)
  step 600/1562: loss=0.059960 (224ms)
  step 800/1562: loss=0.085685 (224ms)
  step 1000/1562: loss=0.063206 (214ms)
  step 1200/1562: loss=0.068307 (227ms)
  step 1400/1562: loss=0.071140 (215ms)
Epoch 38/50: avg loss=0.063444 (363526ms)
  step 0/1562: loss=0.065226 (225ms)
  step 1/1562: loss=0.068849 (213ms)
  step 2/1562: loss=0.071324 (217ms)
  step 200/1562: loss=0.063120 (224ms)
  step 400/1562: loss=0.087143 (219ms)
  step 600/1562: loss=0.050917 (220ms)
  step 800/1562: loss=0.072598 (222ms)
  step 1000/1562: loss=0.045762 (222ms)
  step 1200/1562: loss=0.052745 (220ms)
  step 1400/1562: loss=0.056848 (217ms)
Epoch 39/50: avg loss=0.063204 (364681ms)
  step 0/1562: loss=0.049015 (223ms)
  step 1/1562: loss=0.081945 (219ms)
  step 2/1562: loss=0.064068 (225ms)
  step 200/1562: loss=0.078914 (218ms)
  step 400/1562: loss=0.044711 (224ms)
  step 600/1562: loss=0.071812 (226ms)
  step 800/1562: loss=0.080423 (210ms)
  step 1000/1562: loss=0.033717 (224ms)
  step 1200/1562: loss=0.068960 (220ms)
  step 1400/1562: loss=0.048857 (216ms)
Epoch 40/50: avg loss=0.062934 (364139ms)
  step 0/1562: loss=0.045321 (229ms)
  step 1/1562: loss=0.057010 (212ms)
  step 2/1562: loss=0.051847 (224ms)
  step 200/1562: loss=0.058324 (225ms)
  step 400/1562: loss=0.067447 (231ms)
  step 600/1562: loss=0.054921 (219ms)
  step 800/1562: loss=0.049799 (225ms)
  step 1000/1562: loss=0.065055 (219ms)
  step 1200/1562: loss=0.067336 (219ms)
  step 1400/1562: loss=0.072482 (214ms)
Epoch 41/50: avg loss=0.062835 (364479ms)
  step 0/1562: loss=0.040807 (219ms)
  step 1/1562: loss=0.112198 (217ms)
  step 2/1562: loss=0.081074 (215ms)
  step 200/1562: loss=0.050852 (226ms)
  step 400/1562: loss=0.083542 (218ms)
  step 600/1562: loss=0.046410 (222ms)
  step 800/1562: loss=0.065246 (226ms)
  step 1000/1562: loss=0.041699 (222ms)
  step 1200/1562: loss=0.066873 (227ms)
  step 1400/1562: loss=0.048869 (230ms)
Epoch 42/50: avg loss=0.062188 (364493ms)
  step 0/1562: loss=0.063201 (222ms)
  step 1/1562: loss=0.060289 (222ms)
  step 2/1562: loss=0.081020 (225ms)
  step 200/1562: loss=0.059281 (223ms)
  step 400/1562: loss=0.075372 (220ms)
  step 600/1562: loss=0.046758 (221ms)
  step 800/1562: loss=0.066941 (225ms)
  step 1000/1562: loss=0.049664 (217ms)
  step 1200/1562: loss=0.067795 (224ms)
  step 1400/1562: loss=0.051197 (218ms)
Epoch 43/50: avg loss=0.062691 (364884ms)
  step 0/1562: loss=0.080964 (224ms)
  step 1/1562: loss=0.080704 (225ms)
  step 2/1562: loss=0.067133 (225ms)
  step 200/1562: loss=0.034166 (221ms)
  step 400/1562: loss=0.061187 (229ms)
  step 600/1562: loss=0.073683 (224ms)
  step 800/1562: loss=0.089046 (223ms)
  step 1000/1562: loss=0.058410 (229ms)
  step 1200/1562: loss=0.047786 (221ms)
  step 1400/1562: loss=0.046855 (214ms)
Epoch 44/50: avg loss=0.061881 (365408ms)
  step 0/1562: loss=0.052004 (223ms)
  step 1/1562: loss=0.055707 (229ms)
  step 2/1562: loss=0.061466 (226ms)
  step 200/1562: loss=0.043472 (219ms)
  step 400/1562: loss=0.058625 (223ms)
  step 600/1562: loss=0.055221 (222ms)
  step 800/1562: loss=0.050274 (222ms)
  step 1000/1562: loss=0.056518 (225ms)
  step 1200/1562: loss=0.046662 (224ms)
  step 1400/1562: loss=0.065581 (218ms)
Epoch 45/50: avg loss=0.062824 (364607ms)
  step 0/1562: loss=0.059539 (218ms)
  step 1/1562: loss=0.064907 (216ms)
  step 2/1562: loss=0.082923 (219ms)
  step 200/1562: loss=0.093271 (218ms)
  step 400/1562: loss=0.050748 (226ms)
  step 600/1562: loss=0.055155 (225ms)
  step 800/1562: loss=0.073416 (228ms)
  step 1000/1562: loss=0.040067 (221ms)
  step 1200/1562: loss=0.075272 (212ms)
  step 1400/1562: loss=0.056214 (221ms)
Epoch 46/50: avg loss=0.062876 (363895ms)
  step 0/1562: loss=0.065158 (219ms)
  step 1/1562: loss=0.071353 (223ms)
  step 2/1562: loss=0.064117 (226ms)
  step 200/1562: loss=0.088161 (227ms)
  step 400/1562: loss=0.072967 (221ms)
  step 600/1562: loss=0.053765 (215ms)
  step 800/1562: loss=0.046381 (217ms)
  step 1000/1562: loss=0.062165 (224ms)
  step 1200/1562: loss=0.045509 (219ms)
  step 1400/1562: loss=0.060035 (227ms)
Epoch 47/50: avg loss=0.061918 (364710ms)
  step 0/1562: loss=0.068799 (216ms)
  step 1/1562: loss=0.059253 (215ms)
  step 2/1562: loss=0.046118 (215ms)
  step 200/1562: loss=0.071463 (223ms)
  step 400/1562: loss=0.068312 (217ms)
  step 600/1562: loss=0.061047 (220ms)
  step 800/1562: loss=0.053684 (221ms)
  step 1000/1562: loss=0.056982 (216ms)
  step 1200/1562: loss=0.041702 (212ms)
  step 1400/1562: loss=0.054541 (218ms)
Epoch 48/50: avg loss=0.062784 (364545ms)
  step 0/1562: loss=0.073260 (219ms)
  step 1/1562: loss=0.069774 (219ms)
  step 2/1562: loss=0.065264 (228ms)
  step 200/1562: loss=0.052397 (229ms)
  step 400/1562: loss=0.058450 (226ms)
  step 600/1562: loss=0.064517 (222ms)
  step 800/1562: loss=0.064352 (214ms)
  step 1000/1562: loss=0.113864 (222ms)
  step 1200/1562: loss=0.050187 (220ms)
  step 1400/1562: loss=0.058089 (225ms)
Epoch 49/50: avg loss=0.062574 (364454ms)
  step 0/1562: loss=0.051638 (227ms)
  step 1/1562: loss=0.083810 (217ms)
  step 2/1562: loss=0.050863 (222ms)
  step 200/1562: loss=0.057282 (221ms)
  step 400/1562: loss=0.036163 (229ms)
  step 600/1562: loss=0.048686 (219ms)
  step 800/1562: loss=0.122148 (217ms)
  step 1000/1562: loss=0.063140 (231ms)
  step 1200/1562: loss=0.036503 (225ms)
  step 1400/1562: loss=0.060792 (230ms)
Epoch 50/50: avg loss=0.062218 (364303ms)
Saved params + BN stats.
