MobileNetV2 (ImageNet, bf16) · Lean 4 → JAX
  Conv(3→32,3x3/2)+BN → IR1(32→16,e1,s1) → IR2(16→24,e6,s2) → IR3(24→32,e6,s2) → IR4(32→64,e6,s2) → IR3(64→96,e6,s1) → IR3(96→160,e6,s2) → IR1(160→320,e6,s1) → Conv(320→1280,1x1/1)+BN → GAP → 1280→1000

ImageNet (1000-class) — tfds streaming pipeline
lr=0.100000  batch_size=256 (4 devices x 64)  epochs=90  params=3504872
steps_per_epoch=5004  total_steps=450360
backend=gpu  devices=[CudaDevice(id=0), CudaDevice(id=1), CudaDevice(id=2), CudaDevice(id=3)]
Starting training...
Loading phase-3 init from /home/skoonce/mnv2_imagenet_bf16_e84.bin
Resuming at global_step=420336 (= epoch 85/90); LR schedule continues from there
E0604 15:29:23.013633    4629 cuda_timer.cc:87] Delay kernel timed out: measured time has sub-optimal accuracy. There may be a missing warmup execution, please investigate in Nsight Systems.
E0604 15:29:23.322633    4629 cuda_timer.cc:87] Delay kernel timed out: measured time has sub-optimal accuracy. There may be a missing warmup execution, please investigate in Nsight Systems.
E0604 15:29:23.534429    4629 cuda_timer.cc:87] Delay kernel timed out: measured time has sub-optimal accuracy. There may be a missing warmup execution, please investigate in Nsight Systems.
E0604 15:29:24.972855    4629 cuda_timer.cc:87] Delay kernel timed out: measured time has sub-optimal accuracy. There may be a missing warmup execution, please investigate in Nsight Systems.
E0604 15:29:25.061318    4629 cuda_timer.cc:87] Delay kernel timed out: measured time has sub-optimal accuracy. There may be a missing warmup execution, please investigate in Nsight Systems.
E0604 15:29:26.484935    4629 cuda_timer.cc:87] Delay kernel timed out: measured time has sub-optimal accuracy. There may be a missing warmup execution, please investigate in Nsight Systems.
E0604 15:29:26.689563    4629 cuda_timer.cc:87] Delay kernel timed out: measured time has sub-optimal accuracy. There may be a missing warmup execution, please investigate in Nsight Systems.
E0604 15:29:27.312728    4629 cuda_timer.cc:87] Delay kernel timed out: measured time has sub-optimal accuracy. There may be a missing warmup execution, please investigate in Nsight Systems.
E0604 15:29:31.437654    4629 cuda_timer.cc:87] Delay kernel timed out: measured time has sub-optimal accuracy. There may be a missing warmup execution, please investigate in Nsight Systems.
E0604 15:29:31.642113    4629 cuda_timer.cc:87] Delay kernel timed out: measured time has sub-optimal accuracy. There may be a missing warmup execution, please investigate in Nsight Systems.
E0604 15:29:32.068456    4629 cuda_timer.cc:87] Delay kernel timed out: measured time has sub-optimal accuracy. There may be a missing warmup execution, please investigate in Nsight Systems.
E0604 15:29:33.766135    4629 cuda_timer.cc:87] Delay kernel timed out: measured time has sub-optimal accuracy. There may be a missing warmup execution, please investigate in Nsight Systems.
E0604 15:29:33.968929    4629 cuda_timer.cc:87] Delay kernel timed out: measured time has sub-optimal accuracy. There may be a missing warmup execution, please investigate in Nsight Systems.
E0604 15:29:36.266124    4626 cuda_timer.cc:87] Delay kernel timed out: measured time has sub-optimal accuracy. There may be a missing warmup execution, please investigate in Nsight Systems.
E0604 15:29:37.161267    4641 cuda_timer.cc:87] Delay kernel timed out: measured time has sub-optimal accuracy. There may be a missing warmup execution, please investigate in Nsight Systems.
E0604 15:29:37.663427    4616 cuda_timer.cc:87] Delay kernel timed out: measured time has sub-optimal accuracy. There may be a missing warmup execution, please investigate in Nsight Systems.
E0604 15:29:39.164657    4631 cuda_timer.cc:87] Delay kernel timed out: measured time has sub-optimal accuracy. There may be a missing warmup execution, please investigate in Nsight Systems.
E0604 15:29:39.239856    4631 cuda_timer.cc:87] Delay kernel timed out: measured time has sub-optimal accuracy. There may be a missing warmup execution, please investigate in Nsight Systems.
E0604 15:29:41.768888    4618 cuda_timer.cc:87] Delay kernel timed out: measured time has sub-optimal accuracy. There may be a missing warmup execution, please investigate in Nsight Systems.
E0604 15:29:45.734695    4632 cuda_timer.cc:87] Delay kernel timed out: measured time has sub-optimal accuracy. There may be a missing warmup execution, please investigate in Nsight Systems.
E0604 15:29:46.998568    4644 cuda_timer.cc:87] Delay kernel timed out: measured time has sub-optimal accuracy. There may be a missing warmup execution, please investigate in Nsight Systems.
E0604 15:29:49.388625    4641 cuda_timer.cc:87] Delay kernel timed out: measured time has sub-optimal accuracy. There may be a missing warmup execution, please investigate in Nsight Systems.
E0604 15:29:49.678290    4623 cuda_timer.cc:87] Delay kernel timed out: measured time has sub-optimal accuracy. There may be a missing warmup execution, please investigate in Nsight Systems.
  step 420400/450360  loss=2.4554  lr=0.00122  (0.0ms/step avg)
  step 420500/450360  loss=2.3831  lr=0.00121  (0.0ms/step avg)
  step 420600/450360  loss=2.1316  lr=0.0012  (0.0ms/step avg)
  step 420700/450360  loss=2.3603  lr=0.0012  (0.0ms/step avg)
  step 420800/450360  loss=2.437  lr=0.00119  (0.0ms/step avg)
  step 420900/450360  loss=2.3324  lr=0.00118  (0.0ms/step avg)
  step 421000/450360  loss=2.5343  lr=0.00117  (0.0ms/step avg)
  step 421100/450360  loss=2.3642  lr=0.00116  (0.0ms/step avg)
  step 421200/450360  loss=2.5235  lr=0.00116  (0.0ms/step avg)
  step 421300/450360  loss=2.3555  lr=0.00115  (0.0ms/step avg)
  step 421400/450360  loss=2.4899  lr=0.00114  (0.0ms/step avg)
  step 421500/450360  loss=2.3784  lr=0.00113  (1.0ms/step avg)
  step 421600/450360  loss=2.3931  lr=0.00112  (1.0ms/step avg)
  step 421700/450360  loss=2.2811  lr=0.00112  (1.0ms/step avg)
  step 421800/450360  loss=2.3558  lr=0.00111  (1.0ms/step avg)
  step 421900/450360  loss=2.4731  lr=0.0011  (1.0ms/step avg)
  step 422000/450360  loss=2.4312  lr=0.00109  (1.0ms/step avg)
  step 422100/450360  loss=2.3764  lr=0.00109  (1.0ms/step avg)
  step 422200/450360  loss=2.2346  lr=0.00108  (1.0ms/step avg)
  step 422300/450360  loss=2.1709  lr=0.00107  (1.0ms/step avg)
  step 422400/450360  loss=2.4415  lr=0.00106  (1.0ms/step avg)
  step 422500/450360  loss=2.421  lr=0.00105  (1.0ms/step avg)
  step 422600/450360  loss=2.339  lr=0.00105  (1.0ms/step avg)
  step 422700/450360  loss=2.2871  lr=0.00104  (1.0ms/step avg)
  step 422800/450360  loss=2.1874  lr=0.00103  (1.0ms/step avg)
  step 422900/450360  loss=2.5312  lr=0.00102  (1.0ms/step avg)
  step 423000/450360  loss=2.3049  lr=0.00102  (1.0ms/step avg)
  step 423100/450360  loss=2.3618  lr=0.00101  (1.0ms/step avg)
  step 423200/450360  loss=2.3425  lr=0.001  (1.0ms/step avg)
  step 423300/450360  loss=2.4709  lr=0.001  (1.0ms/step avg)
  step 423400/450360  loss=2.1801  lr=0.00099  (1.0ms/step avg)
  step 423500/450360  loss=2.3167  lr=0.00098  (1.0ms/step avg)
  step 423600/450360  loss=2.3024  lr=0.00097  (1.0ms/step avg)
  step 423700/450360  loss=2.5573  lr=0.00097  (1.0ms/step avg)
  step 423800/450360  loss=2.2779  lr=0.00096  (1.0ms/step avg)
  step 423900/450360  loss=2.5028  lr=0.00095  (1.0ms/step avg)
  step 424000/450360  loss=2.2755  lr=0.00094  (1.0ms/step avg)
  step 424100/450360  loss=2.4143  lr=0.00094  (1.0ms/step avg)
  step 424200/450360  loss=2.3067  lr=0.00093  (1.0ms/step avg)
  step 424300/450360  loss=2.1785  lr=0.00092  (1.0ms/step avg)
  step 424400/450360  loss=2.2288  lr=0.00092  (1.0ms/step avg)
  step 424500/450360  loss=2.1971  lr=0.00091  (1.0ms/step avg)
  step 424600/450360  loss=2.2814  lr=0.0009  (1.0ms/step avg)
  step 424700/450360  loss=2.2191  lr=0.0009  (1.0ms/step avg)
  step 424800/450360  loss=2.3876  lr=0.00089  (1.0ms/step avg)
  step 424900/450360  loss=2.2706  lr=0.00088  (1.0ms/step avg)
  step 425000/450360  loss=2.2279  lr=0.00087  (1.0ms/step avg)
  step 425100/450360  loss=2.4717  lr=0.00087  (2.0ms/step avg)
  step 425200/450360  loss=2.2206  lr=0.00086  (2.0ms/step avg)
  step 425300/450360  loss=2.3216  lr=0.00085  (2.0ms/step avg)
  Running validation ...
[Epoch 85] lr=0.000851 loss(train_avg)=2.3412 val_top1=33961/49920 (0.6803) val_top5=0.8795 val_loss=1.3941  [686.4s train, -665.2s val]
saved 53 param-groups to /home/skoonce/mnv2_imagenet_bf16_e85.bin (14019488 bytes)
  step 425400/450360  loss=2.3245  lr=0.00085  (2.0ms/step avg)
  step 425500/450360  loss=2.5615  lr=0.00084  (2.0ms/step avg)
  step 425600/450360  loss=2.4114  lr=0.00083  (2.0ms/step avg)
  step 425700/450360  loss=2.2093  lr=0.00083  (2.0ms/step avg)
  step 425800/450360  loss=2.214  lr=0.00082  (2.0ms/step avg)
  step 425900/450360  loss=2.386  lr=0.00081  (2.0ms/step avg)
  step 426000/450360  loss=2.2384  lr=0.00081  (2.0ms/step avg)
  step 426100/450360  loss=2.294  lr=0.0008  (2.0ms/step avg)
  step 426200/450360  loss=2.5737  lr=0.00079  (2.0ms/step avg)
  step 426300/450360  loss=2.3849  lr=0.00079  (2.0ms/step avg)
  step 426400/450360  loss=2.3409  lr=0.00078  (2.0ms/step avg)
  step 426500/450360  loss=2.364  lr=0.00077  (2.0ms/step avg)
  step 426600/450360  loss=2.2691  lr=0.00077  (2.0ms/step avg)
  step 426700/450360  loss=2.4548  lr=0.00076  (2.0ms/step avg)
  step 426800/450360  loss=2.1913  lr=0.00076  (2.0ms/step avg)
  step 426900/450360  loss=2.3425  lr=0.00075  (2.0ms/step avg)
  step 427000/450360  loss=2.3542  lr=0.00074  (2.0ms/step avg)
  step 427100/450360  loss=2.4037  lr=0.00074  (2.0ms/step avg)
  step 427200/450360  loss=2.2786  lr=0.00073  (2.0ms/step avg)
  step 427300/450360  loss=2.3972  lr=0.00072  (2.0ms/step avg)
  step 427400/450360  loss=2.2838  lr=0.00072  (2.0ms/step avg)
  step 427500/450360  loss=2.2097  lr=0.00071  (2.0ms/step avg)
  step 427600/450360  loss=2.2712  lr=0.0007  (2.0ms/step avg)
  step 427700/450360  loss=2.3877  lr=0.0007  (2.0ms/step avg)
  step 427800/450360  loss=2.3835  lr=0.00069  (2.0ms/step avg)
  step 427900/450360  loss=2.2619  lr=0.00069  (2.0ms/step avg)
  step 428000/450360  loss=2.3466  lr=0.00068  (2.0ms/step avg)
  step 428100/450360  loss=2.3308  lr=0.00067  (2.0ms/step avg)
  step 428200/450360  loss=2.2634  lr=0.00067  (2.0ms/step avg)
  step 428300/450360  loss=2.2999  lr=0.00066  (2.0ms/step avg)
  step 428400/450360  loss=2.4429  lr=0.00066  (2.0ms/step avg)
  step 428500/450360  loss=2.4185  lr=0.00065  (2.0ms/step avg)
  step 428600/450360  loss=2.3485  lr=0.00064  (2.0ms/step avg)
  step 428700/450360  loss=2.3185  lr=0.00064  (2.0ms/step avg)
  step 428800/450360  loss=2.4312  lr=0.00063  (2.0ms/step avg)
  step 428900/450360  loss=2.3651  lr=0.00063  (3.0ms/step avg)
  step 429000/450360  loss=2.3437  lr=0.00062  (3.0ms/step avg)
  step 429100/450360  loss=2.2478  lr=0.00062  (3.0ms/step avg)
  step 429200/450360  loss=2.3596  lr=0.00061  (3.0ms/step avg)
  step 429300/450360  loss=2.2303  lr=0.0006  (3.0ms/step avg)
  step 429400/450360  loss=2.4851  lr=0.0006  (3.0ms/step avg)
  step 429500/450360  loss=2.3808  lr=0.00059  (3.0ms/step avg)
  step 429600/450360  loss=2.1864  lr=0.00059  (3.0ms/step avg)
  step 429700/450360  loss=2.3875  lr=0.00058  (3.0ms/step avg)
  step 429800/450360  loss=2.3368  lr=0.00058  (3.0ms/step avg)
  step 429900/450360  loss=2.404  lr=0.00057  (3.0ms/step avg)
  step 430000/450360  loss=2.4633  lr=0.00056  (3.0ms/step avg)
  step 430100/450360  loss=2.3478  lr=0.00056  (3.0ms/step avg)
  step 430200/450360  loss=2.2663  lr=0.00055  (3.0ms/step avg)
  step 430300/450360  loss=2.4605  lr=0.00055  (3.0ms/step avg)
  Running validation ...
[Epoch 86] lr=0.000545 loss(train_avg)=2.3338 val_top1=34060/49920 (0.6823) val_top5=0.8806 val_loss=1.3904  [552.8s train, -543.5s val]
saved 53 param-groups to /home/skoonce/mnv2_imagenet_bf16_e86.bin (14019488 bytes)
  step 430400/450360  loss=2.4455  lr=0.00054  (3.0ms/step avg)
  step 430500/450360  loss=2.3633  lr=0.00054  (3.0ms/step avg)
  step 430600/450360  loss=2.1652  lr=0.00053  (3.0ms/step avg)
  step 430700/450360  loss=2.28  lr=0.00053  (3.0ms/step avg)
  step 430800/450360  loss=2.1755  lr=0.00052  (3.0ms/step avg)
  step 430900/450360  loss=2.4452  lr=0.00052  (3.0ms/step avg)
  step 431000/450360  loss=2.2568  lr=0.00051  (3.0ms/step avg)
  step 431100/450360  loss=2.2364  lr=0.00051  (3.0ms/step avg)
  step 431200/450360  loss=2.2176  lr=0.0005  (3.0ms/step avg)
  step 431300/450360  loss=2.2974  lr=0.00049  (3.0ms/step avg)
  step 431400/450360  loss=2.5424  lr=0.00049  (3.0ms/step avg)
  step 431500/450360  loss=2.3738  lr=0.00048  (3.0ms/step avg)
  step 431600/450360  loss=2.4445  lr=0.00048  (3.0ms/step avg)
  step 431700/450360  loss=2.2366  lr=0.00047  (3.0ms/step avg)
  step 431800/450360  loss=2.3189  lr=0.00047  (3.0ms/step avg)
  step 431900/450360  loss=2.2714  lr=0.00046  (3.0ms/step avg)
  step 432000/450360  loss=2.4073  lr=0.00046  (3.0ms/step avg)
  step 432100/450360  loss=2.4263  lr=0.00045  (3.0ms/step avg)
  step 432200/450360  loss=2.3399  lr=0.00045  (3.0ms/step avg)
  step 432300/450360  loss=2.2438  lr=0.00044  (3.0ms/step avg)
  step 432400/450360  loss=2.2928  lr=0.00044  (3.0ms/step avg)
  step 432500/450360  loss=2.2817  lr=0.00043  (3.0ms/step avg)
  step 432600/450360  loss=2.4458  lr=0.00043  (3.0ms/step avg)
  step 432700/450360  loss=2.3033  lr=0.00042  (3.0ms/step avg)
  step 432800/450360  loss=2.3718  lr=0.00042  (3.0ms/step avg)
  step 432900/450360  loss=2.3577  lr=0.00042  (4.0ms/step avg)
  step 433000/450360  loss=2.469  lr=0.00041  (4.0ms/step avg)
  step 433100/450360  loss=2.3468  lr=0.00041  (4.0ms/step avg)
  step 433200/450360  loss=2.3684  lr=0.0004  (4.0ms/step avg)
  step 433300/450360  loss=2.1407  lr=0.0004  (4.0ms/step avg)
  step 433400/450360  loss=2.3303  lr=0.00039  (4.0ms/step avg)
  step 433500/450360  loss=2.2167  lr=0.00039  (4.0ms/step avg)
  step 433600/450360  loss=2.3548  lr=0.00038  (4.0ms/step avg)
  step 433700/450360  loss=2.3783  lr=0.00038  (4.0ms/step avg)
  step 433800/450360  loss=2.2535  lr=0.00037  (4.0ms/step avg)
  step 433900/450360  loss=2.3178  lr=0.00037  (4.0ms/step avg)
  step 434000/450360  loss=2.1548  lr=0.00036  (4.0ms/step avg)
  step 434100/450360  loss=2.46  lr=0.00036  (4.0ms/step avg)
  step 434200/450360  loss=2.375  lr=0.00036  (4.0ms/step avg)
  step 434300/450360  loss=2.5805  lr=0.00035  (4.0ms/step avg)
  step 434400/450360  loss=2.5393  lr=0.00035  (4.0ms/step avg)
  step 434500/450360  loss=2.3341  lr=0.00034  (4.0ms/step avg)
  step 434600/450360  loss=2.1825  lr=0.00034  (4.0ms/step avg)
  step 434700/450360  loss=2.1242  lr=0.00033  (4.0ms/step avg)
  step 434800/450360  loss=2.251  lr=0.00033  (4.0ms/step avg)
  step 434900/450360  loss=2.1575  lr=0.00033  (4.0ms/step avg)
  step 435000/450360  loss=2.3389  lr=0.00032  (4.0ms/step avg)
  step 435100/450360  loss=2.2773  lr=0.00032  (4.0ms/step avg)
  step 435200/450360  loss=2.3965  lr=0.00031  (4.0ms/step avg)
  step 435300/450360  loss=2.2604  lr=0.00031  (4.0ms/step avg)
  Running validation ...
[Epoch 87] lr=0.000307 loss(train_avg)=2.329 val_top1=34100/49920 (0.6831) val_top5=0.881 val_loss=1.3881  [555.9s train, -545.9s val]
saved 53 param-groups to /home/skoonce/mnv2_imagenet_bf16_e87.bin (14019488 bytes)
  step 435400/450360  loss=2.2143  lr=0.0003  (4.0ms/step avg)
  step 435500/450360  loss=2.3391  lr=0.0003  (4.0ms/step avg)
  step 435600/450360  loss=2.3842  lr=0.0003  (4.0ms/step avg)
  step 435700/450360  loss=2.2919  lr=0.00029  (4.0ms/step avg)
  step 435800/450360  loss=2.1646  lr=0.00029  (4.0ms/step avg)
  step 435900/450360  loss=2.3704  lr=0.00028  (4.0ms/step avg)
  step 436000/450360  loss=2.2822  lr=0.00028  (4.0ms/step avg)
  step 436100/450360  loss=2.4537  lr=0.00028  (4.0ms/step avg)
  step 436200/450360  loss=2.2821  lr=0.00027  (4.0ms/step avg)
  step 436300/450360  loss=2.1808  lr=0.00027  (4.0ms/step avg)
  step 436400/450360  loss=2.2783  lr=0.00027  (4.0ms/step avg)
  step 436500/450360  loss=2.3454  lr=0.00026  (4.0ms/step avg)
  step 436600/450360  loss=2.3454  lr=0.00026  (4.0ms/step avg)
  step 436700/450360  loss=2.3468  lr=0.00025  (4.0ms/step avg)
  step 436800/450360  loss=2.3757  lr=0.00025  (4.0ms/step avg)
  step 436900/450360  loss=2.325  lr=0.00025  (4.0ms/step avg)
  step 437000/450360  loss=2.4311  lr=0.00024  (5.0ms/step avg)
  step 437100/450360  loss=2.4556  lr=0.00024  (5.0ms/step avg)
  step 437200/450360  loss=2.341  lr=0.00024  (5.0ms/step avg)
  step 437300/450360  loss=2.2334  lr=0.00023  (5.0ms/step avg)
  step 437400/450360  loss=2.4174  lr=0.00023  (5.0ms/step avg)
  step 437500/450360  loss=2.1822  lr=0.00023  (5.0ms/step avg)
  step 437600/450360  loss=2.3812  lr=0.00022  (5.0ms/step avg)
  step 437700/450360  loss=2.2685  lr=0.00022  (5.0ms/step avg)
  step 437800/450360  loss=2.2532  lr=0.00022  (5.0ms/step avg)
  step 437900/450360  loss=2.3741  lr=0.00021  (5.0ms/step avg)
  step 438000/450360  loss=2.281  lr=0.00021  (5.0ms/step avg)
  step 438100/450360  loss=2.3387  lr=0.0002  (5.0ms/step avg)
  step 438200/450360  loss=2.3918  lr=0.0002  (5.0ms/step avg)
  step 438300/450360  loss=2.2314  lr=0.0002  (5.0ms/step avg)
  step 438400/450360  loss=2.1807  lr=0.00019  (5.0ms/step avg)
  step 438500/450360  loss=2.1612  lr=0.00019  (5.0ms/step avg)
  step 438600/450360  loss=2.255  lr=0.00019  (5.0ms/step avg)
  step 438700/450360  loss=2.3492  lr=0.00019  (5.0ms/step avg)
  step 438800/450360  loss=2.3644  lr=0.00018  (5.0ms/step avg)
  step 438900/450360  loss=2.2928  lr=0.00018  (5.0ms/step avg)
  step 439000/450360  loss=2.3514  lr=0.00018  (5.0ms/step avg)
  step 439100/450360  loss=2.1648  lr=0.00017  (5.0ms/step avg)
  step 439200/450360  loss=2.2345  lr=0.00017  (5.0ms/step avg)
  step 439300/450360  loss=2.4071  lr=0.00017  (5.0ms/step avg)
  step 439400/450360  loss=2.2434  lr=0.00016  (5.0ms/step avg)
  step 439500/450360  loss=2.2375  lr=0.00016  (5.0ms/step avg)
  step 439600/450360  loss=2.3472  lr=0.00016  (5.0ms/step avg)
  step 439700/450360  loss=2.2278  lr=0.00015  (5.0ms/step avg)
  step 439800/450360  loss=2.2303  lr=0.00015  (5.0ms/step avg)
  step 439900/450360  loss=2.2239  lr=0.00015  (5.0ms/step avg)
  step 440000/450360  loss=2.2178  lr=0.00015  (5.0ms/step avg)
  step 440100/450360  loss=2.2766  lr=0.00014  (5.0ms/step avg)
  step 440200/450360  loss=2.242  lr=0.00014  (5.0ms/step avg)
  step 440300/450360  loss=2.2888  lr=0.00014  (5.0ms/step avg)
  Running validation ...
[Epoch 88] lr=0.000137 loss(train_avg)=2.3239 val_top1=34116/49920 (0.6834) val_top5=0.8818 val_loss=1.3855  [555.5s train, -545.9s val]
saved 53 param-groups to /home/skoonce/mnv2_imagenet_bf16_e88.bin (14019488 bytes)
  step 440400/450360  loss=2.3522  lr=0.00014  (5.0ms/step avg)
  step 440500/450360  loss=2.2407  lr=0.00013  (5.0ms/step avg)
  step 440600/450360  loss=2.2947  lr=0.00013  (5.0ms/step avg)
  step 440700/450360  loss=2.3673  lr=0.00013  (5.0ms/step avg)
  step 440800/450360  loss=2.3702  lr=0.00012  (5.0ms/step avg)
  step 440900/450360  loss=2.3153  lr=0.00012  (5.0ms/step avg)
  step 441000/450360  loss=2.4508  lr=0.00012  (5.0ms/step avg)
  step 441100/450360  loss=2.2722  lr=0.00012  (6.0ms/step avg)
  step 441200/450360  loss=2.2203  lr=0.00011  (6.0ms/step avg)
  step 441300/450360  loss=2.3597  lr=0.00011  (6.0ms/step avg)
  step 441400/450360  loss=2.3965  lr=0.00011  (6.0ms/step avg)
  step 441500/450360  loss=2.265  lr=0.00011  (6.0ms/step avg)
  step 441600/450360  loss=2.3  lr=0.0001  (6.0ms/step avg)
  step 441700/450360  loss=2.1498  lr=0.0001  (6.0ms/step avg)
  step 441800/450360  loss=2.2003  lr=0.0001  (6.0ms/step avg)
  step 441900/450360  loss=2.1654  lr=0.0001  (6.0ms/step avg)
  step 442000/450360  loss=2.2895  lr=0.0001  (6.0ms/step avg)
  step 442100/450360  loss=2.2095  lr=9e-05  (6.0ms/step avg)
  step 442200/450360  loss=2.1686  lr=9e-05  (6.0ms/step avg)
  step 442300/450360  loss=2.1747  lr=9e-05  (6.0ms/step avg)
  step 442400/450360  loss=2.2553  lr=9e-05  (6.0ms/step avg)
  step 442500/450360  loss=2.3628  lr=8e-05  (6.0ms/step avg)
  step 442600/450360  loss=2.2803  lr=8e-05  (6.0ms/step avg)
  step 442700/450360  loss=2.2802  lr=8e-05  (6.0ms/step avg)
  step 442800/450360  loss=2.4138  lr=8e-05  (6.0ms/step avg)
  step 442900/450360  loss=2.3809  lr=8e-05  (6.0ms/step avg)
  step 443000/450360  loss=2.1823  lr=7e-05  (6.0ms/step avg)
  step 443100/450360  loss=2.3784  lr=7e-05  (6.0ms/step avg)
  step 443200/450360  loss=2.4535  lr=7e-05  (6.0ms/step avg)
  step 443300/450360  loss=2.341  lr=7e-05  (6.0ms/step avg)
  step 443400/450360  loss=2.3375  lr=7e-05  (6.0ms/step avg)
  step 443500/450360  loss=2.2656  lr=6e-05  (6.0ms/step avg)
  step 443600/450360  loss=2.2224  lr=6e-05  (6.0ms/step avg)
  step 443700/450360  loss=2.2465  lr=6e-05  (6.0ms/step avg)
  step 443800/450360  loss=2.2346  lr=6e-05  (6.0ms/step avg)
  step 443900/450360  loss=2.5017  lr=6e-05  (6.0ms/step avg)
  step 444000/450360  loss=2.4982  lr=6e-05  (6.0ms/step avg)
  step 444100/450360  loss=2.3017  lr=5e-05  (6.0ms/step avg)
  step 444200/450360  loss=2.3193  lr=5e-05  (6.0ms/step avg)
  step 444300/450360  loss=2.3856  lr=5e-05  (6.0ms/step avg)
  step 444400/450360  loss=2.2106  lr=5e-05  (6.0ms/step avg)
  step 444500/450360  loss=2.1608  lr=5e-05  (6.0ms/step avg)
  step 444600/450360  loss=2.1778  lr=5e-05  (6.0ms/step avg)
  step 444700/450360  loss=2.2544  lr=4e-05  (6.0ms/step avg)
  step 444800/450360  loss=2.2183  lr=4e-05  (6.0ms/step avg)
  step 444900/450360  loss=2.2876  lr=4e-05  (6.0ms/step avg)
  step 445000/450360  loss=2.3334  lr=4e-05  (6.0ms/step avg)
  step 445100/450360  loss=2.2753  lr=4e-05  (6.0ms/step avg)
  step 445200/450360  loss=2.2696  lr=4e-05  (6.0ms/step avg)
  step 445300/450360  loss=2.2661  lr=3e-05  (6.0ms/step avg)
  Running validation ...
[Epoch 89] lr=3.4e-05 loss(train_avg)=2.3223 val_top1=34122/49920 (0.6835) val_top5=0.8816 val_loss=1.3855  [557.0s train, -547.3s val]
saved 53 param-groups to /home/skoonce/mnv2_imagenet_bf16_e89.bin (14019488 bytes)
  step 445400/450360  loss=2.3823  lr=3e-05  (7.0ms/step avg)
  step 445500/450360  loss=2.4054  lr=3e-05  (7.0ms/step avg)
  step 445600/450360  loss=2.3568  lr=3e-05  (7.0ms/step avg)
  step 445700/450360  loss=2.286  lr=3e-05  (7.0ms/step avg)
  step 445800/450360  loss=2.2676  lr=3e-05  (7.0ms/step avg)
  step 445900/450360  loss=2.2531  lr=3e-05  (7.0ms/step avg)
  step 446000/450360  loss=2.2813  lr=3e-05  (7.0ms/step avg)
  step 446100/450360  loss=2.3864  lr=2e-05  (7.0ms/step avg)
  step 446200/450360  loss=2.2805  lr=2e-05  (7.0ms/step avg)
  step 446300/450360  loss=2.3834  lr=2e-05  (7.0ms/step avg)
  step 446400/450360  loss=2.2436  lr=2e-05  (7.0ms/step avg)
  step 446500/450360  loss=2.3587  lr=2e-05  (7.0ms/step avg)
  step 446600/450360  loss=2.2771  lr=2e-05  (7.0ms/step avg)
  step 446700/450360  loss=2.2721  lr=2e-05  (7.0ms/step avg)
  step 446800/450360  loss=2.1695  lr=2e-05  (7.0ms/step avg)
  step 446900/450360  loss=2.2646  lr=2e-05  (7.0ms/step avg)
  step 447000/450360  loss=2.1706  lr=2e-05  (7.0ms/step avg)
  step 447100/450360  loss=2.3085  lr=1e-05  (7.0ms/step avg)
  step 447200/450360  loss=2.4319  lr=1e-05  (7.0ms/step avg)
  step 447300/450360  loss=2.3219  lr=1e-05  (7.0ms/step avg)
  step 447400/450360  loss=2.1381  lr=1e-05  (7.0ms/step avg)
  step 447500/450360  loss=2.2853  lr=1e-05  (7.0ms/step avg)
  step 447600/450360  loss=2.1915  lr=1e-05  (7.0ms/step avg)
  step 447700/450360  loss=2.3016  lr=1e-05  (7.0ms/step avg)
  step 447800/450360  loss=2.3908  lr=1e-05  (7.0ms/step avg)
  step 447900/450360  loss=2.3227  lr=1e-05  (7.0ms/step avg)
  step 448000/450360  loss=2.2831  lr=1e-05  (7.0ms/step avg)
  step 448100/450360  loss=2.4435  lr=1e-05  (7.0ms/step avg)
  step 448200/450360  loss=2.3404  lr=1e-05  (7.0ms/step avg)
  step 448300/450360  loss=2.4175  lr=1e-05  (7.0ms/step avg)
  step 448400/450360  loss=2.1965  lr=1e-05  (7.0ms/step avg)
  step 448500/450360  loss=2.3415  lr=0.0  (7.0ms/step avg)
  step 448600/450360  loss=2.2165  lr=0.0  (7.0ms/step avg)
  step 448700/450360  loss=2.1557  lr=0.0  (7.0ms/step avg)
  step 448800/450360  loss=2.3413  lr=0.0  (7.0ms/step avg)
  step 448900/450360  loss=2.1899  lr=0.0  (7.0ms/step avg)
  step 449000/450360  loss=2.4094  lr=0.0  (7.0ms/step avg)
  step 449100/450360  loss=2.3662  lr=0.0  (7.0ms/step avg)
  step 449200/450360  loss=2.3732  lr=0.0  (7.0ms/step avg)
  step 449300/450360  loss=2.2723  lr=0.0  (7.0ms/step avg)
  step 449400/450360  loss=2.3116  lr=0.0  (7.0ms/step avg)
  step 449500/450360  loss=2.3435  lr=0.0  (7.0ms/step avg)
  step 449600/450360  loss=2.3134  lr=0.0  (7.0ms/step avg)
  step 449700/450360  loss=2.4898  lr=0.0  (8.0ms/step avg)
  step 449800/450360  loss=2.2643  lr=0.0  (8.0ms/step avg)
  step 449900/450360  loss=2.3653  lr=0.0  (8.0ms/step avg)
  step 450000/450360  loss=2.2848  lr=0.0  (8.0ms/step avg)
  step 450100/450360  loss=2.3083  lr=0.0  (8.0ms/step avg)
  step 450200/450360  loss=2.2231  lr=0.0  (8.0ms/step avg)
  step 450300/450360  loss=2.3105  lr=0.0  (8.0ms/step avg)
  Running validation ...
[Epoch 90] lr=0.0 loss(train_avg)=2.3214 val_top1=34138/49920 (0.6839) val_top5=0.8815 val_loss=1.3857  [556.8s train, -546.8s val]
saved 53 param-groups to /home/skoonce/mnv2_imagenet_bf16_e90.bin (14019488 bytes)
saved 53 param-groups to /home/skoonce/mnv2_imagenet_bf16.bin (14019488 bytes)

Done. Total time: 3464.6s
