DDPM UNet sincos-t base80 (CIFAR 32x32x3): 2948963 params (epochs=50)
Generating train step MLIR...
  182225 chars
Compiling vmfb...
  train step compiled
Loading CIFAR-10...
  train: 50000 images (centered to [-1, 1])
  2948963 params, 33 MB
  session loaded
training: 1562 batches/epoch, batch=32, lr=0.000500
  step 0/1562: loss=1.954088 (240ms)
  step 1/1562: loss=2.084938 (228ms)
  step 2/1562: loss=1.463072 (228ms)
  step 200/1562: loss=0.173969 (219ms)
  step 400/1562: loss=0.134738 (227ms)
  step 600/1562: loss=0.097656 (214ms)
  step 800/1562: loss=0.100361 (224ms)
  step 1000/1562: loss=0.085943 (222ms)
  step 1200/1562: loss=0.111216 (213ms)
  step 1400/1562: loss=0.095936 (227ms)
Epoch 1/50: avg loss=0.140107 (365354ms)
  step 0/1562: loss=0.066390 (220ms)
  step 1/1562: loss=0.086909 (217ms)
  step 2/1562: loss=0.122414 (221ms)
  step 200/1562: loss=0.053261 (223ms)
  step 400/1562: loss=0.109270 (228ms)
  step 600/1562: loss=0.058175 (231ms)
  step 800/1562: loss=0.100772 (227ms)
  step 1000/1562: loss=0.045913 (228ms)
  step 1200/1562: loss=0.064513 (228ms)
  step 1400/1562: loss=0.084040 (226ms)
Epoch 2/50: avg loss=0.087185 (367435ms)
  step 0/1562: loss=0.076334 (221ms)
  step 1/1562: loss=0.102851 (228ms)
  step 2/1562: loss=0.074763 (229ms)
  step 200/1562: loss=0.093239 (223ms)
  step 400/1562: loss=0.124973 (228ms)
  step 600/1562: loss=0.061143 (220ms)
  step 800/1562: loss=0.044329 (217ms)
  step 1000/1562: loss=0.071169 (229ms)
  step 1200/1562: loss=0.094502 (231ms)
  step 1400/1562: loss=0.061647 (223ms)
Epoch 3/50: avg loss=0.080040 (369069ms)
  step 0/1562: loss=0.071104 (219ms)
  step 1/1562: loss=0.075474 (215ms)
  step 2/1562: loss=0.127098 (215ms)
  step 200/1562: loss=0.048849 (217ms)
  step 400/1562: loss=0.065727 (222ms)
  step 600/1562: loss=0.074032 (230ms)
  step 800/1562: loss=0.106267 (237ms)
  step 1000/1562: loss=0.051446 (231ms)
  step 1200/1562: loss=0.054441 (218ms)
  step 1400/1562: loss=0.056162 (234ms)
Epoch 4/50: avg loss=0.075182 (368812ms)
  step 0/1562: loss=0.046319 (221ms)
  step 1/1562: loss=0.072111 (232ms)
  step 2/1562: loss=0.090697 (229ms)
  step 200/1562: loss=0.068813 (226ms)
  step 400/1562: loss=0.058888 (220ms)
  step 600/1562: loss=0.061534 (218ms)
  step 800/1562: loss=0.077561 (227ms)
  step 1000/1562: loss=0.073858 (219ms)
  step 1200/1562: loss=0.076125 (216ms)
  step 1400/1562: loss=0.105556 (237ms)
Epoch 5/50: avg loss=0.073799 (368890ms)
  step 0/1562: loss=0.104968 (229ms)
  step 1/1562: loss=0.084215 (220ms)
  step 2/1562: loss=0.083069 (229ms)
  step 200/1562: loss=0.070040 (222ms)
  step 400/1562: loss=0.086821 (233ms)
  step 600/1562: loss=0.089163 (219ms)
  step 800/1562: loss=0.053509 (218ms)
  step 1000/1562: loss=0.047212 (216ms)
  step 1200/1562: loss=0.065219 (222ms)
  step 1400/1562: loss=0.078460 (219ms)
Epoch 6/50: avg loss=0.071504 (368737ms)
  step 0/1562: loss=0.098376 (219ms)
  step 1/1562: loss=0.053482 (228ms)
  step 2/1562: loss=0.046312 (228ms)
  step 200/1562: loss=0.082368 (224ms)
  step 400/1562: loss=0.052328 (220ms)
  step 600/1562: loss=0.084697 (231ms)
  step 800/1562: loss=0.099026 (230ms)
  step 1000/1562: loss=0.065869 (225ms)
  step 1200/1562: loss=0.077183 (218ms)
  step 1400/1562: loss=0.064280 (220ms)
Epoch 7/50: avg loss=0.070774 (368039ms)
  step 0/1562: loss=0.072596 (224ms)
  step 1/1562: loss=0.049901 (223ms)
  step 2/1562: loss=0.097364 (221ms)
  step 200/1562: loss=0.074813 (229ms)
  step 400/1562: loss=0.053054 (232ms)
  step 600/1562: loss=0.067810 (225ms)
  step 800/1562: loss=0.054186 (222ms)
  step 1000/1562: loss=0.068197 (217ms)
  step 1200/1562: loss=0.063441 (227ms)
  step 1400/1562: loss=0.049850 (224ms)
Epoch 8/50: avg loss=0.069030 (368295ms)
  step 0/1562: loss=0.083093 (214ms)
  step 1/1562: loss=0.071635 (228ms)
  step 2/1562: loss=0.063671 (230ms)
  step 200/1562: loss=0.055400 (228ms)
  step 400/1562: loss=0.073846 (225ms)
  step 600/1562: loss=0.054371 (221ms)
  step 800/1562: loss=0.071072 (236ms)
  step 1000/1562: loss=0.067685 (221ms)
  step 1200/1562: loss=0.068387 (222ms)
  step 1400/1562: loss=0.065542 (222ms)
Epoch 9/50: avg loss=0.068513 (368567ms)
  step 0/1562: loss=0.050834 (231ms)
  step 1/1562: loss=0.066999 (223ms)
  step 2/1562: loss=0.085658 (229ms)
  step 200/1562: loss=0.055379 (234ms)
  step 400/1562: loss=0.050086 (216ms)
  step 600/1562: loss=0.062881 (225ms)
  step 800/1562: loss=0.058761 (232ms)
  step 1000/1562: loss=0.056665 (219ms)
  step 1200/1562: loss=0.074431 (217ms)
  step 1400/1562: loss=0.050850 (225ms)
Epoch 10/50: avg loss=0.067294 (368587ms)
  step 0/1562: loss=0.071447 (229ms)
  step 1/1562: loss=0.100499 (228ms)
  step 2/1562: loss=0.039719 (219ms)
  step 200/1562: loss=0.080545 (223ms)
  step 400/1562: loss=0.053211 (230ms)
  step 600/1562: loss=0.044532 (219ms)
  step 800/1562: loss=0.035589 (230ms)
  step 1000/1562: loss=0.058947 (215ms)
  step 1200/1562: loss=0.044141 (225ms)
  step 1400/1562: loss=0.100299 (222ms)
Epoch 11/50: avg loss=0.067421 (368458ms)
  step 0/1562: loss=0.062782 (229ms)
  step 1/1562: loss=0.065389 (226ms)
  step 2/1562: loss=0.074630 (228ms)
  step 200/1562: loss=0.057537 (232ms)
  step 400/1562: loss=0.081506 (220ms)
  step 600/1562: loss=0.073624 (224ms)
  step 800/1562: loss=0.091903 (223ms)
  step 1000/1562: loss=0.070630 (221ms)
  step 1200/1562: loss=0.044091 (228ms)
  step 1400/1562: loss=0.062844 (217ms)
Epoch 12/50: avg loss=0.066674 (368189ms)
  step 0/1562: loss=0.090528 (229ms)
  step 1/1562: loss=0.096796 (227ms)
  step 2/1562: loss=0.070656 (227ms)
  step 200/1562: loss=0.082779 (225ms)
  step 400/1562: loss=0.056881 (220ms)
  step 600/1562: loss=0.051725 (225ms)
  step 800/1562: loss=0.052747 (221ms)
  step 1000/1562: loss=0.050756 (228ms)
  step 1200/1562: loss=0.101937 (222ms)
  step 1400/1562: loss=0.058895 (215ms)
Epoch 13/50: avg loss=0.066115 (368402ms)
  step 0/1562: loss=0.070466 (224ms)
  step 1/1562: loss=0.063738 (224ms)
  step 2/1562: loss=0.051582 (224ms)
  step 200/1562: loss=0.075360 (225ms)
  step 400/1562: loss=0.045710 (225ms)
  step 600/1562: loss=0.073536 (224ms)
  step 800/1562: loss=0.082384 (231ms)
  step 1000/1562: loss=0.034223 (228ms)
  step 1200/1562: loss=0.058365 (224ms)
  step 1400/1562: loss=0.051748 (223ms)
Epoch 14/50: avg loss=0.065911 (368856ms)
  step 0/1562: loss=0.055451 (227ms)
  step 1/1562: loss=0.087392 (226ms)
  step 2/1562: loss=0.054740 (226ms)
  step 200/1562: loss=0.093224 (226ms)
  step 400/1562: loss=0.047541 (223ms)
  step 600/1562: loss=0.057386 (230ms)
  step 800/1562: loss=0.062362 (231ms)
  step 1000/1562: loss=0.107224 (223ms)
  step 1200/1562: loss=0.061076 (229ms)
  step 1400/1562: loss=0.051807 (213ms)
Epoch 15/50: avg loss=0.065900 (368766ms)
  step 0/1562: loss=0.067000 (221ms)
  step 1/1562: loss=0.056977 (225ms)
  step 2/1562: loss=0.094200 (228ms)
  step 200/1562: loss=0.067352 (229ms)
  step 400/1562: loss=0.055202 (225ms)
  step 600/1562: loss=0.059824 (224ms)
  step 800/1562: loss=0.046627 (230ms)
  step 1000/1562: loss=0.068839 (223ms)
  step 1200/1562: loss=0.089777 (223ms)
  step 1400/1562: loss=0.071818 (229ms)
Epoch 16/50: avg loss=0.065404 (367866ms)
  step 0/1562: loss=0.034877 (221ms)
  step 1/1562: loss=0.059439 (229ms)
  step 2/1562: loss=0.044075 (232ms)
  step 200/1562: loss=0.052296 (230ms)
  step 400/1562: loss=0.110362 (226ms)
  step 600/1562: loss=0.090989 (213ms)
  step 800/1562: loss=0.054018 (230ms)
  step 1000/1562: loss=0.056221 (227ms)
  step 1200/1562: loss=0.055322 (225ms)
  step 1400/1562: loss=0.043580 (225ms)
Epoch 17/50: avg loss=0.065898 (368390ms)
  step 0/1562: loss=0.086671 (223ms)
  step 1/1562: loss=0.065081 (218ms)
  step 2/1562: loss=0.074053 (221ms)
  step 200/1562: loss=0.039213 (229ms)
  step 400/1562: loss=0.070760 (220ms)
  step 600/1562: loss=0.079394 (225ms)
  step 800/1562: loss=0.070805 (228ms)
  step 1000/1562: loss=0.062241 (229ms)
  step 1200/1562: loss=0.042434 (217ms)
  step 1400/1562: loss=0.074183 (228ms)
Epoch 18/50: avg loss=0.065455 (368278ms)
  step 0/1562: loss=0.052570 (216ms)
  step 1/1562: loss=0.083623 (223ms)
  step 2/1562: loss=0.041472 (215ms)
  step 200/1562: loss=0.090823 (228ms)
  step 400/1562: loss=0.051678 (218ms)
  step 600/1562: loss=0.065265 (224ms)
  step 800/1562: loss=0.067562 (224ms)
  step 1000/1562: loss=0.053888 (220ms)
  step 1200/1562: loss=0.059112 (218ms)
  step 1400/1562: loss=0.049203 (223ms)
Epoch 19/50: avg loss=0.064719 (368064ms)
  step 0/1562: loss=0.079159 (228ms)
  step 1/1562: loss=0.073529 (231ms)
  step 2/1562: loss=0.066773 (226ms)
  step 200/1562: loss=0.069161 (229ms)
  step 400/1562: loss=0.067016 (227ms)
  step 600/1562: loss=0.079457 (218ms)
  step 800/1562: loss=0.064846 (228ms)
  step 1000/1562: loss=0.058713 (228ms)
  step 1200/1562: loss=0.050749 (218ms)
  step 1400/1562: loss=0.065701 (217ms)
Epoch 20/50: avg loss=0.064030 (368856ms)
  step 0/1562: loss=0.046770 (227ms)
  step 1/1562: loss=0.096205 (219ms)
  step 2/1562: loss=0.087372 (224ms)
  step 200/1562: loss=0.085836 (230ms)
  step 400/1562: loss=0.042063 (229ms)
  step 600/1562: loss=0.065186 (226ms)
  step 800/1562: loss=0.041519 (218ms)
  step 1000/1562: loss=0.062959 (228ms)
  step 1200/1562: loss=0.068689 (226ms)
  step 1400/1562: loss=0.088846 (225ms)
Epoch 21/50: avg loss=0.064476 (368158ms)
  step 0/1562: loss=0.077750 (219ms)
  step 1/1562: loss=0.072810 (226ms)
  step 2/1562: loss=0.062381 (227ms)
  step 200/1562: loss=0.053853 (232ms)
  step 400/1562: loss=0.068018 (220ms)
  step 600/1562: loss=0.054325 (225ms)
  step 800/1562: loss=0.060470 (217ms)
  step 1000/1562: loss=0.069202 (224ms)
  step 1200/1562: loss=0.069522 (225ms)
  step 1400/1562: loss=0.067154 (222ms)
Epoch 22/50: avg loss=0.064257 (368892ms)
  step 0/1562: loss=0.088042 (222ms)
  step 1/1562: loss=0.049221 (221ms)
  step 2/1562: loss=0.080121 (222ms)
  step 200/1562: loss=0.067975 (233ms)
  step 400/1562: loss=0.043547 (227ms)
  step 600/1562: loss=0.043132 (236ms)
  step 800/1562: loss=0.061731 (222ms)
  step 1000/1562: loss=0.087915 (230ms)
  step 1200/1562: loss=0.087005 (226ms)
  step 1400/1562: loss=0.034652 (216ms)
Epoch 23/50: avg loss=0.064210 (369298ms)
  step 0/1562: loss=0.052525 (224ms)
  step 1/1562: loss=0.069760 (221ms)
  step 2/1562: loss=0.061421 (221ms)
  step 200/1562: loss=0.094975 (219ms)
  step 400/1562: loss=0.072518 (218ms)
  step 600/1562: loss=0.076384 (225ms)
  step 800/1562: loss=0.066215 (224ms)
  step 1000/1562: loss=0.048971 (224ms)
  step 1200/1562: loss=0.053384 (227ms)
  step 1400/1562: loss=0.058067 (232ms)
Epoch 24/50: avg loss=0.063985 (368388ms)
  step 0/1562: loss=0.061486 (223ms)
  step 1/1562: loss=0.067317 (227ms)
  step 2/1562: loss=0.064109 (215ms)
  step 200/1562: loss=0.063415 (231ms)
  step 400/1562: loss=0.075086 (229ms)
  step 600/1562: loss=0.066559 (225ms)
  step 800/1562: loss=0.068469 (223ms)
  step 1000/1562: loss=0.049947 (219ms)
  step 1200/1562: loss=0.058788 (222ms)
  step 1400/1562: loss=0.047911 (219ms)
Epoch 25/50: avg loss=0.063843 (368641ms)
  step 0/1562: loss=0.081410 (218ms)
  step 1/1562: loss=0.072748 (221ms)
  step 2/1562: loss=0.061123 (222ms)
  step 200/1562: loss=0.057156 (226ms)
  step 400/1562: loss=0.051325 (222ms)
  step 600/1562: loss=0.067922 (224ms)
  step 800/1562: loss=0.050890 (224ms)
  step 1000/1562: loss=0.026420 (227ms)
  step 1200/1562: loss=0.038466 (224ms)
  step 1400/1562: loss=0.048697 (228ms)
Epoch 26/50: avg loss=0.063286 (368748ms)
  step 0/1562: loss=0.057771 (229ms)
  step 1/1562: loss=0.102067 (220ms)
  step 2/1562: loss=0.052806 (222ms)
  step 200/1562: loss=0.039049 (225ms)
  step 400/1562: loss=0.042563 (225ms)
  step 600/1562: loss=0.068470 (214ms)
  step 800/1562: loss=0.060784 (224ms)
  step 1000/1562: loss=0.059052 (231ms)
  step 1200/1562: loss=0.050702 (233ms)
  step 1400/1562: loss=0.052837 (222ms)
Epoch 27/50: avg loss=0.063963 (368277ms)
  step 0/1562: loss=0.049559 (228ms)
  step 1/1562: loss=0.097341 (222ms)
  step 2/1562: loss=0.062865 (227ms)
  step 200/1562: loss=0.044930 (218ms)
  step 400/1562: loss=0.056237 (220ms)
  step 600/1562: loss=0.066301 (223ms)
  step 800/1562: loss=0.071720 (230ms)
  step 1000/1562: loss=0.058725 (224ms)
  step 1200/1562: loss=0.061644 (220ms)
  step 1400/1562: loss=0.029073 (221ms)
Epoch 28/50: avg loss=0.063427 (368415ms)
  step 0/1562: loss=0.086525 (222ms)
  step 1/1562: loss=0.044820 (227ms)
  step 2/1562: loss=0.067743 (228ms)
  step 200/1562: loss=0.065019 (226ms)
  step 400/1562: loss=0.073518 (218ms)
  step 600/1562: loss=0.053908 (228ms)
  step 800/1562: loss=0.070711 (224ms)
  step 1000/1562: loss=0.043857 (222ms)
  step 1200/1562: loss=0.078716 (224ms)
  step 1400/1562: loss=0.036927 (232ms)
Epoch 29/50: avg loss=0.063485 (369129ms)
  step 0/1562: loss=0.056050 (224ms)
  step 1/1562: loss=0.065622 (225ms)
  step 2/1562: loss=0.070388 (220ms)
  step 200/1562: loss=0.050622 (224ms)
  step 400/1562: loss=0.051044 (218ms)
  step 600/1562: loss=0.068841 (222ms)
  step 800/1562: loss=0.055418 (219ms)
  step 1000/1562: loss=0.045496 (226ms)
  step 1200/1562: loss=0.085141 (225ms)
  step 1400/1562: loss=0.073353 (225ms)
Epoch 30/50: avg loss=0.063254 (369030ms)
  step 0/1562: loss=0.068394 (222ms)
  step 1/1562: loss=0.070530 (232ms)
  step 2/1562: loss=0.036463 (232ms)
  step 200/1562: loss=0.053675 (222ms)
  step 400/1562: loss=0.064542 (223ms)
  step 600/1562: loss=0.064994 (224ms)
  step 800/1562: loss=0.041172 (226ms)
  step 1000/1562: loss=0.068800 (221ms)
  step 1200/1562: loss=0.044530 (223ms)
  step 1400/1562: loss=0.028174 (228ms)
Epoch 31/50: avg loss=0.063645 (368621ms)
  step 0/1562: loss=0.057987 (230ms)
  step 1/1562: loss=0.057258 (229ms)
  step 2/1562: loss=0.046611 (228ms)
  step 200/1562: loss=0.070076 (220ms)
  step 400/1562: loss=0.074091 (225ms)
  step 600/1562: loss=0.053037 (223ms)
  step 800/1562: loss=0.074114 (232ms)
  step 1000/1562: loss=0.053523 (225ms)
  step 1200/1562: loss=0.065638 (230ms)
  step 1400/1562: loss=0.087575 (222ms)
Epoch 32/50: avg loss=0.063002 (368590ms)
  step 0/1562: loss=0.066526 (222ms)
  step 1/1562: loss=0.086273 (223ms)
  step 2/1562: loss=0.078815 (223ms)
  step 200/1562: loss=0.053539 (224ms)
  step 400/1562: loss=0.089276 (226ms)
  step 600/1562: loss=0.054776 (225ms)
  step 800/1562: loss=0.053879 (214ms)
  step 1000/1562: loss=0.058749 (227ms)
  step 1200/1562: loss=0.095862 (222ms)
  step 1400/1562: loss=0.068234 (225ms)
Epoch 33/50: avg loss=0.063414 (368758ms)
  step 0/1562: loss=0.069656 (230ms)
  step 1/1562: loss=0.051754 (232ms)
  step 2/1562: loss=0.046833 (222ms)
  step 200/1562: loss=0.080276 (226ms)
  step 400/1562: loss=0.071060 (227ms)
  step 600/1562: loss=0.044034 (231ms)
  step 800/1562: loss=0.038483 (225ms)
  step 1000/1562: loss=0.040469 (220ms)
  step 1200/1562: loss=0.044721 (223ms)
  step 1400/1562: loss=0.045198 (223ms)
Epoch 34/50: avg loss=0.062886 (368828ms)
  step 0/1562: loss=0.056107 (215ms)
  step 1/1562: loss=0.075482 (214ms)
  step 2/1562: loss=0.057080 (222ms)
  step 200/1562: loss=0.041299 (218ms)
  step 400/1562: loss=0.088739 (219ms)
  step 600/1562: loss=0.061089 (224ms)
  step 800/1562: loss=0.072528 (229ms)
  step 1000/1562: loss=0.059969 (220ms)
  step 1200/1562: loss=0.072903 (224ms)
  step 1400/1562: loss=0.072197 (229ms)
Epoch 35/50: avg loss=0.062899 (368877ms)
  step 0/1562: loss=0.065202 (221ms)
  step 1/1562: loss=0.054715 (223ms)
  step 2/1562: loss=0.089993 (228ms)
  step 200/1562: loss=0.098440 (216ms)
  step 400/1562: loss=0.073795 (226ms)
  step 600/1562: loss=0.070944 (232ms)
  step 800/1562: loss=0.053866 (223ms)
  step 1000/1562: loss=0.043976 (221ms)
  step 1200/1562: loss=0.081857 (226ms)
  step 1400/1562: loss=0.043691 (224ms)
Epoch 36/50: avg loss=0.063143 (369526ms)
  step 0/1562: loss=0.056232 (227ms)
  step 1/1562: loss=0.058415 (228ms)
  step 2/1562: loss=0.088547 (235ms)
  step 200/1562: loss=0.057912 (226ms)
  step 400/1562: loss=0.053587 (222ms)
  step 600/1562: loss=0.030268 (229ms)
  step 800/1562: loss=0.080825 (219ms)
  step 1000/1562: loss=0.075423 (216ms)
  step 1200/1562: loss=0.054996 (233ms)
  step 1400/1562: loss=0.047140 (225ms)
Epoch 37/50: avg loss=0.063026 (368824ms)
  step 0/1562: loss=0.059101 (229ms)
  step 1/1562: loss=0.045715 (234ms)
  step 2/1562: loss=0.076875 (228ms)
  step 200/1562: loss=0.061118 (216ms)
  step 400/1562: loss=0.112205 (233ms)
  step 600/1562: loss=0.060193 (217ms)
  step 800/1562: loss=0.085864 (224ms)
  step 1000/1562: loss=0.063573 (229ms)
  step 1200/1562: loss=0.068538 (223ms)
  step 1400/1562: loss=0.071407 (222ms)
Epoch 38/50: avg loss=0.063441 (369337ms)
  step 0/1562: loss=0.065790 (222ms)
  step 1/1562: loss=0.068777 (225ms)
  step 2/1562: loss=0.071068 (224ms)
  step 200/1562: loss=0.063188 (226ms)
  step 400/1562: loss=0.088109 (223ms)
  step 600/1562: loss=0.050908 (228ms)
  step 800/1562: loss=0.072367 (221ms)
  step 1000/1562: loss=0.045674 (227ms)
  step 1200/1562: loss=0.052685 (221ms)
  step 1400/1562: loss=0.057263 (221ms)
Epoch 39/50: avg loss=0.063180 (368733ms)
  step 0/1562: loss=0.048978 (225ms)
  step 1/1562: loss=0.082336 (220ms)
  step 2/1562: loss=0.064397 (224ms)
  step 200/1562: loss=0.079418 (226ms)
  step 400/1562: loss=0.045395 (227ms)
  step 600/1562: loss=0.071507 (230ms)
  step 800/1562: loss=0.081764 (219ms)
  step 1000/1562: loss=0.033738 (221ms)
  step 1200/1562: loss=0.069506 (218ms)
  step 1400/1562: loss=0.048193 (223ms)
Epoch 40/50: avg loss=0.062905 (368282ms)
  step 0/1562: loss=0.045817 (223ms)
  step 1/1562: loss=0.056801 (218ms)
  step 2/1562: loss=0.051994 (216ms)
  step 200/1562: loss=0.058736 (224ms)
  step 400/1562: loss=0.067243 (228ms)
  step 600/1562: loss=0.054952 (220ms)
  step 800/1562: loss=0.049615 (227ms)
  step 1000/1562: loss=0.064465 (226ms)
  step 1200/1562: loss=0.067603 (223ms)
  step 1400/1562: loss=0.072331 (216ms)
Epoch 41/50: avg loss=0.062858 (368165ms)
  step 0/1562: loss=0.041000 (220ms)
  step 1/1562: loss=0.111858 (221ms)
  step 2/1562: loss=0.081168 (221ms)
  step 200/1562: loss=0.050283 (223ms)
  step 400/1562: loss=0.083892 (221ms)
  step 600/1562: loss=0.046741 (225ms)
  step 800/1562: loss=0.065002 (230ms)
  step 1000/1562: loss=0.041884 (218ms)
  step 1200/1562: loss=0.067127 (229ms)
  step 1400/1562: loss=0.049044 (221ms)
Epoch 42/50: avg loss=0.062140 (368717ms)
  step 0/1562: loss=0.063358 (225ms)
  step 1/1562: loss=0.060579 (226ms)
  step 2/1562: loss=0.080799 (224ms)
  step 200/1562: loss=0.058945 (222ms)
  step 400/1562: loss=0.075224 (233ms)
  step 600/1562: loss=0.047629 (220ms)
  step 800/1562: loss=0.066703 (228ms)
  step 1000/1562: loss=0.050062 (219ms)
  step 1200/1562: loss=0.067778 (231ms)
  step 1400/1562: loss=0.051050 (230ms)
Epoch 43/50: avg loss=0.062709 (369350ms)
  step 0/1562: loss=0.080859 (221ms)
  step 1/1562: loss=0.080769 (223ms)
  step 2/1562: loss=0.066699 (227ms)
  step 200/1562: loss=0.034740 (219ms)
  step 400/1562: loss=0.061171 (229ms)
  step 600/1562: loss=0.073541 (224ms)
  step 800/1562: loss=0.089105 (221ms)
  step 1000/1562: loss=0.058175 (215ms)
  step 1200/1562: loss=0.047775 (224ms)
  step 1400/1562: loss=0.046351 (235ms)
Epoch 44/50: avg loss=0.061862 (368892ms)
  step 0/1562: loss=0.052441 (226ms)
  step 1/1562: loss=0.055626 (228ms)
  step 2/1562: loss=0.061569 (231ms)
  step 200/1562: loss=0.043080 (222ms)
  step 400/1562: loss=0.058649 (217ms)
  step 600/1562: loss=0.054450 (214ms)
  step 800/1562: loss=0.050304 (228ms)
  step 1000/1562: loss=0.056899 (222ms)
  step 1200/1562: loss=0.046748 (235ms)
  step 1400/1562: loss=0.064727 (214ms)
Epoch 45/50: avg loss=0.062796 (369219ms)
  step 0/1562: loss=0.058367 (232ms)
  step 1/1562: loss=0.065401 (218ms)
  step 2/1562: loss=0.082419 (222ms)
  step 200/1562: loss=0.093280 (225ms)
  step 400/1562: loss=0.050327 (230ms)
  step 600/1562: loss=0.055346 (234ms)
  step 800/1562: loss=0.072677 (226ms)
  step 1000/1562: loss=0.040158 (223ms)
  step 1200/1562: loss=0.075360 (223ms)
  step 1400/1562: loss=0.056142 (232ms)
Epoch 46/50: avg loss=0.062875 (369005ms)
  step 0/1562: loss=0.065462 (234ms)
  step 1/1562: loss=0.070791 (234ms)
  step 2/1562: loss=0.063753 (233ms)
  step 200/1562: loss=0.087426 (231ms)
  step 400/1562: loss=0.073050 (227ms)
  step 600/1562: loss=0.053979 (223ms)
  step 800/1562: loss=0.045798 (218ms)
  step 1000/1562: loss=0.062166 (223ms)
  step 1200/1562: loss=0.045333 (228ms)
  step 1400/1562: loss=0.060298 (218ms)
Epoch 47/50: avg loss=0.061886 (369573ms)
  step 0/1562: loss=0.068552 (228ms)
  step 1/1562: loss=0.059392 (231ms)
  step 2/1562: loss=0.045755 (224ms)
  step 200/1562: loss=0.070839 (220ms)
  step 400/1562: loss=0.068383 (224ms)
  step 600/1562: loss=0.061442 (230ms)
  step 800/1562: loss=0.053807 (226ms)
  step 1000/1562: loss=0.056804 (234ms)
  step 1200/1562: loss=0.041734 (227ms)
  step 1400/1562: loss=0.054684 (224ms)
Epoch 48/50: avg loss=0.062760 (369320ms)
  step 0/1562: loss=0.072517 (219ms)
  step 1/1562: loss=0.069873 (215ms)
  step 2/1562: loss=0.065481 (221ms)
  step 200/1562: loss=0.052509 (225ms)
  step 400/1562: loss=0.058470 (225ms)
  step 600/1562: loss=0.065300 (223ms)
  step 800/1562: loss=0.063788 (226ms)
  step 1000/1562: loss=0.113586 (220ms)
  step 1200/1562: loss=0.050029 (231ms)
  step 1400/1562: loss=0.058325 (229ms)
Epoch 49/50: avg loss=0.062530 (368701ms)
  step 0/1562: loss=0.051567 (222ms)
  step 1/1562: loss=0.082798 (222ms)
  step 2/1562: loss=0.051258 (223ms)
  step 200/1562: loss=0.057368 (226ms)
  step 400/1562: loss=0.036149 (221ms)
  step 600/1562: loss=0.049401 (224ms)
  step 800/1562: loss=0.122932 (227ms)
  step 1000/1562: loss=0.063468 (222ms)
  step 1200/1562: loss=0.036226 (226ms)
  step 1400/1562: loss=0.061444 (232ms)
Epoch 50/50: avg loss=0.062185 (368897ms)
Saved params + BN stats.
