EfficientNet-B0 (ImageNet, bf16) · Lean 4 → JAX
  Conv(3→32,3x3/2)+BN → MB1(32→16,e1,k3,s1,SE,Swish) → MB2(16→24,e6,k3,s2,SE,Swish) → MB2(24→40,e6,k5,s2,SE,Swish) → MB3(40→80,e6,k3,s2,SE,Swish) → MB3(80→112,e6,k5,s1,SE,Swish) → MB4(112→192,e6,k5,s2,SE,Swish) → MB1(192→320,e6,k3,s1,SE,Swish) → Conv(320→1280,1x1/1)+BN → GAP → 1280→1000

ImageNet (1000-class) — tfds streaming pipeline
lr=0.100000  batch_size=252 (6 devices x 42)  epochs=80  params=5288548
steps_per_epoch=5083  total_steps=406640
backend=gpu  devices=[CudaDevice(id=0), CudaDevice(id=1), CudaDevice(id=2), CudaDevice(id=3), CudaDevice(id=4), CudaDevice(id=5)]
Starting training...
Loading phase-3 init from /home/skoonce/enet_b0_imagenet_bf16_e74.bin
Resuming at global_step=376142 (= epoch 75/80); LR schedule continues from there
E0605 02:49:43.384449   56871 cuda_timer.cc:87] Delay kernel timed out: measured time has sub-optimal accuracy. There may be a missing warmup execution, please investigate in Nsight Systems.
E0605 02:49:44.558997   56870 cuda_timer.cc:87] Delay kernel timed out: measured time has sub-optimal accuracy. There may be a missing warmup execution, please investigate in Nsight Systems.
E0605 02:49:46.018949   56870 cuda_timer.cc:87] Delay kernel timed out: measured time has sub-optimal accuracy. There may be a missing warmup execution, please investigate in Nsight Systems.
E0605 02:49:48.071229   56870 cuda_timer.cc:87] Delay kernel timed out: measured time has sub-optimal accuracy. There may be a missing warmup execution, please investigate in Nsight Systems.
E0605 02:49:48.360549   56870 cuda_timer.cc:87] Delay kernel timed out: measured time has sub-optimal accuracy. There may be a missing warmup execution, please investigate in Nsight Systems.
E0605 02:49:48.581656   56870 cuda_timer.cc:87] Delay kernel timed out: measured time has sub-optimal accuracy. There may be a missing warmup execution, please investigate in Nsight Systems.
E0605 02:49:50.402174   56870 cuda_timer.cc:87] Delay kernel timed out: measured time has sub-optimal accuracy. There may be a missing warmup execution, please investigate in Nsight Systems.
E0605 02:49:52.023511   56870 cuda_timer.cc:87] Delay kernel timed out: measured time has sub-optimal accuracy. There may be a missing warmup execution, please investigate in Nsight Systems.
E0605 02:49:53.250654   56870 cuda_timer.cc:87] Delay kernel timed out: measured time has sub-optimal accuracy. There may be a missing warmup execution, please investigate in Nsight Systems.
E0605 02:49:54.664435   56870 cuda_timer.cc:87] Delay kernel timed out: measured time has sub-optimal accuracy. There may be a missing warmup execution, please investigate in Nsight Systems.
E0605 02:49:56.992767   56870 cuda_timer.cc:87] Delay kernel timed out: measured time has sub-optimal accuracy. There may be a missing warmup execution, please investigate in Nsight Systems.
E0605 02:49:57.712188   56873 cuda_timer.cc:87] Delay kernel timed out: measured time has sub-optimal accuracy. There may be a missing warmup execution, please investigate in Nsight Systems.
E0605 02:49:58.381983   56893 cuda_timer.cc:87] Delay kernel timed out: measured time has sub-optimal accuracy. There may be a missing warmup execution, please investigate in Nsight Systems.
E0605 02:49:58.522058   56897 cuda_timer.cc:87] Delay kernel timed out: measured time has sub-optimal accuracy. There may be a missing warmup execution, please investigate in Nsight Systems.
E0605 02:50:08.792391   56887 cuda_timer.cc:87] Delay kernel timed out: measured time has sub-optimal accuracy. There may be a missing warmup execution, please investigate in Nsight Systems.
E0605 02:50:09.333893   56885 cuda_timer.cc:87] Delay kernel timed out: measured time has sub-optimal accuracy. There may be a missing warmup execution, please investigate in Nsight Systems.
E0605 02:50:09.486543   56874 cuda_timer.cc:87] Delay kernel timed out: measured time has sub-optimal accuracy. There may be a missing warmup execution, please investigate in Nsight Systems.
E0605 02:50:10.249106   56870 cuda_timer.cc:87] Delay kernel timed out: measured time has sub-optimal accuracy. There may be a missing warmup execution, please investigate in Nsight Systems.
  step 376200/406640  loss=1.8776  lr=0.00157  (0.0ms/step avg)
  step 376300/406640  loss=2.0551  lr=0.00155  (0.0ms/step avg)
  step 376400/406640  loss=2.003  lr=0.00154  (0.0ms/step avg)
  step 376500/406640  loss=1.9259  lr=0.00153  (0.0ms/step avg)
  step 376600/406640  loss=2.0465  lr=0.00152  (0.0ms/step avg)
  step 376700/406640  loss=1.9997  lr=0.00151  (0.0ms/step avg)
  step 376800/406640  loss=1.9538  lr=0.0015  (0.0ms/step avg)
  step 376900/406640  loss=2.1089  lr=0.00149  (0.0ms/step avg)
  step 377000/406640  loss=2.0721  lr=0.00148  (0.0ms/step avg)
  step 377100/406640  loss=1.9041  lr=0.00147  (0.0ms/step avg)
  step 377200/406640  loss=1.9181  lr=0.00146  (0.0ms/step avg)
  step 377300/406640  loss=1.9638  lr=0.00145  (1.0ms/step avg)
  step 377400/406640  loss=2.0257  lr=0.00144  (1.0ms/step avg)
  step 377500/406640  loss=2.1061  lr=0.00143  (1.0ms/step avg)
  step 377600/406640  loss=2.1794  lr=0.00143  (1.0ms/step avg)
  step 377700/406640  loss=2.2281  lr=0.00142  (1.0ms/step avg)
  step 377800/406640  loss=2.033  lr=0.00141  (1.0ms/step avg)
  step 377900/406640  loss=2.0049  lr=0.0014  (1.0ms/step avg)
  step 378000/406640  loss=1.8993  lr=0.00139  (1.0ms/step avg)
  step 378100/406640  loss=1.9021  lr=0.00138  (1.0ms/step avg)
  step 378200/406640  loss=1.9413  lr=0.00137  (1.0ms/step avg)
  step 378300/406640  loss=2.1277  lr=0.00136  (1.0ms/step avg)
  step 378400/406640  loss=1.8872  lr=0.00135  (1.0ms/step avg)
  step 378500/406640  loss=2.1937  lr=0.00134  (1.0ms/step avg)
  step 378600/406640  loss=2.0356  lr=0.00133  (1.0ms/step avg)
  step 378700/406640  loss=2.0029  lr=0.00132  (1.0ms/step avg)
  step 378800/406640  loss=1.9384  lr=0.00131  (1.0ms/step avg)
  step 378900/406640  loss=2.0354  lr=0.0013  (1.0ms/step avg)
  step 379000/406640  loss=1.9277  lr=0.00129  (1.0ms/step avg)
  step 379100/406640  loss=2.0038  lr=0.00128  (1.0ms/step avg)
  step 379200/406640  loss=2.0716  lr=0.00127  (1.0ms/step avg)
  step 379300/406640  loss=1.9831  lr=0.00126  (1.0ms/step avg)
  step 379400/406640  loss=2.1148  lr=0.00125  (1.0ms/step avg)
  step 379500/406640  loss=2.0359  lr=0.00125  (1.0ms/step avg)
  step 379600/406640  loss=2.1136  lr=0.00124  (1.0ms/step avg)
  step 379700/406640  loss=1.8907  lr=0.00123  (1.0ms/step avg)
  step 379800/406640  loss=2.1052  lr=0.00122  (1.0ms/step avg)
  step 379900/406640  loss=1.9989  lr=0.00121  (1.0ms/step avg)
  step 380000/406640  loss=1.9727  lr=0.0012  (1.0ms/step avg)
  step 380100/406640  loss=2.0874  lr=0.00119  (1.0ms/step avg)
  step 380200/406640  loss=2.012  lr=0.00118  (1.0ms/step avg)
  step 380300/406640  loss=2.085  lr=0.00117  (1.0ms/step avg)
  step 380400/406640  loss=1.8818  lr=0.00116  (1.0ms/step avg)
  step 380500/406640  loss=2.193  lr=0.00116  (1.0ms/step avg)
  step 380600/406640  loss=2.0475  lr=0.00115  (1.0ms/step avg)
  step 380700/406640  loss=1.9613  lr=0.00114  (1.0ms/step avg)
  step 380800/406640  loss=1.9833  lr=0.00113  (1.0ms/step avg)
  step 380900/406640  loss=2.0228  lr=0.00112  (1.0ms/step avg)
  step 381000/406640  loss=2.0747  lr=0.00111  (1.0ms/step avg)
  step 381100/406640  loss=2.0584  lr=0.0011  (1.0ms/step avg)
  step 381200/406640  loss=1.9666  lr=0.00109  (1.0ms/step avg)
  Running validation ...
[Epoch 75] lr=0.001093 loss(train_avg)=2.0296 val_top1=36123/49896 (0.724) val_top5=0.9036 val_loss=1.1882  [581.4s train, -557.2s val]
saved 82 param-groups to /home/skoonce/enet_b0_imagenet_bf16_e75.bin (21154192 bytes)
  step 381300/406640  loss=1.9997  lr=0.00109  (2.0ms/step avg)
  step 381400/406640  loss=1.9248  lr=0.00108  (2.0ms/step avg)
  step 381500/406640  loss=1.9901  lr=0.00107  (2.0ms/step avg)
  step 381600/406640  loss=1.9432  lr=0.00106  (2.0ms/step avg)
  step 381700/406640  loss=1.9324  lr=0.00105  (2.0ms/step avg)
  step 381800/406640  loss=1.9939  lr=0.00104  (2.0ms/step avg)
  step 381900/406640  loss=2.0309  lr=0.00104  (2.0ms/step avg)
  step 382000/406640  loss=2.0137  lr=0.00103  (2.0ms/step avg)
  step 382100/406640  loss=1.9692  lr=0.00102  (2.0ms/step avg)
  step 382200/406640  loss=2.0259  lr=0.00101  (2.0ms/step avg)
  step 382300/406640  loss=2.3116  lr=0.001  (2.0ms/step avg)
  step 382400/406640  loss=2.118  lr=0.00099  (2.0ms/step avg)
  step 382500/406640  loss=2.1194  lr=0.00099  (2.0ms/step avg)
  step 382600/406640  loss=2.1186  lr=0.00098  (2.0ms/step avg)
  step 382700/406640  loss=2.0115  lr=0.00097  (2.0ms/step avg)
  step 382800/406640  loss=2.1325  lr=0.00096  (2.0ms/step avg)
  step 382900/406640  loss=2.2537  lr=0.00095  (2.0ms/step avg)
  step 383000/406640  loss=2.1821  lr=0.00095  (2.0ms/step avg)
  step 383100/406640  loss=1.859  lr=0.00094  (2.0ms/step avg)
  step 383200/406640  loss=1.9308  lr=0.00093  (2.0ms/step avg)
  step 383300/406640  loss=2.0774  lr=0.00092  (2.0ms/step avg)
  step 383400/406640  loss=2.1541  lr=0.00091  (2.0ms/step avg)
  step 383500/406640  loss=2.2106  lr=0.00091  (2.0ms/step avg)
  step 383600/406640  loss=1.8877  lr=0.0009  (2.0ms/step avg)
  step 383700/406640  loss=1.8842  lr=0.00089  (2.0ms/step avg)
  step 383800/406640  loss=2.1474  lr=0.00088  (2.0ms/step avg)
  step 383900/406640  loss=2.0008  lr=0.00088  (2.0ms/step avg)
  step 384000/406640  loss=1.9955  lr=0.00087  (2.0ms/step avg)
  step 384100/406640  loss=2.0033  lr=0.00086  (2.0ms/step avg)
  step 384200/406640  loss=2.1671  lr=0.00085  (2.0ms/step avg)
  step 384300/406640  loss=2.2197  lr=0.00084  (2.0ms/step avg)
  step 384400/406640  loss=1.84  lr=0.00084  (2.0ms/step avg)
  step 384500/406640  loss=2.0223  lr=0.00083  (2.0ms/step avg)
  step 384600/406640  loss=2.206  lr=0.00082  (2.0ms/step avg)
  step 384700/406640  loss=2.0348  lr=0.00082  (2.0ms/step avg)
  step 384800/406640  loss=2.1189  lr=0.00081  (2.0ms/step avg)
  step 384900/406640  loss=1.9709  lr=0.0008  (2.0ms/step avg)
  step 385000/406640  loss=1.7499  lr=0.00079  (2.0ms/step avg)
  step 385100/406640  loss=2.1914  lr=0.00079  (2.0ms/step avg)
  step 385200/406640  loss=1.9236  lr=0.00078  (2.0ms/step avg)
  step 385300/406640  loss=1.9746  lr=0.00077  (2.0ms/step avg)
  step 385400/406640  loss=2.1805  lr=0.00076  (3.0ms/step avg)
  step 385500/406640  loss=2.0912  lr=0.00076  (3.0ms/step avg)
  step 385600/406640  loss=2.1012  lr=0.00075  (3.0ms/step avg)
  step 385700/406640  loss=1.9786  lr=0.00074  (3.0ms/step avg)
  step 385800/406640  loss=1.942  lr=0.00074  (3.0ms/step avg)
  step 385900/406640  loss=2.0889  lr=0.00073  (3.0ms/step avg)
  step 386000/406640  loss=2.1868  lr=0.00072  (3.0ms/step avg)
  step 386100/406640  loss=1.8479  lr=0.00071  (3.0ms/step avg)
  step 386200/406640  loss=2.0265  lr=0.00071  (3.0ms/step avg)
  step 386300/406640  loss=1.85  lr=0.0007  (3.0ms/step avg)
  Running validation ...
[Epoch 76] lr=0.0007 loss(train_avg)=2.029 val_top1=36116/49896 (0.7238) val_top5=0.9036 val_loss=1.1885  [479.0s train, -469.7s val]
saved 82 param-groups to /home/skoonce/enet_b0_imagenet_bf16_e76.bin (21154192 bytes)
  step 386400/406640  loss=1.936  lr=0.00069  (3.0ms/step avg)
  step 386500/406640  loss=2.2173  lr=0.00069  (3.0ms/step avg)
  step 386600/406640  loss=2.1803  lr=0.00068  (3.0ms/step avg)
  step 386700/406640  loss=1.9615  lr=0.00067  (3.0ms/step avg)
  step 386800/406640  loss=2.0237  lr=0.00067  (3.0ms/step avg)
  step 386900/406640  loss=2.0114  lr=0.00066  (3.0ms/step avg)
  step 387000/406640  loss=2.0676  lr=0.00065  (3.0ms/step avg)
  step 387100/406640  loss=1.9397  lr=0.00065  (3.0ms/step avg)
  step 387200/406640  loss=2.0838  lr=0.00064  (3.0ms/step avg)
  step 387300/406640  loss=2.01  lr=0.00063  (3.0ms/step avg)
  step 387400/406640  loss=2.2342  lr=0.00063  (3.0ms/step avg)
  step 387500/406640  loss=2.0959  lr=0.00062  (3.0ms/step avg)
  step 387600/406640  loss=1.9958  lr=0.00061  (3.0ms/step avg)
  step 387700/406640  loss=1.9499  lr=0.00061  (3.0ms/step avg)
  step 387800/406640  loss=2.0328  lr=0.0006  (3.0ms/step avg)
  step 387900/406640  loss=1.886  lr=0.0006  (3.0ms/step avg)
  step 388000/406640  loss=2.018  lr=0.00059  (3.0ms/step avg)
  step 388100/406640  loss=1.8617  lr=0.00058  (3.0ms/step avg)
  step 388200/406640  loss=1.9156  lr=0.00058  (3.0ms/step avg)
  step 388300/406640  loss=1.9929  lr=0.00057  (3.0ms/step avg)
  step 388400/406640  loss=2.0734  lr=0.00056  (3.0ms/step avg)
  step 388500/406640  loss=1.9069  lr=0.00056  (3.0ms/step avg)
  step 388600/406640  loss=2.0277  lr=0.00055  (3.0ms/step avg)
  step 388700/406640  loss=1.8787  lr=0.00055  (3.0ms/step avg)
  step 388800/406640  loss=1.8961  lr=0.00054  (3.0ms/step avg)
  step 388900/406640  loss=2.051  lr=0.00053  (3.0ms/step avg)
  step 389000/406640  loss=2.0928  lr=0.00053  (3.0ms/step avg)
  step 389100/406640  loss=1.8621  lr=0.00052  (3.0ms/step avg)
  step 389200/406640  loss=2.2047  lr=0.00052  (3.0ms/step avg)
  step 389300/406640  loss=1.9592  lr=0.00051  (3.0ms/step avg)
  step 389400/406640  loss=1.8354  lr=0.0005  (3.0ms/step avg)
  step 389500/406640  loss=1.9801  lr=0.0005  (3.0ms/step avg)
  step 389600/406640  loss=1.9482  lr=0.00049  (4.0ms/step avg)
  step 389700/406640  loss=2.11  lr=0.00049  (4.0ms/step avg)
  step 389800/406640  loss=1.8557  lr=0.00048  (4.0ms/step avg)
  step 389900/406640  loss=1.963  lr=0.00048  (4.0ms/step avg)
  step 390000/406640  loss=1.9515  lr=0.00047  (4.0ms/step avg)
  step 390100/406640  loss=2.1135  lr=0.00046  (4.0ms/step avg)
  step 390200/406640  loss=2.0325  lr=0.00046  (4.0ms/step avg)
  step 390300/406640  loss=2.0904  lr=0.00045  (4.0ms/step avg)
  step 390400/406640  loss=2.1353  lr=0.00045  (4.0ms/step avg)
  step 390500/406640  loss=2.1169  lr=0.00044  (4.0ms/step avg)
  step 390600/406640  loss=2.0252  lr=0.00044  (4.0ms/step avg)
  step 390700/406640  loss=2.1128  lr=0.00043  (4.0ms/step avg)
  step 390800/406640  loss=2.0663  lr=0.00043  (4.0ms/step avg)
  step 390900/406640  loss=2.1064  lr=0.00042  (4.0ms/step avg)
  step 391000/406640  loss=2.0645  lr=0.00041  (4.0ms/step avg)
  step 391100/406640  loss=2.079  lr=0.00041  (4.0ms/step avg)
  step 391200/406640  loss=1.9506  lr=0.0004  (4.0ms/step avg)
  step 391300/406640  loss=1.9575  lr=0.0004  (4.0ms/step avg)
  Running validation ...
[Epoch 77] lr=0.000394 loss(train_avg)=2.0271 val_top1=36143/49896 (0.7244) val_top5=0.9033 val_loss=1.189  [479.0s train, -469.7s val]
saved 82 param-groups to /home/skoonce/enet_b0_imagenet_bf16_e77.bin (21154192 bytes)
  step 391400/406640  loss=2.0637  lr=0.00039  (4.0ms/step avg)
  step 391500/406640  loss=1.7949  lr=0.00039  (4.0ms/step avg)
  step 391600/406640  loss=1.9601  lr=0.00038  (4.0ms/step avg)
  step 391700/406640  loss=1.9565  lr=0.00038  (4.0ms/step avg)
  step 391800/406640  loss=1.9814  lr=0.00037  (4.0ms/step avg)
  step 391900/406640  loss=2.0344  lr=0.00037  (4.0ms/step avg)
  step 392000/406640  loss=1.8784  lr=0.00036  (4.0ms/step avg)
  step 392100/406640  loss=2.1951  lr=0.00036  (4.0ms/step avg)
  step 392200/406640  loss=2.2928  lr=0.00035  (4.0ms/step avg)
  step 392300/406640  loss=2.0237  lr=0.00035  (4.0ms/step avg)
  step 392400/406640  loss=1.8063  lr=0.00034  (4.0ms/step avg)
  step 392500/406640  loss=2.0506  lr=0.00034  (4.0ms/step avg)
  step 392600/406640  loss=2.0573  lr=0.00033  (4.0ms/step avg)
  step 392700/406640  loss=2.0058  lr=0.00033  (4.0ms/step avg)
  step 392800/406640  loss=1.8721  lr=0.00032  (4.0ms/step avg)
  step 392900/406640  loss=1.9435  lr=0.00032  (4.0ms/step avg)
  step 393000/406640  loss=2.0876  lr=0.00032  (4.0ms/step avg)
  step 393100/406640  loss=1.9675  lr=0.00031  (4.0ms/step avg)
  step 393200/406640  loss=2.1329  lr=0.00031  (4.0ms/step avg)
  step 393300/406640  loss=2.0908  lr=0.0003  (4.0ms/step avg)
  step 393400/406640  loss=1.987  lr=0.0003  (4.0ms/step avg)
  step 393500/406640  loss=2.0584  lr=0.00029  (4.0ms/step avg)
  step 393600/406640  loss=1.9159  lr=0.00029  (4.0ms/step avg)
  step 393700/406640  loss=2.1426  lr=0.00028  (4.0ms/step avg)
  step 393800/406640  loss=2.0044  lr=0.00028  (4.0ms/step avg)
  step 393900/406640  loss=2.0357  lr=0.00028  (4.0ms/step avg)
  step 394000/406640  loss=1.9198  lr=0.00027  (5.0ms/step avg)
  step 394100/406640  loss=1.9996  lr=0.00027  (5.0ms/step avg)
  step 394200/406640  loss=1.8956  lr=0.00026  (5.0ms/step avg)
  step 394300/406640  loss=2.0932  lr=0.00026  (5.0ms/step avg)
  step 394400/406640  loss=2.3682  lr=0.00025  (5.0ms/step avg)
  step 394500/406640  loss=2.1932  lr=0.00025  (5.0ms/step avg)
  step 394600/406640  loss=2.1945  lr=0.00025  (5.0ms/step avg)
  step 394700/406640  loss=2.018  lr=0.00024  (5.0ms/step avg)
  step 394800/406640  loss=2.1817  lr=0.00024  (5.0ms/step avg)
  step 394900/406640  loss=1.9246  lr=0.00023  (5.0ms/step avg)
  step 395000/406640  loss=2.0237  lr=0.00023  (5.0ms/step avg)
  step 395100/406640  loss=2.1599  lr=0.00023  (5.0ms/step avg)
  step 395200/406640  loss=2.0555  lr=0.00022  (5.0ms/step avg)
  step 395300/406640  loss=2.0065  lr=0.00022  (5.0ms/step avg)
  step 395400/406640  loss=1.9571  lr=0.00021  (5.0ms/step avg)
  step 395500/406640  loss=1.8209  lr=0.00021  (5.0ms/step avg)
  step 395600/406640  loss=2.0923  lr=0.00021  (5.0ms/step avg)
  step 395700/406640  loss=1.9029  lr=0.0002  (5.0ms/step avg)
  step 395800/406640  loss=2.1866  lr=0.0002  (5.0ms/step avg)
  step 395900/406640  loss=1.8517  lr=0.0002  (5.0ms/step avg)
  step 396000/406640  loss=2.0995  lr=0.00019  (5.0ms/step avg)
  step 396100/406640  loss=1.9357  lr=0.00019  (5.0ms/step avg)
  step 396200/406640  loss=2.0236  lr=0.00018  (5.0ms/step avg)
  step 396300/406640  loss=1.9409  lr=0.00018  (5.0ms/step avg)
  step 396400/406640  loss=2.0266  lr=0.00018  (5.0ms/step avg)
  Running validation ...
[Epoch 78] lr=0.000175 loss(train_avg)=2.0256 val_top1=36131/49896 (0.7241) val_top5=0.9034 val_loss=1.1893  [479.0s train, -469.7s val]
saved 82 param-groups to /home/skoonce/enet_b0_imagenet_bf16_e78.bin (21154192 bytes)
  step 396500/406640  loss=2.2104  lr=0.00017  (5.0ms/step avg)
  step 396600/406640  loss=2.0341  lr=0.00017  (5.0ms/step avg)
  step 396700/406640  loss=1.9334  lr=0.00017  (5.0ms/step avg)
  step 396800/406640  loss=2.0727  lr=0.00016  (5.0ms/step avg)
  step 396900/406640  loss=2.0438  lr=0.00016  (5.0ms/step avg)
  step 397000/406640  loss=2.0851  lr=0.00016  (5.0ms/step avg)
  step 397100/406640  loss=1.9884  lr=0.00015  (5.0ms/step avg)
  step 397200/406640  loss=2.0462  lr=0.00015  (5.0ms/step avg)
  step 397300/406640  loss=2.1396  lr=0.00015  (5.0ms/step avg)
  step 397400/406640  loss=1.9889  lr=0.00014  (5.0ms/step avg)
  step 397500/406640  loss=2.2167  lr=0.00014  (5.0ms/step avg)
  step 397600/406640  loss=2.0938  lr=0.00014  (5.0ms/step avg)
  step 397700/406640  loss=2.3375  lr=0.00014  (5.0ms/step avg)
  step 397800/406640  loss=2.0281  lr=0.00013  (5.0ms/step avg)
  step 397900/406640  loss=2.1897  lr=0.00013  (5.0ms/step avg)
  step 398000/406640  loss=2.0418  lr=0.00013  (5.0ms/step avg)
  step 398100/406640  loss=1.9548  lr=0.00012  (5.0ms/step avg)
  step 398200/406640  loss=2.0213  lr=0.00012  (5.0ms/step avg)
  step 398300/406640  loss=1.9381  lr=0.00012  (5.0ms/step avg)
  step 398400/406640  loss=2.1138  lr=0.00012  (6.0ms/step avg)
  step 398500/406640  loss=2.1438  lr=0.00011  (6.0ms/step avg)
  step 398600/406640  loss=2.1573  lr=0.00011  (6.0ms/step avg)
  step 398700/406640  loss=2.1423  lr=0.00011  (6.0ms/step avg)
  step 398800/406640  loss=1.9842  lr=0.0001  (6.0ms/step avg)
  step 398900/406640  loss=2.1437  lr=0.0001  (6.0ms/step avg)
  step 399000/406640  loss=1.9674  lr=0.0001  (6.0ms/step avg)
  step 399100/406640  loss=2.0023  lr=0.0001  (6.0ms/step avg)
  step 399200/406640  loss=1.9214  lr=9e-05  (6.0ms/step avg)
  step 399300/406640  loss=2.1227  lr=9e-05  (6.0ms/step avg)
  step 399400/406640  loss=2.1608  lr=9e-05  (6.0ms/step avg)
  step 399500/406640  loss=2.0509  lr=9e-05  (6.0ms/step avg)
  step 399600/406640  loss=2.0609  lr=8e-05  (6.0ms/step avg)
  step 399700/406640  loss=2.0615  lr=8e-05  (6.0ms/step avg)
  step 399800/406640  loss=2.2343  lr=8e-05  (6.0ms/step avg)
  step 399900/406640  loss=1.9735  lr=8e-05  (6.0ms/step avg)
  step 400000/406640  loss=1.8533  lr=7e-05  (6.0ms/step avg)
  step 400100/406640  loss=1.854  lr=7e-05  (6.0ms/step avg)
  step 400200/406640  loss=2.0654  lr=7e-05  (6.0ms/step avg)
  step 400300/406640  loss=2.1026  lr=7e-05  (6.0ms/step avg)
  step 400400/406640  loss=1.9685  lr=7e-05  (6.0ms/step avg)
  step 400500/406640  loss=1.9163  lr=6e-05  (6.0ms/step avg)
  step 400600/406640  loss=1.8997  lr=6e-05  (6.0ms/step avg)
  step 400700/406640  loss=1.9555  lr=6e-05  (6.0ms/step avg)
  step 400800/406640  loss=2.0092  lr=6e-05  (6.0ms/step avg)
  step 400900/406640  loss=1.9672  lr=6e-05  (6.0ms/step avg)
  step 401000/406640  loss=1.9678  lr=5e-05  (6.0ms/step avg)
  step 401100/406640  loss=1.8381  lr=5e-05  (6.0ms/step avg)
  step 401200/406640  loss=1.9378  lr=5e-05  (6.0ms/step avg)
  step 401300/406640  loss=2.0368  lr=5e-05  (6.0ms/step avg)
  step 401400/406640  loss=2.0383  lr=5e-05  (6.0ms/step avg)
  step 401500/406640  loss=2.0281  lr=4e-05  (6.0ms/step avg)
  Running validation ...
[Epoch 79] lr=4.4e-05 loss(train_avg)=2.0226 val_top1=36148/49896 (0.7245) val_top5=0.9034 val_loss=1.1894  [478.5s train, -469.3s val]
saved 82 param-groups to /home/skoonce/enet_b0_imagenet_bf16_e79.bin (21154192 bytes)
  step 401600/406640  loss=2.1692  lr=4e-05  (6.0ms/step avg)
  step 401700/406640  loss=2.0224  lr=4e-05  (6.0ms/step avg)
  step 401800/406640  loss=1.9975  lr=4e-05  (6.0ms/step avg)
  step 401900/406640  loss=1.9488  lr=4e-05  (6.0ms/step avg)
  step 402000/406640  loss=1.888  lr=4e-05  (6.0ms/step avg)
  step 402100/406640  loss=1.9692  lr=4e-05  (6.0ms/step avg)
  step 402200/406640  loss=2.1407  lr=3e-05  (6.0ms/step avg)
  step 402300/406640  loss=2.0204  lr=3e-05  (6.0ms/step avg)
  step 402400/406640  loss=1.9644  lr=3e-05  (6.0ms/step avg)
  step 402500/406640  loss=1.9734  lr=3e-05  (6.0ms/step avg)
  step 402600/406640  loss=2.0295  lr=3e-05  (6.0ms/step avg)
  step 402700/406640  loss=1.8909  lr=3e-05  (6.0ms/step avg)
  step 402800/406640  loss=2.1441  lr=3e-05  (6.0ms/step avg)
  step 402900/406640  loss=2.2023  lr=2e-05  (7.0ms/step avg)
  step 403000/406640  loss=1.98  lr=2e-05  (7.0ms/step avg)
  step 403100/406640  loss=2.0392  lr=2e-05  (7.0ms/step avg)
  step 403200/406640  loss=2.0815  lr=2e-05  (7.0ms/step avg)
  step 403300/406640  loss=2.1829  lr=2e-05  (7.0ms/step avg)
  step 403400/406640  loss=2.2268  lr=2e-05  (7.0ms/step avg)
  step 403500/406640  loss=2.012  lr=2e-05  (7.0ms/step avg)
  step 403600/406640  loss=2.0483  lr=2e-05  (7.0ms/step avg)
  step 403700/406640  loss=1.9738  lr=1e-05  (7.0ms/step avg)
  step 403800/406640  loss=1.9446  lr=1e-05  (7.0ms/step avg)
  step 403900/406640  loss=1.8057  lr=1e-05  (7.0ms/step avg)
  step 404000/406640  loss=1.9859  lr=1e-05  (7.0ms/step avg)
  step 404100/406640  loss=2.0122  lr=1e-05  (7.0ms/step avg)
  step 404200/406640  loss=1.9569  lr=1e-05  (7.0ms/step avg)
  step 404300/406640  loss=2.087  lr=1e-05  (7.0ms/step avg)
  step 404400/406640  loss=2.161  lr=1e-05  (7.0ms/step avg)
  step 404500/406640  loss=1.9834  lr=1e-05  (7.0ms/step avg)
  step 404600/406640  loss=2.1601  lr=1e-05  (7.0ms/step avg)
  step 404700/406640  loss=2.1906  lr=1e-05  (7.0ms/step avg)
  step 404800/406640  loss=1.9148  lr=1e-05  (7.0ms/step avg)
  step 404900/406640  loss=1.9809  lr=1e-05  (7.0ms/step avg)
  step 405000/406640  loss=2.1112  lr=0.0  (7.0ms/step avg)
  step 405100/406640  loss=1.9638  lr=0.0  (7.0ms/step avg)
  step 405200/406640  loss=1.9277  lr=0.0  (7.0ms/step avg)
  step 405300/406640  loss=2.0672  lr=0.0  (7.0ms/step avg)
  step 405400/406640  loss=2.1007  lr=0.0  (7.0ms/step avg)
  step 405500/406640  loss=2.0992  lr=0.0  (7.0ms/step avg)
  step 405600/406640  loss=2.1078  lr=0.0  (7.0ms/step avg)
  step 405700/406640  loss=1.986  lr=0.0  (7.0ms/step avg)
  step 405800/406640  loss=1.9155  lr=0.0  (7.0ms/step avg)
  step 405900/406640  loss=1.996  lr=0.0  (7.0ms/step avg)
  step 406000/406640  loss=1.9967  lr=0.0  (7.0ms/step avg)
  step 406100/406640  loss=2.0798  lr=0.0  (7.0ms/step avg)
  step 406200/406640  loss=1.942  lr=0.0  (7.0ms/step avg)
  step 406300/406640  loss=1.9295  lr=0.0  (7.0ms/step avg)
  step 406400/406640  loss=1.8799  lr=0.0  (7.0ms/step avg)
  step 406500/406640  loss=2.0815  lr=0.0  (7.0ms/step avg)
  step 406600/406640  loss=1.8986  lr=0.0  (7.0ms/step avg)
  Running validation ...
[Epoch 80] lr=0.0 loss(train_avg)=2.0224 val_top1=36140/49896 (0.7243) val_top5=0.9033 val_loss=1.1898  [479.9s train, -470.5s val]
saved 82 param-groups to /home/skoonce/enet_b0_imagenet_bf16_e80.bin (21154192 bytes)
saved 82 param-groups to /home/skoonce/enet_b0_imagenet_bf16.bin (21154192 bytes)

Done. Total time: 2977.2s
