Ablation: r34-bare
  spec: ResNet-34, optimizer: SGD
  lr: 0.010000, cosine: false, wd: 0.000000
  aug: false, label_smooth: 0.000000
ResNet-34-r34-bare: 21289802 params
Generating train step MLIR...
  394946 chars
Compiling vmfbs...
  forward compiled
  eval forward compiled
  train step compiled
  session loaded
  train: 9469 images (196608 floats/image)
  21289802 params + m + v (243 MB)
training: 295 batches/epoch, batch=32, SGD+momentum, lr=0.010000, cosine warmup=0, label_smooth=0.000000, wd=0.000000
  BN layers: 36, BN stat floats: 17024
  step 0/295: loss=3.587711 (1578ms)
  step 1/295: loss=2.909781 (1558ms)
  step 2/295: loss=3.227605 (1443ms)
  step 100/295: loss=2.361318 (1455ms)
  step 200/295: loss=1.610486 (1435ms)
Epoch 1/80: loss=2.066262 lr=0.010000 (431161ms)
  step 0/295: loss=1.572512 (1441ms)
  step 1/295: loss=1.322119 (1443ms)
  step 2/295: loss=1.332695 (1448ms)
  step 100/295: loss=1.292719 (1457ms)
  step 200/295: loss=1.043969 (1444ms)
Epoch 2/80: loss=1.409759 lr=0.010000 (432585ms)
  step 0/295: loss=1.221216 (1432ms)
  step 1/295: loss=1.941226 (1420ms)
  step 2/295: loss=1.259527 (1420ms)
  step 100/295: loss=1.059181 (1434ms)
  step 200/295: loss=0.708712 (1435ms)
Epoch 3/80: loss=1.154597 lr=0.010000 (431441ms)
  step 0/295: loss=0.674145 (1421ms)
  step 1/295: loss=0.598278 (1430ms)
  step 2/295: loss=1.195178 (1430ms)
  step 100/295: loss=1.353669 (1420ms)
  step 200/295: loss=1.148091 (1455ms)
Epoch 4/80: loss=0.946317 lr=0.010000 (431600ms)
  step 0/295: loss=0.738139 (1419ms)
  step 1/295: loss=0.961297 (1424ms)
  step 2/295: loss=0.700980 (1439ms)
  step 100/295: loss=1.033279 (1458ms)
  step 200/295: loss=0.730543 (1426ms)
Epoch 5/80: loss=0.838269 lr=0.010000 (432897ms)
  step 0/295: loss=0.617613 (1449ms)
  step 1/295: loss=0.759581 (1458ms)
  step 2/295: loss=0.604449 (1442ms)
  step 100/295: loss=0.666369 (1470ms)
  step 200/295: loss=0.959523 (1437ms)
Epoch 6/80: loss=0.689988 lr=0.010000 (431560ms)
  step 0/295: loss=0.447149 (1437ms)
  step 1/295: loss=0.622025 (1441ms)
  step 2/295: loss=0.640786 (1448ms)
  step 100/295: loss=0.286130 (1433ms)
  step 200/295: loss=0.693744 (1464ms)
Epoch 7/80: loss=0.573221 lr=0.010000 (431476ms)
  step 0/295: loss=0.256671 (1441ms)
  step 1/295: loss=0.739762 (1435ms)
  step 2/295: loss=0.690325 (1440ms)
  step 100/295: loss=0.509474 (1475ms)
  step 200/295: loss=0.669437 (1473ms)
Epoch 8/80: loss=0.451132 lr=0.010000 (432384ms)
  step 0/295: loss=0.351727 (1457ms)
  step 1/295: loss=0.531123 (1445ms)
  step 2/295: loss=0.446180 (1444ms)
  step 100/295: loss=0.150878 (1456ms)
  step 200/295: loss=0.408065 (1445ms)
Epoch 9/80: loss=0.383066 lr=0.010000 (432131ms)
  step 0/295: loss=0.225798 (1458ms)
  step 1/295: loss=0.365359 (1460ms)
  step 2/295: loss=0.307841 (1432ms)
  step 100/295: loss=0.538660 (1438ms)
  step 200/295: loss=0.201724 (1444ms)
Epoch 10/80: loss=0.294238 lr=0.010000 (431938ms)
  val accuracy (running BN): 2632/3904 = 67.418033%
  step 0/295: loss=0.191608 (1475ms)
  step 1/295: loss=0.120917 (1456ms)
  step 2/295: loss=0.083650 (1451ms)
  step 100/295: loss=0.381099 (1451ms)
  step 200/295: loss=0.238572 (1432ms)
Epoch 11/80: loss=0.228580 lr=0.010000 (431964ms)
  step 0/295: loss=0.244425 (1440ms)
  step 1/295: loss=0.261253 (1438ms)
  step 2/295: loss=0.131525 (1457ms)
  step 100/295: loss=0.127203 (1435ms)
  step 200/295: loss=0.320257 (1434ms)
Epoch 12/80: loss=0.191095 lr=0.010000 (432731ms)
  step 0/295: loss=0.068702 (1424ms)
  step 1/295: loss=0.217451 (1424ms)
  step 2/295: loss=0.529088 (1419ms)
  step 100/295: loss=0.155907 (1440ms)
  step 200/295: loss=0.162837 (1420ms)
Epoch 13/80: loss=0.144931 lr=0.010000 (432297ms)
  step 0/295: loss=0.066623 (1438ms)
  step 1/295: loss=0.063733 (1433ms)
  step 2/295: loss=0.110456 (1449ms)
  step 100/295: loss=0.079072 (1444ms)
  step 200/295: loss=0.019581 (1435ms)
Epoch 14/80: loss=0.125540 lr=0.010000 (432778ms)
  step 0/295: loss=0.055908 (1462ms)
  step 1/295: loss=0.037071 (1470ms)
  step 2/295: loss=0.037824 (1434ms)
  step 100/295: loss=0.051665 (1442ms)
  step 200/295: loss=0.008499 (1425ms)
Epoch 15/80: loss=0.119589 lr=0.010000 (431247ms)
  step 0/295: loss=0.113979 (1455ms)
  step 1/295: loss=0.008806 (1442ms)
  step 2/295: loss=0.021023 (1452ms)
  step 100/295: loss=0.026179 (1444ms)
  step 200/295: loss=0.036083 (1439ms)
Epoch 16/80: loss=0.077743 lr=0.010000 (431308ms)
  step 0/295: loss=0.434669 (1465ms)
  step 1/295: loss=0.049795 (1435ms)
  step 2/295: loss=0.019861 (1442ms)
  step 100/295: loss=0.039788 (1440ms)
  step 200/295: loss=0.058188 (1412ms)
Epoch 17/80: loss=0.090218 lr=0.010000 (431496ms)
  step 0/295: loss=0.025576 (1454ms)
  step 1/295: loss=0.027782 (1436ms)
  step 2/295: loss=0.050861 (1458ms)
  step 100/295: loss=0.038873 (1441ms)
  step 200/295: loss=0.007678 (1430ms)
Epoch 18/80: loss=0.057720 lr=0.010000 (432101ms)
  step 0/295: loss=0.006016 (1460ms)
  step 1/295: loss=0.026996 (1461ms)
  step 2/295: loss=0.097413 (1436ms)
  step 100/295: loss=0.002424 (1443ms)
  step 200/295: loss=0.005389 (1448ms)
Epoch 19/80: loss=0.056300 lr=0.010000 (431694ms)
  step 0/295: loss=0.386321 (1434ms)
  step 1/295: loss=0.051409 (1420ms)
  step 2/295: loss=0.051918 (1441ms)
  step 100/295: loss=0.017564 (1404ms)
  step 200/295: loss=0.008001 (1442ms)
Epoch 20/80: loss=0.062893 lr=0.010000 (431429ms)
  val accuracy (running BN): 2802/3904 = 71.772541%
  step 0/295: loss=0.019096 (1455ms)
  step 1/295: loss=0.046908 (1414ms)
  step 2/295: loss=0.002899 (1455ms)
  step 100/295: loss=0.004137 (1426ms)
  step 200/295: loss=0.013118 (1466ms)
Epoch 21/80: loss=0.046003 lr=0.010000 (431689ms)
  step 0/295: loss=0.009922 (1442ms)
  step 1/295: loss=0.058045 (1412ms)
  step 2/295: loss=0.057989 (1426ms)
  step 100/295: loss=0.039003 (1452ms)
  step 200/295: loss=0.018544 (1442ms)
Epoch 22/80: loss=0.043402 lr=0.010000 (431604ms)
  step 0/295: loss=0.003260 (1435ms)
  step 1/295: loss=0.002539 (1428ms)
  step 2/295: loss=0.033664 (1442ms)
  step 100/295: loss=0.075636 (1442ms)
  step 200/295: loss=0.008953 (1428ms)
Epoch 23/80: loss=0.046176 lr=0.010000 (432071ms)
  step 0/295: loss=0.055220 (1455ms)
  step 1/295: loss=0.106048 (1451ms)
  step 2/295: loss=0.001470 (1430ms)
  step 100/295: loss=0.017721 (1449ms)
  step 200/295: loss=0.015934 (1434ms)
Epoch 24/80: loss=0.021117 lr=0.010000 (431904ms)
  step 0/295: loss=0.002769 (1445ms)
  step 1/295: loss=0.040308 (1433ms)
  step 2/295: loss=0.000568 (1431ms)
  step 100/295: loss=0.074484 (1438ms)
  step 200/295: loss=0.017133 (1411ms)
Epoch 25/80: loss=0.023118 lr=0.010000 (431725ms)
  step 0/295: loss=0.000617 (1451ms)
  step 1/295: loss=0.016052 (1447ms)
  step 2/295: loss=0.002719 (1486ms)
  step 100/295: loss=0.046792 (1440ms)
  step 200/295: loss=0.008328 (1452ms)
Epoch 26/80: loss=0.023242 lr=0.010000 (432470ms)
  step 0/295: loss=0.005036 (1427ms)
  step 1/295: loss=0.040915 (1408ms)
  step 2/295: loss=0.007857 (1419ms)
  step 100/295: loss=0.000114 (1457ms)
  step 200/295: loss=0.000149 (1461ms)
Epoch 27/80: loss=0.017214 lr=0.010000 (431641ms)
  step 0/295: loss=0.001702 (1438ms)
  step 1/295: loss=0.000552 (1420ms)
  step 2/295: loss=0.006903 (1425ms)
  step 100/295: loss=0.000228 (1436ms)
  step 200/295: loss=0.000161 (1420ms)
Epoch 28/80: loss=0.009007 lr=0.010000 (432619ms)
  step 0/295: loss=0.000615 (1463ms)
  step 1/295: loss=0.055671 (1459ms)
  step 2/295: loss=0.004575 (1444ms)
  step 100/295: loss=0.004631 (1455ms)
  step 200/295: loss=0.002152 (1438ms)
Epoch 29/80: loss=0.032863 lr=0.010000 (432439ms)
  step 0/295: loss=0.000489 (1458ms)
  step 1/295: loss=0.000235 (1426ms)
  step 2/295: loss=0.011567 (1441ms)
  step 100/295: loss=0.009683 (1440ms)
  step 200/295: loss=0.026495 (1452ms)
Epoch 30/80: loss=0.027136 lr=0.010000 (430902ms)
  val accuracy (running BN): 2855/3904 = 73.130123%
  step 0/295: loss=0.021212 (1442ms)
  step 1/295: loss=0.013461 (1454ms)
  step 2/295: loss=0.014400 (1456ms)
  step 100/295: loss=0.411159 (1470ms)
  step 200/295: loss=0.003241 (1419ms)
Epoch 31/80: loss=0.039438 lr=0.010000 (432613ms)
  step 0/295: loss=0.010680 (1435ms)
  step 1/295: loss=0.007393 (1422ms)
  step 2/295: loss=0.053402 (1423ms)
  step 100/295: loss=0.103513 (1430ms)
  step 200/295: loss=0.001357 (1457ms)
Epoch 32/80: loss=0.023445 lr=0.010000 (431064ms)
  step 0/295: loss=0.009184 (1441ms)
  step 1/295: loss=0.002840 (1434ms)
  step 2/295: loss=0.001212 (1421ms)
  step 100/295: loss=0.003555 (1436ms)
  step 200/295: loss=0.000637 (1410ms)
Epoch 33/80: loss=0.019919 lr=0.010000 (432255ms)
  step 0/295: loss=0.000597 (1424ms)
  step 1/295: loss=0.004886 (1425ms)
  step 2/295: loss=0.003169 (1430ms)
  step 100/295: loss=0.000195 (1450ms)
  step 200/295: loss=0.001853 (1414ms)
Epoch 34/80: loss=0.022211 lr=0.010000 (431289ms)
  step 0/295: loss=0.010974 (1429ms)
  step 1/295: loss=0.067994 (1418ms)
  step 2/295: loss=0.007511 (1426ms)
  step 100/295: loss=0.024208 (1443ms)
  step 200/295: loss=0.004527 (1450ms)
Epoch 35/80: loss=0.019581 lr=0.010000 (432313ms)
  step 0/295: loss=0.005132 (1459ms)
  step 1/295: loss=0.014973 (1431ms)
  step 2/295: loss=0.006353 (1456ms)
  step 100/295: loss=0.002831 (1427ms)
  step 200/295: loss=0.002528 (1446ms)
Epoch 36/80: loss=0.006059 lr=0.010000 (430713ms)
  step 0/295: loss=0.002281 (1459ms)
  step 1/295: loss=0.000419 (1450ms)
  step 2/295: loss=0.000203 (1421ms)
  step 100/295: loss=0.021034 (1439ms)
  step 200/295: loss=0.000616 (1440ms)
Epoch 37/80: loss=0.009113 lr=0.010000 (431616ms)
  step 0/295: loss=0.013744 (1427ms)
  step 1/295: loss=0.000197 (1434ms)
  step 2/295: loss=0.007480 (1428ms)
  step 100/295: loss=0.001010 (1464ms)
  step 200/295: loss=0.000382 (1431ms)
Epoch 38/80: loss=0.009653 lr=0.010000 (432263ms)
  step 0/295: loss=0.009042 (1435ms)
  step 1/295: loss=0.004128 (1423ms)
  step 2/295: loss=0.003905 (1414ms)
  step 100/295: loss=0.007087 (1425ms)
  step 200/295: loss=0.002634 (1424ms)
Epoch 39/80: loss=0.013686 lr=0.010000 (431319ms)
  step 0/295: loss=0.000810 (1420ms)
  step 1/295: loss=0.000172 (1424ms)
  step 2/295: loss=0.000075 (1412ms)
  step 100/295: loss=0.004911 (1432ms)
  step 200/295: loss=0.000773 (1463ms)
Epoch 40/80: loss=0.011969 lr=0.010000 (431477ms)
  val accuracy (running BN): 2832/3904 = 72.540984%
  step 0/295: loss=0.023762 (1419ms)
  step 1/295: loss=0.002923 (1424ms)
  step 2/295: loss=0.048478 (1420ms)
  step 100/295: loss=0.001141 (1436ms)
  step 200/295: loss=0.004902 (1421ms)
Epoch 41/80: loss=0.010677 lr=0.010000 (431243ms)
  step 0/295: loss=0.000194 (1431ms)
  step 1/295: loss=0.000277 (1425ms)
  step 2/295: loss=0.000800 (1437ms)
  step 100/295: loss=0.001712 (1435ms)
  step 200/295: loss=0.000355 (1437ms)
Epoch 42/80: loss=0.001718 lr=0.010000 (432043ms)
  step 0/295: loss=0.000084 (1442ms)
  step 1/295: loss=0.000403 (1447ms)
  step 2/295: loss=0.000199 (1435ms)
  step 100/295: loss=0.000022 (1440ms)
  step 200/295: loss=0.000012 (1440ms)
Epoch 43/80: loss=0.001225 lr=0.010000 (431128ms)
  step 0/295: loss=0.000177 (1437ms)
  step 1/295: loss=0.000021 (1436ms)
  step 2/295: loss=0.000059 (1442ms)
  step 100/295: loss=0.000001 (1453ms)
  step 200/295: loss=0.000001 (1454ms)
Epoch 44/80: loss=0.001726 lr=0.010000 (432484ms)
  step 0/295: loss=0.000061 (1435ms)
  step 1/295: loss=0.000010 (1441ms)
  step 2/295: loss=0.000152 (1440ms)
  step 100/295: loss=0.000167 (1448ms)
  step 200/295: loss=0.016660 (1424ms)
Epoch 45/80: loss=0.012111 lr=0.010000 (431596ms)
  step 0/295: loss=0.001198 (1476ms)
  step 1/295: loss=0.011225 (1487ms)
  step 2/295: loss=0.000072 (1439ms)
  step 100/295: loss=0.027488 (1449ms)
  step 200/295: loss=0.000938 (1429ms)
Epoch 46/80: loss=0.018869 lr=0.010000 (431524ms)
  step 0/295: loss=0.000433 (1461ms)
  step 1/295: loss=0.006927 (1447ms)
  step 2/295: loss=0.004315 (1451ms)
  step 100/295: loss=0.001064 (1424ms)
  step 200/295: loss=0.000123 (1422ms)
Epoch 47/80: loss=0.006116 lr=0.010000 (431920ms)
  step 0/295: loss=0.002695 (1422ms)
  step 1/295: loss=0.000255 (1430ms)
  step 2/295: loss=0.049337 (1427ms)
  step 100/295: loss=0.000013 (1442ms)
  step 200/295: loss=0.003305 (1449ms)
Epoch 48/80: loss=0.003049 lr=0.010000 (432078ms)
  step 0/295: loss=0.000597 (1478ms)
  step 1/295: loss=0.000025 (1458ms)
  step 2/295: loss=0.000057 (1442ms)
  step 100/295: loss=0.000131 (1411ms)
  step 200/295: loss=0.000054 (1440ms)
Epoch 49/80: loss=0.002141 lr=0.010000 (432209ms)
  step 0/295: loss=0.000028 (1464ms)
  step 1/295: loss=0.000051 (1463ms)
  step 2/295: loss=0.002189 (1439ms)
  step 100/295: loss=0.003596 (1426ms)
  step 200/295: loss=0.000074 (1435ms)
Epoch 50/80: loss=0.003272 lr=0.010000 (432267ms)
  val accuracy (running BN): 2920/3904 = 74.795082%
  step 0/295: loss=0.001111 (1463ms)
  step 1/295: loss=0.000081 (1450ms)
  step 2/295: loss=0.000240 (1432ms)
  step 100/295: loss=0.001465 (1417ms)
  step 200/295: loss=0.001298 (1455ms)
Epoch 51/80: loss=0.005239 lr=0.010000 (431254ms)
  step 0/295: loss=0.000759 (1436ms)
  step 1/295: loss=0.006669 (1453ms)
  step 2/295: loss=0.000032 (1431ms)
  step 100/295: loss=0.006209 (1441ms)
  step 200/295: loss=0.000136 (1444ms)
Epoch 52/80: loss=0.004945 lr=0.010000 (433077ms)
  step 0/295: loss=0.000010 (1417ms)
  step 1/295: loss=0.000271 (1411ms)
  step 2/295: loss=0.002786 (1434ms)
  step 100/295: loss=0.000605 (1428ms)
  step 200/295: loss=0.000108 (1452ms)
Epoch 53/80: loss=0.001710 lr=0.010000 (432123ms)
  step 0/295: loss=0.001350 (1417ms)
  step 1/295: loss=0.001074 (1423ms)
  step 2/295: loss=0.000450 (1427ms)
  step 100/295: loss=0.000021 (1440ms)
  step 200/295: loss=0.005932 (1468ms)
Epoch 54/80: loss=0.002420 lr=0.010000 (432166ms)
  step 0/295: loss=0.001553 (1433ms)
  step 1/295: loss=0.000048 (1437ms)
  step 2/295: loss=0.002387 (1420ms)
  step 100/295: loss=0.000272 (1442ms)
  step 200/295: loss=0.000012 (1430ms)
Epoch 55/80: loss=0.001213 lr=0.010000 (432377ms)
  step 0/295: loss=0.000061 (1413ms)
  step 1/295: loss=0.000009 (1431ms)
  step 2/295: loss=0.000008 (1448ms)
  step 100/295: loss=0.000057 (1455ms)
  step 200/295: loss=0.000083 (1426ms)
Epoch 56/80: loss=0.001790 lr=0.010000 (431794ms)
  step 0/295: loss=0.000001 (1469ms)
  step 1/295: loss=0.000153 (1460ms)
  step 2/295: loss=0.001381 (1463ms)
  step 100/295: loss=0.000314 (1441ms)
  step 200/295: loss=0.000074 (1412ms)
Epoch 57/80: loss=0.001057 lr=0.010000 (432349ms)
  step 0/295: loss=0.000109 (1463ms)
  step 1/295: loss=0.000011 (1475ms)
  step 2/295: loss=0.000603 (1439ms)
  step 100/295: loss=0.000052 (1466ms)
  step 200/295: loss=0.000014 (1446ms)
Epoch 58/80: loss=0.002438 lr=0.010000 (432066ms)
  step 0/295: loss=0.000084 (1428ms)
  step 1/295: loss=0.000285 (1434ms)
  step 2/295: loss=0.000395 (1416ms)
  step 100/295: loss=0.000045 (1424ms)
  step 200/295: loss=0.000034 (1445ms)
Epoch 59/80: loss=0.001057 lr=0.010000 (430957ms)
  step 0/295: loss=0.000127 (1468ms)
  step 1/295: loss=0.003633 (1450ms)
  step 2/295: loss=0.000838 (1463ms)
  step 100/295: loss=0.000588 (1427ms)
  step 200/295: loss=0.003893 (1456ms)
Epoch 60/80: loss=0.003777 lr=0.010000 (433402ms)
  val accuracy (running BN): 2831/3904 = 72.515369%
  step 0/295: loss=0.000045 (1451ms)
  step 1/295: loss=0.003905 (1442ms)
  step 2/295: loss=0.002735 (1448ms)
  step 100/295: loss=0.000183 (1438ms)
  step 200/295: loss=0.002232 (1453ms)
Epoch 61/80: loss=0.007948 lr=0.010000 (433354ms)
  step 0/295: loss=0.000114 (1460ms)
  step 1/295: loss=0.000259 (1440ms)
  step 2/295: loss=0.000782 (1456ms)
  step 100/295: loss=0.000182 (1424ms)
  step 200/295: loss=0.007782 (1410ms)
Epoch 62/80: loss=0.007691 lr=0.010000 (432142ms)
  step 0/295: loss=0.000086 (1434ms)
  step 1/295: loss=0.000006 (1466ms)
  step 2/295: loss=0.000276 (1461ms)
  step 100/295: loss=0.000030 (1445ms)
  step 200/295: loss=0.000064 (1469ms)
Epoch 63/80: loss=0.004569 lr=0.010000 (433423ms)
  step 0/295: loss=0.000174 (1459ms)
  step 1/295: loss=0.005274 (1423ms)
  step 2/295: loss=0.000080 (1445ms)
  step 100/295: loss=0.098010 (1461ms)
  step 200/295: loss=0.002531 (1452ms)
Epoch 64/80: loss=0.006773 lr=0.010000 (433221ms)
  step 0/295: loss=0.006426 (1452ms)
  step 1/295: loss=0.000455 (1453ms)
  step 2/295: loss=0.000521 (1463ms)
  step 100/295: loss=0.000556 (1427ms)
  step 200/295: loss=0.000684 (1462ms)
Epoch 65/80: loss=0.011575 lr=0.010000 (433284ms)
  step 0/295: loss=0.000204 (1459ms)
  step 1/295: loss=0.000153 (1444ms)
  step 2/295: loss=0.006749 (1445ms)
  step 100/295: loss=0.000551 (1444ms)
  step 200/295: loss=0.001287 (1450ms)
Epoch 66/80: loss=0.010472 lr=0.010000 (433613ms)
  step 0/295: loss=0.031630 (1459ms)
  step 1/295: loss=0.030382 (1453ms)
  step 2/295: loss=0.000097 (1449ms)
  step 100/295: loss=0.000976 (1472ms)
  step 200/295: loss=0.000200 (1432ms)
Epoch 67/80: loss=0.009132 lr=0.010000 (432685ms)
  step 0/295: loss=0.000604 (1455ms)
  step 1/295: loss=0.000049 (1455ms)
  step 2/295: loss=0.084404 (1436ms)
  step 100/295: loss=0.000546 (1450ms)
  step 200/295: loss=0.000096 (1481ms)
Epoch 68/80: loss=0.004301 lr=0.010000 (433623ms)
  step 0/295: loss=0.000302 (1446ms)
  step 1/295: loss=0.000105 (1435ms)
  step 2/295: loss=0.000052 (1470ms)
  step 100/295: loss=0.001195 (1433ms)
  step 200/295: loss=0.000296 (1441ms)
Epoch 69/80: loss=0.001986 lr=0.010000 (433144ms)
  step 0/295: loss=0.002570 (1455ms)
  step 1/295: loss=0.000019 (1452ms)
  step 2/295: loss=0.000017 (1458ms)
  step 100/295: loss=0.000053 (1441ms)
  step 200/295: loss=0.000091 (1460ms)
Epoch 70/80: loss=0.001083 lr=0.010000 (432931ms)
  val accuracy (running BN): 2945/3904 = 75.435451%
  step 0/295: loss=0.000099 (1470ms)
  step 1/295: loss=0.000003 (1440ms)
  step 2/295: loss=0.001556 (1455ms)
  step 100/295: loss=0.000011 (1442ms)
  step 200/295: loss=0.000018 (1449ms)
Epoch 71/80: loss=0.001174 lr=0.010000 (432267ms)
  step 0/295: loss=0.000122 (1419ms)
  step 1/295: loss=0.000002 (1429ms)
  step 2/295: loss=0.000240 (1445ms)
  step 100/295: loss=0.001478 (1441ms)
  step 200/295: loss=0.000094 (1437ms)
Epoch 72/80: loss=0.000830 lr=0.010000 (432790ms)
  step 0/295: loss=0.000125 (1435ms)
  step 1/295: loss=0.000001 (1448ms)
  step 2/295: loss=0.000044 (1454ms)
  step 100/295: loss=0.000041 (1421ms)
  step 200/295: loss=0.000010 (1436ms)
Epoch 73/80: loss=0.000577 lr=0.010000 (432784ms)
  step 0/295: loss=0.000159 (1461ms)
  step 1/295: loss=0.000035 (1443ms)
  step 2/295: loss=0.000012 (1432ms)
  step 100/295: loss=0.000005 (1457ms)
  step 200/295: loss=0.001983 (1449ms)
Epoch 74/80: loss=0.002687 lr=0.010000 (433093ms)
  step 0/295: loss=0.000016 (1462ms)
  step 1/295: loss=0.000305 (1448ms)
  step 2/295: loss=0.000103 (1466ms)
  step 100/295: loss=0.000258 (1462ms)
  step 200/295: loss=0.001422 (1442ms)
Epoch 75/80: loss=0.008843 lr=0.010000 (432193ms)
  step 0/295: loss=0.000066 (1433ms)
  step 1/295: loss=0.000512 (1445ms)
  step 2/295: loss=0.000883 (1435ms)
  step 100/295: loss=0.010793 (1440ms)
  step 200/295: loss=0.000283 (1438ms)
Epoch 76/80: loss=0.004922 lr=0.010000 (432222ms)
  step 0/295: loss=0.000029 (1437ms)
  step 1/295: loss=0.000449 (1408ms)
  step 2/295: loss=0.036626 (1433ms)
  step 100/295: loss=0.033646 (1438ms)
  step 200/295: loss=0.002681 (1448ms)
Epoch 77/80: loss=0.006021 lr=0.010000 (432285ms)
  step 0/295: loss=0.001974 (1459ms)
  step 1/295: loss=0.000064 (1452ms)
  step 2/295: loss=0.000532 (1456ms)
  step 100/295: loss=0.000127 (1453ms)
  step 200/295: loss=0.000009 (1458ms)
Epoch 78/80: loss=0.002716 lr=0.010000 (433334ms)
  step 0/295: loss=0.000041 (1465ms)
  step 1/295: loss=0.000183 (1445ms)
  step 2/295: loss=0.000015 (1443ms)
  step 100/295: loss=0.000079 (1463ms)
  step 200/295: loss=0.000050 (1443ms)
Epoch 79/80: loss=0.001231 lr=0.010000 (431935ms)
  step 0/295: loss=0.000088 (1449ms)
  step 1/295: loss=0.000003 (1453ms)
  step 2/295: loss=0.000033 (1463ms)
  step 100/295: loss=0.000101 (1427ms)
  step 200/295: loss=0.000130 (1432ms)
Epoch 80/80: loss=0.005724 lr=0.010000 (432308ms)
  val accuracy (running BN): 2843/3904 = 72.822746%
Saved params + BN stats.
