Ablation: width-cnn-f64
  spec: MNIST-CNN-f64, optimizer: SGD
  lr: 0.002000, cosine: false, wd: 0.000000
  aug: false, label_smooth: 0.000000
MNIST-CNN-f64-width-cnn-f64: 1644618 params
Generating train step MLIR...
  19313 chars
Compiling vmfbs...
  forward compiled
  eval forward compiled
  train step compiled
  session loaded
  train: 60000 images (784 floats/image)
  1644618 params + m + v (18 MB)
training: 468 batches/epoch, batch=128, Adam, lr=0.002000, cosine warmup=0, label_smooth=0.1, wd=0.000000
  BN layers: 0, BN stat floats: 0
  step 0/468: loss=2.418611 (74ms)
  step 1/468: loss=2.213531 (59ms)
  step 2/468: loss=2.066170 (65ms)
  step 100/468: loss=0.377666 (59ms)
  step 200/468: loss=0.200863 (60ms)
  step 300/468: loss=0.138370 (56ms)
  step 400/468: loss=0.337978 (59ms)
Epoch 1/15: loss=0.284983 lr=0.002000 (29754ms)
  step 0/468: loss=0.219784 (60ms)
  step 1/468: loss=0.098116 (57ms)
  step 2/468: loss=0.079173 (56ms)
  step 100/468: loss=0.098402 (56ms)
  step 200/468: loss=0.097649 (58ms)
  step 300/468: loss=0.161657 (56ms)
  step 400/468: loss=0.054103 (58ms)
Epoch 2/15: loss=0.113992 lr=0.002000 (29492ms)
  step 0/468: loss=0.067712 (58ms)
  step 1/468: loss=0.094811 (55ms)
  step 2/468: loss=0.154229 (57ms)
  step 100/468: loss=0.147901 (57ms)
  step 200/468: loss=0.086172 (58ms)
  step 300/468: loss=0.039967 (57ms)
  step 400/468: loss=0.075888 (55ms)
Epoch 3/15: loss=0.075291 lr=0.002000 (29602ms)
  step 0/468: loss=0.105095 (65ms)
  step 1/468: loss=0.067013 (61ms)
  step 2/468: loss=0.098878 (58ms)
  step 100/468: loss=0.038996 (58ms)
  step 200/468: loss=0.028188 (60ms)
  step 300/468: loss=0.083088 (58ms)
  step 400/468: loss=0.047007 (56ms)
Epoch 4/15: loss=0.058103 lr=0.002000 (29690ms)
  step 0/468: loss=0.023229 (62ms)
  step 1/468: loss=0.076611 (60ms)
  step 2/468: loss=0.036926 (60ms)
  step 100/468: loss=0.085179 (59ms)
  step 200/468: loss=0.022115 (54ms)
  step 300/468: loss=0.053661 (59ms)
  step 400/468: loss=0.094780 (57ms)
Epoch 5/15: loss=0.047667 lr=0.002000 (29817ms)
  step 0/468: loss=0.017391 (63ms)
  step 1/468: loss=0.082578 (59ms)
  step 2/468: loss=0.075093 (59ms)
  step 100/468: loss=0.037338 (55ms)
  step 200/468: loss=0.044355 (54ms)
  step 300/468: loss=0.033499 (56ms)
  step 400/468: loss=0.052046 (63ms)
Epoch 6/15: loss=0.040502 lr=0.002000 (29849ms)
  step 0/468: loss=0.034655 (60ms)
  step 1/468: loss=0.017975 (57ms)
  step 2/468: loss=0.017508 (56ms)
  step 100/468: loss=0.052106 (60ms)
  step 200/468: loss=0.019834 (53ms)
  step 300/468: loss=0.037182 (59ms)
  step 400/468: loss=0.053935 (58ms)
Epoch 7/15: loss=0.034691 lr=0.002000 (29827ms)
  step 0/468: loss=0.011988 (64ms)
  step 1/468: loss=0.017507 (61ms)
  step 2/468: loss=0.010681 (57ms)
  step 100/468: loss=0.022800 (56ms)
  step 200/468: loss=0.013377 (63ms)
  step 300/468: loss=0.017896 (61ms)
  step 400/468: loss=0.028736 (58ms)
Epoch 8/15: loss=0.030690 lr=0.002000 (29750ms)
  step 0/468: loss=0.018444 (60ms)
  step 1/468: loss=0.015942 (56ms)
  step 2/468: loss=0.020112 (61ms)
  step 100/468: loss=0.027693 (61ms)
  step 200/468: loss=0.029414 (60ms)
  step 300/468: loss=0.007527 (58ms)
  step 400/468: loss=0.027516 (55ms)
Epoch 9/15: loss=0.027085 lr=0.002000 (29852ms)
  step 0/468: loss=0.097533 (63ms)
  step 1/468: loss=0.017556 (61ms)
  step 2/468: loss=0.023727 (59ms)
  step 100/468: loss=0.010749 (61ms)
  step 200/468: loss=0.011564 (64ms)
  step 300/468: loss=0.018769 (59ms)
  step 400/468: loss=0.059692 (63ms)
Epoch 10/15: loss=0.024483 lr=0.002000 (29703ms)
  val accuracy (running BN): 9864/9984 = 98.798077%
  step 0/468: loss=0.009871 (61ms)
  step 1/468: loss=0.006039 (65ms)
  step 2/468: loss=0.030165 (62ms)
  step 100/468: loss=0.008911 (59ms)
  step 200/468: loss=0.017683 (57ms)
  step 300/468: loss=0.025633 (54ms)
  step 400/468: loss=0.010956 (54ms)
Epoch 11/15: loss=0.021923 lr=0.002000 (29236ms)
  step 0/468: loss=0.067130 (60ms)
  step 1/468: loss=0.023595 (63ms)
  step 2/468: loss=0.033147 (56ms)
  step 100/468: loss=0.005922 (59ms)
  step 200/468: loss=0.006333 (61ms)
  step 300/468: loss=0.006319 (56ms)
  step 400/468: loss=0.008762 (63ms)
Epoch 12/15: loss=0.019653 lr=0.002000 (29520ms)
  step 0/468: loss=0.013028 (65ms)
  step 1/468: loss=0.018769 (59ms)
  step 2/468: loss=0.020217 (61ms)
  step 100/468: loss=0.010117 (58ms)
  step 200/468: loss=0.028528 (59ms)
  step 300/468: loss=0.009168 (58ms)
  step 400/468: loss=0.062181 (57ms)
Epoch 13/15: loss=0.017595 lr=0.002000 (29501ms)
  step 0/468: loss=0.009106 (59ms)
  step 1/468: loss=0.005400 (55ms)
  step 2/468: loss=0.007742 (54ms)
  step 100/468: loss=0.013731 (63ms)
  step 200/468: loss=0.007212 (59ms)
  step 300/468: loss=0.036290 (60ms)
  step 400/468: loss=0.005308 (60ms)
Epoch 14/15: loss=0.015829 lr=0.002000 (29733ms)
  step 0/468: loss=0.014450 (60ms)
  step 1/468: loss=0.027600 (60ms)
  step 2/468: loss=0.005387 (62ms)
  step 100/468: loss=0.043527 (55ms)
  step 200/468: loss=0.017771 (55ms)
  step 300/468: loss=0.006993 (55ms)
  step 400/468: loss=0.009407 (61ms)
Epoch 15/15: loss=0.014434 lr=0.002000 (29373ms)
  val accuracy (running BN): 9874/9984 = 98.898237%
Saved params + BN stats.
