Ablation: width-cifar-f64
  spec: CIFAR-BN-f64, optimizer: SGD
  lr: 0.002000, cosine: false, wd: 0.000000
  aug: false, label_smooth: 0.000000
CIFAR-BN-f64-width-cifar-f64: 4460490 params
Generating train step MLIR...
  49496 chars
Compiling vmfbs...
  forward compiled
  eval forward compiled
  train step compiled
  session loaded
  train: 50000 images (3072 floats/image)
  4460490 params + m + v (51 MB)
training: 390 batches/epoch, batch=128, Adam, lr=0.002000, cosine warmup=0, label_smooth=0.1, wd=0.000000
  BN layers: 4, BN stat floats: 768
  step 0/390: loss=3.098274 (184ms)
  step 1/390: loss=2.667893 (166ms)
  step 2/390: loss=2.623373 (166ms)
  step 100/390: loss=1.406806 (156ms)
  step 200/390: loss=1.296312 (151ms)
  step 300/390: loss=1.298548 (156ms)
Epoch 1/30: loss=1.420973 lr=0.002000 (61926ms)
  step 0/390: loss=1.136844 (156ms)
  step 1/390: loss=1.131301 (154ms)
  step 2/390: loss=1.019075 (153ms)
  step 100/390: loss=1.119527 (159ms)
  step 200/390: loss=0.929262 (155ms)
  step 300/390: loss=1.093037 (158ms)
Epoch 2/30: loss=1.003553 lr=0.002000 (62261ms)
  step 0/390: loss=0.771695 (159ms)
  step 1/390: loss=0.941458 (153ms)
  step 2/390: loss=0.757262 (156ms)
  step 100/390: loss=0.769637 (155ms)
  step 200/390: loss=0.923282 (155ms)
  step 300/390: loss=0.826871 (152ms)
Epoch 3/30: loss=0.827877 lr=0.002000 (62362ms)
  step 0/390: loss=0.803793 (157ms)
  step 1/390: loss=0.793465 (153ms)
  step 2/390: loss=0.635354 (155ms)
  step 100/390: loss=0.755864 (157ms)
  step 200/390: loss=0.725276 (156ms)
  step 300/390: loss=0.722554 (156ms)
Epoch 4/30: loss=0.708919 lr=0.002000 (62327ms)
  step 0/390: loss=0.617215 (159ms)
  step 1/390: loss=0.788679 (163ms)
  step 2/390: loss=0.565028 (157ms)
  step 100/390: loss=0.579381 (149ms)
  step 200/390: loss=0.521900 (151ms)
  step 300/390: loss=0.552622 (158ms)
Epoch 5/30: loss=0.605912 lr=0.002000 (62218ms)
  step 0/390: loss=0.561206 (156ms)
  step 1/390: loss=0.454904 (157ms)
  step 2/390: loss=0.523748 (150ms)
  step 100/390: loss=0.549276 (155ms)
  step 200/390: loss=0.567667 (156ms)
  step 300/390: loss=0.410265 (154ms)
Epoch 6/30: loss=0.517501 lr=0.002000 (62344ms)
  step 0/390: loss=0.481789 (156ms)
  step 1/390: loss=0.308297 (159ms)
  step 2/390: loss=0.395912 (156ms)
  step 100/390: loss=0.442668 (155ms)
  step 200/390: loss=0.384788 (159ms)
  step 300/390: loss=0.491916 (157ms)
Epoch 7/30: loss=0.430373 lr=0.002000 (62371ms)
  step 0/390: loss=0.333905 (157ms)
  step 1/390: loss=0.359353 (156ms)
  step 2/390: loss=0.263337 (157ms)
  step 100/390: loss=0.309310 (150ms)
  step 200/390: loss=0.379934 (154ms)
  step 300/390: loss=0.368512 (155ms)
Epoch 8/30: loss=0.353789 lr=0.002000 (62391ms)
  step 0/390: loss=0.256744 (160ms)
  step 1/390: loss=0.265054 (155ms)
  step 2/390: loss=0.249773 (161ms)
  step 100/390: loss=0.272938 (159ms)
  step 200/390: loss=0.283237 (157ms)
  step 300/390: loss=0.302326 (149ms)
Epoch 9/30: loss=0.282380 lr=0.002000 (62184ms)
  step 0/390: loss=0.234506 (156ms)
  step 1/390: loss=0.220461 (158ms)
  step 2/390: loss=0.256394 (155ms)
  step 100/390: loss=0.311652 (158ms)
  step 200/390: loss=0.296356 (160ms)
  step 300/390: loss=0.210648 (153ms)
Epoch 10/30: loss=0.222000 lr=0.002000 (62441ms)
  val accuracy (running BN): 7219/9984 = 72.305689%
  step 0/390: loss=0.129143 (156ms)
  step 1/390: loss=0.138132 (153ms)
  step 2/390: loss=0.169652 (154ms)
  step 100/390: loss=0.139224 (150ms)
  step 200/390: loss=0.132185 (155ms)
  step 300/390: loss=0.143497 (156ms)
Epoch 11/30: loss=0.158478 lr=0.002000 (62078ms)
  step 0/390: loss=0.112308 (151ms)
  step 1/390: loss=0.150021 (149ms)
  step 2/390: loss=0.143489 (154ms)
  step 100/390: loss=0.130555 (158ms)
  step 200/390: loss=0.093760 (157ms)
  step 300/390: loss=0.105959 (156ms)
Epoch 12/30: loss=0.119129 lr=0.002000 (62641ms)
  step 0/390: loss=0.121051 (155ms)
  step 1/390: loss=0.079803 (160ms)
  step 2/390: loss=0.092976 (159ms)
  step 100/390: loss=0.069535 (161ms)
  step 200/390: loss=0.066919 (151ms)
  step 300/390: loss=0.082736 (155ms)
Epoch 13/30: loss=0.083897 lr=0.002000 (62290ms)
  step 0/390: loss=0.079312 (151ms)
  step 1/390: loss=0.069356 (152ms)
  step 2/390: loss=0.054828 (151ms)
  step 100/390: loss=0.063141 (156ms)
  step 200/390: loss=0.058202 (153ms)
  step 300/390: loss=0.075021 (158ms)
Epoch 14/30: loss=0.060658 lr=0.002000 (62362ms)
  step 0/390: loss=0.030788 (148ms)
  step 1/390: loss=0.033667 (151ms)
  step 2/390: loss=0.042898 (153ms)
  step 100/390: loss=0.041116 (154ms)
  step 200/390: loss=0.038379 (153ms)
  step 300/390: loss=0.049555 (153ms)
Epoch 15/30: loss=0.039978 lr=0.002000 (62341ms)
  step 0/390: loss=0.020867 (161ms)
  step 1/390: loss=0.032953 (156ms)
  step 2/390: loss=0.050592 (156ms)
  step 100/390: loss=0.026155 (153ms)
  step 200/390: loss=0.027859 (156ms)
  step 300/390: loss=0.038943 (155ms)
Epoch 16/30: loss=0.030098 lr=0.002000 (62482ms)
  step 0/390: loss=0.020670 (160ms)
  step 1/390: loss=0.021093 (155ms)
  step 2/390: loss=0.021853 (154ms)
  step 100/390: loss=0.026920 (155ms)
  step 200/390: loss=0.023908 (153ms)
  step 300/390: loss=0.022547 (152ms)
Epoch 17/30: loss=0.023020 lr=0.002000 (62314ms)
  step 0/390: loss=0.017209 (150ms)
  step 1/390: loss=0.015115 (155ms)
  step 2/390: loss=0.012281 (155ms)
  step 100/390: loss=0.015618 (152ms)
  step 200/390: loss=0.017516 (154ms)
  step 300/390: loss=0.019934 (155ms)
Epoch 18/30: loss=0.017711 lr=0.002000 (62389ms)
  step 0/390: loss=0.019661 (154ms)
  step 1/390: loss=0.015927 (150ms)
  step 2/390: loss=0.017070 (158ms)
  step 100/390: loss=0.015880 (159ms)
  step 200/390: loss=0.013722 (151ms)
  step 300/390: loss=0.011045 (152ms)
Epoch 19/30: loss=0.014656 lr=0.002000 (62121ms)
  step 0/390: loss=0.010386 (157ms)
  step 1/390: loss=0.012160 (155ms)
  step 2/390: loss=0.010004 (157ms)
  step 100/390: loss=0.009852 (155ms)
  step 200/390: loss=0.010011 (151ms)
  step 300/390: loss=0.008824 (151ms)
Epoch 20/30: loss=0.012282 lr=0.002000 (62188ms)
  val accuracy (running BN): 7542/9984 = 75.540865%
  step 0/390: loss=0.010641 (165ms)
  step 1/390: loss=0.010191 (159ms)
  step 2/390: loss=0.013466 (163ms)
  step 100/390: loss=0.007183 (154ms)
  step 200/390: loss=0.007948 (155ms)
  step 300/390: loss=0.008857 (161ms)
Epoch 21/30: loss=0.010809 lr=0.002000 (62329ms)
  step 0/390: loss=0.008885 (157ms)
  step 1/390: loss=0.008647 (154ms)
  step 2/390: loss=0.008958 (151ms)
  step 100/390: loss=0.010023 (149ms)
  step 200/390: loss=0.015334 (161ms)
  step 300/390: loss=0.008156 (155ms)
Epoch 22/30: loss=0.009404 lr=0.002000 (62213ms)
  step 0/390: loss=0.007740 (155ms)
  step 1/390: loss=0.010000 (154ms)
  step 2/390: loss=0.012348 (157ms)
  step 100/390: loss=0.007470 (154ms)
  step 200/390: loss=0.009636 (153ms)
  step 300/390: loss=0.007914 (153ms)
Epoch 23/30: loss=0.008309 lr=0.002000 (61962ms)
  step 0/390: loss=0.007450 (151ms)
  step 1/390: loss=0.005653 (164ms)
  step 2/390: loss=0.007666 (166ms)
  step 100/390: loss=0.005606 (154ms)
  step 200/390: loss=0.005780 (156ms)
  step 300/390: loss=0.011002 (156ms)
Epoch 24/30: loss=0.007398 lr=0.002000 (62460ms)
  step 0/390: loss=0.007003 (156ms)
  step 1/390: loss=0.010685 (157ms)
  step 2/390: loss=0.005443 (155ms)
  step 100/390: loss=0.009986 (154ms)
  step 200/390: loss=0.006458 (155ms)
  step 300/390: loss=0.005700 (152ms)
Epoch 25/30: loss=0.006962 lr=0.002000 (62325ms)
  step 0/390: loss=0.007272 (156ms)
  step 1/390: loss=0.008128 (155ms)
  step 2/390: loss=0.006767 (156ms)
  step 100/390: loss=0.005020 (156ms)
  step 200/390: loss=0.005725 (157ms)
  step 300/390: loss=0.009057 (154ms)
Epoch 26/30: loss=0.006323 lr=0.002000 (62375ms)
  step 0/390: loss=0.005807 (157ms)
  step 1/390: loss=0.005812 (158ms)
  step 2/390: loss=0.004602 (155ms)
  step 100/390: loss=0.010180 (152ms)
  step 200/390: loss=0.005407 (156ms)
  step 300/390: loss=0.004118 (154ms)
Epoch 27/30: loss=0.005739 lr=0.002000 (62290ms)
  step 0/390: loss=0.004270 (154ms)
  step 1/390: loss=0.005586 (153ms)
  step 2/390: loss=0.005559 (149ms)
  step 100/390: loss=0.004874 (159ms)
  step 200/390: loss=0.004500 (157ms)
  step 300/390: loss=0.007768 (155ms)
Epoch 28/30: loss=0.005318 lr=0.002000 (62478ms)
  step 0/390: loss=0.006232 (161ms)
  step 1/390: loss=0.003543 (159ms)
  step 2/390: loss=0.005972 (162ms)
  step 100/390: loss=0.005394 (151ms)
  step 200/390: loss=0.004425 (149ms)
  step 300/390: loss=0.003503 (157ms)
Epoch 29/30: loss=0.004963 lr=0.002000 (62360ms)
  step 0/390: loss=0.004386 (153ms)
  step 1/390: loss=0.004397 (158ms)
  step 2/390: loss=0.004134 (155ms)
  step 100/390: loss=0.004756 (157ms)
  step 200/390: loss=0.005058 (162ms)
  step 300/390: loss=0.005386 (151ms)
Epoch 30/30: loss=0.004600 lr=0.002000 (62280ms)
  val accuracy (running BN): 7540/9984 = 75.520833%
Saved params + BN stats.
