Ablation: cnn-lite-nobn-sgd
  spec: MNIST-CNN-Lite, optimizer: SGD
  lr: 0.100000, cosine: false, wd: 0.000000
  aug: false, label_smooth: 0.000000
MNIST-CNN-Lite-cnn-lite-nobn-sgd: 150154 params
Generating train step MLIR...
  15840 chars
Compiling vmfbs...
  forward compiled
  eval forward compiled
  train step compiled
  session loaded
  train: 60000 images (784 floats/image)
  150154 params + m + v (1 MB)
training: 468 batches/epoch, batch=128, Adam, lr=0.100000, cosine warmup=0, label_smooth=0.1, wd=0.000000
  BN layers: 0, BN stat floats: 0
  step 0/468: loss=2.340028 (164ms)
  step 1/468: loss=2.286650 (145ms)
  step 2/468: loss=2.293746 (145ms)
  step 100/468: loss=1.710429 (144ms)
  step 200/468: loss=1.581343 (141ms)
  step 300/468: loss=1.195105 (142ms)
  step 400/468: loss=1.253564 (143ms)
Epoch 1/15: loss=1.470381 lr=0.100000 (67013ms)
  step 0/468: loss=0.894026 (152ms)
  step 1/468: loss=0.908155 (144ms)
  step 2/468: loss=0.984083 (143ms)
  step 100/468: loss=0.686674 (139ms)
  step 200/468: loss=0.942527 (140ms)
  step 300/468: loss=0.698333 (143ms)
  step 400/468: loss=0.642081 (143ms)
Epoch 2/15: loss=0.783777 lr=0.100000 (67025ms)
  step 0/468: loss=0.638424 (153ms)
  step 1/468: loss=0.655861 (145ms)
  step 2/468: loss=0.510317 (144ms)
  step 100/468: loss=0.775919 (140ms)
  step 200/468: loss=0.472658 (143ms)
  step 300/468: loss=0.368356 (139ms)
  step 400/468: loss=0.572816 (138ms)
Epoch 3/15: loss=0.553387 lr=0.100000 (67032ms)
  step 0/468: loss=0.670052 (152ms)
  step 1/468: loss=0.481098 (142ms)
  step 2/468: loss=0.416790 (141ms)
  step 100/468: loss=0.431443 (143ms)
  step 200/468: loss=0.388922 (144ms)
  step 300/468: loss=0.485554 (140ms)
  step 400/468: loss=0.311221 (140ms)
Epoch 4/15: loss=0.406515 lr=0.100000 (67024ms)
  step 0/468: loss=0.315427 (148ms)
  step 1/468: loss=0.366679 (139ms)
  step 2/468: loss=0.341991 (140ms)
  step 100/468: loss=0.502623 (142ms)
  step 200/468: loss=0.353610 (144ms)
  step 300/468: loss=0.269869 (144ms)
  step 400/468: loss=0.334500 (144ms)
Epoch 5/15: loss=0.329357 lr=0.100000 (67043ms)
  step 0/468: loss=0.318621 (154ms)
  step 1/468: loss=0.239390 (140ms)
  step 2/468: loss=0.411473 (143ms)
  step 100/468: loss=0.222594 (143ms)
  step 200/468: loss=0.386255 (144ms)
  step 300/468: loss=0.208663 (142ms)
  step 400/468: loss=0.274422 (140ms)
Epoch 6/15: loss=0.284562 lr=0.100000 (67150ms)
  step 0/468: loss=0.304580 (152ms)
  step 1/468: loss=0.417129 (145ms)
  step 2/468: loss=0.190915 (143ms)
  step 100/468: loss=0.215997 (141ms)
  step 200/468: loss=0.231465 (141ms)
  step 300/468: loss=0.248542 (144ms)
  step 400/468: loss=0.271889 (142ms)
Epoch 7/15: loss=0.254800 lr=0.100000 (67074ms)
  step 0/468: loss=0.199408 (151ms)
  step 1/468: loss=0.188403 (144ms)
  step 2/468: loss=0.263304 (143ms)
  step 100/468: loss=0.201904 (137ms)
  step 200/468: loss=0.199031 (140ms)
  step 300/468: loss=0.201992 (143ms)
  step 400/468: loss=0.172229 (141ms)
Epoch 8/15: loss=0.241765 lr=0.100000 (67000ms)
  step 0/468: loss=0.271802 (155ms)
  step 1/468: loss=0.205630 (141ms)
  step 2/468: loss=0.124451 (145ms)
  step 100/468: loss=0.123917 (145ms)
  step 200/468: loss=0.329024 (140ms)
  step 300/468: loss=0.093563 (144ms)
  step 400/468: loss=0.374488 (145ms)
Epoch 9/15: loss=0.216590 lr=0.100000 (67038ms)
  step 0/468: loss=0.180868 (155ms)
  step 1/468: loss=0.208242 (145ms)
  step 2/468: loss=0.228321 (146ms)
  step 100/468: loss=0.220381 (147ms)
  step 200/468: loss=0.231301 (143ms)
  step 300/468: loss=0.328996 (145ms)
  step 400/468: loss=0.344522 (142ms)
Epoch 10/15: loss=0.200097 lr=0.100000 (67149ms)
  val accuracy (running BN): 9447/9984 = 94.621394%
  step 0/468: loss=0.174108 (152ms)
  step 1/468: loss=0.175405 (143ms)
  step 2/468: loss=0.137881 (143ms)
  step 100/468: loss=0.076410 (145ms)
  step 200/468: loss=0.142944 (141ms)
  step 300/468: loss=0.352602 (144ms)
  step 400/468: loss=0.091633 (144ms)
Epoch 11/15: loss=0.192756 lr=0.100000 (66901ms)
  step 0/468: loss=0.141547 (156ms)
  step 1/468: loss=0.214079 (148ms)
  step 2/468: loss=0.205611 (145ms)
  step 100/468: loss=0.150420 (142ms)
  step 200/468: loss=0.159078 (142ms)
  step 300/468: loss=0.159335 (141ms)
  step 400/468: loss=0.217204 (141ms)
Epoch 12/15: loss=0.180468 lr=0.100000 (67170ms)
  step 0/468: loss=0.202344 (152ms)
  step 1/468: loss=0.304597 (145ms)
  step 2/468: loss=0.171206 (142ms)
  step 100/468: loss=0.364376 (140ms)
  step 200/468: loss=0.162930 (141ms)
  step 300/468: loss=0.161955 (140ms)
  step 400/468: loss=0.194485 (141ms)
Epoch 13/15: loss=0.174184 lr=0.100000 (67078ms)
  step 0/468: loss=0.208516 (155ms)
  step 1/468: loss=0.104931 (144ms)
  step 2/468: loss=0.128599 (143ms)
  step 100/468: loss=0.186477 (145ms)
  step 200/468: loss=0.120885 (141ms)
  step 300/468: loss=0.267847 (141ms)
  step 400/468: loss=0.182173 (145ms)
Epoch 14/15: loss=0.163224 lr=0.100000 (67168ms)
  step 0/468: loss=0.124114 (149ms)
  step 1/468: loss=0.162673 (141ms)
  step 2/468: loss=0.217126 (143ms)
  step 100/468: loss=0.228242 (142ms)
  step 200/468: loss=0.155513 (145ms)
  step 300/468: loss=0.192433 (139ms)
  step 400/468: loss=0.322078 (144ms)
Epoch 15/15: loss=0.155667 lr=0.100000 (67027ms)
  val accuracy (running BN): 9526/9984 = 95.412660%
Saved params + BN stats.
