Ablation: width-cnn-f8
  spec: MNIST-CNN-f8, optimizer: SGD
  lr: 0.002000, cosine: false, wd: 0.000000
  aug: false, label_smooth: 0.000000
MNIST-CNN-f8-width-cnn-f8: 202786 params
Generating train step MLIR...
  19126 chars
Compiling vmfbs...
  forward compiled
  eval forward compiled
  train step compiled
  session loaded
  train: 60000 images (784 floats/image)
  202786 params + m + v (2 MB)
training: 468 batches/epoch, batch=128, Adam, lr=0.002000, cosine warmup=0, label_smooth=0.1, wd=0.000000
  BN layers: 0, BN stat floats: 0
  step 0/468: loss=2.512088 (29ms)
  step 1/468: loss=2.437536 (13ms)
  step 2/468: loss=2.560698 (14ms)
  step 100/468: loss=0.570927 (12ms)
  step 200/468: loss=0.257039 (11ms)
  step 300/468: loss=0.188304 (11ms)
  step 400/468: loss=0.410820 (13ms)
Epoch 1/15: loss=0.470110 lr=0.002000 (6355ms)
  step 0/468: loss=0.277868 (19ms)
  step 1/468: loss=0.160036 (16ms)
  step 2/468: loss=0.108345 (15ms)
  step 100/468: loss=0.136874 (14ms)
  step 200/468: loss=0.161421 (13ms)
  step 300/468: loss=0.244612 (13ms)
  step 400/468: loss=0.123255 (12ms)
Epoch 2/15: loss=0.173001 lr=0.002000 (6449ms)
  step 0/468: loss=0.134110 (19ms)
  step 1/468: loss=0.131974 (14ms)
  step 2/468: loss=0.226522 (15ms)
  step 100/468: loss=0.222012 (12ms)
  step 200/468: loss=0.163849 (13ms)
  step 300/468: loss=0.069416 (13ms)
  step 400/468: loss=0.151082 (12ms)
Epoch 3/15: loss=0.125042 lr=0.002000 (6354ms)
  step 0/468: loss=0.154260 (18ms)
  step 1/468: loss=0.110798 (18ms)
  step 2/468: loss=0.137649 (15ms)
  step 100/468: loss=0.080289 (12ms)
  step 200/468: loss=0.062055 (13ms)
  step 300/468: loss=0.137944 (14ms)
  step 400/468: loss=0.078005 (13ms)
Epoch 4/15: loss=0.099492 lr=0.002000 (6422ms)
  step 0/468: loss=0.066375 (20ms)
  step 1/468: loss=0.144446 (16ms)
  step 2/468: loss=0.073689 (17ms)
  step 100/468: loss=0.151704 (12ms)
  step 200/468: loss=0.032960 (12ms)
  step 300/468: loss=0.085869 (11ms)
  step 400/468: loss=0.119895 (12ms)
Epoch 5/15: loss=0.084484 lr=0.002000 (6356ms)
  step 0/468: loss=0.040404 (20ms)
  step 1/468: loss=0.117291 (16ms)
  step 2/468: loss=0.082441 (15ms)
  step 100/468: loss=0.092657 (13ms)
  step 200/468: loss=0.086262 (11ms)
  step 300/468: loss=0.052121 (12ms)
  step 400/468: loss=0.128897 (13ms)
Epoch 6/15: loss=0.073047 lr=0.002000 (6467ms)
  step 0/468: loss=0.061823 (21ms)
  step 1/468: loss=0.041505 (16ms)
  step 2/468: loss=0.032880 (14ms)
  step 100/468: loss=0.080981 (13ms)
  step 200/468: loss=0.040320 (14ms)
  step 300/468: loss=0.044305 (13ms)
  step 400/468: loss=0.091089 (12ms)
Epoch 7/15: loss=0.064955 lr=0.002000 (6346ms)
  step 0/468: loss=0.025468 (19ms)
  step 1/468: loss=0.049505 (17ms)
  step 2/468: loss=0.034275 (16ms)
  step 100/468: loss=0.048425 (13ms)
  step 200/468: loss=0.035773 (13ms)
  step 300/468: loss=0.042243 (11ms)
  step 400/468: loss=0.043533 (12ms)
Epoch 8/15: loss=0.059007 lr=0.002000 (6414ms)
  step 0/468: loss=0.038602 (23ms)
  step 1/468: loss=0.041335 (17ms)
  step 2/468: loss=0.034459 (16ms)
  step 100/468: loss=0.071431 (12ms)
  step 200/468: loss=0.047197 (11ms)
  step 300/468: loss=0.026108 (14ms)
  step 400/468: loss=0.049850 (12ms)
Epoch 9/15: loss=0.052945 lr=0.002000 (6334ms)
  step 0/468: loss=0.125102 (18ms)
  step 1/468: loss=0.041572 (15ms)
  step 2/468: loss=0.041854 (15ms)
  step 100/468: loss=0.011294 (13ms)
  step 200/468: loss=0.038288 (13ms)
  step 300/468: loss=0.039898 (13ms)
  step 400/468: loss=0.079132 (13ms)
Epoch 10/15: loss=0.048931 lr=0.002000 (6481ms)
  val accuracy (running BN): 9802/9984 = 98.177083%
  step 0/468: loss=0.023973 (24ms)
  step 1/468: loss=0.005513 (17ms)
  step 2/468: loss=0.079981 (18ms)
  step 100/468: loss=0.015742 (12ms)
  step 200/468: loss=0.064772 (13ms)
  step 300/468: loss=0.106034 (13ms)
  step 400/468: loss=0.035318 (11ms)
Epoch 11/15: loss=0.046097 lr=0.002000 (6276ms)
  step 0/468: loss=0.120247 (17ms)
  step 1/468: loss=0.081999 (14ms)
  step 2/468: loss=0.085139 (14ms)
  step 100/468: loss=0.015256 (13ms)
  step 200/468: loss=0.016876 (11ms)
  step 300/468: loss=0.010372 (14ms)
  step 400/468: loss=0.014052 (13ms)
Epoch 12/15: loss=0.041469 lr=0.002000 (6375ms)
  step 0/468: loss=0.041460 (18ms)
  step 1/468: loss=0.041502 (17ms)
  step 2/468: loss=0.025206 (16ms)
  step 100/468: loss=0.021738 (13ms)
  step 200/468: loss=0.042904 (12ms)
  step 300/468: loss=0.019831 (12ms)
  step 400/468: loss=0.073045 (12ms)
Epoch 13/15: loss=0.039333 lr=0.002000 (6446ms)
  step 0/468: loss=0.024733 (19ms)
  step 1/468: loss=0.024357 (15ms)
  step 2/468: loss=0.015922 (15ms)
  step 100/468: loss=0.037139 (14ms)
  step 200/468: loss=0.014772 (13ms)
  step 300/468: loss=0.047579 (13ms)
  step 400/468: loss=0.009634 (12ms)
Epoch 14/15: loss=0.036569 lr=0.002000 (6296ms)
  step 0/468: loss=0.019603 (21ms)
  step 1/468: loss=0.033249 (17ms)
  step 2/468: loss=0.018312 (15ms)
  step 100/468: loss=0.082241 (12ms)
  step 200/468: loss=0.043501 (11ms)
  step 300/468: loss=0.024452 (11ms)
  step 400/468: loss=0.027528 (15ms)
Epoch 15/15: loss=0.034644 lr=0.002000 (6355ms)
  val accuracy (running BN): 9818/9984 = 98.337340%
Saved params + BN stats.
