Ablation: width-cifar-f8
  spec: CIFAR-BN-f8, optimizer: SGD
  lr: 0.002000, cosine: false, wd: 0.000000
  aug: false, label_smooth: 0.000000
CIFAR-BN-f8-width-cifar-f8: 534274 params
Generating train step MLIR...
  48874 chars
Compiling vmfbs...
  forward compiled
  eval forward compiled
  train step compiled
  session loaded
  train: 50000 images (3072 floats/image)
  534274 params + m + v (6 MB)
training: 390 batches/epoch, batch=128, Adam, lr=0.002000, cosine warmup=0, label_smooth=0.1, wd=0.000000
  BN layers: 4, BN stat floats: 96
  step 0/390: loss=2.882013 (47ms)
  step 1/390: loss=2.801372 (31ms)
  step 2/390: loss=2.617559 (28ms)
  step 100/390: loss=1.736520 (30ms)
  step 200/390: loss=1.555415 (30ms)
  step 300/390: loss=1.642257 (32ms)
Epoch 1/30: loss=1.738091 lr=0.002000 (13301ms)
  step 0/390: loss=1.514242 (37ms)
  step 1/390: loss=1.508336 (33ms)
  step 2/390: loss=1.489838 (33ms)
  step 100/390: loss=1.363527 (33ms)
  step 200/390: loss=1.405801 (28ms)
  step 300/390: loss=1.453947 (30ms)
Epoch 2/30: loss=1.390209 lr=0.002000 (13478ms)
  step 0/390: loss=1.298592 (40ms)
  step 1/390: loss=1.387489 (32ms)
  step 2/390: loss=1.383104 (36ms)
  step 100/390: loss=1.264530 (33ms)
  step 200/390: loss=1.311575 (32ms)
  step 300/390: loss=1.240339 (31ms)
Epoch 3/30: loss=1.245751 lr=0.002000 (13753ms)
  step 0/390: loss=1.286275 (39ms)
  step 1/390: loss=1.134796 (37ms)
  step 2/390: loss=1.015436 (33ms)
  step 100/390: loss=1.217362 (32ms)
  step 200/390: loss=1.084096 (32ms)
  step 300/390: loss=1.168234 (32ms)
Epoch 4/30: loss=1.154682 lr=0.002000 (13640ms)
  step 0/390: loss=1.087483 (36ms)
  step 1/390: loss=1.278349 (33ms)
  step 2/390: loss=1.124358 (33ms)
  step 100/390: loss=1.006964 (33ms)
  step 200/390: loss=1.055911 (35ms)
  step 300/390: loss=1.026245 (31ms)
Epoch 5/30: loss=1.084179 lr=0.002000 (13979ms)
  step 0/390: loss=1.121225 (39ms)
  step 1/390: loss=0.969600 (37ms)
  step 2/390: loss=1.155816 (34ms)
  step 100/390: loss=0.963114 (31ms)
  step 200/390: loss=1.190634 (37ms)
  step 300/390: loss=0.968362 (36ms)
Epoch 6/30: loss=1.025871 lr=0.002000 (14200ms)
  step 0/390: loss=1.026855 (39ms)
  step 1/390: loss=0.881603 (36ms)
  step 2/390: loss=0.875359 (31ms)
  step 100/390: loss=0.905515 (34ms)
  step 200/390: loss=0.981432 (36ms)
  step 300/390: loss=0.916627 (38ms)
Epoch 7/30: loss=0.976752 lr=0.002000 (14278ms)
  step 0/390: loss=0.896656 (35ms)
  step 1/390: loss=0.911657 (32ms)
  step 2/390: loss=0.705070 (32ms)
  step 100/390: loss=0.936700 (34ms)
  step 200/390: loss=0.922658 (31ms)
  step 300/390: loss=0.970707 (33ms)
Epoch 8/30: loss=0.938350 lr=0.002000 (14180ms)
  step 0/390: loss=0.802804 (40ms)
  step 1/390: loss=0.897179 (41ms)
  step 2/390: loss=0.827902 (35ms)
  step 100/390: loss=0.871425 (36ms)
  step 200/390: loss=1.012425 (30ms)
  step 300/390: loss=1.012978 (36ms)
Epoch 9/30: loss=0.898022 lr=0.002000 (14225ms)
  step 0/390: loss=0.982021 (36ms)
  step 1/390: loss=0.881364 (35ms)
  step 2/390: loss=0.967972 (35ms)
  step 100/390: loss=0.839785 (34ms)
  step 200/390: loss=0.985015 (30ms)
  step 300/390: loss=0.832727 (36ms)
Epoch 10/30: loss=0.864431 lr=0.002000 (14331ms)
  val accuracy (running BN): 6497/9984 = 65.074119%
  step 0/390: loss=0.803439 (39ms)
  step 1/390: loss=0.710132 (38ms)
  step 2/390: loss=0.744463 (33ms)
  step 100/390: loss=0.741231 (34ms)
  step 200/390: loss=0.755573 (32ms)
  step 300/390: loss=0.809335 (33ms)
Epoch 11/30: loss=0.829848 lr=0.002000 (14470ms)
  step 0/390: loss=0.831795 (36ms)
  step 1/390: loss=0.754073 (33ms)
  step 2/390: loss=0.680269 (32ms)
  step 100/390: loss=0.795804 (36ms)
  step 200/390: loss=0.807511 (33ms)
  step 300/390: loss=0.900638 (33ms)
Epoch 12/30: loss=0.800380 lr=0.002000 (14457ms)
  step 0/390: loss=0.787769 (39ms)
  step 1/390: loss=0.885424 (33ms)
  step 2/390: loss=0.684661 (31ms)
  step 100/390: loss=0.774393 (35ms)
  step 200/390: loss=0.763910 (31ms)
  step 300/390: loss=0.890057 (32ms)
Epoch 13/30: loss=0.773877 lr=0.002000 (14398ms)
  step 0/390: loss=0.626830 (36ms)
  step 1/390: loss=0.629954 (32ms)
  step 2/390: loss=0.730905 (32ms)
  step 100/390: loss=0.768591 (35ms)
  step 200/390: loss=0.616988 (35ms)
  step 300/390: loss=0.759502 (35ms)
Epoch 14/30: loss=0.741285 lr=0.002000 (14251ms)
  step 0/390: loss=0.638436 (39ms)
  step 1/390: loss=0.704049 (40ms)
  step 2/390: loss=0.710491 (40ms)
  step 100/390: loss=0.768580 (35ms)
  step 200/390: loss=0.680524 (33ms)
  step 300/390: loss=0.684425 (36ms)
Epoch 15/30: loss=0.713508 lr=0.002000 (14582ms)
  step 0/390: loss=0.471688 (39ms)
  step 1/390: loss=0.590043 (36ms)
  step 2/390: loss=0.646962 (34ms)
  step 100/390: loss=0.681114 (34ms)
  step 200/390: loss=0.857358 (34ms)
  step 300/390: loss=0.649735 (34ms)
Epoch 16/30: loss=0.685143 lr=0.002000 (14251ms)
  step 0/390: loss=0.539803 (38ms)
  step 1/390: loss=0.622307 (34ms)
  step 2/390: loss=0.773974 (35ms)
  step 100/390: loss=0.731454 (35ms)
  step 200/390: loss=0.786793 (35ms)
  step 300/390: loss=0.789715 (32ms)
Epoch 17/30: loss=0.657504 lr=0.002000 (14297ms)
  step 0/390: loss=0.617239 (37ms)
  step 1/390: loss=0.624376 (40ms)
  step 2/390: loss=0.589688 (40ms)
  step 100/390: loss=0.607724 (34ms)
  step 200/390: loss=0.649691 (38ms)
  step 300/390: loss=0.597695 (34ms)
Epoch 18/30: loss=0.632241 lr=0.002000 (13955ms)
  step 0/390: loss=0.613785 (35ms)
  step 1/390: loss=0.651552 (33ms)
  step 2/390: loss=0.638498 (34ms)
  step 100/390: loss=0.670638 (33ms)
  step 200/390: loss=0.457775 (34ms)
  step 300/390: loss=0.726162 (34ms)
Epoch 19/30: loss=0.600437 lr=0.002000 (13984ms)
  step 0/390: loss=0.550683 (35ms)
  step 1/390: loss=0.525489 (35ms)
  step 2/390: loss=0.460082 (36ms)
  step 100/390: loss=0.509014 (34ms)
  step 200/390: loss=0.549259 (33ms)
  step 300/390: loss=0.419778 (37ms)
Epoch 20/30: loss=0.576008 lr=0.002000 (13870ms)
  val accuracy (running BN): 6676/9984 = 66.866987%
  step 0/390: loss=0.478571 (39ms)
  step 1/390: loss=0.587275 (35ms)
  step 2/390: loss=0.588860 (36ms)
  step 100/390: loss=0.520765 (32ms)
  step 200/390: loss=0.507753 (35ms)
  step 300/390: loss=0.488827 (35ms)
Epoch 21/30: loss=0.547404 lr=0.002000 (14099ms)
  step 0/390: loss=0.498929 (37ms)
  step 1/390: loss=0.557153 (33ms)
  step 2/390: loss=0.543813 (31ms)
  step 100/390: loss=0.628021 (33ms)
  step 200/390: loss=0.524994 (34ms)
  step 300/390: loss=0.553358 (38ms)
Epoch 22/30: loss=0.524763 lr=0.002000 (13964ms)
  step 0/390: loss=0.426342 (37ms)
  step 1/390: loss=0.588089 (36ms)
  step 2/390: loss=0.449794 (35ms)
  step 100/390: loss=0.441002 (31ms)
  step 200/390: loss=0.541245 (35ms)
  step 300/390: loss=0.522570 (33ms)
Epoch 23/30: loss=0.492323 lr=0.002000 (14168ms)
  step 0/390: loss=0.438310 (35ms)
  step 1/390: loss=0.389964 (32ms)
  step 2/390: loss=0.416381 (30ms)
  step 100/390: loss=0.357726 (34ms)
  step 200/390: loss=0.405546 (34ms)
  step 300/390: loss=0.652867 (34ms)
Epoch 24/30: loss=0.465869 lr=0.002000 (14100ms)
  step 0/390: loss=0.390997 (41ms)
  step 1/390: loss=0.502592 (36ms)
  step 2/390: loss=0.387861 (36ms)
  step 100/390: loss=0.551889 (33ms)
  step 200/390: loss=0.427933 (34ms)
  step 300/390: loss=0.348368 (36ms)
Epoch 25/30: loss=0.439027 lr=0.002000 (14167ms)
  step 0/390: loss=0.404266 (38ms)
  step 1/390: loss=0.416956 (36ms)
  step 2/390: loss=0.545738 (34ms)
  step 100/390: loss=0.361720 (36ms)
  step 200/390: loss=0.419304 (36ms)
  step 300/390: loss=0.437314 (31ms)
Epoch 26/30: loss=0.414188 lr=0.002000 (14362ms)
  step 0/390: loss=0.391407 (38ms)
  step 1/390: loss=0.288415 (35ms)
  step 2/390: loss=0.431641 (33ms)
  step 100/390: loss=0.422014 (34ms)
  step 200/390: loss=0.390995 (35ms)
  step 300/390: loss=0.273683 (35ms)
Epoch 27/30: loss=0.390164 lr=0.002000 (14060ms)
  step 0/390: loss=0.262011 (35ms)
  step 1/390: loss=0.366051 (33ms)
  step 2/390: loss=0.325081 (32ms)
  step 100/390: loss=0.385302 (32ms)
  step 200/390: loss=0.275727 (32ms)
  step 300/390: loss=0.376466 (33ms)
Epoch 28/30: loss=0.360146 lr=0.002000 (13919ms)
  step 0/390: loss=0.356322 (38ms)
  step 1/390: loss=0.351669 (39ms)
  step 2/390: loss=0.335956 (34ms)
  step 100/390: loss=0.342977 (33ms)
  step 200/390: loss=0.222774 (37ms)
  step 300/390: loss=0.247399 (32ms)
Epoch 29/30: loss=0.339954 lr=0.002000 (13937ms)
  step 0/390: loss=0.282718 (37ms)
  step 1/390: loss=0.320791 (33ms)
  step 2/390: loss=0.377688 (31ms)
  step 100/390: loss=0.219433 (35ms)
  step 200/390: loss=0.292738 (33ms)
  step 300/390: loss=0.297601 (30ms)
Epoch 30/30: loss=0.316788 lr=0.002000 (13840ms)
  val accuracy (running BN): 6717/9984 = 67.277644%
Saved params + BN stats.
