Ablation: cifar-bn-cosine
  spec: CIFAR-CNN-BN, optimizer: Adam
  lr: 0.001000, cosine: true, wd: 0.000000
  aug: false, label_smooth: 0.000000
CIFAR-CNN-BN-cifar-bn-cosine: 2431210 params
Generating train step MLIR...
  74977 chars
Compiling vmfbs...
  forward compiled
  eval forward compiled
  train step compiled
  session loaded
  train: 50000 images (3072 floats/image)
  2431210 params + m + v (27 MB)
training: 390 batches/epoch, batch=128, Adam, lr=0.001000, cosine warmup=1, label_smooth=0.1, wd=0.000000
  BN layers: 4, BN stat floats: 384
  step 0/390: loss=3.003467 (93ms)
  step 1/390: loss=10.057078 (82ms)
  step 2/390: loss=12.796227 (79ms)
  step 100/390: loss=1.627675 (78ms)
  step 200/390: loss=1.374690 (79ms)
  step 300/390: loss=1.352170 (81ms)
Epoch 1/30: loss=1.682680 lr=0.001000 (33243ms)
  step 0/390: loss=1.104881 (80ms)
  step 1/390: loss=1.223096 (73ms)
  step 2/390: loss=1.079562 (75ms)
  step 100/390: loss=1.163827 (74ms)
  step 200/390: loss=0.891280 (80ms)
  step 300/390: loss=0.984719 (75ms)
Epoch 2/30: loss=0.992310 lr=0.001000 (33115ms)
  step 0/390: loss=0.733564 (78ms)
  step 1/390: loss=0.940159 (74ms)
  step 2/390: loss=0.707376 (73ms)
  step 100/390: loss=0.678164 (75ms)
  step 200/390: loss=0.797083 (79ms)
  step 300/390: loss=0.860243 (78ms)
Epoch 3/30: loss=0.790374 lr=0.000997 (33138ms)
  step 0/390: loss=0.683043 (82ms)
  step 1/390: loss=0.718304 (80ms)
  step 2/390: loss=0.580941 (83ms)
  step 100/390: loss=0.642517 (79ms)
  step 200/390: loss=0.822021 (77ms)
  step 300/390: loss=0.713118 (81ms)
Epoch 4/30: loss=0.669572 lr=0.000988 (33310ms)
  step 0/390: loss=0.554385 (79ms)
  step 1/390: loss=0.669983 (79ms)
  step 2/390: loss=0.560880 (78ms)
  step 100/390: loss=0.523061 (77ms)
  step 200/390: loss=0.517719 (76ms)
  step 300/390: loss=0.485196 (80ms)
Epoch 5/30: loss=0.577542 lr=0.000974 (33152ms)
  step 0/390: loss=0.475791 (76ms)
  step 1/390: loss=0.417974 (79ms)
  step 2/390: loss=0.503495 (79ms)
  step 100/390: loss=0.413161 (81ms)
  step 200/390: loss=0.543671 (79ms)
  step 300/390: loss=0.477610 (83ms)
Epoch 6/30: loss=0.494516 lr=0.000954 (33339ms)
  step 0/390: loss=0.387635 (75ms)
  step 1/390: loss=0.365552 (75ms)
  step 2/390: loss=0.355232 (81ms)
  step 100/390: loss=0.501193 (79ms)
  step 200/390: loss=0.308244 (82ms)
  step 300/390: loss=0.424225 (81ms)
Epoch 7/30: loss=0.415007 lr=0.000928 (33251ms)
  step 0/390: loss=0.317827 (80ms)
  step 1/390: loss=0.256723 (75ms)
  step 2/390: loss=0.229241 (78ms)
  step 100/390: loss=0.275323 (81ms)
  step 200/390: loss=0.266364 (76ms)
  step 300/390: loss=0.312805 (80ms)
Epoch 8/30: loss=0.350901 lr=0.000898 (33151ms)
  step 0/390: loss=0.257727 (77ms)
  step 1/390: loss=0.266539 (81ms)
  step 2/390: loss=0.266291 (79ms)
  step 100/390: loss=0.255148 (82ms)
  step 200/390: loss=0.245177 (78ms)
  step 300/390: loss=0.296753 (74ms)
Epoch 9/30: loss=0.295796 lr=0.000863 (33173ms)
  step 0/390: loss=0.200785 (82ms)
  step 1/390: loss=0.325364 (81ms)
  step 2/390: loss=0.228357 (83ms)
  step 100/390: loss=0.239482 (80ms)
  step 200/390: loss=0.261556 (78ms)
  step 300/390: loss=0.192207 (76ms)
Epoch 10/30: loss=0.233294 lr=0.000824 (33104ms)
  val accuracy (running BN): 7502/9984 = 75.140224%
  step 0/390: loss=0.173533 (77ms)
  step 1/390: loss=0.172065 (76ms)
  step 2/390: loss=0.213971 (80ms)
  step 100/390: loss=0.140677 (80ms)
  step 200/390: loss=0.216470 (79ms)
  step 300/390: loss=0.165528 (79ms)
Epoch 11/30: loss=0.179566 lr=0.000781 (33102ms)
  step 0/390: loss=0.101759 (87ms)
  step 1/390: loss=0.106266 (79ms)
  step 2/390: loss=0.105315 (75ms)
  step 100/390: loss=0.123938 (76ms)
  step 200/390: loss=0.102520 (79ms)
  step 300/390: loss=0.221913 (80ms)
Epoch 12/30: loss=0.138516 lr=0.000734 (33118ms)
  step 0/390: loss=0.168453 (77ms)
  step 1/390: loss=0.119380 (75ms)
  step 2/390: loss=0.088294 (78ms)
  step 100/390: loss=0.120887 (85ms)
  step 200/390: loss=0.083161 (80ms)
  step 300/390: loss=0.104625 (78ms)
Epoch 13/30: loss=0.097112 lr=0.000685 (33093ms)
  step 0/390: loss=0.083439 (77ms)
  step 1/390: loss=0.034667 (76ms)
  step 2/390: loss=0.063641 (81ms)
  step 100/390: loss=0.063170 (77ms)
  step 200/390: loss=0.037939 (80ms)
  step 300/390: loss=0.108951 (77ms)
Epoch 14/30: loss=0.072407 lr=0.000634 (33115ms)
  step 0/390: loss=0.046878 (83ms)
  step 1/390: loss=0.047071 (81ms)
  step 2/390: loss=0.032554 (77ms)
  step 100/390: loss=0.065903 (73ms)
  step 200/390: loss=0.069914 (75ms)
  step 300/390: loss=0.059117 (79ms)
Epoch 15/30: loss=0.048016 lr=0.000581 (33111ms)
  step 0/390: loss=0.019683 (82ms)
  step 1/390: loss=0.040951 (79ms)
  step 2/390: loss=0.027634 (79ms)
  step 100/390: loss=0.025232 (79ms)
  step 200/390: loss=0.044962 (75ms)
  step 300/390: loss=0.042699 (80ms)
Epoch 16/30: loss=0.035260 lr=0.000527 (33057ms)
  step 0/390: loss=0.059568 (77ms)
  step 1/390: loss=0.147123 (82ms)
  step 2/390: loss=0.042119 (76ms)
  step 100/390: loss=0.035217 (79ms)
  step 200/390: loss=0.014868 (80ms)
  step 300/390: loss=0.027807 (77ms)
Epoch 17/30: loss=0.026107 lr=0.000473 (33057ms)
  step 0/390: loss=0.018082 (75ms)
  step 1/390: loss=0.003466 (74ms)
  step 2/390: loss=0.009135 (75ms)
  step 100/390: loss=0.006054 (77ms)
  step 200/390: loss=0.005694 (81ms)
  step 300/390: loss=0.003954 (79ms)
Epoch 18/30: loss=0.013244 lr=0.000419 (33104ms)
  step 0/390: loss=0.006861 (83ms)
  step 1/390: loss=0.008597 (81ms)
  step 2/390: loss=0.008081 (77ms)
  step 100/390: loss=0.004209 (78ms)
  step 200/390: loss=0.003851 (79ms)
  step 300/390: loss=0.001675 (74ms)
Epoch 19/30: loss=0.009181 lr=0.000366 (33079ms)
  step 0/390: loss=0.005602 (76ms)
  step 1/390: loss=0.011352 (75ms)
  step 2/390: loss=0.002920 (79ms)
  step 100/390: loss=0.001402 (79ms)
  step 200/390: loss=0.004338 (85ms)
  step 300/390: loss=0.001979 (82ms)
Epoch 20/30: loss=0.004647 lr=0.000315 (33065ms)
  val accuracy (running BN): 7906/9984 = 79.186699%
  step 0/390: loss=0.006267 (80ms)
  step 1/390: loss=0.003718 (79ms)
  step 2/390: loss=0.006242 (83ms)
  step 100/390: loss=0.002241 (79ms)
  step 200/390: loss=0.000747 (77ms)
  step 300/390: loss=0.000626 (78ms)
Epoch 21/30: loss=0.001836 lr=0.000266 (33109ms)
  step 0/390: loss=0.000868 (75ms)
  step 1/390: loss=0.001483 (76ms)
  step 2/390: loss=0.005905 (73ms)
  step 100/390: loss=0.000607 (76ms)
  step 200/390: loss=0.001631 (78ms)
  step 300/390: loss=0.000926 (79ms)
Epoch 22/30: loss=0.001220 lr=0.000219 (33032ms)
  step 0/390: loss=0.000239 (80ms)
  step 1/390: loss=0.000846 (80ms)
  step 2/390: loss=0.000971 (80ms)
  step 100/390: loss=0.000620 (79ms)
  step 200/390: loss=0.000700 (78ms)
  step 300/390: loss=0.000474 (75ms)
Epoch 23/30: loss=0.000778 lr=0.000176 (33283ms)
  step 0/390: loss=0.000423 (82ms)
  step 1/390: loss=0.000798 (78ms)
  step 2/390: loss=0.000966 (75ms)
  step 100/390: loss=0.000490 (76ms)
  step 200/390: loss=0.000435 (79ms)
  step 300/390: loss=0.000686 (81ms)
Epoch 24/30: loss=0.000677 lr=0.000137 (33174ms)
  step 0/390: loss=0.000413 (81ms)
  step 1/390: loss=0.001466 (76ms)
  step 2/390: loss=0.000458 (76ms)
  step 100/390: loss=0.001089 (81ms)
  step 200/390: loss=0.000872 (75ms)
  step 300/390: loss=0.000190 (81ms)
Epoch 25/30: loss=0.000559 lr=0.000102 (33035ms)
  step 0/390: loss=0.000370 (82ms)
  step 1/390: loss=0.000304 (80ms)
  step 2/390: loss=0.000389 (79ms)
  step 100/390: loss=0.000267 (75ms)
  step 200/390: loss=0.000343 (76ms)
  step 300/390: loss=0.000420 (82ms)
Epoch 26/30: loss=0.000509 lr=0.000072 (33157ms)
  step 0/390: loss=0.001265 (79ms)
  step 1/390: loss=0.000112 (82ms)
  step 2/390: loss=0.000192 (74ms)
  step 100/390: loss=0.001149 (77ms)
  step 200/390: loss=0.000259 (81ms)
  step 300/390: loss=0.000317 (77ms)
Epoch 27/30: loss=0.000417 lr=0.000046 (33117ms)
  step 0/390: loss=0.000172 (78ms)
  step 1/390: loss=0.000519 (78ms)
  step 2/390: loss=0.000575 (74ms)
  step 100/390: loss=0.000320 (77ms)
  step 200/390: loss=0.000261 (79ms)
  step 300/390: loss=0.000915 (79ms)
Epoch 28/30: loss=0.000405 lr=0.000026 (33001ms)
  step 0/390: loss=0.000435 (78ms)
  step 1/390: loss=0.000348 (79ms)
  step 2/390: loss=0.000260 (83ms)
  step 100/390: loss=0.000205 (76ms)
  step 200/390: loss=0.000149 (79ms)
  step 300/390: loss=0.000223 (83ms)
Epoch 29/30: loss=0.000366 lr=0.000012 (33083ms)
  step 0/390: loss=0.000323 (77ms)
  step 1/390: loss=0.000368 (80ms)
  step 2/390: loss=0.000469 (76ms)
  step 100/390: loss=0.000159 (75ms)
  step 200/390: loss=0.000307 (75ms)
  step 300/390: loss=0.000452 (76ms)
Epoch 30/30: loss=0.000354 lr=0.000003 (33116ms)
  val accuracy (running BN): 7945/9984 = 79.577324%
Saved params + BN stats.
