Ablation: cnn-lite-nobn-sgd002
  spec: MNIST-CNN-Lite, optimizer: SGD
  lr: 0.002000, cosine: false, wd: 0.000000
  aug: false, label_smooth: 0.000000
MNIST-CNN-Lite-cnn-lite-nobn-sgd002: 150154 params
Generating train step MLIR...
  15846 chars
Compiling vmfbs...
  forward compiled
  eval forward compiled
  train step compiled
  session loaded
  train: 60000 images (784 floats/image)
  150154 params + m + v (1 MB)
training: 468 batches/epoch, batch=128, Adam, lr=0.002000, cosine warmup=0, label_smooth=0.1, wd=0.000000
  BN layers: 0, BN stat floats: 0
  step 0/468: loss=2.340028 (158ms)
  step 1/468: loss=2.304443 (139ms)
  step 2/468: loss=2.331139 (138ms)
  step 100/468: loss=2.263497 (142ms)
  step 200/468: loss=2.255902 (142ms)
  step 300/468: loss=2.266776 (141ms)
  step 400/468: loss=2.212654 (142ms)
Epoch 1/15: loss=2.245723 lr=0.002000 (66186ms)
  step 0/468: loss=2.180627 (149ms)
  step 1/468: loss=2.168388 (140ms)
  step 2/468: loss=2.177921 (141ms)
  step 100/468: loss=2.120544 (142ms)
  step 200/468: loss=2.111529 (141ms)
  step 300/468: loss=2.103687 (144ms)
  step 400/468: loss=2.056690 (140ms)
Epoch 2/15: loss=2.113874 lr=0.002000 (66385ms)
  step 0/468: loss=2.025554 (152ms)
  step 1/468: loss=2.088381 (140ms)
  step 2/468: loss=2.064767 (145ms)
  step 100/468: loss=1.988657 (141ms)
  step 200/468: loss=1.913993 (141ms)
  step 300/468: loss=1.873768 (145ms)
  step 400/468: loss=1.863422 (146ms)
Epoch 3/15: loss=1.955160 lr=0.002000 (66824ms)
  step 0/468: loss=1.994948 (152ms)
  step 1/468: loss=1.903542 (140ms)
  step 2/468: loss=1.849863 (143ms)
  step 100/468: loss=1.858685 (142ms)
  step 200/468: loss=1.861408 (142ms)
  step 300/468: loss=1.899811 (146ms)
  step 400/468: loss=1.827354 (141ms)
Epoch 4/15: loss=1.852718 lr=0.002000 (67025ms)
  step 0/468: loss=1.750167 (156ms)
  step 1/468: loss=1.799267 (140ms)
  step 2/468: loss=1.867551 (145ms)
  step 100/468: loss=1.716598 (143ms)
  step 200/468: loss=1.770885 (144ms)
  step 300/468: loss=1.824361 (139ms)
  step 400/468: loss=1.779667 (140ms)
Epoch 5/15: loss=1.768767 lr=0.002000 (67128ms)
  step 0/468: loss=1.637076 (152ms)
  step 1/468: loss=1.735204 (142ms)
  step 2/468: loss=1.683199 (139ms)
  step 100/468: loss=1.661627 (145ms)
  step 200/468: loss=1.771237 (145ms)
  step 300/468: loss=1.683288 (141ms)
  step 400/468: loss=1.625513 (144ms)
Epoch 6/15: loss=1.692549 lr=0.002000 (67070ms)
  step 0/468: loss=1.693807 (150ms)
  step 1/468: loss=1.678864 (144ms)
  step 2/468: loss=1.599665 (140ms)
  step 100/468: loss=1.574828 (140ms)
  step 200/468: loss=1.692894 (142ms)
  step 300/468: loss=1.681534 (141ms)
  step 400/468: loss=1.658461 (145ms)
Epoch 7/15: loss=1.626352 lr=0.002000 (66998ms)
  step 0/468: loss=1.499287 (153ms)
  step 1/468: loss=1.538479 (143ms)
  step 2/468: loss=1.609964 (141ms)
  step 100/468: loss=1.588161 (143ms)
  step 200/468: loss=1.555497 (144ms)
  step 300/468: loss=1.500437 (141ms)
  step 400/468: loss=1.543944 (144ms)
Epoch 8/15: loss=1.570102 lr=0.002000 (67219ms)
  step 0/468: loss=1.541207 (156ms)
  step 1/468: loss=1.550421 (144ms)
  step 2/468: loss=1.452710 (142ms)
  step 100/468: loss=1.483677 (143ms)
  step 200/468: loss=1.637664 (141ms)
  step 300/468: loss=1.421530 (147ms)
  step 400/468: loss=1.624167 (144ms)
Epoch 9/15: loss=1.521422 lr=0.002000 (67189ms)
  step 0/468: loss=1.542476 (153ms)
  step 1/468: loss=1.503107 (144ms)
  step 2/468: loss=1.456941 (144ms)
  step 100/468: loss=1.420886 (143ms)
  step 200/468: loss=1.441904 (141ms)
  step 300/468: loss=1.494743 (143ms)
  step 400/468: loss=1.531692 (141ms)
Epoch 10/15: loss=1.477176 lr=0.002000 (67122ms)
  val accuracy (running BN): 4665/9984 = 46.724760%
  step 0/468: loss=1.499212 (152ms)
  step 1/468: loss=1.469235 (146ms)
  step 2/468: loss=1.417271 (145ms)
  step 100/468: loss=1.315119 (143ms)
  step 200/468: loss=1.412206 (143ms)
  step 300/468: loss=1.638537 (144ms)
  step 400/468: loss=1.544052 (145ms)
Epoch 11/15: loss=1.439735 lr=0.002000 (66994ms)
  step 0/468: loss=1.438792 (151ms)
  step 1/468: loss=1.403866 (139ms)
  step 2/468: loss=1.308907 (142ms)
  step 100/468: loss=1.426759 (141ms)
  step 200/468: loss=1.426692 (142ms)
  step 300/468: loss=1.381109 (143ms)
  step 400/468: loss=1.477843 (142ms)
Epoch 12/15: loss=1.404591 lr=0.002000 (67074ms)
  step 0/468: loss=1.412615 (154ms)
  step 1/468: loss=1.466458 (147ms)
  step 2/468: loss=1.338191 (140ms)
  step 100/468: loss=1.432185 (143ms)
  step 200/468: loss=1.422285 (144ms)
  step 300/468: loss=1.316172 (147ms)
  step 400/468: loss=1.439076 (143ms)
Epoch 13/15: loss=1.372018 lr=0.002000 (67107ms)
  step 0/468: loss=1.314560 (151ms)
  step 1/468: loss=1.312463 (142ms)
  step 2/468: loss=1.341116 (142ms)
  step 100/468: loss=1.309539 (143ms)
  step 200/468: loss=1.331680 (142ms)
  step 300/468: loss=1.237668 (144ms)
  step 400/468: loss=1.286378 (143ms)
Epoch 14/15: loss=1.343793 lr=0.002000 (67093ms)
  step 0/468: loss=1.232646 (153ms)
  step 1/468: loss=1.368206 (147ms)
  step 2/468: loss=1.311168 (145ms)
  step 100/468: loss=1.183761 (145ms)
  step 200/468: loss=1.367092 (147ms)
  step 300/468: loss=1.403489 (146ms)
  step 400/468: loss=1.405282 (147ms)
Epoch 15/15: loss=1.314395 lr=0.002000 (67139ms)
  val accuracy (running BN): 5494/9984 = 55.028045%
Saved params + BN stats.
