Ablation: mlp-adam
  spec: MNIST-MLP, optimizer: Adam
  lr: 0.001000, cosine: false, wd: 0.000000
  aug: false, label_smooth: 0.000000
MNIST-MLP-mlp-adam: 669706 params
Generating train step MLIR...
  18596 chars
Compiling vmfbs...
  forward compiled
  eval forward compiled
  train step compiled
  session loaded
  train: 60000 images (784 floats/image)
  669706 params + m + v (7 MB)
training: 468 batches/epoch, batch=128, Adam, lr=0.001000, cosine warmup=0, label_smooth=0.1, wd=0.000000
  BN layers: 0, BN stat floats: 0
  step 0/468: loss=2.437782 (30ms)
  step 1/468: loss=2.091353 (19ms)
  step 2/468: loss=1.868469 (19ms)
  step 100/468: loss=0.271882 (18ms)
  step 200/468: loss=0.121110 (18ms)
  step 300/468: loss=0.080295 (16ms)
  step 400/468: loss=0.260794 (17ms)
Epoch 1/12: loss=0.216271 lr=0.001000 (9527ms)
  step 0/468: loss=0.154278 (23ms)
  step 1/468: loss=0.042054 (19ms)
  step 2/468: loss=0.063893 (20ms)
  step 100/468: loss=0.045485 (16ms)
  step 200/468: loss=0.087275 (19ms)
  step 300/468: loss=0.082418 (16ms)
  step 400/468: loss=0.046298 (19ms)
Epoch 2/12: loss=0.079095 lr=0.001000 (9509ms)
  step 0/468: loss=0.039967 (20ms)
  step 1/468: loss=0.086134 (16ms)
  step 2/468: loss=0.083393 (18ms)
  step 100/468: loss=0.074547 (16ms)
  step 200/468: loss=0.052040 (18ms)
  step 300/468: loss=0.020376 (18ms)
  step 400/468: loss=0.043661 (18ms)
Epoch 3/12: loss=0.050382 lr=0.001000 (9435ms)
  step 0/468: loss=0.078694 (23ms)
  step 1/468: loss=0.027917 (19ms)
  step 2/468: loss=0.040332 (18ms)
  step 100/468: loss=0.053170 (17ms)
  step 200/468: loss=0.013447 (18ms)
  step 300/468: loss=0.081885 (18ms)
  step 400/468: loss=0.032278 (20ms)
Epoch 4/12: loss=0.035120 lr=0.001000 (9261ms)
  step 0/468: loss=0.008542 (21ms)
  step 1/468: loss=0.074045 (20ms)
  step 2/468: loss=0.023521 (18ms)
  step 100/468: loss=0.022395 (18ms)
  step 200/468: loss=0.006805 (20ms)
  step 300/468: loss=0.009150 (16ms)
  step 400/468: loss=0.055546 (16ms)
Epoch 5/12: loss=0.027769 lr=0.001000 (9157ms)
  step 0/468: loss=0.014725 (22ms)
  step 1/468: loss=0.034210 (19ms)
  step 2/468: loss=0.030517 (18ms)
  step 100/468: loss=0.004245 (17ms)
  step 200/468: loss=0.004315 (16ms)
  step 300/468: loss=0.006022 (16ms)
  step 400/468: loss=0.068845 (17ms)
Epoch 6/12: loss=0.020023 lr=0.001000 (9257ms)
  step 0/468: loss=0.016029 (19ms)
  step 1/468: loss=0.005467 (16ms)
  step 2/468: loss=0.033236 (17ms)
  step 100/468: loss=0.005095 (18ms)
  step 200/468: loss=0.010706 (18ms)
  step 300/468: loss=0.007647 (18ms)
  step 400/468: loss=0.011207 (18ms)
Epoch 7/12: loss=0.017977 lr=0.001000 (9218ms)
  step 0/468: loss=0.005843 (23ms)
  step 1/468: loss=0.002124 (20ms)
  step 2/468: loss=0.012303 (18ms)
  step 100/468: loss=0.015532 (17ms)
  step 200/468: loss=0.001449 (19ms)
  step 300/468: loss=0.001112 (19ms)
  step 400/468: loss=0.008700 (18ms)
Epoch 8/12: loss=0.017444 lr=0.001000 (9286ms)
  step 0/468: loss=0.007034 (21ms)
  step 1/468: loss=0.012526 (16ms)
  step 2/468: loss=0.006413 (17ms)
  step 100/468: loss=0.007598 (19ms)
  step 200/468: loss=0.017647 (19ms)
  step 300/468: loss=0.002199 (18ms)
  step 400/468: loss=0.016237 (18ms)
Epoch 9/12: loss=0.015044 lr=0.001000 (9248ms)
  step 0/468: loss=0.012957 (21ms)
  step 1/468: loss=0.000964 (18ms)
  step 2/468: loss=0.000840 (18ms)
  step 100/468: loss=0.010537 (16ms)
  step 200/468: loss=0.004195 (20ms)
  step 300/468: loss=0.027565 (19ms)
  step 400/468: loss=0.072132 (18ms)
Epoch 10/12: loss=0.015657 lr=0.001000 (9176ms)
  val accuracy (running BN): 9794/9984 = 98.096955%
  step 0/468: loss=0.008216 (20ms)
  step 1/468: loss=0.001041 (21ms)
  step 2/468: loss=0.001234 (19ms)
  step 100/468: loss=0.002968 (18ms)
  step 200/468: loss=0.000547 (17ms)
  step 300/468: loss=0.009372 (17ms)
  step 400/468: loss=0.041498 (18ms)
Epoch 11/12: loss=0.008128 lr=0.001000 (9211ms)
  step 0/468: loss=0.019745 (21ms)
  step 1/468: loss=0.050894 (18ms)
  step 2/468: loss=0.001834 (18ms)
  step 100/468: loss=0.002047 (18ms)
  step 200/468: loss=0.023036 (19ms)
  step 300/468: loss=0.001195 (15ms)
  step 400/468: loss=0.000689 (19ms)
Epoch 12/12: loss=0.011198 lr=0.001000 (9236ms)
  val accuracy (running BN): 9776/9984 = 97.916667%
Saved params + BN stats.
