Ablation: cifar-nobn-sgd002
  spec: CIFAR-CNN-noBN, optimizer: SGD
  lr: 0.002000, cosine: false, wd: 0.000000
  aug: false, label_smooth: 0.000000
CIFAR-CNN-noBN-cifar-nobn-sgd002: 2431018 params
Generating train step MLIR...
  33113 chars
Compiling vmfbs...
  forward compiled
  eval forward compiled
  train step compiled
  session loaded
  train: 50000 images (3072 floats/image)
  2431018 params + m + v (27 MB)
training: 390 batches/epoch, batch=128, Adam, lr=0.002000, cosine warmup=0, label_smooth=0.1, wd=0.000000
  BN layers: 0, BN stat floats: 0
  step 0/390: loss=2.617618 (92ms)
  step 1/390: loss=2.453466 (77ms)
  step 2/390: loss=2.392506 (84ms)
  step 100/390: loss=1.774612 (81ms)
  step 200/390: loss=1.669675 (80ms)
  step 300/390: loss=1.576881 (78ms)
Epoch 1/30: loss=1.695933 lr=0.002000 (34057ms)
  step 0/390: loss=1.366482 (81ms)
  step 1/390: loss=1.405627 (78ms)
  step 2/390: loss=1.408409 (79ms)
  step 100/390: loss=1.297908 (87ms)
  step 200/390: loss=1.283917 (79ms)
  step 300/390: loss=1.379144 (78ms)
Epoch 2/30: loss=1.337998 lr=0.002000 (34310ms)
  step 0/390: loss=1.210531 (80ms)
  step 1/390: loss=1.224241 (81ms)
  step 2/390: loss=1.152700 (82ms)
  step 100/390: loss=1.088176 (82ms)
  step 200/390: loss=1.179940 (81ms)
  step 300/390: loss=1.179351 (77ms)
Epoch 3/30: loss=1.164547 lr=0.002000 (34613ms)
  step 0/390: loss=1.203862 (82ms)
  step 1/390: loss=1.073068 (79ms)
  step 2/390: loss=0.868756 (82ms)
  step 100/390: loss=1.112975 (82ms)
  step 200/390: loss=1.001137 (80ms)
  step 300/390: loss=1.060896 (81ms)
Epoch 4/30: loss=1.034081 lr=0.002000 (34500ms)
  step 0/390: loss=1.003473 (85ms)
  step 1/390: loss=1.020884 (80ms)
  step 2/390: loss=0.961755 (79ms)
  step 100/390: loss=0.972594 (83ms)
  step 200/390: loss=0.880307 (89ms)
  step 300/390: loss=0.811878 (79ms)
Epoch 5/30: loss=0.927050 lr=0.002000 (34591ms)
  step 0/390: loss=0.990816 (81ms)
  step 1/390: loss=0.712849 (82ms)
  step 2/390: loss=0.965609 (80ms)
  step 100/390: loss=0.821182 (79ms)
  step 200/390: loss=1.074130 (84ms)
  step 300/390: loss=0.790258 (88ms)
Epoch 6/30: loss=0.844953 lr=0.002000 (34477ms)
  step 0/390: loss=0.774848 (79ms)
  step 1/390: loss=0.714409 (81ms)
  step 2/390: loss=0.721381 (81ms)
  step 100/390: loss=0.902525 (81ms)
  step 200/390: loss=0.584878 (85ms)
  step 300/390: loss=0.862698 (80ms)
Epoch 7/30: loss=0.771906 lr=0.002000 (34372ms)
  step 0/390: loss=0.734481 (80ms)
  step 1/390: loss=0.654359 (80ms)
  step 2/390: loss=0.540062 (85ms)
  step 100/390: loss=0.605757 (84ms)
  step 200/390: loss=0.756010 (78ms)
  step 300/390: loss=0.634125 (84ms)
Epoch 8/30: loss=0.695399 lr=0.002000 (34211ms)
  step 0/390: loss=0.569297 (79ms)
  step 1/390: loss=0.590638 (83ms)
  step 2/390: loss=0.535452 (79ms)
  step 100/390: loss=0.589645 (85ms)
  step 200/390: loss=0.570420 (84ms)
  step 300/390: loss=0.678468 (81ms)
Epoch 9/30: loss=0.627766 lr=0.002000 (34603ms)
  step 0/390: loss=0.519568 (81ms)
  step 1/390: loss=0.547199 (80ms)
  step 2/390: loss=0.483416 (80ms)
  step 100/390: loss=0.564249 (87ms)
  step 200/390: loss=0.736115 (77ms)
  step 300/390: loss=0.411907 (79ms)
Epoch 10/30: loss=0.549655 lr=0.002000 (34384ms)
  val accuracy (running BN): 6917/9984 = 69.280849%
  step 0/390: loss=0.335228 (86ms)
  step 1/390: loss=0.403774 (84ms)
  step 2/390: loss=0.453813 (86ms)
  step 100/390: loss=0.449028 (79ms)
  step 200/390: loss=0.467622 (82ms)
  step 300/390: loss=0.460457 (85ms)
Epoch 11/30: loss=0.476587 lr=0.002000 (34588ms)
  step 0/390: loss=0.401218 (78ms)
  step 1/390: loss=0.401389 (79ms)
  step 2/390: loss=0.404674 (80ms)
  step 100/390: loss=0.416315 (81ms)
  step 200/390: loss=0.289216 (84ms)
  step 300/390: loss=0.410727 (83ms)
Epoch 12/30: loss=0.405684 lr=0.002000 (34666ms)
  step 0/390: loss=0.320926 (84ms)
  step 1/390: loss=0.339121 (83ms)
  step 2/390: loss=0.337748 (80ms)
  step 100/390: loss=0.419465 (79ms)
  step 200/390: loss=0.358132 (79ms)
  step 300/390: loss=0.413130 (84ms)
Epoch 13/30: loss=0.334639 lr=0.002000 (34533ms)
  step 0/390: loss=0.238215 (80ms)
  step 1/390: loss=0.219460 (84ms)
  step 2/390: loss=0.187111 (87ms)
  step 100/390: loss=0.254125 (81ms)
  step 200/390: loss=0.207746 (81ms)
  step 300/390: loss=0.342465 (81ms)
Epoch 14/30: loss=0.268112 lr=0.002000 (34728ms)
  step 0/390: loss=0.107409 (83ms)
  step 1/390: loss=0.218915 (81ms)
  step 2/390: loss=0.227662 (85ms)
  step 100/390: loss=0.160310 (79ms)
  step 200/390: loss=0.164327 (77ms)
  step 300/390: loss=0.210653 (84ms)
Epoch 15/30: loss=0.210672 lr=0.002000 (34423ms)
  step 0/390: loss=0.133556 (80ms)
  step 1/390: loss=0.181311 (80ms)
  step 2/390: loss=0.199445 (81ms)
  step 100/390: loss=0.128467 (82ms)
  step 200/390: loss=0.118041 (85ms)
  step 300/390: loss=0.182441 (83ms)
Epoch 16/30: loss=0.159992 lr=0.002000 (34597ms)
  step 0/390: loss=0.135125 (81ms)
  step 1/390: loss=0.092225 (82ms)
  step 2/390: loss=0.169579 (81ms)
  step 100/390: loss=0.060102 (82ms)
  step 200/390: loss=0.114518 (89ms)
  step 300/390: loss=0.097038 (80ms)
Epoch 17/30: loss=0.112737 lr=0.002000 (34555ms)
  step 0/390: loss=0.110321 (80ms)
  step 1/390: loss=0.104283 (79ms)
  step 2/390: loss=0.072263 (85ms)
  step 100/390: loss=0.089559 (85ms)
  step 200/390: loss=0.092069 (84ms)
  step 300/390: loss=0.145080 (79ms)
Epoch 18/30: loss=0.091478 lr=0.002000 (34599ms)
  step 0/390: loss=0.069109 (81ms)
  step 1/390: loss=0.073813 (87ms)
  step 2/390: loss=0.167825 (81ms)
  step 100/390: loss=0.084320 (84ms)
  step 200/390: loss=0.040810 (77ms)
  step 300/390: loss=0.116725 (77ms)
Epoch 19/30: loss=0.060596 lr=0.002000 (34291ms)
  step 0/390: loss=0.056428 (82ms)
  step 1/390: loss=0.030495 (82ms)
  step 2/390: loss=0.033181 (80ms)
  step 100/390: loss=0.010599 (82ms)
  step 200/390: loss=0.047212 (84ms)
  step 300/390: loss=0.072923 (77ms)
Epoch 20/30: loss=0.032766 lr=0.002000 (34350ms)
  val accuracy (running BN): 7076/9984 = 70.873397%
  step 0/390: loss=0.028083 (76ms)
  step 1/390: loss=0.052088 (81ms)
  step 2/390: loss=0.026397 (82ms)
  step 100/390: loss=0.015284 (79ms)
  step 200/390: loss=0.046551 (81ms)
  step 300/390: loss=0.026828 (82ms)
Epoch 21/30: loss=0.025551 lr=0.002000 (34005ms)
  step 0/390: loss=0.025500 (88ms)
  step 1/390: loss=0.065541 (80ms)
  step 2/390: loss=0.039329 (78ms)
  step 100/390: loss=0.008414 (80ms)
  step 200/390: loss=0.006859 (77ms)
  step 300/390: loss=0.006200 (80ms)
Epoch 22/30: loss=0.013622 lr=0.002000 (33862ms)
  step 0/390: loss=0.004810 (78ms)
  step 1/390: loss=0.006071 (77ms)
  step 2/390: loss=0.004224 (76ms)
  step 100/390: loss=0.009845 (81ms)
  step 200/390: loss=0.004622 (82ms)
  step 300/390: loss=0.006671 (77ms)
Epoch 23/30: loss=0.004498 lr=0.002000 (34053ms)
  step 0/390: loss=0.003856 (84ms)
  step 1/390: loss=0.003812 (81ms)
  step 2/390: loss=0.002589 (84ms)
  step 100/390: loss=0.001165 (86ms)
  step 200/390: loss=0.001985 (78ms)
  step 300/390: loss=0.003072 (81ms)
Epoch 24/30: loss=0.002255 lr=0.002000 (33936ms)
  step 0/390: loss=0.001353 (85ms)
  step 1/390: loss=0.002594 (83ms)
  step 2/390: loss=0.001851 (84ms)
  step 100/390: loss=0.001648 (80ms)
  step 200/390: loss=0.001051 (87ms)
  step 300/390: loss=0.000819 (81ms)
Epoch 25/30: loss=0.001490 lr=0.002000 (33958ms)
  step 0/390: loss=0.001281 (78ms)
  step 1/390: loss=0.001423 (81ms)
  step 2/390: loss=0.001631 (81ms)
  step 100/390: loss=0.000803 (79ms)
  step 200/390: loss=0.000925 (79ms)
  step 300/390: loss=0.001238 (83ms)
Epoch 26/30: loss=0.001154 lr=0.002000 (33922ms)
  step 0/390: loss=0.000733 (81ms)
  step 1/390: loss=0.000600 (85ms)
  step 2/390: loss=0.000875 (78ms)
  step 100/390: loss=0.001397 (76ms)
  step 200/390: loss=0.001081 (80ms)
  step 300/390: loss=0.000491 (87ms)
Epoch 27/30: loss=0.000978 lr=0.002000 (33990ms)
  step 0/390: loss=0.000620 (77ms)
  step 1/390: loss=0.001083 (76ms)
  step 2/390: loss=0.000701 (76ms)
  step 100/390: loss=0.001130 (78ms)
  step 200/390: loss=0.000730 (80ms)
  step 300/390: loss=0.000853 (77ms)
Epoch 28/30: loss=0.000846 lr=0.002000 (33594ms)
  step 0/390: loss=0.000721 (78ms)
  step 1/390: loss=0.000943 (78ms)
  step 2/390: loss=0.001004 (77ms)
  step 100/390: loss=0.000663 (85ms)
  step 200/390: loss=0.001053 (78ms)
  step 300/390: loss=0.000559 (76ms)
Epoch 29/30: loss=0.000757 lr=0.002000 (33777ms)
  step 0/390: loss=0.000362 (84ms)
  step 1/390: loss=0.000671 (82ms)
  step 2/390: loss=0.001312 (83ms)
  step 100/390: loss=0.000493 (81ms)
  step 200/390: loss=0.000614 (84ms)
  step 300/390: loss=0.000452 (85ms)
Epoch 30/30: loss=0.000685 lr=0.002000 (34045ms)
  val accuracy (running BN): 7239/9984 = 72.506010%
Saved params + BN stats.
