Ablation: cnn-bn-sgd
  spec: MNIST-CNN-BN, optimizer: SGD
  lr: 0.100000, cosine: false, wd: 0.000000
  aug: false, label_smooth: 0.000000
MNIST-CNN-BN-cnn-bn-sgd: 1676458 params
Generating train step MLIR...
  49188 chars
Compiling vmfbs...
  forward compiled
  eval forward compiled
  train step compiled
  session loaded
  train: 60000 images (784 floats/image)
  1676458 params + m + v (19 MB)
training: 468 batches/epoch, batch=128, Adam, lr=0.100000, cosine warmup=0, label_smooth=0.1, wd=0.000000
  BN layers: 4, BN stat floats: 384
  step 0/468: loss=2.829745 (110ms)
  step 1/468: loss=17.297358 (92ms)
  step 2/468: loss=47.929298 (96ms)
  step 100/468: loss=0.492314 (92ms)
  step 200/468: loss=0.124723 (93ms)
  step 300/468: loss=0.125012 (91ms)
  step 400/468: loss=0.210982 (90ms)
Epoch 1/15: loss=0.641655 lr=0.100000 (44142ms)
  step 0/468: loss=0.255265 (97ms)
  step 1/468: loss=0.089841 (96ms)
  step 2/468: loss=0.031194 (95ms)
  step 100/468: loss=0.053723 (90ms)
  step 200/468: loss=0.111554 (89ms)
  step 300/468: loss=0.075023 (87ms)
  step 400/468: loss=0.032743 (88ms)
Epoch 2/15: loss=0.084710 lr=0.100000 (44492ms)
  step 0/468: loss=0.009550 (95ms)
  step 1/468: loss=0.053955 (93ms)
  step 2/468: loss=0.059153 (93ms)
  step 100/468: loss=0.108221 (93ms)
  step 200/468: loss=0.028812 (89ms)
  step 300/468: loss=0.011157 (88ms)
  step 400/468: loss=0.104796 (91ms)
Epoch 3/15: loss=0.058583 lr=0.100000 (44478ms)
  step 0/468: loss=0.071833 (97ms)
  step 1/468: loss=0.068245 (90ms)
  step 2/468: loss=0.069719 (95ms)
  step 100/468: loss=0.033928 (91ms)
  step 200/468: loss=0.016398 (87ms)
  step 300/468: loss=0.039003 (93ms)
  step 400/468: loss=0.038538 (97ms)
Epoch 4/15: loss=0.044597 lr=0.100000 (44564ms)
  step 0/468: loss=0.011989 (99ms)
  step 1/468: loss=0.122616 (93ms)
  step 2/468: loss=0.013000 (93ms)
  step 100/468: loss=0.062005 (88ms)
  step 200/468: loss=0.008955 (89ms)
  step 300/468: loss=0.014067 (97ms)
  step 400/468: loss=0.060629 (93ms)
Epoch 5/15: loss=0.039937 lr=0.100000 (44894ms)
  step 0/468: loss=0.020451 (99ms)
  step 1/468: loss=0.096783 (90ms)
  step 2/468: loss=0.024864 (89ms)
  step 100/468: loss=0.043392 (96ms)
  step 200/468: loss=0.015941 (85ms)
  step 300/468: loss=0.020951 (89ms)
  step 400/468: loss=0.032248 (92ms)
Epoch 6/15: loss=0.030271 lr=0.100000 (44831ms)
  step 0/468: loss=0.060263 (94ms)
  step 1/468: loss=0.074544 (90ms)
  step 2/468: loss=0.004005 (91ms)
  step 100/468: loss=0.008433 (88ms)
  step 200/468: loss=0.009981 (88ms)
  step 300/468: loss=0.077743 (89ms)
  step 400/468: loss=0.019662 (92ms)
Epoch 7/15: loss=0.027127 lr=0.100000 (44555ms)
  step 0/468: loss=0.025018 (97ms)
  step 1/468: loss=0.028721 (92ms)
  step 2/468: loss=0.000764 (92ms)
  step 100/468: loss=0.019159 (95ms)
  step 200/468: loss=0.004906 (95ms)
  step 300/468: loss=0.029266 (87ms)
  step 400/468: loss=0.012548 (92ms)
Epoch 8/15: loss=0.021874 lr=0.100000 (45014ms)
  step 0/468: loss=0.044081 (92ms)
  step 1/468: loss=0.008403 (93ms)
  step 2/468: loss=0.020586 (92ms)
  step 100/468: loss=0.009251 (94ms)
  step 200/468: loss=0.024126 (93ms)
  step 300/468: loss=0.029470 (93ms)
  step 400/468: loss=0.003334 (93ms)
Epoch 9/15: loss=0.020363 lr=0.100000 (44778ms)
  step 0/468: loss=0.033348 (96ms)
  step 1/468: loss=0.002684 (91ms)
  step 2/468: loss=0.002198 (89ms)
  step 100/468: loss=0.002769 (89ms)
  step 200/468: loss=0.015037 (95ms)
  step 300/468: loss=0.027147 (89ms)
  step 400/468: loss=0.070477 (86ms)
Epoch 10/15: loss=0.016541 lr=0.100000 (44881ms)
  val accuracy (running BN): 9858/9984 = 98.737981%
  step 0/468: loss=0.000986 (100ms)
  step 1/468: loss=0.003207 (94ms)
  step 2/468: loss=0.005517 (94ms)
  step 100/468: loss=0.013112 (89ms)
  step 200/468: loss=0.007997 (89ms)
  step 300/468: loss=0.008629 (91ms)
  step 400/468: loss=0.048071 (93ms)
Epoch 11/15: loss=0.014921 lr=0.100000 (44872ms)
  step 0/468: loss=0.034760 (94ms)
  step 1/468: loss=0.014563 (92ms)
  step 2/468: loss=0.011687 (94ms)
  step 100/468: loss=0.009115 (92ms)
  step 200/468: loss=0.008647 (89ms)
  step 300/468: loss=0.002317 (91ms)
  step 400/468: loss=0.003059 (95ms)
Epoch 12/15: loss=0.012455 lr=0.100000 (44878ms)
  step 0/468: loss=0.023958 (94ms)
  step 1/468: loss=0.062101 (95ms)
  step 2/468: loss=0.001075 (91ms)
  step 100/468: loss=0.000434 (94ms)
  step 200/468: loss=0.000431 (92ms)
  step 300/468: loss=0.002820 (91ms)
  step 400/468: loss=0.013415 (88ms)
Epoch 13/15: loss=0.010567 lr=0.100000 (44509ms)
  step 0/468: loss=0.007679 (94ms)
  step 1/468: loss=0.001321 (93ms)
  step 2/468: loss=0.001369 (98ms)
  step 100/468: loss=0.016538 (86ms)
  step 200/468: loss=0.000754 (90ms)
  step 300/468: loss=0.051227 (92ms)
  step 400/468: loss=0.004832 (92ms)
Epoch 14/15: loss=0.010602 lr=0.100000 (44366ms)
  step 0/468: loss=0.013607 (96ms)
  step 1/468: loss=0.004496 (91ms)
  step 2/468: loss=0.001108 (94ms)
  step 100/468: loss=0.098229 (86ms)
  step 200/468: loss=0.001008 (92ms)
  step 300/468: loss=0.009894 (89ms)
  step 400/468: loss=0.050753 (93ms)
Epoch 15/15: loss=0.009268 lr=0.100000 (44352ms)
  val accuracy (running BN): 9890/9984 = 99.058494%
Saved params + BN stats.
