Ablation: r34-adam-cosine
  spec: ResNet-34, optimizer: Adam
  lr: 0.001000, cosine: true, wd: 0.000000
  aug: false, label_smooth: 0.000000
ResNet-34-r34-adam-cosine: 21289802 params
Generating train step MLIR...
  505632 chars
Compiling vmfbs...
  forward compiled
  eval forward compiled
  train step compiled
  session loaded
  train: 9469 images (196608 floats/image)
  21289802 params + m + v (243 MB)
training: 295 batches/epoch, batch=32, Adam, lr=0.001000, cosine warmup=3, label_smooth=0.1, wd=0.000000
  BN layers: 36, BN stat floats: 17024
  step 0/295: loss=3.457397 (1515ms)
  step 1/295: loss=5.141436 (1536ms)
  step 2/295: loss=3.070387 (1429ms)
  step 100/295: loss=2.540582 (1448ms)
  step 200/295: loss=2.316291 (1468ms)
Epoch 1/80: loss=2.429153 lr=0.000333 (431657ms)
  step 0/295: loss=2.304387 (1435ms)
  step 1/295: loss=2.424330 (1429ms)
  step 2/295: loss=2.341025 (1471ms)
  step 100/295: loss=2.414337 (1479ms)
  step 200/295: loss=2.455277 (1421ms)
Epoch 2/80: loss=2.399739 lr=0.000667 (432424ms)
  step 0/295: loss=2.333168 (1442ms)
  step 1/295: loss=2.352329 (1429ms)
  step 2/295: loss=2.224219 (1438ms)
  step 100/295: loss=2.260251 (1451ms)
  step 200/295: loss=2.298902 (1428ms)
Epoch 3/80: loss=2.395561 lr=0.001000 (432396ms)
  step 0/295: loss=2.370761 (1444ms)
  step 1/295: loss=2.341280 (1428ms)
  step 2/295: loss=2.327500 (1437ms)
  step 100/295: loss=2.268120 (1450ms)
  step 200/295: loss=2.286390 (1446ms)
Epoch 4/80: loss=2.386564 lr=0.001000 (432051ms)
  step 0/295: loss=2.400028 (1465ms)
  step 1/295: loss=2.459486 (1470ms)
  step 2/295: loss=2.444809 (1467ms)
  step 100/295: loss=2.382424 (1440ms)
  step 200/295: loss=2.271760 (1463ms)
Epoch 5/80: loss=2.372200 lr=0.001000 (432306ms)
  step 0/295: loss=2.312650 (1451ms)
  step 1/295: loss=2.432850 (1424ms)
  step 2/295: loss=2.360079 (1427ms)
  step 100/295: loss=2.286918 (1448ms)
  step 200/295: loss=2.355881 (1462ms)
Epoch 6/80: loss=2.347827 lr=0.000998 (432606ms)
  step 0/295: loss=2.384070 (1459ms)
  step 1/295: loss=2.267872 (1451ms)
  step 2/295: loss=2.342488 (1438ms)
  step 100/295: loss=2.266080 (1466ms)
  step 200/295: loss=2.423573 (1483ms)
Epoch 7/80: loss=2.350752 lr=0.000996 (432462ms)
  step 0/295: loss=2.386561 (1422ms)
  step 1/295: loss=2.285676 (1436ms)
  step 2/295: loss=2.374582 (1440ms)
  step 100/295: loss=2.358946 (1453ms)
  step 200/295: loss=2.393720 (1437ms)
Epoch 8/80: loss=2.343291 lr=0.000993 (432563ms)
  step 0/295: loss=2.302602 (1452ms)
  step 1/295: loss=2.277213 (1431ms)
  step 2/295: loss=2.406219 (1429ms)
  step 100/295: loss=2.267079 (1436ms)
  step 200/295: loss=2.382717 (1460ms)
Epoch 9/80: loss=2.337826 lr=0.000990 (431741ms)
  step 0/295: loss=2.359182 (1458ms)
  step 1/295: loss=2.340127 (1457ms)
  step 2/295: loss=2.330827 (1435ms)
  step 100/295: loss=2.334148 (1434ms)
  step 200/295: loss=2.250213 (1456ms)
Epoch 10/80: loss=2.337696 lr=0.000985 (431728ms)
  val accuracy (running BN): 429/3904 = 10.988730%
  step 0/295: loss=2.323323 (1430ms)
  step 1/295: loss=2.354494 (1436ms)
  step 2/295: loss=2.330053 (1422ms)
  step 100/295: loss=2.358216 (1437ms)
  step 200/295: loss=2.247481 (1427ms)
Epoch 11/80: loss=2.336292 lr=0.000980 (431953ms)
  step 0/295: loss=2.304111 (1415ms)
  step 1/295: loss=2.352611 (1432ms)
  step 2/295: loss=2.368662 (1439ms)
  step 100/295: loss=2.333517 (1446ms)
  step 200/295: loss=2.377734 (1433ms)
Epoch 12/80: loss=2.328167 lr=0.000974 (431600ms)
  step 0/295: loss=2.389033 (1472ms)
  step 1/295: loss=2.320958 (1437ms)
  step 2/295: loss=2.392530 (1459ms)
  step 100/295: loss=2.267834 (1465ms)
  step 200/295: loss=2.294624 (1445ms)
Epoch 13/80: loss=2.331962 lr=0.000967 (432345ms)
  step 0/295: loss=2.337472 (1457ms)
  step 1/295: loss=2.262454 (1463ms)
  step 2/295: loss=2.327566 (1459ms)
  step 100/295: loss=2.308822 (1447ms)
  step 200/295: loss=2.362803 (1460ms)
Epoch 14/80: loss=2.329280 lr=0.000959 (431687ms)
  step 0/295: loss=2.282794 (1472ms)
  step 1/295: loss=2.324311 (1451ms)
  step 2/295: loss=2.335104 (1442ms)
  step 100/295: loss=2.322073 (1442ms)
  step 200/295: loss=2.304127 (1441ms)
Epoch 15/80: loss=2.322384 lr=0.000950 (432229ms)
  step 0/295: loss=2.317370 (1438ms)
  step 1/295: loss=2.371275 (1425ms)
  step 2/295: loss=2.366362 (1425ms)
  step 100/295: loss=2.366534 (1429ms)
  step 200/295: loss=2.343282 (1455ms)
Epoch 16/80: loss=2.323614 lr=0.000941 (431596ms)
  step 0/295: loss=2.278214 (1426ms)
  step 1/295: loss=2.412458 (1429ms)
  step 2/295: loss=2.319064 (1413ms)
  step 100/295: loss=2.326475 (1418ms)
  step 200/295: loss=2.353085 (1462ms)
Epoch 17/80: loss=2.326509 lr=0.000931 (432219ms)
  step 0/295: loss=2.334070 (1451ms)
  step 1/295: loss=2.298112 (1458ms)
  step 2/295: loss=2.263179 (1429ms)
  step 100/295: loss=2.268819 (1422ms)
  step 200/295: loss=2.335657 (1452ms)
Epoch 18/80: loss=2.325340 lr=0.000921 (431231ms)
  step 0/295: loss=2.310497 (1484ms)
  step 1/295: loss=2.296443 (1424ms)
  step 2/295: loss=2.298992 (1423ms)
  step 100/295: loss=2.289310 (1470ms)
  step 200/295: loss=2.259464 (1456ms)
Epoch 19/80: loss=2.325301 lr=0.000909 (432841ms)
  step 0/295: loss=2.286425 (1426ms)
  step 1/295: loss=2.385587 (1437ms)
  step 2/295: loss=2.358829 (1430ms)
  step 100/295: loss=2.282818 (1482ms)
  step 200/295: loss=2.311613 (1462ms)
Epoch 20/80: loss=2.324410 lr=0.000897 (432637ms)
  val accuracy (running BN): 356/3904 = 9.118852%
  step 0/295: loss=2.333581 (1427ms)
  step 1/295: loss=2.323146 (1423ms)
  step 2/295: loss=2.247966 (1432ms)
  step 100/295: loss=2.337181 (1443ms)
  step 200/295: loss=2.276046 (1452ms)
Epoch 21/80: loss=2.318461 lr=0.000884 (431197ms)
  step 0/295: loss=2.291758 (1456ms)
  step 1/295: loss=2.322959 (1477ms)
  step 2/295: loss=2.350705 (1442ms)
  step 100/295: loss=2.296914 (1437ms)
  step 200/295: loss=2.286950 (1439ms)
Epoch 22/80: loss=2.317647 lr=0.000871 (433741ms)
  step 0/295: loss=2.278125 (1439ms)
  step 1/295: loss=2.272304 (1456ms)
  step 2/295: loss=2.337927 (1442ms)
  step 100/295: loss=2.291093 (1440ms)
  step 200/295: loss=2.303812 (1461ms)
Epoch 23/80: loss=2.317580 lr=0.000857 (433116ms)
  step 0/295: loss=2.277940 (1436ms)
  step 1/295: loss=2.301090 (1433ms)
  step 2/295: loss=2.304923 (1435ms)
  step 100/295: loss=2.295997 (1432ms)
  step 200/295: loss=2.345719 (1435ms)
Epoch 24/80: loss=2.316283 lr=0.000843 (433015ms)
  step 0/295: loss=2.292263 (1437ms)
  step 1/295: loss=2.335042 (1443ms)
  step 2/295: loss=2.326735 (1439ms)
  step 100/295: loss=2.243746 (1428ms)
  step 200/295: loss=2.324500 (1486ms)
Epoch 25/80: loss=2.315774 lr=0.000827 (433795ms)
  step 0/295: loss=2.330050 (1443ms)
  step 1/295: loss=2.354970 (1442ms)
  step 2/295: loss=2.242205 (1460ms)
  step 100/295: loss=2.311761 (1459ms)
  step 200/295: loss=2.352297 (1444ms)
Epoch 26/80: loss=2.313214 lr=0.000812 (434350ms)
  step 0/295: loss=2.326212 (1453ms)
  step 1/295: loss=2.313980 (1431ms)
  step 2/295: loss=2.274849 (1433ms)
  step 100/295: loss=2.299334 (1427ms)
  step 200/295: loss=2.309737 (1440ms)
Epoch 27/80: loss=2.314504 lr=0.000796 (432988ms)
  step 0/295: loss=2.293227 (1447ms)
  step 1/295: loss=2.297843 (1452ms)
  step 2/295: loss=2.303932 (1446ms)
  step 100/295: loss=2.289653 (1480ms)
  step 200/295: loss=2.339037 (1430ms)
Epoch 28/80: loss=2.314888 lr=0.000779 (433855ms)
  step 0/295: loss=2.294024 (1431ms)
  step 1/295: loss=2.336090 (1441ms)
  step 2/295: loss=2.291770 (1438ms)
  step 100/295: loss=2.306879 (1435ms)
  step 200/295: loss=2.345534 (1456ms)
Epoch 29/80: loss=2.315724 lr=0.000762 (433612ms)
  step 0/295: loss=2.345511 (1442ms)
  step 1/295: loss=2.321921 (1433ms)
  step 2/295: loss=2.331915 (1434ms)
  step 100/295: loss=2.336847 (1425ms)
  step 200/295: loss=2.261734 (1445ms)
Epoch 30/80: loss=2.314008 lr=0.000744 (434015ms)
  val accuracy (running BN): 382/3904 = 9.784836%
  step 0/295: loss=2.286974 (1466ms)
  step 1/295: loss=2.315012 (1438ms)
  step 2/295: loss=2.315988 (1421ms)
  step 100/295: loss=2.301990 (1448ms)
  step 200/295: loss=2.296749 (1460ms)
Epoch 31/80: loss=2.311656 lr=0.000726 (433380ms)
  step 0/295: loss=2.320306 (1481ms)
  step 1/295: loss=2.294425 (1474ms)
  step 2/295: loss=2.329715 (1464ms)
  step 100/295: loss=2.298131 (1471ms)
  step 200/295: loss=2.292850 (1434ms)
Epoch 32/80: loss=2.310681 lr=0.000708 (433377ms)
  step 0/295: loss=2.324728 (1417ms)
  step 1/295: loss=2.295130 (1428ms)
  step 2/295: loss=2.329978 (1448ms)
  step 100/295: loss=2.310454 (1466ms)
  step 200/295: loss=2.346408 (1425ms)
Epoch 33/80: loss=2.312432 lr=0.000689 (432489ms)
  step 0/295: loss=2.323770 (1419ms)
  step 1/295: loss=2.292462 (1405ms)
  step 2/295: loss=2.310478 (1423ms)
  step 100/295: loss=2.319038 (1448ms)
  step 200/295: loss=2.322382 (1454ms)
Epoch 34/80: loss=2.309687 lr=0.000670 (432363ms)
  step 0/295: loss=2.332655 (1431ms)
  step 1/295: loss=2.312749 (1436ms)
  step 2/295: loss=2.278541 (1438ms)
  step 100/295: loss=2.296168 (1450ms)
  step 200/295: loss=2.265974 (1465ms)
Epoch 35/80: loss=2.308845 lr=0.000651 (432946ms)
  step 0/295: loss=2.330385 (1456ms)
  step 1/295: loss=2.304001 (1434ms)
  step 2/295: loss=2.320157 (1438ms)
  step 100/295: loss=2.351233 (1445ms)
  step 200/295: loss=2.301291 (1475ms)
Epoch 36/80: loss=2.308911 lr=0.000631 (433023ms)
  step 0/295: loss=2.305665 (1451ms)
  step 1/295: loss=2.283216 (1444ms)
  step 2/295: loss=2.323064 (1422ms)
  step 100/295: loss=2.297364 (1435ms)
  step 200/295: loss=2.321503 (1441ms)
Epoch 37/80: loss=2.307903 lr=0.000611 (432669ms)
  step 0/295: loss=2.304381 (1463ms)
  step 1/295: loss=2.325404 (1452ms)
  step 2/295: loss=2.316646 (1443ms)
  step 100/295: loss=2.261867 (1446ms)
  step 200/295: loss=2.338722 (1431ms)
Epoch 38/80: loss=2.309307 lr=0.000591 (432551ms)
  step 0/295: loss=2.307523 (1429ms)
  step 1/295: loss=2.316875 (1436ms)
  step 2/295: loss=2.282213 (1461ms)
  step 100/295: loss=2.292489 (1431ms)
  step 200/295: loss=2.298072 (1468ms)
Epoch 39/80: loss=2.309227 lr=0.000571 (432899ms)
  step 0/295: loss=2.298473 (1434ms)
  step 1/295: loss=2.305494 (1441ms)
  step 2/295: loss=2.291372 (1419ms)
  step 100/295: loss=2.339459 (1441ms)
  step 200/295: loss=2.293405 (1433ms)
Epoch 40/80: loss=2.308836 lr=0.000551 (432560ms)
  val accuracy (running BN): 353/3904 = 9.042008%
  step 0/295: loss=2.295602 (1466ms)
  step 1/295: loss=2.282665 (1441ms)
  step 2/295: loss=2.293623 (1426ms)
  step 100/295: loss=2.294427 (1415ms)
  step 200/295: loss=2.306037 (1436ms)
Epoch 41/80: loss=2.308795 lr=0.000531 (431953ms)
  step 0/295: loss=2.307423 (1429ms)
  step 1/295: loss=2.293196 (1439ms)
  step 2/295: loss=2.287680 (1429ms)
  step 100/295: loss=2.315515 (1415ms)
  step 200/295: loss=2.321318 (1448ms)
Epoch 42/80: loss=2.307635 lr=0.000510 (432182ms)
  step 0/295: loss=2.287727 (1439ms)
  step 1/295: loss=2.300638 (1441ms)
  step 2/295: loss=2.326511 (1414ms)
  step 100/295: loss=2.299557 (1428ms)
  step 200/295: loss=2.345568 (1456ms)
Epoch 43/80: loss=2.308034 lr=0.000490 (431617ms)
  step 0/295: loss=2.331307 (1442ms)
  step 1/295: loss=2.322165 (1448ms)
  step 2/295: loss=2.300817 (1432ms)
  step 100/295: loss=2.332627 (1436ms)
  step 200/295: loss=2.306226 (1449ms)
Epoch 44/80: loss=2.307158 lr=0.000469 (432336ms)
  step 0/295: loss=2.287659 (1434ms)
  step 1/295: loss=2.308274 (1420ms)
  step 2/295: loss=2.289390 (1427ms)
  step 100/295: loss=2.298444 (1438ms)
  step 200/295: loss=2.302881 (1452ms)
Epoch 45/80: loss=2.306231 lr=0.000449 (431350ms)
  step 0/295: loss=2.324366 (1484ms)
  step 1/295: loss=2.304152 (1469ms)
  step 2/295: loss=2.301876 (1446ms)
  step 100/295: loss=2.334172 (1446ms)
  step 200/295: loss=2.327803 (1427ms)
Epoch 46/80: loss=2.305837 lr=0.000429 (430996ms)
  step 0/295: loss=2.295753 (1451ms)
  step 1/295: loss=2.286912 (1444ms)
  step 2/295: loss=2.340354 (1464ms)
  step 100/295: loss=2.305464 (1438ms)
  step 200/295: loss=2.309345 (1440ms)
Epoch 47/80: loss=2.307622 lr=0.000409 (432702ms)
  step 0/295: loss=2.313415 (1445ms)
  step 1/295: loss=2.290830 (1450ms)
  step 2/295: loss=2.293833 (1436ms)
  step 100/295: loss=2.323297 (1465ms)
  step 200/295: loss=2.273929 (1439ms)
Epoch 48/80: loss=2.305697 lr=0.000389 (432307ms)
  step 0/295: loss=2.306262 (1456ms)
  step 1/295: loss=2.315569 (1429ms)
  step 2/295: loss=2.304020 (1457ms)
  step 100/295: loss=2.291765 (1443ms)
  step 200/295: loss=2.312099 (1426ms)
Epoch 49/80: loss=2.305948 lr=0.000369 (431683ms)
  step 0/295: loss=2.341822 (1463ms)
  step 1/295: loss=2.299420 (1469ms)
  step 2/295: loss=2.304461 (1447ms)
  step 100/295: loss=2.306248 (1449ms)
  step 200/295: loss=2.324056 (1437ms)
Epoch 50/80: loss=2.306144 lr=0.000349 (430485ms)
  val accuracy (running BN): 351/3904 = 8.990779%
  step 0/295: loss=2.315039 (1437ms)
  step 1/295: loss=2.291816 (1449ms)
  step 2/295: loss=2.317985 (1437ms)
  step 100/295: loss=2.312796 (1426ms)
  step 200/295: loss=2.325438 (1450ms)
Epoch 51/80: loss=2.306187 lr=0.000330 (431927ms)
  step 0/295: loss=2.287373 (1453ms)
  step 1/295: loss=2.296639 (1424ms)
  step 2/295: loss=2.286823 (1429ms)
  step 100/295: loss=2.305182 (1449ms)
  step 200/295: loss=2.312847 (1428ms)
Epoch 52/80: loss=2.305312 lr=0.000311 (431537ms)
  step 0/295: loss=2.302401 (1442ms)
  step 1/295: loss=2.330135 (1420ms)
  step 2/295: loss=2.304158 (1431ms)
  step 100/295: loss=2.321665 (1448ms)
  step 200/295: loss=2.299374 (1428ms)
Epoch 53/80: loss=2.307596 lr=0.000292 (431931ms)
  step 0/295: loss=2.314538 (1449ms)
  step 1/295: loss=2.316884 (1446ms)
  step 2/295: loss=2.304569 (1437ms)
  step 100/295: loss=2.305484 (1411ms)
  step 200/295: loss=2.305305 (1435ms)
Epoch 54/80: loss=2.305291 lr=0.000274 (431906ms)
  step 0/295: loss=2.319560 (1455ms)
  step 1/295: loss=2.312614 (1456ms)
  step 2/295: loss=2.292004 (1437ms)
  step 100/295: loss=2.326666 (1431ms)
  step 200/295: loss=2.305237 (1427ms)
Epoch 55/80: loss=2.304899 lr=0.000256 (430240ms)
  step 0/295: loss=2.308749 (1434ms)
  step 1/295: loss=2.323188 (1439ms)
  step 2/295: loss=2.322813 (1443ms)
  step 100/295: loss=2.282649 (1464ms)
  step 200/295: loss=2.310858 (1450ms)
Epoch 56/80: loss=2.304958 lr=0.000238 (431579ms)
  step 0/295: loss=2.290205 (1413ms)
  step 1/295: loss=2.304632 (1424ms)
  step 2/295: loss=2.294111 (1419ms)
  step 100/295: loss=2.303470 (1457ms)
  step 200/295: loss=2.308009 (1450ms)
Epoch 57/80: loss=2.305121 lr=0.000221 (430872ms)
  step 0/295: loss=2.301553 (1430ms)
  step 1/295: loss=2.309804 (1441ms)
  step 2/295: loss=2.300837 (1427ms)
  step 100/295: loss=2.304251 (1422ms)
  step 200/295: loss=2.307379 (1417ms)
Epoch 58/80: loss=2.304015 lr=0.000204 (429749ms)
  step 0/295: loss=2.285585 (1420ms)
  step 1/295: loss=2.312083 (1478ms)
  step 2/295: loss=2.299549 (1441ms)
  step 100/295: loss=2.298275 (1444ms)
  step 200/295: loss=2.320677 (1422ms)
Epoch 59/80: loss=2.303337 lr=0.000188 (429472ms)
  step 0/295: loss=2.316982 (1428ms)
  step 1/295: loss=2.294005 (1416ms)
  step 2/295: loss=2.313463 (1432ms)
  step 100/295: loss=2.292280 (1431ms)
  step 200/295: loss=2.307211 (1452ms)
Epoch 60/80: loss=2.304176 lr=0.000173 (430010ms)
  val accuracy (running BN): 353/3904 = 9.042008%
  step 0/295: loss=2.298510 (1423ms)
  step 1/295: loss=2.308812 (1445ms)
  step 2/295: loss=2.316491 (1418ms)
  step 100/295: loss=2.301246 (1419ms)
  step 200/295: loss=2.296383 (1425ms)
Epoch 61/80: loss=2.303649 lr=0.000157 (429635ms)
  step 0/295: loss=2.305433 (1452ms)
  step 1/295: loss=2.322981 (1432ms)
  step 2/295: loss=2.287604 (1412ms)
  step 100/295: loss=2.327493 (1412ms)
  step 200/295: loss=2.314542 (1476ms)
Epoch 62/80: loss=2.303948 lr=0.000143 (428865ms)
  step 0/295: loss=2.307894 (1461ms)
  step 1/295: loss=2.298783 (1438ms)
  step 2/295: loss=2.303644 (1446ms)
  step 100/295: loss=2.291589 (1427ms)
  step 200/295: loss=2.294574 (1454ms)
Epoch 63/80: loss=2.302773 lr=0.000129 (429808ms)
  step 0/295: loss=2.296975 (1414ms)
  step 1/295: loss=2.291524 (1411ms)
  step 2/295: loss=2.295423 (1415ms)
  step 100/295: loss=2.295157 (1413ms)
  step 200/295: loss=2.305738 (1408ms)
Epoch 64/80: loss=2.302895 lr=0.000116 (428620ms)
  step 0/295: loss=2.295161 (1461ms)
  step 1/295: loss=2.299850 (1453ms)
  step 2/295: loss=2.290846 (1437ms)
  step 100/295: loss=2.299542 (1446ms)
  step 200/295: loss=2.291727 (1471ms)
Epoch 65/80: loss=2.303096 lr=0.000103 (430448ms)
  step 0/295: loss=2.296374 (1427ms)
  step 1/295: loss=2.302212 (1437ms)
  step 2/295: loss=2.304618 (1429ms)
  step 100/295: loss=2.298987 (1414ms)
  step 200/295: loss=2.306791 (1416ms)
Epoch 66/80: loss=2.303380 lr=0.000091 (430009ms)
  step 0/295: loss=2.292065 (1470ms)
  step 1/295: loss=2.294817 (1442ms)
  step 2/295: loss=2.291064 (1436ms)
  step 100/295: loss=2.288188 (1412ms)
  step 200/295: loss=2.303542 (1447ms)
Epoch 67/80: loss=2.302719 lr=0.000079 (429884ms)
  step 0/295: loss=2.312952 (1462ms)
  step 1/295: loss=2.310534 (1446ms)
  step 2/295: loss=2.310436 (1446ms)
  step 100/295: loss=2.306933 (1437ms)
  step 200/295: loss=2.296290 (1434ms)
Epoch 68/80: loss=2.303223 lr=0.000069 (430282ms)
  step 0/295: loss=2.299119 (1462ms)
  step 1/295: loss=2.297996 (1409ms)
  step 2/295: loss=2.294169 (1385ms)
  step 100/295: loss=2.305190 (1449ms)
  step 200/295: loss=2.308246 (1429ms)
Epoch 69/80: loss=2.302406 lr=0.000059 (429074ms)
  step 0/295: loss=2.301815 (1419ms)
  step 1/295: loss=2.298398 (1432ms)
  step 2/295: loss=2.308037 (1429ms)
  step 100/295: loss=2.298836 (1447ms)
  step 200/295: loss=2.292355 (1442ms)
Epoch 70/80: loss=2.302137 lr=0.000050 (429701ms)
  val accuracy (running BN): 352/3904 = 9.016393%
  step 0/295: loss=2.303435 (1438ms)
  step 1/295: loss=2.308568 (1425ms)
  step 2/295: loss=2.294438 (1446ms)
  step 100/295: loss=2.298310 (1430ms)
  step 200/295: loss=2.304867 (1428ms)
Epoch 71/80: loss=2.302098 lr=0.000041 (429099ms)
  step 0/295: loss=2.307331 (1438ms)
  step 1/295: loss=2.299917 (1429ms)
  step 2/295: loss=2.295477 (1420ms)
  step 100/295: loss=2.320893 (1433ms)
  step 200/295: loss=2.314693 (1424ms)
Epoch 72/80: loss=2.302478 lr=0.000033 (429765ms)
  step 0/295: loss=2.302025 (1408ms)
  step 1/295: loss=2.300110 (1417ms)
  step 2/295: loss=2.291737 (1417ms)
  step 100/295: loss=2.287275 (1458ms)
  step 200/295: loss=2.302206 (1419ms)
Epoch 73/80: loss=2.302237 lr=0.000026 (429487ms)
  step 0/295: loss=2.295368 (1429ms)
  step 1/295: loss=2.303109 (1444ms)
  step 2/295: loss=2.304646 (1437ms)
  step 100/295: loss=2.288480 (1447ms)
  step 200/295: loss=2.300469 (1443ms)
Epoch 74/80: loss=2.301984 lr=0.000020 (430662ms)
  step 0/295: loss=2.315252 (1452ms)
  step 1/295: loss=2.307038 (1443ms)
  step 2/295: loss=2.293300 (1441ms)
  step 100/295: loss=2.297138 (1445ms)
  step 200/295: loss=2.302710 (1457ms)
Epoch 75/80: loss=2.301829 lr=0.000015 (430119ms)
  step 0/295: loss=2.300089 (1446ms)
  step 1/295: loss=2.291451 (1433ms)
  step 2/295: loss=2.307976 (1448ms)
  step 100/295: loss=2.298066 (1444ms)
  step 200/295: loss=2.301250 (1424ms)
Epoch 76/80: loss=2.301900 lr=0.000010 (429351ms)
  step 0/295: loss=2.319252 (1419ms)
  step 1/295: loss=2.306405 (1411ms)
  step 2/295: loss=2.305767 (1424ms)
  step 100/295: loss=2.297370 (1413ms)
  step 200/295: loss=2.316204 (1448ms)
Epoch 77/80: loss=2.302250 lr=0.000007 (431034ms)
  step 0/295: loss=2.315750 (1459ms)
  step 1/295: loss=2.295770 (1457ms)
  step 2/295: loss=2.306251 (1457ms)
  step 100/295: loss=2.301358 (1470ms)
  step 200/295: loss=2.300809 (1450ms)
Epoch 78/80: loss=2.302289 lr=0.000004 (434412ms)
  step 0/295: loss=2.305117 (1452ms)
  step 1/295: loss=2.311144 (1455ms)
  step 2/295: loss=2.291882 (1443ms)
  step 100/295: loss=2.307971 (1423ms)
  step 200/295: loss=2.301108 (1439ms)
Epoch 79/80: loss=2.301855 lr=0.000002 (433662ms)
  step 0/295: loss=2.306171 (1457ms)
  step 1/295: loss=2.304091 (1452ms)
  step 2/295: loss=2.309828 (1449ms)
  step 100/295: loss=2.297131 (1457ms)
  step 200/295: loss=2.297437 (1445ms)
Epoch 80/80: loss=2.302098 lr=0.000000 (433878ms)
  val accuracy (running BN): 353/3904 = 9.042008%
Saved params + BN stats.
