Ablation: width-h256
  spec: MNIST-H256, optimizer: SGD
  lr: 0.002000, cosine: false, wd: 0.000000
  aug: false, label_smooth: 0.000000
MNIST-H256-width-h256: 203530 params
Generating train step MLIR...
  7789 chars
Compiling vmfbs...
  forward compiled
  eval forward compiled
  train step compiled
  session loaded
  train: 60000 images (784 floats/image)
  203530 params + m + v (2 MB)
training: 468 batches/epoch, batch=128, Adam, lr=0.002000, cosine warmup=0, label_smooth=0.1, wd=0.000000
  BN layers: 0, BN stat floats: 0
  step 0/468: loss=2.343535 (20ms)
  step 1/468: loss=2.406786 (8ms)
  step 2/468: loss=2.372216 (8ms)
  step 100/468: loss=1.095600 (7ms)
  step 200/468: loss=0.687968 (8ms)
  step 300/468: loss=0.543621 (8ms)
  step 400/468: loss=0.643958 (6ms)
Epoch 1/15: loss=0.864960 lr=0.002000 (3523ms)
  step 0/468: loss=0.459744 (7ms)
  step 1/468: loss=0.402359 (7ms)
  step 2/468: loss=0.338671 (8ms)
  step 100/468: loss=0.452960 (6ms)
  step 200/468: loss=0.460140 (8ms)
  step 300/468: loss=0.475136 (7ms)
  step 400/468: loss=0.369373 (8ms)
Epoch 2/15: loss=0.408001 lr=0.002000 (3487ms)
  step 0/468: loss=0.332792 (7ms)
  step 1/468: loss=0.356720 (8ms)
  step 2/468: loss=0.509909 (10ms)
  step 100/468: loss=0.435567 (6ms)
  step 200/468: loss=0.341902 (7ms)
  step 300/468: loss=0.336356 (7ms)
  step 400/468: loss=0.329781 (8ms)
Epoch 3/15: loss=0.343697 lr=0.002000 (3530ms)
  step 0/468: loss=0.353182 (8ms)
  step 1/468: loss=0.215731 (7ms)
  step 2/468: loss=0.300283 (7ms)
  step 100/468: loss=0.281516 (8ms)
  step 200/468: loss=0.200027 (6ms)
  step 300/468: loss=0.398249 (8ms)
  step 400/468: loss=0.293674 (7ms)
Epoch 4/15: loss=0.310032 lr=0.002000 (3519ms)
  step 0/468: loss=0.227375 (10ms)
  step 1/468: loss=0.369724 (7ms)
  step 2/468: loss=0.315696 (7ms)
  step 100/468: loss=0.287486 (6ms)
  step 200/468: loss=0.246607 (7ms)
  step 300/468: loss=0.265156 (8ms)
  step 400/468: loss=0.270486 (7ms)
Epoch 5/15: loss=0.286660 lr=0.002000 (3470ms)
  step 0/468: loss=0.213232 (8ms)
  step 1/468: loss=0.263837 (9ms)
  step 2/468: loss=0.383635 (7ms)
  step 100/468: loss=0.251042 (7ms)
  step 200/468: loss=0.277838 (8ms)
  step 300/468: loss=0.180970 (6ms)
  step 400/468: loss=0.383586 (8ms)
Epoch 6/15: loss=0.268777 lr=0.002000 (3456ms)
  step 0/468: loss=0.292293 (10ms)
  step 1/468: loss=0.259505 (7ms)
  step 2/468: loss=0.156225 (8ms)
  step 100/468: loss=0.346909 (6ms)
  step 200/468: loss=0.233545 (7ms)
  step 300/468: loss=0.227027 (8ms)
  step 400/468: loss=0.284132 (8ms)
Epoch 7/15: loss=0.253600 lr=0.002000 (3538ms)
  step 0/468: loss=0.213904 (10ms)
  step 1/468: loss=0.272833 (8ms)
  step 2/468: loss=0.156363 (8ms)
  step 100/468: loss=0.194385 (7ms)
  step 200/468: loss=0.187870 (7ms)
  step 300/468: loss=0.251481 (7ms)
  step 400/468: loss=0.254868 (7ms)
Epoch 8/15: loss=0.240906 lr=0.002000 (3511ms)
  step 0/468: loss=0.343354 (8ms)
  step 1/468: loss=0.315962 (7ms)
  step 2/468: loss=0.158891 (7ms)
  step 100/468: loss=0.231014 (6ms)
  step 200/468: loss=0.218865 (8ms)
  step 300/468: loss=0.252880 (6ms)
  step 400/468: loss=0.246224 (6ms)
Epoch 9/15: loss=0.229574 lr=0.002000 (3487ms)
  step 0/468: loss=0.267192 (9ms)
  step 1/468: loss=0.236482 (6ms)
  step 2/468: loss=0.348577 (7ms)
  step 100/468: loss=0.141259 (8ms)
  step 200/468: loss=0.180297 (7ms)
  step 300/468: loss=0.236958 (8ms)
  step 400/468: loss=0.205827 (7ms)
Epoch 10/15: loss=0.219406 lr=0.002000 (3571ms)
  val accuracy (running BN): 9389/9984 = 94.040465%
  step 0/468: loss=0.170849 (7ms)
  step 1/468: loss=0.133241 (7ms)
  step 2/468: loss=0.148060 (8ms)
  step 100/468: loss=0.172803 (7ms)
  step 200/468: loss=0.238197 (9ms)
  step 300/468: loss=0.340845 (9ms)
  step 400/468: loss=0.149620 (7ms)
Epoch 11/15: loss=0.209911 lr=0.002000 (3578ms)
  step 0/468: loss=0.318954 (7ms)
  step 1/468: loss=0.270135 (6ms)
  step 2/468: loss=0.196122 (6ms)
  step 100/468: loss=0.135168 (9ms)
  step 200/468: loss=0.134959 (7ms)
  step 300/468: loss=0.141565 (8ms)
  step 400/468: loss=0.151870 (7ms)
Epoch 12/15: loss=0.201764 lr=0.002000 (3433ms)
  step 0/468: loss=0.239803 (9ms)
  step 1/468: loss=0.196781 (7ms)
  step 2/468: loss=0.181580 (7ms)
  step 100/468: loss=0.235092 (7ms)
  step 200/468: loss=0.197809 (7ms)
  step 300/468: loss=0.181659 (8ms)
  step 400/468: loss=0.255443 (8ms)
Epoch 13/15: loss=0.193680 lr=0.002000 (3609ms)
  step 0/468: loss=0.240770 (9ms)
  step 1/468: loss=0.117455 (8ms)
  step 2/468: loss=0.119961 (7ms)
  step 100/468: loss=0.244027 (8ms)
  step 200/468: loss=0.159987 (8ms)
  step 300/468: loss=0.181116 (7ms)
  step 400/468: loss=0.163684 (8ms)
Epoch 14/15: loss=0.186906 lr=0.002000 (3481ms)
  step 0/468: loss=0.212955 (10ms)
  step 1/468: loss=0.179260 (8ms)
  step 2/468: loss=0.179460 (8ms)
  step 100/468: loss=0.218827 (7ms)
  step 200/468: loss=0.247442 (8ms)
  step 300/468: loss=0.246239 (7ms)
  step 400/468: loss=0.165504 (9ms)
Epoch 15/15: loss=0.180145 lr=0.002000 (3521ms)
  val accuracy (running BN): 9473/9984 = 94.881811%
Saved params + BN stats.
