Ablation: cifar-nobn-sgd
  spec: CIFAR-CNN-noBN, optimizer: SGD
  lr: 0.100000, cosine: false, wd: 0.000000
  aug: false, label_smooth: 0.000000
CIFAR-CNN-noBN-cifar-nobn-sgd: 2431018 params
Generating train step MLIR...
  33107 chars
Compiling vmfbs...
  forward compiled
  eval forward compiled
  train step compiled
  session loaded
  train: 50000 images (3072 floats/image)
  2431018 params + m + v (27 MB)
training: 390 batches/epoch, batch=128, Adam, lr=0.100000, cosine warmup=0, label_smooth=0.1, wd=0.000000
  BN layers: 0, BN stat floats: 0
  step 0/390: loss=2.617618 (89ms)
  step 1/390: loss=3.997887 (85ms)
  step 2/390: loss=2.566741 (79ms)
  step 100/390: loss=2.308118 (78ms)
  step 200/390: loss=2.306350 (79ms)
  step 300/390: loss=2.303513 (81ms)
Epoch 1/30: loss=2.318085 lr=0.100000 (33162ms)
  step 0/390: loss=2.302409 (74ms)
  step 1/390: loss=2.315528 (73ms)
  step 2/390: loss=2.303807 (77ms)
  step 100/390: loss=2.309153 (78ms)
  step 200/390: loss=2.306253 (77ms)
  step 300/390: loss=2.305788 (75ms)
Epoch 2/30: loss=2.305088 lr=0.100000 (33035ms)
  step 0/390: loss=2.275646 (75ms)
  step 1/390: loss=2.286224 (75ms)
  step 2/390: loss=2.268628 (75ms)
  step 100/390: loss=2.314458 (73ms)
  step 200/390: loss=2.303788 (82ms)
  step 300/390: loss=2.299907 (79ms)
Epoch 3/30: loss=2.301315 lr=0.100000 (33086ms)
  step 0/390: loss=2.315625 (78ms)
  step 1/390: loss=2.303083 (80ms)
  step 2/390: loss=2.308291 (85ms)
  step 100/390: loss=2.319363 (81ms)
  step 200/390: loss=2.308039 (79ms)
  step 300/390: loss=2.305879 (79ms)
Epoch 4/30: loss=2.304873 lr=0.100000 (33024ms)
  step 0/390: loss=2.305911 (82ms)
  step 1/390: loss=2.309881 (82ms)
  step 2/390: loss=2.296731 (79ms)
  step 100/390: loss=2.296876 (74ms)
  step 200/390: loss=2.306154 (77ms)
  step 300/390: loss=2.302436 (81ms)
Epoch 5/30: loss=2.304378 lr=0.100000 (33135ms)
  step 0/390: loss=2.306110 (76ms)
  step 1/390: loss=2.299099 (75ms)
  step 2/390: loss=2.303594 (77ms)
  step 100/390: loss=2.295534 (81ms)
  step 200/390: loss=2.301845 (82ms)
  step 300/390: loss=2.304087 (77ms)
Epoch 6/30: loss=2.304410 lr=0.100000 (33166ms)
  step 0/390: loss=2.302627 (84ms)
  step 1/390: loss=2.300940 (83ms)
  step 2/390: loss=2.296302 (79ms)
  step 100/390: loss=2.302938 (85ms)
  step 200/390: loss=2.302738 (75ms)
  step 300/390: loss=2.302993 (77ms)
Epoch 7/30: loss=2.304158 lr=0.100000 (33000ms)
  step 0/390: loss=2.300438 (80ms)
  step 1/390: loss=2.298604 (77ms)
  step 2/390: loss=2.302925 (75ms)
  step 100/390: loss=2.301495 (76ms)
  step 200/390: loss=2.303973 (79ms)
  step 300/390: loss=2.306651 (73ms)
Epoch 8/30: loss=2.304505 lr=0.100000 (33059ms)
  step 0/390: loss=2.301091 (81ms)
  step 1/390: loss=2.304201 (79ms)
  step 2/390: loss=2.305377 (80ms)
  step 100/390: loss=2.306894 (76ms)
  step 200/390: loss=2.309062 (74ms)
  step 300/390: loss=2.306072 (79ms)
Epoch 9/30: loss=2.304275 lr=0.100000 (33193ms)
  step 0/390: loss=2.302258 (83ms)
  step 1/390: loss=2.302877 (78ms)
  step 2/390: loss=2.301740 (80ms)
  step 100/390: loss=2.296847 (78ms)
  step 200/390: loss=2.296673 (80ms)
  step 300/390: loss=2.302339 (80ms)
Epoch 10/30: loss=2.304416 lr=0.100000 (33181ms)
  val accuracy (running BN): 997/9984 = 9.985978%
  step 0/390: loss=2.301270 (81ms)
  step 1/390: loss=2.301195 (78ms)
  step 2/390: loss=2.308280 (80ms)
  step 100/390: loss=2.311410 (79ms)
  step 200/390: loss=2.303883 (76ms)
  step 300/390: loss=2.310292 (80ms)
Epoch 11/30: loss=2.304349 lr=0.100000 (33073ms)
  step 0/390: loss=2.298450 (75ms)
  step 1/390: loss=2.305042 (75ms)
  step 2/390: loss=2.304343 (76ms)
  step 100/390: loss=2.303313 (79ms)
  step 200/390: loss=2.311638 (79ms)
  step 300/390: loss=2.301890 (73ms)
Epoch 12/30: loss=2.304823 lr=0.100000 (32877ms)
  step 0/390: loss=2.308208 (77ms)
  step 1/390: loss=2.306210 (75ms)
  step 2/390: loss=2.303615 (79ms)
  step 100/390: loss=2.302880 (79ms)
  step 200/390: loss=2.303763 (78ms)
  step 300/390: loss=2.303340 (79ms)
Epoch 13/30: loss=2.304715 lr=0.100000 (32926ms)
  step 0/390: loss=2.305888 (83ms)
  step 1/390: loss=2.302894 (80ms)
  step 2/390: loss=2.311010 (77ms)
  step 100/390: loss=2.303055 (77ms)
  step 200/390: loss=2.312436 (78ms)
  step 300/390: loss=2.315843 (79ms)
Epoch 14/30: loss=2.304376 lr=0.100000 (33276ms)
  step 0/390: loss=2.310574 (79ms)
  step 1/390: loss=2.319720 (80ms)
  step 2/390: loss=2.304855 (80ms)
  step 100/390: loss=2.297080 (76ms)
  step 200/390: loss=2.300905 (79ms)
  step 300/390: loss=2.300201 (77ms)
Epoch 15/30: loss=2.304556 lr=0.100000 (32936ms)
  step 0/390: loss=2.306871 (83ms)
  step 1/390: loss=2.307439 (81ms)
  step 2/390: loss=2.308530 (80ms)
  step 100/390: loss=2.305131 (81ms)
  step 200/390: loss=2.300783 (75ms)
  step 300/390: loss=2.306534 (77ms)
Epoch 16/30: loss=2.304376 lr=0.100000 (32924ms)
  step 0/390: loss=2.305626 (81ms)
  step 1/390: loss=2.296430 (77ms)
  step 2/390: loss=2.309246 (75ms)
  step 100/390: loss=2.302853 (73ms)
  step 200/390: loss=2.296869 (78ms)
  step 300/390: loss=2.307218 (82ms)
Epoch 17/30: loss=2.304413 lr=0.100000 (32868ms)
  step 0/390: loss=2.306159 (82ms)
  step 1/390: loss=2.304698 (78ms)
  step 2/390: loss=2.314144 (78ms)
  step 100/390: loss=2.306175 (81ms)
  step 200/390: loss=2.313221 (79ms)
  step 300/390: loss=2.307317 (82ms)
Epoch 18/30: loss=2.304651 lr=0.100000 (33063ms)
  step 0/390: loss=2.306912 (80ms)
  step 1/390: loss=2.306239 (79ms)
  step 2/390: loss=2.299278 (80ms)
  step 100/390: loss=2.300568 (82ms)
  step 200/390: loss=2.306668 (78ms)
  step 300/390: loss=2.298515 (76ms)
Epoch 19/30: loss=2.304688 lr=0.100000 (33001ms)
  step 0/390: loss=2.300647 (86ms)
  step 1/390: loss=2.303331 (80ms)
  step 2/390: loss=2.303346 (78ms)
  step 100/390: loss=2.299703 (77ms)
  step 200/390: loss=2.298498 (81ms)
  step 300/390: loss=2.300716 (77ms)
Epoch 20/30: loss=2.304422 lr=0.100000 (33019ms)
  val accuracy (running BN): 1000/9984 = 10.016026%
  step 0/390: loss=2.309990 (79ms)
  step 1/390: loss=2.298741 (80ms)
  step 2/390: loss=2.304031 (86ms)
  step 100/390: loss=2.313027 (75ms)
  step 200/390: loss=2.302383 (78ms)
  step 300/390: loss=2.307559 (74ms)
Epoch 21/30: loss=2.304460 lr=0.100000 (32889ms)
  step 0/390: loss=2.312922 (82ms)
  step 1/390: loss=2.315477 (80ms)
  step 2/390: loss=2.311014 (74ms)
  step 100/390: loss=2.300636 (80ms)
  step 200/390: loss=2.300341 (83ms)
  step 300/390: loss=2.303600 (81ms)
Epoch 22/30: loss=2.304405 lr=0.100000 (32955ms)
  step 0/390: loss=2.304532 (79ms)
  step 1/390: loss=2.293901 (74ms)
  step 2/390: loss=2.291240 (76ms)
  step 100/390: loss=2.303771 (78ms)
  step 200/390: loss=2.301177 (79ms)
  step 300/390: loss=2.300323 (77ms)
Epoch 23/30: loss=2.304770 lr=0.100000 (32594ms)
  step 0/390: loss=2.304611 (76ms)
  step 1/390: loss=2.307978 (75ms)
  step 2/390: loss=2.307096 (75ms)
  step 100/390: loss=2.314161 (76ms)
  step 200/390: loss=2.303353 (76ms)
  step 300/390: loss=2.303315 (80ms)
Epoch 24/30: loss=2.304410 lr=0.100000 (32976ms)
  step 0/390: loss=2.312330 (87ms)
  step 1/390: loss=2.302214 (83ms)
  step 2/390: loss=2.310701 (80ms)
  step 100/390: loss=2.308723 (75ms)
  step 200/390: loss=2.301717 (80ms)
  step 300/390: loss=2.298142 (73ms)
Epoch 25/30: loss=2.304652 lr=0.100000 (32760ms)
  step 0/390: loss=2.310410 (78ms)
  step 1/390: loss=2.304977 (77ms)
  step 2/390: loss=2.312449 (80ms)
  step 100/390: loss=2.299787 (73ms)
  step 200/390: loss=2.303980 (75ms)
  step 300/390: loss=2.307651 (79ms)
Epoch 26/30: loss=2.304677 lr=0.100000 (32945ms)
  step 0/390: loss=2.301685 (81ms)
  step 1/390: loss=2.304523 (82ms)
  step 2/390: loss=2.304535 (79ms)
  step 100/390: loss=2.306420 (80ms)
  step 200/390: loss=2.308947 (78ms)
  step 300/390: loss=2.307106 (80ms)
Epoch 27/30: loss=2.304324 lr=0.100000 (32988ms)
  step 0/390: loss=2.302778 (81ms)
  step 1/390: loss=2.304448 (86ms)
  step 2/390: loss=2.300061 (78ms)
  step 100/390: loss=2.306704 (76ms)
  step 200/390: loss=2.304619 (75ms)
  step 300/390: loss=2.303063 (81ms)
Epoch 28/30: loss=2.304220 lr=0.100000 (32879ms)
  step 0/390: loss=2.303973 (82ms)
  step 1/390: loss=2.303082 (80ms)
  step 2/390: loss=2.296499 (79ms)
  step 100/390: loss=2.313454 (82ms)
  step 200/390: loss=2.311364 (80ms)
  step 300/390: loss=2.304709 (83ms)
Epoch 29/30: loss=2.304569 lr=0.100000 (33039ms)
  step 0/390: loss=2.299902 (84ms)
  step 1/390: loss=2.300174 (78ms)
  step 2/390: loss=2.309030 (80ms)
  step 100/390: loss=2.310128 (76ms)
  step 200/390: loss=2.312271 (81ms)
  step 300/390: loss=2.315846 (75ms)
Epoch 30/30: loss=2.304339 lr=0.100000 (32808ms)
  val accuracy (running BN): 998/9984 = 9.995994%
Saved params + BN stats.
