Ablation: width-h64
  spec: MNIST-H64, optimizer: SGD
  lr: 0.002000, cosine: false, wd: 0.000000
  aug: false, label_smooth: 0.000000
MNIST-H64-width-h64: 50890 params
Generating train step MLIR...
  7716 chars
Compiling vmfbs...
  forward compiled
  eval forward compiled
  train step compiled
  session loaded
  train: 60000 images (784 floats/image)
  50890 params + m + v (0 MB)
training: 468 batches/epoch, batch=128, Adam, lr=0.002000, cosine warmup=0, label_smooth=0.1, wd=0.000000
  BN layers: 0, BN stat floats: 0
  step 0/468: loss=2.378219 (13ms)
  step 1/468: loss=2.408790 (5ms)
  step 2/468: loss=2.360253 (4ms)
  step 100/468: loss=1.294268 (4ms)
  step 200/468: loss=0.772781 (4ms)
  step 300/468: loss=0.603201 (4ms)
  step 400/468: loss=0.691612 (4ms)
Epoch 1/15: loss=0.942003 lr=0.002000 (2039ms)
  step 0/468: loss=0.459338 (6ms)
  step 1/468: loss=0.424452 (5ms)
  step 2/468: loss=0.336816 (5ms)
  step 100/468: loss=0.480714 (5ms)
  step 200/468: loss=0.444615 (5ms)
  step 300/468: loss=0.467933 (4ms)
  step 400/468: loss=0.353888 (4ms)
Epoch 2/15: loss=0.424022 lr=0.002000 (2138ms)
  step 0/468: loss=0.353386 (5ms)
  step 1/468: loss=0.372710 (4ms)
  step 2/468: loss=0.519870 (4ms)
  step 100/468: loss=0.462408 (5ms)
  step 200/468: loss=0.347063 (5ms)
  step 300/468: loss=0.349525 (5ms)
  step 400/468: loss=0.356151 (5ms)
Epoch 3/15: loss=0.356171 lr=0.002000 (2132ms)
  step 0/468: loss=0.388688 (6ms)
  step 1/468: loss=0.252555 (5ms)
  step 2/468: loss=0.303233 (5ms)
  step 100/468: loss=0.294374 (4ms)
  step 200/468: loss=0.202749 (4ms)
  step 300/468: loss=0.400029 (5ms)
  step 400/468: loss=0.314607 (5ms)
Epoch 4/15: loss=0.322905 lr=0.002000 (2157ms)
  step 0/468: loss=0.234729 (6ms)
  step 1/468: loss=0.387055 (4ms)
  step 2/468: loss=0.310577 (5ms)
  step 100/468: loss=0.300654 (4ms)
  step 200/468: loss=0.271285 (4ms)
  step 300/468: loss=0.273911 (4ms)
  step 400/468: loss=0.296835 (5ms)
Epoch 5/15: loss=0.300853 lr=0.002000 (2095ms)
  step 0/468: loss=0.231247 (6ms)
  step 1/468: loss=0.269395 (5ms)
  step 2/468: loss=0.406095 (5ms)
  step 100/468: loss=0.294297 (4ms)
  step 200/468: loss=0.287844 (5ms)
  step 300/468: loss=0.185841 (4ms)
  step 400/468: loss=0.377506 (5ms)
Epoch 6/15: loss=0.284515 lr=0.002000 (2091ms)
  step 0/468: loss=0.318587 (6ms)
  step 1/468: loss=0.241961 (5ms)
  step 2/468: loss=0.193113 (5ms)
  step 100/468: loss=0.376071 (4ms)
  step 200/468: loss=0.228281 (4ms)
  step 300/468: loss=0.247396 (4ms)
  step 400/468: loss=0.309011 (5ms)
Epoch 7/15: loss=0.270753 lr=0.002000 (2127ms)
  step 0/468: loss=0.226185 (6ms)
  step 1/468: loss=0.288171 (5ms)
  step 2/468: loss=0.166971 (4ms)
  step 100/468: loss=0.198929 (5ms)
  step 200/468: loss=0.212571 (4ms)
  step 300/468: loss=0.261139 (5ms)
  step 400/468: loss=0.289564 (7ms)
Epoch 8/15: loss=0.259271 lr=0.002000 (2129ms)
  step 0/468: loss=0.371459 (6ms)
  step 1/468: loss=0.334542 (4ms)
  step 2/468: loss=0.154116 (7ms)
  step 100/468: loss=0.246546 (5ms)
  step 200/468: loss=0.247587 (5ms)
  step 300/468: loss=0.259569 (4ms)
  step 400/468: loss=0.303739 (4ms)
Epoch 9/15: loss=0.249146 lr=0.002000 (2125ms)
  step 0/468: loss=0.290447 (5ms)
  step 1/468: loss=0.237846 (5ms)
  step 2/468: loss=0.416723 (5ms)
  step 100/468: loss=0.155849 (4ms)
  step 200/468: loss=0.192636 (5ms)
  step 300/468: loss=0.258613 (4ms)
  step 400/468: loss=0.205657 (4ms)
Epoch 10/15: loss=0.239990 lr=0.002000 (2085ms)
  val accuracy (running BN): 9325/9984 = 93.399439%
  step 0/468: loss=0.193739 (6ms)
  step 1/468: loss=0.151489 (5ms)
  step 2/468: loss=0.183421 (5ms)
  step 100/468: loss=0.185112 (5ms)
  step 200/468: loss=0.280851 (4ms)
  step 300/468: loss=0.408944 (5ms)
  step 400/468: loss=0.155677 (5ms)
Epoch 11/15: loss=0.231433 lr=0.002000 (2109ms)
  step 0/468: loss=0.361625 (6ms)
  step 1/468: loss=0.306651 (5ms)
  step 2/468: loss=0.193120 (5ms)
  step 100/468: loss=0.160678 (4ms)
  step 200/468: loss=0.159808 (4ms)
  step 300/468: loss=0.161859 (4ms)
  step 400/468: loss=0.180242 (5ms)
Epoch 12/15: loss=0.223970 lr=0.002000 (2128ms)
  step 0/468: loss=0.264767 (6ms)
  step 1/468: loss=0.201208 (5ms)
  step 2/468: loss=0.208056 (5ms)
  step 100/468: loss=0.257697 (4ms)
  step 200/468: loss=0.223390 (5ms)
  step 300/468: loss=0.207722 (4ms)
  step 400/468: loss=0.267761 (5ms)
Epoch 13/15: loss=0.216503 lr=0.002000 (2056ms)
  step 0/468: loss=0.261696 (6ms)
  step 1/468: loss=0.131330 (5ms)
  step 2/468: loss=0.145135 (5ms)
  step 100/468: loss=0.281003 (5ms)
  step 200/468: loss=0.203403 (5ms)
  step 300/468: loss=0.211953 (4ms)
  step 400/468: loss=0.203336 (5ms)
Epoch 14/15: loss=0.210321 lr=0.002000 (2063ms)
  step 0/468: loss=0.242871 (5ms)
  step 1/468: loss=0.211753 (4ms)
  step 2/468: loss=0.215566 (5ms)
  step 100/468: loss=0.238324 (4ms)
  step 200/468: loss=0.275846 (5ms)
  step 300/468: loss=0.240733 (4ms)
  step 400/468: loss=0.183029 (4ms)
Epoch 15/15: loss=0.204049 lr=0.002000 (2080ms)
  val accuracy (running BN): 9419/9984 = 94.340946%
Saved params + BN stats.
