Ablation: r34-adam
  spec: ResNet-34, optimizer: Adam
  lr: 0.001000, cosine: false, wd: 0.000000
  aug: false, label_smooth: 0.000000
ResNet-34-r34-adam: 21289802 params
Generating train step MLIR...
  505618 chars
Compiling vmfbs...
  forward compiled
  eval forward compiled
  train step compiled
  session loaded
  train: 9469 images (196608 floats/image)
  21289802 params + m + v (243 MB)
training: 295 batches/epoch, batch=32, Adam, lr=0.001000, cosine warmup=0, label_smooth=0.1, wd=0.000000
  BN layers: 36, BN stat floats: 17024
  step 0/295: loss=3.457397 (1493ms)
  step 1/295: loss=8.420360 (1575ms)
  step 2/295: loss=3.500829 (1438ms)
  step 100/295: loss=2.437668 (1434ms)
  step 200/295: loss=2.354577 (1448ms)
Epoch 1/80: loss=2.493450 lr=0.001000 (428976ms)
  step 0/295: loss=2.266390 (1420ms)
  step 1/295: loss=2.393974 (1424ms)
  step 2/295: loss=2.324131 (1418ms)
  step 100/295: loss=2.412957 (1469ms)
  step 200/295: loss=2.446864 (1454ms)
Epoch 2/80: loss=2.389296 lr=0.001000 (430917ms)
  step 0/295: loss=2.332886 (1425ms)
  step 1/295: loss=2.384661 (1435ms)
  step 2/295: loss=2.221548 (1431ms)
  step 100/295: loss=2.297021 (1428ms)
  step 200/295: loss=2.277568 (1433ms)
Epoch 3/80: loss=2.370879 lr=0.001000 (430271ms)
  step 0/295: loss=2.340092 (1424ms)
  step 1/295: loss=2.343940 (1446ms)
  step 2/295: loss=2.312141 (1442ms)
  step 100/295: loss=2.240554 (1427ms)
  step 200/295: loss=2.325183 (1447ms)
Epoch 4/80: loss=2.369017 lr=0.001000 (431010ms)
  step 0/295: loss=2.398792 (1481ms)
  step 1/295: loss=2.416299 (1418ms)
  step 2/295: loss=2.390773 (1425ms)
  step 100/295: loss=2.343786 (1443ms)
  step 200/295: loss=2.320247 (1457ms)
Epoch 5/80: loss=2.364468 lr=0.001000 (430583ms)
  step 0/295: loss=2.309510 (1458ms)
  step 1/295: loss=2.452841 (1437ms)
  step 2/295: loss=2.389439 (1453ms)
  step 100/295: loss=2.278576 (1433ms)
  step 200/295: loss=2.331727 (1461ms)
Epoch 6/80: loss=2.344380 lr=0.001000 (431676ms)
  step 0/295: loss=2.361592 (1447ms)
  step 1/295: loss=2.267344 (1482ms)
  step 2/295: loss=2.320838 (1470ms)
  step 100/295: loss=2.268818 (1428ms)
  step 200/295: loss=2.405764 (1441ms)
Epoch 7/80: loss=2.349776 lr=0.001000 (431952ms)
  step 0/295: loss=2.377614 (1465ms)
  step 1/295: loss=2.264298 (1447ms)
  step 2/295: loss=2.371056 (1456ms)
  step 100/295: loss=2.327788 (1470ms)
  step 200/295: loss=2.409717 (1430ms)
Epoch 8/80: loss=2.339596 lr=0.001000 (432061ms)
  step 0/295: loss=2.267208 (1435ms)
  step 1/295: loss=2.315848 (1462ms)
  step 2/295: loss=2.428844 (1435ms)
  step 100/295: loss=2.250678 (1469ms)
  step 200/295: loss=2.372019 (1413ms)
Epoch 9/80: loss=2.333019 lr=0.001000 (432077ms)
  step 0/295: loss=2.352780 (1437ms)
  step 1/295: loss=2.357278 (1456ms)
  step 2/295: loss=2.313545 (1419ms)
  step 100/295: loss=2.325913 (1443ms)
  step 200/295: loss=2.237249 (1461ms)
Epoch 10/80: loss=2.330924 lr=0.001000 (432035ms)
  val accuracy (running BN): 395/3904 = 10.117828%
  step 0/295: loss=2.357261 (1468ms)
  step 1/295: loss=2.354193 (1433ms)
  step 2/295: loss=2.328878 (1454ms)
  step 100/295: loss=2.249667 (1434ms)
  step 200/295: loss=2.245166 (1443ms)
Epoch 11/80: loss=2.329471 lr=0.001000 (431491ms)
  step 0/295: loss=2.301189 (1461ms)
  step 1/295: loss=2.346773 (1448ms)
  step 2/295: loss=2.337927 (1452ms)
  step 100/295: loss=2.325178 (1452ms)
  step 200/295: loss=2.403953 (1464ms)
Epoch 12/80: loss=2.326268 lr=0.001000 (432185ms)
  step 0/295: loss=2.382170 (1419ms)
  step 1/295: loss=2.341915 (1427ms)
  step 2/295: loss=2.390786 (1438ms)
  step 100/295: loss=2.278857 (1414ms)
  step 200/295: loss=2.287786 (1450ms)
Epoch 13/80: loss=2.327106 lr=0.001000 (431835ms)
  step 0/295: loss=2.296298 (1428ms)
  step 1/295: loss=2.288221 (1449ms)
  step 2/295: loss=2.323606 (1463ms)
  step 100/295: loss=2.317310 (1441ms)
  step 200/295: loss=2.342712 (1474ms)
Epoch 14/80: loss=2.321101 lr=0.001000 (432425ms)
  step 0/295: loss=2.324174 (1479ms)
  step 1/295: loss=2.311096 (1432ms)
  step 2/295: loss=2.356476 (1456ms)
  step 100/295: loss=2.287923 (1444ms)
  step 200/295: loss=2.329901 (1441ms)
Epoch 15/80: loss=2.320487 lr=0.001000 (432564ms)
  step 0/295: loss=2.320343 (1440ms)
  step 1/295: loss=2.290031 (1441ms)
  step 2/295: loss=2.353700 (1435ms)
  step 100/295: loss=2.308857 (1456ms)
  step 200/295: loss=2.316919 (1454ms)
Epoch 16/80: loss=2.320113 lr=0.001000 (432675ms)
  step 0/295: loss=2.315527 (1451ms)
  step 1/295: loss=2.327522 (1443ms)
  step 2/295: loss=2.249386 (1428ms)
  step 100/295: loss=2.276586 (1426ms)
  step 200/295: loss=2.333915 (1467ms)
Epoch 17/80: loss=2.318626 lr=0.001000 (432496ms)
  step 0/295: loss=2.324481 (1477ms)
  step 1/295: loss=2.275728 (1471ms)
  step 2/295: loss=2.313714 (1474ms)
  step 100/295: loss=2.326709 (1456ms)
  step 200/295: loss=2.249422 (1450ms)
Epoch 18/80: loss=2.318770 lr=0.001000 (433066ms)
  step 0/295: loss=2.341038 (1437ms)
  step 1/295: loss=2.309637 (1448ms)
  step 2/295: loss=2.335638 (1458ms)
  step 100/295: loss=2.325578 (1457ms)
  step 200/295: loss=2.290598 (1445ms)
Epoch 19/80: loss=2.317166 lr=0.001000 (432424ms)
  step 0/295: loss=2.305232 (1455ms)
  step 1/295: loss=2.307745 (1407ms)
  step 2/295: loss=2.323767 (1447ms)
  step 100/295: loss=2.250199 (1434ms)
  step 200/295: loss=2.303346 (1443ms)
Epoch 20/80: loss=2.316796 lr=0.001000 (432476ms)
  val accuracy (running BN): 362/3904 = 9.272541%
  step 0/295: loss=2.315670 (1471ms)
  step 1/295: loss=2.299926 (1473ms)
  step 2/295: loss=2.379773 (1465ms)
  step 100/295: loss=2.281096 (1427ms)
  step 200/295: loss=2.347905 (1431ms)
Epoch 21/80: loss=2.318229 lr=0.001000 (432109ms)
  step 0/295: loss=2.374658 (1460ms)
  step 1/295: loss=2.279549 (1469ms)
  step 2/295: loss=2.318245 (1445ms)
  step 100/295: loss=2.268045 (1438ms)
  step 200/295: loss=2.311787 (1431ms)
Epoch 22/80: loss=2.323057 lr=0.001000 (432269ms)
  step 0/295: loss=2.334219 (1440ms)
  step 1/295: loss=2.294812 (1443ms)
  step 2/295: loss=2.274199 (1454ms)
  step 100/295: loss=2.290601 (1463ms)
  step 200/295: loss=2.291105 (1460ms)
Epoch 23/80: loss=2.319463 lr=0.001000 (432887ms)
  step 0/295: loss=2.340322 (1462ms)
  step 1/295: loss=2.245892 (1456ms)
  step 2/295: loss=2.263263 (1465ms)
  step 100/295: loss=2.287533 (1446ms)
  step 200/295: loss=2.321558 (1430ms)
Epoch 24/80: loss=2.315920 lr=0.001000 (433029ms)
  step 0/295: loss=2.315042 (1476ms)
  step 1/295: loss=2.325992 (1461ms)
  step 2/295: loss=2.332077 (1452ms)
  step 100/295: loss=2.368926 (1461ms)
  step 200/295: loss=2.320143 (1433ms)
Epoch 25/80: loss=2.325736 lr=0.001000 (433288ms)
  step 0/295: loss=2.272300 (1453ms)
  step 1/295: loss=2.321270 (1443ms)
  step 2/295: loss=2.266093 (1436ms)
  step 100/295: loss=2.276469 (1468ms)
  step 200/295: loss=2.308195 (1434ms)
Epoch 26/80: loss=2.313468 lr=0.001000 (433031ms)
  step 0/295: loss=2.335052 (1445ms)
  step 1/295: loss=2.263606 (1442ms)
  step 2/295: loss=2.285623 (1456ms)
  step 100/295: loss=2.374806 (1433ms)
  step 200/295: loss=2.294253 (1456ms)
Epoch 27/80: loss=2.313468 lr=0.001000 (432669ms)
  step 0/295: loss=2.314194 (1460ms)
  step 1/295: loss=2.333352 (1448ms)
  step 2/295: loss=2.275331 (1442ms)
  step 100/295: loss=2.336428 (1471ms)
  step 200/295: loss=2.343914 (1457ms)
Epoch 28/80: loss=2.311472 lr=0.001000 (432749ms)
  step 0/295: loss=2.265868 (1452ms)
  step 1/295: loss=2.314278 (1457ms)
  step 2/295: loss=2.280084 (1455ms)
  step 100/295: loss=2.305473 (1448ms)
  step 200/295: loss=2.321249 (1435ms)
Epoch 29/80: loss=2.311666 lr=0.001000 (432076ms)
  step 0/295: loss=2.323458 (1453ms)
  step 1/295: loss=2.350221 (1452ms)
  step 2/295: loss=2.312068 (1436ms)
  step 100/295: loss=2.305063 (1422ms)
  step 200/295: loss=2.327367 (1430ms)
Epoch 30/80: loss=2.311539 lr=0.001000 (431825ms)
  val accuracy (running BN): 361/3904 = 9.246926%
  step 0/295: loss=2.297772 (1435ms)
  step 1/295: loss=2.254902 (1425ms)
  step 2/295: loss=2.352899 (1429ms)
  step 100/295: loss=2.318626 (1416ms)
  step 200/295: loss=2.296780 (1466ms)
Epoch 31/80: loss=2.313462 lr=0.001000 (430549ms)
  step 0/295: loss=2.283183 (1463ms)
  step 1/295: loss=2.322626 (1452ms)
  step 2/295: loss=2.293476 (1433ms)
  step 100/295: loss=2.279681 (1457ms)
  step 200/295: loss=2.319754 (1469ms)
Epoch 32/80: loss=2.311581 lr=0.001000 (431659ms)
  step 0/295: loss=2.294901 (1438ms)
  step 1/295: loss=2.312735 (1435ms)
  step 2/295: loss=2.298090 (1435ms)
  step 100/295: loss=2.308130 (1429ms)
  step 200/295: loss=2.316325 (1433ms)
Epoch 33/80: loss=2.312397 lr=0.001000 (430934ms)
  step 0/295: loss=2.274619 (1442ms)
  step 1/295: loss=2.301438 (1453ms)
  step 2/295: loss=2.340302 (1446ms)
  step 100/295: loss=2.310819 (1431ms)
  step 200/295: loss=2.316286 (1414ms)
Epoch 34/80: loss=2.309397 lr=0.001000 (430706ms)
  step 0/295: loss=2.342140 (1431ms)
  step 1/295: loss=2.352986 (1415ms)
  step 2/295: loss=2.339773 (1427ms)
  step 100/295: loss=2.317939 (1425ms)
  step 200/295: loss=2.327909 (1424ms)
Epoch 35/80: loss=2.312300 lr=0.001000 (430333ms)
  step 0/295: loss=2.367175 (1432ms)
  step 1/295: loss=2.310321 (1411ms)
  step 2/295: loss=2.312989 (1441ms)
  step 100/295: loss=2.332242 (1437ms)
  step 200/295: loss=2.251264 (1424ms)
Epoch 36/80: loss=2.310148 lr=0.001000 (430800ms)
  step 0/295: loss=2.288325 (1411ms)
  step 1/295: loss=2.331073 (1431ms)
  step 2/295: loss=2.325601 (1455ms)
  step 100/295: loss=2.300353 (1426ms)
  step 200/295: loss=2.288186 (1449ms)
Epoch 37/80: loss=2.310111 lr=0.001000 (430629ms)
  step 0/295: loss=2.282502 (1422ms)
  step 1/295: loss=2.297220 (1415ms)
  step 2/295: loss=2.290082 (1435ms)
  step 100/295: loss=2.331699 (1420ms)
  step 200/295: loss=2.272066 (1426ms)
Epoch 38/80: loss=2.309951 lr=0.001000 (430301ms)
  step 0/295: loss=2.285318 (1422ms)
  step 1/295: loss=2.261089 (1421ms)
  step 2/295: loss=2.322532 (1418ms)
  step 100/295: loss=2.314538 (1463ms)
  step 200/295: loss=2.332203 (1441ms)
Epoch 39/80: loss=2.309969 lr=0.001000 (431234ms)
  step 0/295: loss=2.318892 (1423ms)
  step 1/295: loss=2.281630 (1450ms)
  step 2/295: loss=2.315789 (1434ms)
  step 100/295: loss=2.337243 (1452ms)
  step 200/295: loss=2.306724 (1436ms)
Epoch 40/80: loss=2.309103 lr=0.001000 (431107ms)
  val accuracy (running BN): 387/3904 = 9.912910%
  step 0/295: loss=2.292275 (1434ms)
  step 1/295: loss=2.317062 (1427ms)
  step 2/295: loss=2.286418 (1424ms)
  step 100/295: loss=2.295820 (1467ms)
  step 200/295: loss=2.317343 (1454ms)
Epoch 41/80: loss=2.310230 lr=0.001000 (429760ms)
  step 0/295: loss=2.293170 (1444ms)
  step 1/295: loss=2.270985 (1439ms)
  step 2/295: loss=2.338809 (1439ms)
  step 100/295: loss=2.325479 (1413ms)
  step 200/295: loss=2.320079 (1444ms)
Epoch 42/80: loss=2.307925 lr=0.001000 (430967ms)
  step 0/295: loss=2.326158 (1453ms)
  step 1/295: loss=2.332381 (1423ms)
  step 2/295: loss=2.339206 (1426ms)
  step 100/295: loss=2.288908 (1434ms)
  step 200/295: loss=2.294483 (1435ms)
Epoch 43/80: loss=2.309256 lr=0.001000 (429655ms)
  step 0/295: loss=2.265105 (1472ms)
  step 1/295: loss=2.306135 (1440ms)
  step 2/295: loss=2.316841 (1437ms)
  step 100/295: loss=2.323059 (1426ms)
  step 200/295: loss=2.293242 (1420ms)
Epoch 44/80: loss=2.308628 lr=0.001000 (431036ms)
  step 0/295: loss=2.319644 (1429ms)
  step 1/295: loss=2.302523 (1424ms)
  step 2/295: loss=2.306038 (1418ms)
  step 100/295: loss=2.310488 (1455ms)
  step 200/295: loss=2.291902 (1460ms)
Epoch 45/80: loss=2.307512 lr=0.001000 (430938ms)
  step 0/295: loss=2.361059 (1437ms)
  step 1/295: loss=2.328671 (1435ms)
  step 2/295: loss=2.316118 (1419ms)
  step 100/295: loss=2.318096 (1437ms)
  step 200/295: loss=2.331825 (1425ms)
Epoch 46/80: loss=2.306794 lr=0.001000 (430688ms)
  step 0/295: loss=2.277875 (1448ms)
  step 1/295: loss=2.319057 (1470ms)
  step 2/295: loss=2.317687 (1471ms)
  step 100/295: loss=2.314998 (1439ms)
  step 200/295: loss=2.286116 (1479ms)
Epoch 47/80: loss=2.307829 lr=0.001000 (430711ms)
  step 0/295: loss=2.285897 (1448ms)
  step 1/295: loss=2.317875 (1484ms)
  step 2/295: loss=2.311512 (1437ms)
  step 100/295: loss=2.302120 (1459ms)
  step 200/295: loss=2.290078 (1476ms)
Epoch 48/80: loss=2.309217 lr=0.001000 (431012ms)
  step 0/295: loss=2.276260 (1431ms)
  step 1/295: loss=2.304884 (1444ms)
  step 2/295: loss=2.269241 (1443ms)
  step 100/295: loss=2.318859 (1439ms)
  step 200/295: loss=2.304358 (1454ms)
Epoch 49/80: loss=2.307287 lr=0.001000 (430828ms)
  step 0/295: loss=2.311634 (1444ms)
  step 1/295: loss=2.331688 (1417ms)
  step 2/295: loss=2.338057 (1426ms)
  step 100/295: loss=2.293499 (1417ms)
  step 200/295: loss=2.307842 (1428ms)
Epoch 50/80: loss=2.307954 lr=0.001000 (431012ms)
  val accuracy (running BN): 296/3904 = 7.581967%
  step 0/295: loss=2.299502 (1454ms)
  step 1/295: loss=2.310765 (1436ms)
  step 2/295: loss=2.314658 (1408ms)
  step 100/295: loss=2.324076 (1432ms)
  step 200/295: loss=2.316709 (1411ms)
Epoch 51/80: loss=2.307359 lr=0.001000 (430204ms)
  step 0/295: loss=2.294065 (1453ms)
  step 1/295: loss=2.311239 (1426ms)
  step 2/295: loss=2.317523 (1423ms)
  step 100/295: loss=2.308754 (1445ms)
  step 200/295: loss=2.307887 (1441ms)
Epoch 52/80: loss=2.305675 lr=0.001000 (430697ms)
  step 0/295: loss=2.247911 (1470ms)
  step 1/295: loss=2.323001 (1465ms)
  step 2/295: loss=2.370718 (1449ms)
  step 100/295: loss=2.336735 (1432ms)
  step 200/295: loss=2.301473 (1411ms)
Epoch 53/80: loss=2.307628 lr=0.001000 (430184ms)
  step 0/295: loss=2.305816 (1473ms)
  step 1/295: loss=2.294959 (1431ms)
  step 2/295: loss=2.303326 (1442ms)
  step 100/295: loss=2.328079 (1439ms)
  step 200/295: loss=2.318244 (1435ms)
Epoch 54/80: loss=2.305448 lr=0.001000 (430839ms)
  step 0/295: loss=2.302105 (1439ms)
  step 1/295: loss=2.319563 (1458ms)
  step 2/295: loss=2.299529 (1446ms)
  step 100/295: loss=2.332896 (1422ms)
  step 200/295: loss=2.280664 (1445ms)
Epoch 55/80: loss=2.306759 lr=0.001000 (431233ms)
  step 0/295: loss=2.302381 (1429ms)
  step 1/295: loss=2.290282 (1453ms)
  step 2/295: loss=2.320304 (1457ms)
  step 100/295: loss=2.279946 (1428ms)
  step 200/295: loss=2.285729 (1415ms)
Epoch 56/80: loss=2.306861 lr=0.001000 (430585ms)
  step 0/295: loss=2.300529 (1468ms)
  step 1/295: loss=2.351534 (1448ms)
  step 2/295: loss=2.314559 (1432ms)
  step 100/295: loss=2.316079 (1478ms)
  step 200/295: loss=2.303913 (1462ms)
Epoch 57/80: loss=2.306313 lr=0.001000 (430208ms)
  step 0/295: loss=2.262736 (1426ms)
  step 1/295: loss=2.333697 (1411ms)
  step 2/295: loss=2.305510 (1420ms)
  step 100/295: loss=2.299690 (1407ms)
  step 200/295: loss=2.318851 (1439ms)
Epoch 58/80: loss=2.306328 lr=0.001000 (430299ms)
  step 0/295: loss=2.288983 (1490ms)
  step 1/295: loss=2.290633 (1483ms)
  step 2/295: loss=2.285953 (1463ms)
  step 100/295: loss=2.329171 (1468ms)
  step 200/295: loss=2.323875 (1443ms)
Epoch 59/80: loss=2.306345 lr=0.001000 (430917ms)
  step 0/295: loss=2.288414 (1433ms)
  step 1/295: loss=2.305414 (1433ms)
  step 2/295: loss=2.292334 (1429ms)
  step 100/295: loss=2.298386 (1459ms)
  step 200/295: loss=2.276186 (1464ms)
Epoch 60/80: loss=2.305359 lr=0.001000 (429925ms)
  val accuracy (running BN): 373/3904 = 9.554303%
  step 0/295: loss=2.292752 (1425ms)
  step 1/295: loss=2.316012 (1423ms)
  step 2/295: loss=2.312204 (1437ms)
  step 100/295: loss=2.292114 (1429ms)
  step 200/295: loss=2.295574 (1438ms)
Epoch 61/80: loss=2.306364 lr=0.001000 (429180ms)
  step 0/295: loss=2.303257 (1424ms)
  step 1/295: loss=2.300096 (1435ms)
  step 2/295: loss=2.329917 (1421ms)
  step 100/295: loss=2.323508 (1409ms)
  step 200/295: loss=2.321819 (1426ms)
Epoch 62/80: loss=2.305585 lr=0.001000 (430213ms)
  step 0/295: loss=2.298960 (1423ms)
  step 1/295: loss=2.325205 (1452ms)
  step 2/295: loss=2.314004 (1440ms)
  step 100/295: loss=2.287346 (1433ms)
  step 200/295: loss=2.298179 (1437ms)
Epoch 63/80: loss=2.304679 lr=0.001000 (429378ms)
  step 0/295: loss=2.312865 (1416ms)
  step 1/295: loss=2.303307 (1399ms)
  step 2/295: loss=2.322263 (1456ms)
  step 100/295: loss=2.284898 (1454ms)
  step 200/295: loss=2.311230 (1418ms)
Epoch 64/80: loss=2.304528 lr=0.001000 (431011ms)
  step 0/295: loss=2.303759 (1444ms)
  step 1/295: loss=2.312998 (1432ms)
  step 2/295: loss=2.300042 (1441ms)
  step 100/295: loss=2.324439 (1430ms)
  step 200/295: loss=2.296768 (1459ms)
Epoch 65/80: loss=2.307074 lr=0.001000 (429987ms)
  step 0/295: loss=2.290033 (1440ms)
  step 1/295: loss=2.314331 (1439ms)
  step 2/295: loss=2.307581 (1432ms)
  step 100/295: loss=2.268170 (1464ms)
  step 200/295: loss=2.318822 (1471ms)
Epoch 66/80: loss=2.307258 lr=0.001000 (429894ms)
  step 0/295: loss=2.280550 (1450ms)
  step 1/295: loss=2.306879 (1423ms)
  step 2/295: loss=2.299246 (1429ms)
  step 100/295: loss=2.297972 (1452ms)
  step 200/295: loss=2.294579 (1456ms)
Epoch 67/80: loss=2.305343 lr=0.001000 (431204ms)
  step 0/295: loss=2.311685 (1424ms)
  step 1/295: loss=2.305899 (1424ms)
  step 2/295: loss=2.302665 (1428ms)
  step 100/295: loss=2.325263 (1441ms)
  step 200/295: loss=2.319556 (1452ms)
Epoch 68/80: loss=2.304463 lr=0.001000 (431126ms)
  step 0/295: loss=2.316905 (1431ms)
  step 1/295: loss=2.303094 (1425ms)
  step 2/295: loss=2.310743 (1448ms)
  step 100/295: loss=2.307430 (1427ms)
  step 200/295: loss=2.293980 (1434ms)
Epoch 69/80: loss=2.305567 lr=0.001000 (429928ms)
  step 0/295: loss=2.296969 (1445ms)
  step 1/295: loss=2.303604 (1431ms)
  step 2/295: loss=2.330626 (1457ms)
  step 100/295: loss=2.289333 (1414ms)
  step 200/295: loss=2.285100 (1438ms)
Epoch 70/80: loss=2.304301 lr=0.001000 (430342ms)
  val accuracy (running BN): 357/3904 = 9.144467%
  step 0/295: loss=2.317393 (1438ms)
  step 1/295: loss=2.289459 (1417ms)
  step 2/295: loss=2.276957 (1425ms)
  step 100/295: loss=2.340923 (1446ms)
  step 200/295: loss=2.297861 (1413ms)
Epoch 71/80: loss=2.304894 lr=0.001000 (430154ms)
  step 0/295: loss=2.319980 (1429ms)
  step 1/295: loss=2.317197 (1411ms)
  step 2/295: loss=2.293526 (1397ms)
  step 100/295: loss=2.327950 (1465ms)
  step 200/295: loss=2.317091 (1403ms)
Epoch 72/80: loss=2.304675 lr=0.001000 (430390ms)
  step 0/295: loss=2.299006 (1417ms)
  step 1/295: loss=2.296960 (1426ms)
  step 2/295: loss=2.292913 (1422ms)
  step 100/295: loss=2.301622 (1454ms)
  step 200/295: loss=2.298722 (1463ms)
Epoch 73/80: loss=2.304843 lr=0.001000 (431475ms)
  step 0/295: loss=2.301166 (1436ms)
  step 1/295: loss=2.304313 (1422ms)
  step 2/295: loss=2.295904 (1419ms)
  step 100/295: loss=2.283870 (1419ms)
  step 200/295: loss=2.293687 (1419ms)
Epoch 74/80: loss=2.303980 lr=0.001000 (431930ms)
  step 0/295: loss=2.314558 (1433ms)
  step 1/295: loss=2.305583 (1425ms)
  step 2/295: loss=2.301634 (1439ms)
  step 100/295: loss=2.316314 (1454ms)
  step 200/295: loss=2.298602 (1438ms)
Epoch 75/80: loss=2.303808 lr=0.001000 (431170ms)
  step 0/295: loss=2.299676 (1448ms)
  step 1/295: loss=2.291438 (1444ms)
  step 2/295: loss=2.315244 (1439ms)
  step 100/295: loss=2.294004 (1433ms)
  step 200/295: loss=2.307057 (1442ms)
Epoch 76/80: loss=2.304373 lr=0.001000 (431739ms)
  step 0/295: loss=2.292988 (1448ms)
  step 1/295: loss=2.307479 (1466ms)
  step 2/295: loss=2.315456 (1446ms)
  step 100/295: loss=2.313899 (1451ms)
  step 200/295: loss=2.314139 (1437ms)
Epoch 77/80: loss=2.304043 lr=0.001000 (430671ms)
  step 0/295: loss=2.322433 (1415ms)
  step 1/295: loss=2.297136 (1421ms)
  step 2/295: loss=2.301784 (1411ms)
  step 100/295: loss=2.289387 (1440ms)
  step 200/295: loss=2.302602 (1439ms)
Epoch 78/80: loss=2.303930 lr=0.001000 (431131ms)
  step 0/295: loss=2.311537 (1459ms)
  step 1/295: loss=2.320867 (1421ms)
  step 2/295: loss=2.285939 (1441ms)
  step 100/295: loss=2.288786 (1417ms)
  step 200/295: loss=2.302221 (1429ms)
Epoch 79/80: loss=2.303474 lr=0.001000 (430822ms)
  step 0/295: loss=2.301229 (1427ms)
  step 1/295: loss=2.301960 (1408ms)
  step 2/295: loss=2.311925 (1404ms)
  step 100/295: loss=2.302696 (1465ms)
  step 200/295: loss=2.306592 (1437ms)
Epoch 80/80: loss=2.304239 lr=0.001000 (429720ms)
  val accuracy (running BN): 353/3904 = 9.042008%
Saved params + BN stats.
