Ablation: width-cnn-f16
  spec: MNIST-CNN-f16, optimizer: SGD
  lr: 0.002000, cosine: false, wd: 0.000000
  aug: false, label_smooth: 0.000000
MNIST-CNN-f16-width-cnn-f16: 405306 params
Generating train step MLIR...
  19290 chars
Compiling vmfbs...
  forward compiled
  eval forward compiled
  train step compiled
  session loaded
  train: 60000 images (784 floats/image)
  405306 params + m + v (4 MB)
training: 468 batches/epoch, batch=128, Adam, lr=0.002000, cosine warmup=0, label_smooth=0.1, wd=0.000000
  BN layers: 0, BN stat floats: 0
  step 0/468: loss=2.872882 (37ms)
  step 1/468: loss=2.690137 (19ms)
  step 2/468: loss=2.576640 (21ms)
  step 100/468: loss=0.481447 (19ms)
  step 200/468: loss=0.267980 (17ms)
  step 300/468: loss=0.179580 (17ms)
  step 400/468: loss=0.435270 (16ms)
Epoch 1/15: loss=0.380966 lr=0.002000 (8973ms)
  step 0/468: loss=0.296206 (23ms)
  step 1/468: loss=0.140132 (22ms)
  step 2/468: loss=0.100266 (19ms)
  step 100/468: loss=0.135651 (16ms)
  step 200/468: loss=0.139532 (17ms)
  step 300/468: loss=0.228464 (16ms)
  step 400/468: loss=0.101685 (17ms)
Epoch 2/15: loss=0.163795 lr=0.002000 (8972ms)
  step 0/468: loss=0.117618 (23ms)
  step 1/468: loss=0.183345 (22ms)
  step 2/468: loss=0.249437 (19ms)
  step 100/468: loss=0.192845 (18ms)
  step 200/468: loss=0.153937 (20ms)
  step 300/468: loss=0.061763 (17ms)
  step 400/468: loss=0.096118 (20ms)
Epoch 3/15: loss=0.120449 lr=0.002000 (9187ms)
  step 0/468: loss=0.147835 (25ms)
  step 1/468: loss=0.070875 (21ms)
  step 2/468: loss=0.137306 (18ms)
  step 100/468: loss=0.093713 (15ms)
  step 200/468: loss=0.057869 (21ms)
  step 300/468: loss=0.147295 (17ms)
  step 400/468: loss=0.074004 (20ms)
Epoch 4/15: loss=0.096855 lr=0.002000 (9330ms)
  step 0/468: loss=0.076309 (24ms)
  step 1/468: loss=0.108848 (20ms)
  step 2/468: loss=0.093475 (19ms)
  step 100/468: loss=0.131588 (17ms)
  step 200/468: loss=0.046311 (18ms)
  step 300/468: loss=0.079391 (20ms)
  step 400/468: loss=0.131251 (18ms)
Epoch 5/15: loss=0.080717 lr=0.002000 (9511ms)
  step 0/468: loss=0.035479 (26ms)
  step 1/468: loss=0.135488 (21ms)
  step 2/468: loss=0.110125 (20ms)
  step 100/468: loss=0.075262 (18ms)
  step 200/468: loss=0.070554 (18ms)
  step 300/468: loss=0.075922 (17ms)
  step 400/468: loss=0.129013 (17ms)
Epoch 6/15: loss=0.069161 lr=0.002000 (9596ms)
  step 0/468: loss=0.058871 (24ms)
  step 1/468: loss=0.047628 (19ms)
  step 2/468: loss=0.011903 (18ms)
  step 100/468: loss=0.081850 (17ms)
  step 200/468: loss=0.032142 (21ms)
  step 300/468: loss=0.066414 (19ms)
  step 400/468: loss=0.080033 (17ms)
Epoch 7/15: loss=0.060309 lr=0.002000 (9702ms)
  step 0/468: loss=0.020494 (27ms)
  step 1/468: loss=0.029143 (20ms)
  step 2/468: loss=0.025978 (19ms)
  step 100/468: loss=0.059353 (19ms)
  step 200/468: loss=0.029303 (18ms)
  step 300/468: loss=0.049154 (18ms)
  step 400/468: loss=0.035582 (18ms)
Epoch 8/15: loss=0.053912 lr=0.002000 (9602ms)
  step 0/468: loss=0.045542 (24ms)
  step 1/468: loss=0.010989 (19ms)
  step 2/468: loss=0.043540 (18ms)
  step 100/468: loss=0.063035 (15ms)
  step 200/468: loss=0.055165 (17ms)
  step 300/468: loss=0.033632 (21ms)
  step 400/468: loss=0.048178 (18ms)
Epoch 9/15: loss=0.049710 lr=0.002000 (9351ms)
  step 0/468: loss=0.108887 (26ms)
  step 1/468: loss=0.019970 (21ms)
  step 2/468: loss=0.057596 (21ms)
  step 100/468: loss=0.015055 (19ms)
  step 200/468: loss=0.044295 (15ms)
  step 300/468: loss=0.046014 (19ms)
  step 400/468: loss=0.072639 (20ms)
Epoch 10/15: loss=0.044073 lr=0.002000 (9467ms)
  val accuracy (running BN): 9791/9984 = 98.066907%
  step 0/468: loss=0.038911 (28ms)
  step 1/468: loss=0.006470 (22ms)
  step 2/468: loss=0.058520 (20ms)
  step 100/468: loss=0.016717 (18ms)
  step 200/468: loss=0.021566 (18ms)
  step 300/468: loss=0.048340 (21ms)
  step 400/468: loss=0.045594 (20ms)
Epoch 11/15: loss=0.040538 lr=0.002000 (9693ms)
  step 0/468: loss=0.105888 (25ms)
  step 1/468: loss=0.075280 (21ms)
  step 2/468: loss=0.071895 (22ms)
  step 100/468: loss=0.015261 (20ms)
  step 200/468: loss=0.018133 (18ms)
  step 300/468: loss=0.013137 (17ms)
  step 400/468: loss=0.025380 (18ms)
Epoch 12/15: loss=0.036755 lr=0.002000 (9565ms)
  step 0/468: loss=0.029872 (23ms)
  step 1/468: loss=0.024309 (21ms)
  step 2/468: loss=0.055282 (20ms)
  step 100/468: loss=0.020131 (17ms)
  step 200/468: loss=0.029483 (19ms)
  step 300/468: loss=0.017276 (18ms)
  step 400/468: loss=0.045794 (20ms)
Epoch 13/15: loss=0.033632 lr=0.002000 (9739ms)
  step 0/468: loss=0.027328 (21ms)
  step 1/468: loss=0.010311 (21ms)
  step 2/468: loss=0.033032 (20ms)
  step 100/468: loss=0.028095 (20ms)
  step 200/468: loss=0.026419 (17ms)
  step 300/468: loss=0.019416 (15ms)
  step 400/468: loss=0.018813 (19ms)
Epoch 14/15: loss=0.031432 lr=0.002000 (9598ms)
  step 0/468: loss=0.028492 (27ms)
  step 1/468: loss=0.014009 (20ms)
  step 2/468: loss=0.012134 (23ms)
  step 100/468: loss=0.081129 (18ms)
  step 200/468: loss=0.036070 (18ms)
  step 300/468: loss=0.020006 (17ms)
  step 400/468: loss=0.012065 (19ms)
Epoch 15/15: loss=0.028210 lr=0.002000 (9737ms)
  val accuracy (running BN): 9819/9984 = 98.347356%
Saved params + BN stats.
