Ablation: linear-adam
  spec: MNIST-Linear, optimizer: Adam
  lr: 0.001000, cosine: false, wd: 0.000000
  aug: false, label_smooth: 0.000000
MNIST-Linear-linear-adam: 7850 params
Generating train step MLIR...
  8304 chars
Compiling vmfbs...
  forward compiled
  eval forward compiled
  train step compiled
  session loaded
  train: 60000 images (784 floats/image)
  7850 params + m + v (0 MB)
training: 468 batches/epoch, batch=128, Adam, lr=0.001000, cosine warmup=0, label_smooth=0.1, wd=0.000000
  BN layers: 0, BN stat floats: 0
  step 0/468: loss=2.301343 (10ms)
  step 1/468: loss=2.223476 (4ms)
  step 2/468: loss=2.273383 (2ms)
  step 100/468: loss=0.819675 (2ms)
  step 200/468: loss=0.507932 (3ms)
  step 300/468: loss=0.427844 (3ms)
  step 400/468: loss=0.586703 (2ms)
Epoch 1/12: loss=0.671857 lr=0.001000 (1120ms)
  step 0/468: loss=0.396543 (3ms)
  step 1/468: loss=0.340149 (2ms)
  step 2/468: loss=0.262771 (2ms)
  step 100/468: loss=0.430862 (2ms)
  step 200/468: loss=0.359788 (3ms)
  step 300/468: loss=0.454613 (2ms)
  step 400/468: loss=0.323944 (2ms)
Epoch 2/12: loss=0.362448 lr=0.001000 (1149ms)
  step 0/468: loss=0.305309 (3ms)
  step 1/468: loss=0.313866 (2ms)
  step 2/468: loss=0.506683 (3ms)
  step 100/468: loss=0.422387 (3ms)
  step 200/468: loss=0.330553 (2ms)
  step 300/468: loss=0.308955 (2ms)
  step 400/468: loss=0.315110 (2ms)
Epoch 3/12: loss=0.319536 lr=0.001000 (1158ms)
  step 0/468: loss=0.341063 (4ms)
  step 1/468: loss=0.212571 (2ms)
  step 2/468: loss=0.294417 (3ms)
  step 100/468: loss=0.264405 (3ms)
  step 200/468: loss=0.173280 (3ms)
  step 300/468: loss=0.398787 (2ms)
  step 400/468: loss=0.300457 (3ms)
Epoch 4/12: loss=0.299422 lr=0.001000 (1158ms)
  step 0/468: loss=0.214847 (3ms)
  step 1/468: loss=0.370855 (3ms)
  step 2/468: loss=0.296730 (2ms)
  step 100/468: loss=0.308861 (3ms)
  step 200/468: loss=0.236210 (2ms)
  step 300/468: loss=0.263689 (3ms)
  step 400/468: loss=0.327526 (2ms)
Epoch 5/12: loss=0.287487 lr=0.001000 (1150ms)
  step 0/468: loss=0.240950 (3ms)
  step 1/468: loss=0.289136 (3ms)
  step 2/468: loss=0.398754 (4ms)
  step 100/468: loss=0.273862 (3ms)
  step 200/468: loss=0.266096 (2ms)
  step 300/468: loss=0.198721 (2ms)
  step 400/468: loss=0.393778 (2ms)
Epoch 6/12: loss=0.279674 lr=0.001000 (1101ms)
  step 0/468: loss=0.288517 (3ms)
  step 1/468: loss=0.254949 (3ms)
  step 2/468: loss=0.168997 (2ms)
  step 100/468: loss=0.361786 (2ms)
  step 200/468: loss=0.272346 (3ms)
  step 300/468: loss=0.233846 (2ms)
  step 400/468: loss=0.320927 (3ms)
Epoch 7/12: loss=0.273437 lr=0.001000 (1121ms)
  step 0/468: loss=0.206702 (4ms)
  step 1/468: loss=0.323214 (2ms)
  step 2/468: loss=0.159354 (3ms)
  step 100/468: loss=0.192165 (2ms)
  step 200/468: loss=0.233538 (3ms)
  step 300/468: loss=0.270039 (3ms)
  step 400/468: loss=0.257130 (2ms)
Epoch 8/12: loss=0.268880 lr=0.001000 (1125ms)
  step 0/468: loss=0.416663 (4ms)
  step 1/468: loss=0.337496 (2ms)
  step 2/468: loss=0.148059 (2ms)
  step 100/468: loss=0.251300 (2ms)
  step 200/468: loss=0.281248 (2ms)
  step 300/468: loss=0.281702 (2ms)
  step 400/468: loss=0.328170 (2ms)
Epoch 9/12: loss=0.265256 lr=0.001000 (1095ms)
  step 0/468: loss=0.288603 (3ms)
  step 1/468: loss=0.262177 (3ms)
  step 2/468: loss=0.469935 (2ms)
  step 100/468: loss=0.152114 (2ms)
  step 200/468: loss=0.232555 (2ms)
  step 300/468: loss=0.286751 (2ms)
  step 400/468: loss=0.225059 (2ms)
Epoch 10/12: loss=0.262587 lr=0.001000 (1157ms)
  val accuracy (running BN): 9264/9984 = 92.788462%
  step 0/468: loss=0.227012 (4ms)
  step 1/468: loss=0.155258 (3ms)
  step 2/468: loss=0.224951 (3ms)
  step 100/468: loss=0.202553 (2ms)
  step 200/468: loss=0.277258 (2ms)
  step 300/468: loss=0.471150 (2ms)
  step 400/468: loss=0.228712 (3ms)
Epoch 11/12: loss=0.259648 lr=0.001000 (1112ms)
  step 0/468: loss=0.366442 (4ms)
  step 1/468: loss=0.331654 (2ms)
  step 2/468: loss=0.229955 (3ms)
  step 100/468: loss=0.169033 (2ms)
  step 200/468: loss=0.152616 (2ms)
  step 300/468: loss=0.173439 (2ms)
  step 400/468: loss=0.240204 (3ms)
Epoch 12/12: loss=0.257648 lr=0.001000 (1063ms)
  val accuracy (running BN): 9241/9984 = 92.558093%
Saved params + BN stats.
