Ablation: cifar-bn-sgd
  spec: CIFAR-CNN-BN, optimizer: SGD
  lr: 0.100000, cosine: false, wd: 0.000000
  aug: false, label_smooth: 0.000000
CIFAR-CNN-BN-cifar-bn-sgd: 2431210 params
Generating train step MLIR...
  51788 chars
Compiling vmfbs...
  forward compiled
  eval forward compiled
  train step compiled
  session loaded
  train: 50000 images (3072 floats/image)
  2431210 params + m + v (27 MB)
training: 390 batches/epoch, batch=128, Adam, lr=0.100000, cosine warmup=0, label_smooth=0.1, wd=0.000000
  BN layers: 4, BN stat floats: 384
  step 0/390: loss=3.003467 (90ms)
  step 1/390: loss=18.970093 (86ms)
  step 2/390: loss=98.850922 (83ms)
  step 100/390: loss=2.179336 (79ms)
  step 200/390: loss=1.931054 (75ms)
  step 300/390: loss=1.926836 (77ms)
Epoch 1/30: loss=2.360751 lr=0.100000 (32950ms)
  step 0/390: loss=1.698228 (83ms)
  step 1/390: loss=1.750563 (78ms)
  step 2/390: loss=1.691151 (79ms)
  step 100/390: loss=1.577063 (80ms)
  step 200/390: loss=1.692333 (77ms)
  step 300/390: loss=1.615584 (83ms)
Epoch 2/30: loss=1.618361 lr=0.100000 (32973ms)
  step 0/390: loss=1.597597 (77ms)
  step 1/390: loss=1.651185 (81ms)
  step 2/390: loss=1.532388 (81ms)
  step 100/390: loss=1.520352 (82ms)
  step 200/390: loss=1.525180 (75ms)
  step 300/390: loss=1.410339 (79ms)
Epoch 3/30: loss=1.485531 lr=0.100000 (33220ms)
  step 0/390: loss=1.449330 (79ms)
  step 1/390: loss=1.393292 (85ms)
  step 2/390: loss=1.385759 (85ms)
  step 100/390: loss=1.426127 (74ms)
  step 200/390: loss=1.366819 (80ms)
  step 300/390: loss=1.463102 (74ms)
Epoch 4/30: loss=1.391280 lr=0.100000 (33223ms)
  step 0/390: loss=1.328729 (85ms)
  step 1/390: loss=1.309608 (78ms)
  step 2/390: loss=1.449626 (79ms)
  step 100/390: loss=1.251295 (83ms)
  step 200/390: loss=1.312024 (82ms)
  step 300/390: loss=1.107713 (81ms)
Epoch 5/30: loss=1.295481 lr=0.100000 (33498ms)
  step 0/390: loss=1.401575 (82ms)
  step 1/390: loss=1.157653 (82ms)
  step 2/390: loss=1.236292 (83ms)
  step 100/390: loss=1.204256 (77ms)
  step 200/390: loss=1.430920 (80ms)
  step 300/390: loss=1.142739 (81ms)
Epoch 6/30: loss=1.191307 lr=0.100000 (33195ms)
  step 0/390: loss=1.000515 (82ms)
  step 1/390: loss=1.114964 (76ms)
  step 2/390: loss=1.047826 (83ms)
  step 100/390: loss=1.124907 (81ms)
  step 200/390: loss=1.120701 (80ms)
  step 300/390: loss=1.133688 (75ms)
Epoch 7/30: loss=1.110645 lr=0.100000 (33091ms)
  step 0/390: loss=1.009340 (80ms)
  step 1/390: loss=1.086997 (77ms)
  step 2/390: loss=0.935905 (82ms)
  step 100/390: loss=1.080193 (80ms)
  step 200/390: loss=1.046848 (81ms)
  step 300/390: loss=1.146155 (77ms)
Epoch 8/30: loss=1.051905 lr=0.100000 (33199ms)
  step 0/390: loss=0.931197 (77ms)
  step 1/390: loss=0.988349 (78ms)
  step 2/390: loss=0.842532 (76ms)
  step 100/390: loss=1.030979 (78ms)
  step 200/390: loss=1.034222 (77ms)
  step 300/390: loss=1.177025 (81ms)
Epoch 9/30: loss=0.983761 lr=0.100000 (33069ms)
  step 0/390: loss=0.854578 (80ms)
  step 1/390: loss=0.930347 (76ms)
  step 2/390: loss=0.975077 (79ms)
  step 100/390: loss=0.946735 (77ms)
  step 200/390: loss=1.083516 (81ms)
  step 300/390: loss=0.769851 (78ms)
Epoch 10/30: loss=0.921144 lr=0.100000 (33336ms)
  val accuracy (running BN): 6184/9984 = 61.939103%
  step 0/390: loss=0.744349 (78ms)
  step 1/390: loss=0.747364 (81ms)
  step 2/390: loss=0.779084 (78ms)
  step 100/390: loss=0.838800 (76ms)
  step 200/390: loss=0.949704 (82ms)
  step 300/390: loss=0.775230 (77ms)
Epoch 11/30: loss=0.870569 lr=0.100000 (33134ms)
  step 0/390: loss=0.904799 (77ms)
  step 1/390: loss=0.697430 (76ms)
  step 2/390: loss=0.808675 (79ms)
  step 100/390: loss=0.923993 (79ms)
  step 200/390: loss=0.775376 (79ms)
  step 300/390: loss=0.981937 (80ms)
Epoch 12/30: loss=0.845268 lr=0.100000 (33148ms)
  step 0/390: loss=0.887302 (82ms)
  step 1/390: loss=0.999927 (82ms)
  step 2/390: loss=0.661481 (79ms)
  step 100/390: loss=0.829147 (79ms)
  step 200/390: loss=0.813868 (76ms)
  step 300/390: loss=1.011603 (82ms)
Epoch 13/30: loss=0.799192 lr=0.100000 (33565ms)
  step 0/390: loss=0.722247 (76ms)
  step 1/390: loss=0.863577 (78ms)
  step 2/390: loss=0.743666 (86ms)
  step 100/390: loss=0.722221 (76ms)
  step 200/390: loss=0.715096 (81ms)
  step 300/390: loss=0.777949 (81ms)
Epoch 14/30: loss=0.764295 lr=0.100000 (33220ms)
  step 0/390: loss=0.755974 (82ms)
  step 1/390: loss=0.666770 (78ms)
  step 2/390: loss=0.718489 (81ms)
  step 100/390: loss=0.718422 (77ms)
  step 200/390: loss=0.736959 (76ms)
  step 300/390: loss=0.695016 (76ms)
Epoch 15/30: loss=0.713148 lr=0.100000 (33261ms)
  step 0/390: loss=0.551487 (74ms)
  step 1/390: loss=0.612863 (78ms)
  step 2/390: loss=0.567844 (76ms)
  step 100/390: loss=0.643252 (80ms)
  step 200/390: loss=0.873690 (76ms)
  step 300/390: loss=0.579577 (83ms)
Epoch 16/30: loss=0.688528 lr=0.100000 (33252ms)
  step 0/390: loss=0.703574 (75ms)
  step 1/390: loss=0.601740 (83ms)
  step 2/390: loss=0.728513 (80ms)
  step 100/390: loss=0.658860 (76ms)
  step 200/390: loss=0.691257 (77ms)
  step 300/390: loss=0.613924 (76ms)
Epoch 17/30: loss=0.663081 lr=0.100000 (33282ms)
  step 0/390: loss=0.611348 (80ms)
  step 1/390: loss=0.587823 (78ms)
  step 2/390: loss=0.463617 (80ms)
  step 100/390: loss=0.562485 (82ms)
  step 200/390: loss=0.695884 (79ms)
  step 300/390: loss=0.719994 (79ms)
Epoch 18/30: loss=0.640917 lr=0.100000 (33310ms)
  step 0/390: loss=0.550315 (77ms)
  step 1/390: loss=0.705159 (77ms)
  step 2/390: loss=0.524586 (76ms)
  step 100/390: loss=0.592970 (82ms)
  step 200/390: loss=0.583485 (80ms)
  step 300/390: loss=0.657067 (85ms)
Epoch 19/30: loss=0.608307 lr=0.100000 (33239ms)
  step 0/390: loss=0.586005 (80ms)
  step 1/390: loss=0.421271 (79ms)
  step 2/390: loss=0.436451 (82ms)
  step 100/390: loss=0.415449 (76ms)
  step 200/390: loss=0.732074 (75ms)
  step 300/390: loss=0.338077 (81ms)
Epoch 20/30: loss=0.584896 lr=0.100000 (33320ms)
  val accuracy (running BN): 6322/9984 = 63.321314%
  step 0/390: loss=0.424343 (81ms)
  step 1/390: loss=0.509518 (81ms)
  step 2/390: loss=0.552917 (83ms)
  step 100/390: loss=0.415866 (80ms)
  step 200/390: loss=0.547076 (81ms)
  step 300/390: loss=0.435776 (80ms)
Epoch 21/30: loss=0.556536 lr=0.100000 (33392ms)
  step 0/390: loss=0.497969 (75ms)
  step 1/390: loss=0.447289 (74ms)
  step 2/390: loss=0.548825 (74ms)
  step 100/390: loss=0.430085 (81ms)
  step 200/390: loss=0.608398 (74ms)
  step 300/390: loss=0.490941 (80ms)
Epoch 22/30: loss=0.524438 lr=0.100000 (33236ms)
  step 0/390: loss=0.520252 (74ms)
  step 1/390: loss=0.567242 (74ms)
  step 2/390: loss=0.684058 (75ms)
  step 100/390: loss=0.294005 (84ms)
  step 200/390: loss=0.578192 (74ms)
  step 300/390: loss=0.707870 (78ms)
Epoch 23/30: loss=0.524305 lr=0.100000 (33320ms)
  step 0/390: loss=0.357109 (80ms)
  step 1/390: loss=0.441661 (78ms)
  step 2/390: loss=0.389635 (78ms)
  step 100/390: loss=0.354949 (80ms)
  step 200/390: loss=0.472405 (82ms)
  step 300/390: loss=0.589591 (80ms)
Epoch 24/30: loss=0.507538 lr=0.100000 (33360ms)
  step 0/390: loss=0.300544 (80ms)
  step 1/390: loss=0.523017 (81ms)
  step 2/390: loss=0.372908 (81ms)
  step 100/390: loss=0.436344 (77ms)
  step 200/390: loss=0.611148 (75ms)
  step 300/390: loss=0.579789 (76ms)
Epoch 25/30: loss=0.505498 lr=0.100000 (33474ms)
  step 0/390: loss=0.549040 (81ms)
  step 1/390: loss=0.590917 (80ms)
  step 2/390: loss=0.544647 (81ms)
  step 100/390: loss=0.305338 (74ms)
  step 200/390: loss=0.312549 (76ms)
  step 300/390: loss=0.499514 (78ms)
Epoch 26/30: loss=0.478927 lr=0.100000 (33113ms)
  step 0/390: loss=0.538826 (81ms)
  step 1/390: loss=0.432324 (81ms)
  step 2/390: loss=0.557678 (81ms)
  step 100/390: loss=0.544702 (77ms)
  step 200/390: loss=0.412245 (76ms)
  step 300/390: loss=0.282504 (81ms)
Epoch 27/30: loss=0.445653 lr=0.100000 (33251ms)
  step 0/390: loss=0.454308 (74ms)
  step 1/390: loss=0.297589 (74ms)
  step 2/390: loss=0.358083 (74ms)
  step 100/390: loss=0.416428 (80ms)
  step 200/390: loss=0.362890 (79ms)
  step 300/390: loss=0.371923 (84ms)
Epoch 28/30: loss=0.424414 lr=0.100000 (33303ms)
  step 0/390: loss=0.316822 (78ms)
  step 1/390: loss=0.367201 (82ms)
  step 2/390: loss=0.364276 (79ms)
  step 100/390: loss=0.405397 (78ms)
  step 200/390: loss=0.326610 (81ms)
  step 300/390: loss=0.408025 (75ms)
Epoch 29/30: loss=0.419859 lr=0.100000 (33443ms)
  step 0/390: loss=0.303571 (79ms)
  step 1/390: loss=0.291515 (83ms)
  step 2/390: loss=0.591588 (79ms)
  step 100/390: loss=0.318895 (79ms)
  step 200/390: loss=0.434299 (77ms)
  step 300/390: loss=0.408750 (79ms)
Epoch 30/30: loss=0.419897 lr=0.100000 (33195ms)
  val accuracy (running BN): 6147/9984 = 61.568510%
Saved params + BN stats.
