Ablation: width-cifar-f32
  spec: CIFAR-BN-f32, optimizer: SGD
  lr: 0.002000, cosine: false, wd: 0.000000
  aug: false, label_smooth: 0.000000
CIFAR-BN-f32-width-cifar-f32: 2168554 params
Generating train step MLIR...
  49200 chars
Compiling vmfbs...
  forward compiled
  eval forward compiled
  train step compiled
  session loaded
  train: 50000 images (3072 floats/image)
  2168554 params + m + v (24 MB)
training: 390 batches/epoch, batch=128, Adam, lr=0.002000, cosine warmup=0, label_smooth=0.1, wd=0.000000
  BN layers: 4, BN stat floats: 384
  step 0/390: loss=2.940243 (87ms)
  step 1/390: loss=2.906948 (78ms)
  step 2/390: loss=2.628873 (79ms)
  step 100/390: loss=1.482429 (76ms)
  step 200/390: loss=1.295733 (73ms)
  step 300/390: loss=1.255780 (80ms)
Epoch 1/30: loss=1.449419 lr=0.002000 (31932ms)
  step 0/390: loss=1.083331 (74ms)
  step 1/390: loss=1.193470 (71ms)
  step 2/390: loss=1.077700 (70ms)
  step 100/390: loss=1.069558 (77ms)
  step 200/390: loss=1.033782 (73ms)
  step 300/390: loss=1.156649 (72ms)
Epoch 2/30: loss=1.066057 lr=0.002000 (31664ms)
  step 0/390: loss=0.906984 (75ms)
  step 1/390: loss=0.993239 (75ms)
  step 2/390: loss=0.830871 (80ms)
  step 100/390: loss=0.824484 (80ms)
  step 200/390: loss=0.983523 (75ms)
  step 300/390: loss=0.958747 (75ms)
Epoch 3/30: loss=0.903666 lr=0.002000 (31860ms)
  step 0/390: loss=0.916755 (80ms)
  step 1/390: loss=0.878912 (81ms)
  step 2/390: loss=0.691299 (74ms)
  step 100/390: loss=0.815372 (75ms)
  step 200/390: loss=0.843385 (80ms)
  step 300/390: loss=0.926337 (74ms)
Epoch 4/30: loss=0.798347 lr=0.002000 (32224ms)
  step 0/390: loss=0.659115 (80ms)
  step 1/390: loss=0.808167 (77ms)
  step 2/390: loss=0.683193 (75ms)
  step 100/390: loss=0.646049 (74ms)
  step 200/390: loss=0.642495 (76ms)
  step 300/390: loss=0.600864 (76ms)
Epoch 5/30: loss=0.708870 lr=0.002000 (32119ms)
  step 0/390: loss=0.689588 (76ms)
  step 1/390: loss=0.583356 (72ms)
  step 2/390: loss=0.624676 (71ms)
  step 100/390: loss=0.643646 (77ms)
  step 200/390: loss=0.701142 (71ms)
  step 300/390: loss=0.536070 (77ms)
Epoch 6/30: loss=0.631461 lr=0.002000 (31821ms)
  step 0/390: loss=0.577086 (83ms)
  step 1/390: loss=0.460486 (76ms)
  step 2/390: loss=0.545439 (74ms)
  step 100/390: loss=0.593912 (77ms)
  step 200/390: loss=0.455544 (76ms)
  step 300/390: loss=0.606576 (78ms)
Epoch 7/30: loss=0.565939 lr=0.002000 (31792ms)
  step 0/390: loss=0.445067 (79ms)
  step 1/390: loss=0.493059 (78ms)
  step 2/390: loss=0.357746 (76ms)
  step 100/390: loss=0.468093 (76ms)
  step 200/390: loss=0.502514 (78ms)
  step 300/390: loss=0.498610 (70ms)
Epoch 8/30: loss=0.503569 lr=0.002000 (31785ms)
  step 0/390: loss=0.368200 (76ms)
  step 1/390: loss=0.420048 (75ms)
  step 2/390: loss=0.422351 (71ms)
  step 100/390: loss=0.413612 (77ms)
  step 200/390: loss=0.411230 (80ms)
  step 300/390: loss=0.521914 (77ms)
Epoch 9/30: loss=0.446078 lr=0.002000 (32101ms)
  step 0/390: loss=0.335965 (78ms)
  step 1/390: loss=0.384348 (78ms)
  step 2/390: loss=0.301513 (83ms)
  step 100/390: loss=0.520264 (75ms)
  step 200/390: loss=0.564114 (74ms)
  step 300/390: loss=0.457092 (78ms)
Epoch 10/30: loss=0.388308 lr=0.002000 (31665ms)
  val accuracy (running BN): 6956/9984 = 69.671474%
  step 0/390: loss=0.318744 (75ms)
  step 1/390: loss=0.288583 (77ms)
  step 2/390: loss=0.362205 (80ms)
  step 100/390: loss=0.348282 (71ms)
  step 200/390: loss=0.339814 (77ms)
  step 300/390: loss=0.331551 (77ms)
Epoch 11/30: loss=0.334433 lr=0.002000 (31641ms)
  step 0/390: loss=0.291205 (74ms)
  step 1/390: loss=0.234989 (75ms)
  step 2/390: loss=0.250912 (72ms)
  step 100/390: loss=0.265525 (83ms)
  step 200/390: loss=0.251933 (74ms)
  step 300/390: loss=0.306189 (82ms)
Epoch 12/30: loss=0.282864 lr=0.002000 (31912ms)
  step 0/390: loss=0.216976 (82ms)
  step 1/390: loss=0.249145 (79ms)
  step 2/390: loss=0.195990 (79ms)
  step 100/390: loss=0.226312 (78ms)
  step 200/390: loss=0.184551 (76ms)
  step 300/390: loss=0.267707 (77ms)
Epoch 13/30: loss=0.241993 lr=0.002000 (31783ms)
  step 0/390: loss=0.181882 (78ms)
  step 1/390: loss=0.180183 (76ms)
  step 2/390: loss=0.190494 (75ms)
  step 100/390: loss=0.229483 (78ms)
  step 200/390: loss=0.171652 (77ms)
  step 300/390: loss=0.211235 (83ms)
Epoch 14/30: loss=0.201578 lr=0.002000 (31709ms)
  step 0/390: loss=0.141048 (75ms)
  step 1/390: loss=0.181677 (72ms)
  step 2/390: loss=0.125209 (76ms)
  step 100/390: loss=0.136601 (76ms)
  step 200/390: loss=0.175259 (78ms)
  step 300/390: loss=0.192847 (72ms)
Epoch 15/30: loss=0.164628 lr=0.002000 (31603ms)
  step 0/390: loss=0.103465 (78ms)
  step 1/390: loss=0.166324 (77ms)
  step 2/390: loss=0.137536 (76ms)
  step 100/390: loss=0.109154 (74ms)
  step 200/390: loss=0.110972 (77ms)
  step 300/390: loss=0.138629 (80ms)
Epoch 16/30: loss=0.130244 lr=0.002000 (32006ms)
  step 0/390: loss=0.083822 (77ms)
  step 1/390: loss=0.104311 (76ms)
  step 2/390: loss=0.128145 (75ms)
  step 100/390: loss=0.159290 (76ms)
  step 200/390: loss=0.092872 (77ms)
  step 300/390: loss=0.118528 (76ms)
Epoch 17/30: loss=0.104253 lr=0.002000 (31731ms)
  step 0/390: loss=0.084085 (74ms)
  step 1/390: loss=0.065429 (71ms)
  step 2/390: loss=0.064977 (73ms)
  step 100/390: loss=0.084956 (78ms)
  step 200/390: loss=0.084033 (80ms)
  step 300/390: loss=0.101570 (73ms)
Epoch 18/30: loss=0.081953 lr=0.002000 (31584ms)
  step 0/390: loss=0.084170 (75ms)
  step 1/390: loss=0.070796 (80ms)
  step 2/390: loss=0.083716 (77ms)
  step 100/390: loss=0.091463 (76ms)
  step 200/390: loss=0.041907 (69ms)
  step 300/390: loss=0.057305 (77ms)
Epoch 19/30: loss=0.063605 lr=0.002000 (31769ms)
  step 0/390: loss=0.075010 (75ms)
  step 1/390: loss=0.047473 (78ms)
  step 2/390: loss=0.030750 (76ms)
  step 100/390: loss=0.039947 (82ms)
  step 200/390: loss=0.047691 (79ms)
  step 300/390: loss=0.042397 (80ms)
Epoch 20/30: loss=0.051461 lr=0.002000 (31675ms)
  val accuracy (running BN): 7331/9984 = 73.427484%
  step 0/390: loss=0.034170 (76ms)
  step 1/390: loss=0.025219 (76ms)
  step 2/390: loss=0.038116 (75ms)
  step 100/390: loss=0.024057 (80ms)
  step 200/390: loss=0.024397 (75ms)
  step 300/390: loss=0.037370 (74ms)
Epoch 21/30: loss=0.041354 lr=0.002000 (31921ms)
  step 0/390: loss=0.029264 (79ms)
  step 1/390: loss=0.041668 (74ms)
  step 2/390: loss=0.037792 (75ms)
  step 100/390: loss=0.031268 (78ms)
  step 200/390: loss=0.051605 (77ms)
  step 300/390: loss=0.032199 (75ms)
Epoch 22/30: loss=0.033778 lr=0.002000 (31880ms)
  step 0/390: loss=0.029343 (81ms)
  step 1/390: loss=0.028772 (77ms)
  step 2/390: loss=0.043086 (77ms)
  step 100/390: loss=0.020927 (71ms)
  step 200/390: loss=0.029469 (80ms)
  step 300/390: loss=0.025284 (80ms)
Epoch 23/30: loss=0.027023 lr=0.002000 (31604ms)
  step 0/390: loss=0.022477 (75ms)
  step 1/390: loss=0.023180 (74ms)
  step 2/390: loss=0.026051 (74ms)
  step 100/390: loss=0.019415 (77ms)
  step 200/390: loss=0.019084 (81ms)
  step 300/390: loss=0.025593 (76ms)
Epoch 24/30: loss=0.022405 lr=0.002000 (31507ms)
  step 0/390: loss=0.017166 (78ms)
  step 1/390: loss=0.025176 (74ms)
  step 2/390: loss=0.023404 (74ms)
  step 100/390: loss=0.023732 (78ms)
  step 200/390: loss=0.025340 (75ms)
  step 300/390: loss=0.016552 (77ms)
Epoch 25/30: loss=0.020113 lr=0.002000 (31735ms)
  step 0/390: loss=0.022882 (76ms)
  step 1/390: loss=0.018101 (74ms)
  step 2/390: loss=0.022468 (74ms)
  step 100/390: loss=0.015051 (75ms)
  step 200/390: loss=0.015243 (77ms)
  step 300/390: loss=0.025026 (76ms)
Epoch 26/30: loss=0.017340 lr=0.002000 (31837ms)
  step 0/390: loss=0.013455 (80ms)
  step 1/390: loss=0.011669 (76ms)
  step 2/390: loss=0.012882 (75ms)
  step 100/390: loss=0.022676 (80ms)
  step 200/390: loss=0.014192 (76ms)
  step 300/390: loss=0.010314 (73ms)
Epoch 27/30: loss=0.014989 lr=0.002000 (31872ms)
  step 0/390: loss=0.010387 (77ms)
  step 1/390: loss=0.013485 (77ms)
  step 2/390: loss=0.014187 (75ms)
  step 100/390: loss=0.012715 (82ms)
  step 200/390: loss=0.009227 (72ms)
  step 300/390: loss=0.022091 (74ms)
Epoch 28/30: loss=0.013563 lr=0.002000 (32032ms)
  step 0/390: loss=0.013837 (75ms)
  step 1/390: loss=0.008761 (74ms)
  step 2/390: loss=0.013290 (75ms)
  step 100/390: loss=0.011392 (71ms)
  step 200/390: loss=0.011501 (80ms)
  step 300/390: loss=0.008370 (78ms)
Epoch 29/30: loss=0.011919 lr=0.002000 (31659ms)
  step 0/390: loss=0.008985 (78ms)
  step 1/390: loss=0.014585 (77ms)
  step 2/390: loss=0.011248 (78ms)
  step 100/390: loss=0.011044 (81ms)
  step 200/390: loss=0.013235 (73ms)
  step 300/390: loss=0.011160 (78ms)
Epoch 30/30: loss=0.010735 lr=0.002000 (31618ms)
  val accuracy (running BN): 7366/9984 = 73.778045%
Saved params + BN stats.
