Ablation: mlp-sgd
  spec: MNIST-MLP, optimizer: SGD
  lr: 0.100000, cosine: false, wd: 0.000000
  aug: false, label_smooth: 0.000000
MNIST-MLP-mlp-sgd: 669706 params
Generating train step MLIR...
  10375 chars
Compiling vmfbs...
  forward compiled
  eval forward compiled
  train step compiled
  session loaded
  train: 60000 images (784 floats/image)
  669706 params + m + v (7 MB)
training: 468 batches/epoch, batch=128, Adam, lr=0.100000, cosine warmup=0, label_smooth=0.1, wd=0.000000
  BN layers: 0, BN stat floats: 0
  step 0/468: loss=2.437782 (34ms)
  step 1/468: loss=2.191220 (18ms)
  step 2/468: loss=2.048767 (18ms)
  step 100/468: loss=0.240384 (18ms)
  step 200/468: loss=0.120169 (18ms)
  step 300/468: loss=0.115875 (18ms)
  step 400/468: loss=0.235131 (19ms)
Epoch 1/12: loss=0.218235 lr=0.100000 (9417ms)
  step 0/468: loss=0.182253 (22ms)
  step 1/468: loss=0.028871 (19ms)
  step 2/468: loss=0.053815 (19ms)
  step 100/468: loss=0.067183 (17ms)
  step 200/468: loss=0.060804 (17ms)
  step 300/468: loss=0.092233 (16ms)
  step 400/468: loss=0.063066 (18ms)
Epoch 2/12: loss=0.082146 lr=0.100000 (9269ms)
  step 0/468: loss=0.026106 (18ms)
  step 1/468: loss=0.064328 (16ms)
  step 2/468: loss=0.072306 (20ms)
  step 100/468: loss=0.049000 (17ms)
  step 200/468: loss=0.050695 (17ms)
  step 300/468: loss=0.029147 (18ms)
  step 400/468: loss=0.085518 (20ms)
Epoch 3/12: loss=0.050954 lr=0.100000 (9280ms)
  step 0/468: loss=0.070391 (23ms)
  step 1/468: loss=0.023943 (19ms)
  step 2/468: loss=0.036428 (17ms)
  step 100/468: loss=0.047022 (17ms)
  step 200/468: loss=0.011271 (17ms)
  step 300/468: loss=0.052023 (18ms)
  step 400/468: loss=0.044957 (17ms)
Epoch 4/12: loss=0.035614 lr=0.100000 (9171ms)
  step 0/468: loss=0.006334 (18ms)
  step 1/468: loss=0.043044 (16ms)
  step 2/468: loss=0.034560 (19ms)
  step 100/468: loss=0.045279 (18ms)
  step 200/468: loss=0.004139 (20ms)
  step 300/468: loss=0.012165 (16ms)
  step 400/468: loss=0.058034 (15ms)
Epoch 5/12: loss=0.025503 lr=0.100000 (9119ms)
  step 0/468: loss=0.008574 (21ms)
  step 1/468: loss=0.021220 (18ms)
  step 2/468: loss=0.035774 (17ms)
  step 100/468: loss=0.031603 (16ms)
  step 200/468: loss=0.002536 (18ms)
  step 300/468: loss=0.006997 (16ms)
  step 400/468: loss=0.059553 (18ms)
Epoch 6/12: loss=0.017866 lr=0.100000 (9118ms)
  step 0/468: loss=0.008611 (22ms)
  step 1/468: loss=0.005557 (16ms)
  step 2/468: loss=0.003296 (16ms)
  step 100/468: loss=0.003382 (17ms)
  step 200/468: loss=0.004066 (20ms)
  step 300/468: loss=0.019699 (17ms)
  step 400/468: loss=0.022175 (17ms)
Epoch 7/12: loss=0.011806 lr=0.100000 (9153ms)
  step 0/468: loss=0.016537 (19ms)
  step 1/468: loss=0.001613 (15ms)
  step 2/468: loss=0.011759 (17ms)
  step 100/468: loss=0.008735 (18ms)
  step 200/468: loss=0.001149 (21ms)
  step 300/468: loss=0.002337 (16ms)
  step 400/468: loss=0.009653 (18ms)
Epoch 8/12: loss=0.009618 lr=0.100000 (9169ms)
  step 0/468: loss=0.000542 (22ms)
  step 1/468: loss=0.005261 (17ms)
  step 2/468: loss=0.001515 (18ms)
  step 100/468: loss=0.001938 (18ms)
  step 200/468: loss=0.000200 (18ms)
  step 300/468: loss=0.000608 (18ms)
  step 400/468: loss=0.001448 (18ms)
Epoch 9/12: loss=0.005895 lr=0.100000 (9250ms)
  step 0/468: loss=0.019211 (22ms)
  step 1/468: loss=0.001142 (16ms)
  step 2/468: loss=0.000682 (18ms)
  step 100/468: loss=0.000880 (18ms)
  step 200/468: loss=0.000670 (18ms)
  step 300/468: loss=0.000270 (18ms)
  step 400/468: loss=0.008721 (18ms)
Epoch 10/12: loss=0.003566 lr=0.100000 (9262ms)
  val accuracy (running BN): 9795/9984 = 98.106971%
  step 0/468: loss=0.000784 (21ms)
  step 1/468: loss=0.000749 (18ms)
  step 2/468: loss=0.002084 (20ms)
  step 100/468: loss=0.001313 (20ms)
  step 200/468: loss=0.000327 (19ms)
  step 300/468: loss=0.001258 (16ms)
  step 400/468: loss=0.000174 (19ms)
Epoch 11/12: loss=0.002229 lr=0.100000 (9114ms)
  step 0/468: loss=0.001070 (19ms)
  step 1/468: loss=0.000547 (20ms)
  step 2/468: loss=0.000762 (18ms)
  step 100/468: loss=0.000200 (16ms)
  step 200/468: loss=0.000107 (18ms)
  step 300/468: loss=0.000226 (19ms)
  step 400/468: loss=0.000245 (16ms)
Epoch 12/12: loss=0.000999 lr=0.100000 (9093ms)
  val accuracy (running BN): 9841/9984 = 98.567708%
Saved params + BN stats.
