Ablation: width-h128
  spec: MNIST-H128, optimizer: SGD
  lr: 0.002000, cosine: false, wd: 0.000000
  aug: false, label_smooth: 0.000000
MNIST-H128-width-h128: 101770 params
Generating train step MLIR...
  7789 chars
Compiling vmfbs...
  forward compiled
  eval forward compiled
  train step compiled
  session loaded
  train: 60000 images (784 floats/image)
  101770 params + m + v (1 MB)
training: 468 batches/epoch, batch=128, Adam, lr=0.002000, cosine warmup=0, label_smooth=0.1, wd=0.000000
  BN layers: 0, BN stat floats: 0
  step 0/468: loss=2.467993 (18ms)
  step 1/468: loss=2.396739 (5ms)
  step 2/468: loss=2.313861 (5ms)
  step 100/468: loss=1.184827 (6ms)
  step 200/468: loss=0.734432 (6ms)
  step 300/468: loss=0.573441 (6ms)
  step 400/468: loss=0.653411 (6ms)
Epoch 1/15: loss=0.897973 lr=0.002000 (2617ms)
  step 0/468: loss=0.457935 (7ms)
  step 1/468: loss=0.405722 (5ms)
  step 2/468: loss=0.325896 (6ms)
  step 100/468: loss=0.466913 (6ms)
  step 200/468: loss=0.431797 (5ms)
  step 300/468: loss=0.503083 (4ms)
  step 400/468: loss=0.382191 (6ms)
Epoch 2/15: loss=0.415846 lr=0.002000 (2584ms)
  step 0/468: loss=0.346105 (6ms)
  step 1/468: loss=0.366141 (7ms)
  step 2/468: loss=0.519383 (6ms)
  step 100/468: loss=0.444438 (5ms)
  step 200/468: loss=0.347175 (5ms)
  step 300/468: loss=0.333386 (5ms)
  step 400/468: loss=0.328435 (6ms)
Epoch 3/15: loss=0.350623 lr=0.002000 (2610ms)
  step 0/468: loss=0.364362 (5ms)
  step 1/468: loss=0.233240 (5ms)
  step 2/468: loss=0.289751 (7ms)
  step 100/468: loss=0.301675 (5ms)
  step 200/468: loss=0.205231 (5ms)
  step 300/468: loss=0.415806 (5ms)
  step 400/468: loss=0.300598 (5ms)
Epoch 4/15: loss=0.317474 lr=0.002000 (2596ms)
  step 0/468: loss=0.236991 (6ms)
  step 1/468: loss=0.393870 (5ms)
  step 2/468: loss=0.320131 (5ms)
  step 100/468: loss=0.302992 (5ms)
  step 200/468: loss=0.282385 (6ms)
  step 300/468: loss=0.257710 (5ms)
  step 400/468: loss=0.291975 (5ms)
Epoch 5/15: loss=0.294784 lr=0.002000 (2571ms)
  step 0/468: loss=0.222485 (5ms)
  step 1/468: loss=0.278150 (5ms)
  step 2/468: loss=0.394589 (8ms)
  step 100/468: loss=0.264737 (5ms)
  step 200/468: loss=0.275373 (5ms)
  step 300/468: loss=0.183732 (5ms)
  step 400/468: loss=0.395783 (6ms)
Epoch 6/15: loss=0.277557 lr=0.002000 (2586ms)
  step 0/468: loss=0.296593 (5ms)
  step 1/468: loss=0.272954 (5ms)
  step 2/468: loss=0.164849 (5ms)
  step 100/468: loss=0.371050 (6ms)
  step 200/468: loss=0.231820 (5ms)
  step 300/468: loss=0.247986 (6ms)
  step 400/468: loss=0.301844 (7ms)
Epoch 7/15: loss=0.262664 lr=0.002000 (2582ms)
  step 0/468: loss=0.217442 (6ms)
  step 1/468: loss=0.305013 (6ms)
  step 2/468: loss=0.166034 (5ms)
  step 100/468: loss=0.184772 (5ms)
  step 200/468: loss=0.205267 (5ms)
  step 300/468: loss=0.262565 (6ms)
  step 400/468: loss=0.255733 (5ms)
Epoch 8/15: loss=0.250212 lr=0.002000 (2584ms)
  step 0/468: loss=0.348367 (6ms)
  step 1/468: loss=0.327562 (7ms)
  step 2/468: loss=0.164804 (5ms)
  step 100/468: loss=0.224807 (6ms)
  step 200/468: loss=0.253828 (6ms)
  step 300/468: loss=0.258673 (6ms)
  step 400/468: loss=0.271082 (6ms)
Epoch 9/15: loss=0.238906 lr=0.002000 (2610ms)
  step 0/468: loss=0.280252 (7ms)
  step 1/468: loss=0.233836 (5ms)
  step 2/468: loss=0.359121 (6ms)
  step 100/468: loss=0.160281 (6ms)
  step 200/468: loss=0.190555 (5ms)
  step 300/468: loss=0.251146 (6ms)
  step 400/468: loss=0.212517 (6ms)
Epoch 10/15: loss=0.228852 lr=0.002000 (2603ms)
  val accuracy (running BN): 9368/9984 = 93.830128%
  step 0/468: loss=0.171556 (7ms)
  step 1/468: loss=0.151402 (6ms)
  step 2/468: loss=0.165784 (5ms)
  step 100/468: loss=0.182345 (5ms)
  step 200/468: loss=0.281224 (5ms)
  step 300/468: loss=0.379564 (5ms)
  step 400/468: loss=0.163031 (5ms)
Epoch 11/15: loss=0.219406 lr=0.002000 (2554ms)
  step 0/468: loss=0.302282 (7ms)
  step 1/468: loss=0.304806 (5ms)
  step 2/468: loss=0.195476 (5ms)
  step 100/468: loss=0.141972 (5ms)
  step 200/468: loss=0.137359 (6ms)
  step 300/468: loss=0.153386 (6ms)
  step 400/468: loss=0.157812 (7ms)
Epoch 12/15: loss=0.211291 lr=0.002000 (2567ms)
  step 0/468: loss=0.265100 (6ms)
  step 1/468: loss=0.207665 (5ms)
  step 2/468: loss=0.199414 (6ms)
  step 100/468: loss=0.248903 (6ms)
  step 200/468: loss=0.205514 (5ms)
  step 300/468: loss=0.184770 (6ms)
  step 400/468: loss=0.254813 (6ms)
Epoch 13/15: loss=0.203251 lr=0.002000 (2554ms)
  step 0/468: loss=0.259652 (6ms)
  step 1/468: loss=0.133695 (5ms)
  step 2/468: loss=0.137909 (5ms)
  step 100/468: loss=0.244228 (6ms)
  step 200/468: loss=0.189152 (5ms)
  step 300/468: loss=0.199494 (6ms)
  step 400/468: loss=0.165202 (5ms)
Epoch 14/15: loss=0.196444 lr=0.002000 (2584ms)
  step 0/468: loss=0.221262 (7ms)
  step 1/468: loss=0.201966 (6ms)
  step 2/468: loss=0.178821 (5ms)
  step 100/468: loss=0.237790 (5ms)
  step 200/468: loss=0.256822 (4ms)
  step 300/468: loss=0.268593 (5ms)
  step 400/468: loss=0.175865 (5ms)
Epoch 15/15: loss=0.189687 lr=0.002000 (2599ms)
  val accuracy (running BN): 9457/9984 = 94.721554%
Saved params + BN stats.
