Ablation: cnn-nobn-adam
  spec: MNIST-CNN-noBN, optimizer: Adam
  lr: 0.001000, cosine: false, wd: 0.000000
  aug: false, label_smooth: 0.000000
MNIST-CNN-noBN-cnn-nobn-adam: 3489130 params
Generating train step MLIR...
  35253 chars
Compiling vmfbs...
  forward compiled
  eval forward compiled
  train step compiled
  session loaded
  train: 60000 images (784 floats/image)
  3489130 params + m + v (39 MB)
training: 468 batches/epoch, batch=128, Adam, lr=0.001000, cosine warmup=0, label_smooth=0.1, wd=0.000000
  BN layers: 0, BN stat floats: 0
  step 0/468: loss=2.404576 (95ms)
  step 1/468: loss=2.543394 (79ms)
  step 2/468: loss=1.954830 (77ms)
  step 100/468: loss=0.069798 (76ms)
  step 200/468: loss=0.043813 (78ms)
  step 300/468: loss=0.053732 (79ms)
  step 400/468: loss=0.126117 (78ms)
Epoch 1/15: loss=0.123158 lr=0.001000 (39300ms)
  step 0/468: loss=0.065430 (81ms)
  step 1/468: loss=0.014640 (74ms)
  step 2/468: loss=0.009280 (73ms)
  step 100/468: loss=0.014858 (77ms)
  step 200/468: loss=0.043312 (79ms)
  step 300/468: loss=0.011025 (79ms)
  step 400/468: loss=0.017163 (73ms)
Epoch 2/15: loss=0.033286 lr=0.001000 (39094ms)
  step 0/468: loss=0.004212 (75ms)
  step 1/468: loss=0.045090 (78ms)
  step 2/468: loss=0.010376 (76ms)
  step 100/468: loss=0.026322 (78ms)
  step 200/468: loss=0.008296 (77ms)
  step 300/468: loss=0.007146 (77ms)
  step 400/468: loss=0.063022 (77ms)
Epoch 3/15: loss=0.020121 lr=0.001000 (39428ms)
  step 0/468: loss=0.042650 (76ms)
  step 1/468: loss=0.001514 (77ms)
  step 2/468: loss=0.005727 (74ms)
  step 100/468: loss=0.005915 (82ms)
  step 200/468: loss=0.000378 (72ms)
  step 300/468: loss=0.016283 (73ms)
  step 400/468: loss=0.016397 (81ms)
Epoch 4/15: loss=0.015143 lr=0.001000 (39389ms)
  step 0/468: loss=0.007803 (79ms)
  step 1/468: loss=0.032640 (78ms)
  step 2/468: loss=0.005584 (81ms)
  step 100/468: loss=0.002825 (77ms)
  step 200/468: loss=0.002149 (77ms)
  step 300/468: loss=0.000883 (73ms)
  step 400/468: loss=0.006324 (78ms)
Epoch 5/15: loss=0.012558 lr=0.001000 (39417ms)
  step 0/468: loss=0.002241 (72ms)
  step 1/468: loss=0.000429 (77ms)
  step 2/468: loss=0.016126 (77ms)
  step 100/468: loss=0.002632 (74ms)
  step 200/468: loss=0.006988 (78ms)
  step 300/468: loss=0.001824 (76ms)
  step 400/468: loss=0.035356 (76ms)
Epoch 6/15: loss=0.009749 lr=0.001000 (39241ms)
  step 0/468: loss=0.000149 (79ms)
  step 1/468: loss=0.000477 (76ms)
  step 2/468: loss=0.001303 (76ms)
  step 100/468: loss=0.000460 (80ms)
  step 200/468: loss=0.000984 (72ms)
  step 300/468: loss=0.005268 (74ms)
  step 400/468: loss=0.004804 (84ms)
Epoch 7/15: loss=0.009129 lr=0.001000 (39449ms)
  step 0/468: loss=0.000275 (76ms)
  step 1/468: loss=0.000268 (79ms)
  step 2/468: loss=0.000115 (75ms)
  step 100/468: loss=0.000361 (72ms)
  step 200/468: loss=0.000366 (75ms)
  step 300/468: loss=0.007746 (78ms)
  step 400/468: loss=0.000230 (72ms)
Epoch 8/15: loss=0.005254 lr=0.001000 (39204ms)
  step 0/468: loss=0.000941 (73ms)
  step 1/468: loss=0.002665 (77ms)
  step 2/468: loss=0.000316 (78ms)
  step 100/468: loss=0.000163 (73ms)
  step 200/468: loss=0.004817 (73ms)
  step 300/468: loss=0.013706 (83ms)
  step 400/468: loss=0.029392 (74ms)
Epoch 9/15: loss=0.005862 lr=0.001000 (38892ms)
  step 0/468: loss=0.030662 (74ms)
  step 1/468: loss=0.000103 (73ms)
  step 2/468: loss=0.000538 (73ms)
  step 100/468: loss=0.000480 (78ms)
  step 200/468: loss=0.004720 (75ms)
  step 300/468: loss=0.027567 (73ms)
  step 400/468: loss=0.025061 (77ms)
Epoch 10/15: loss=0.007928 lr=0.001000 (39023ms)
  val accuracy (running BN): 9867/9984 = 98.828125%
  step 0/468: loss=0.000061 (73ms)
  step 1/468: loss=0.000013 (74ms)
  step 2/468: loss=0.009848 (77ms)
  step 100/468: loss=0.000189 (73ms)
  step 200/468: loss=0.002694 (83ms)
  step 300/468: loss=0.024387 (79ms)
  step 400/468: loss=0.000240 (79ms)
Epoch 11/15: loss=0.005623 lr=0.001000 (39362ms)
  step 0/468: loss=0.000201 (82ms)
  step 1/468: loss=0.001161 (76ms)
  step 2/468: loss=0.001007 (78ms)
  step 100/468: loss=0.000660 (79ms)
  step 200/468: loss=0.028164 (78ms)
  step 300/468: loss=0.012281 (79ms)
  step 400/468: loss=0.002062 (74ms)
Epoch 12/15: loss=0.007567 lr=0.001000 (39566ms)
  step 0/468: loss=0.001134 (79ms)
  step 1/468: loss=0.000038 (74ms)
  step 2/468: loss=0.000284 (71ms)
  step 100/468: loss=0.001740 (76ms)
  step 200/468: loss=0.001831 (74ms)
  step 300/468: loss=0.000004 (71ms)
  step 400/468: loss=0.000013 (78ms)
Epoch 13/15: loss=0.003509 lr=0.001000 (39099ms)
  step 0/468: loss=0.000063 (75ms)
  step 1/468: loss=0.000225 (76ms)
  step 2/468: loss=0.000036 (77ms)
  step 100/468: loss=0.017637 (71ms)
  step 200/468: loss=0.000339 (73ms)
  step 300/468: loss=0.000019 (76ms)
  step 400/468: loss=0.002088 (78ms)
Epoch 14/15: loss=0.002511 lr=0.001000 (39157ms)
  step 0/468: loss=0.000026 (75ms)
  step 1/468: loss=0.000151 (71ms)
  step 2/468: loss=0.000025 (71ms)
  step 100/468: loss=0.000409 (76ms)
  step 200/468: loss=0.002298 (74ms)
  step 300/468: loss=0.000017 (78ms)
  step 400/468: loss=0.000010 (72ms)
Epoch 15/15: loss=0.003026 lr=0.001000 (39269ms)
  val accuracy (running BN): 9884/9984 = 98.998397%
Saved params + BN stats.
