Ablation: cifar-lite-nobn-sgd002
  spec: CIFAR-Lite-noBN, optimizer: SGD
  lr: 0.002000, cosine: false, wd: 0.000000
  aug: false, label_smooth: 0.000000
CIFAR-Lite-noBN-cifar-lite-nobn-sgd002: 261450 params
Generating train step MLIR...
  28541 chars
Compiling vmfbs...
  forward compiled
  eval forward compiled
  train step compiled
  session loaded
  train: 50000 images (3072 floats/image)
  261450 params + m + v (2 MB)
training: 390 batches/epoch, batch=128, Adam, lr=0.002000, cosine warmup=0, label_smooth=0.1, wd=0.000000
  BN layers: 0, BN stat floats: 0
  step 0/390: loss=2.607699 (100ms)
  step 1/390: loss=2.476223 (86ms)
  step 2/390: loss=2.397477 (84ms)
  step 100/390: loss=2.061157 (81ms)
  step 200/390: loss=1.999966 (77ms)
  step 300/390: loss=1.990741 (75ms)
Epoch 1/30: loss=2.027611 lr=0.002000 (31215ms)
  step 0/390: loss=1.837377 (89ms)
  step 1/390: loss=1.938632 (80ms)
  step 2/390: loss=1.868961 (81ms)
  step 100/390: loss=1.821419 (77ms)
  step 200/390: loss=1.853208 (80ms)
  step 300/390: loss=1.747716 (76ms)
Epoch 2/30: loss=1.800687 lr=0.002000 (31569ms)
  step 0/390: loss=1.694925 (88ms)
  step 1/390: loss=1.751191 (79ms)
  step 2/390: loss=1.715896 (79ms)
  step 100/390: loss=1.670044 (80ms)
  step 200/390: loss=1.685197 (76ms)
  step 300/390: loss=1.635333 (81ms)
Epoch 3/30: loss=1.684318 lr=0.002000 (31479ms)
  step 0/390: loss=1.675263 (89ms)
  step 1/390: loss=1.587689 (83ms)
  step 2/390: loss=1.474018 (79ms)
  step 100/390: loss=1.686990 (80ms)
  step 200/390: loss=1.559088 (81ms)
  step 300/390: loss=1.531213 (76ms)
Epoch 4/30: loss=1.605163 lr=0.002000 (31586ms)
  step 0/390: loss=1.543189 (89ms)
  step 1/390: loss=1.558090 (79ms)
  step 2/390: loss=1.647873 (84ms)
  step 100/390: loss=1.489236 (76ms)
  step 200/390: loss=1.471334 (78ms)
  step 300/390: loss=1.430803 (81ms)
Epoch 5/30: loss=1.529633 lr=0.002000 (31644ms)
  step 0/390: loss=1.596899 (89ms)
  step 1/390: loss=1.447366 (81ms)
  step 2/390: loss=1.547343 (82ms)
  step 100/390: loss=1.382909 (80ms)
  step 200/390: loss=1.530951 (76ms)
  step 300/390: loss=1.513969 (79ms)
Epoch 6/30: loss=1.470309 lr=0.002000 (31500ms)
  step 0/390: loss=1.396612 (90ms)
  step 1/390: loss=1.502197 (81ms)
  step 2/390: loss=1.461573 (79ms)
  step 100/390: loss=1.328066 (80ms)
  step 200/390: loss=1.468087 (79ms)
  step 300/390: loss=1.423502 (80ms)
Epoch 7/30: loss=1.418776 lr=0.002000 (31794ms)
  step 0/390: loss=1.436641 (85ms)
  step 1/390: loss=1.399137 (78ms)
  step 2/390: loss=1.283645 (78ms)
  step 100/390: loss=1.276606 (78ms)
  step 200/390: loss=1.514692 (76ms)
  step 300/390: loss=1.408657 (79ms)
Epoch 8/30: loss=1.380451 lr=0.002000 (31517ms)
  step 0/390: loss=1.284574 (91ms)
  step 1/390: loss=1.326055 (82ms)
  step 2/390: loss=1.410056 (82ms)
  step 100/390: loss=1.301083 (79ms)
  step 200/390: loss=1.421641 (80ms)
  step 300/390: loss=1.372044 (79ms)
Epoch 9/30: loss=1.349274 lr=0.002000 (31522ms)
  step 0/390: loss=1.403167 (87ms)
  step 1/390: loss=1.384805 (79ms)
  step 2/390: loss=1.348945 (82ms)
  step 100/390: loss=1.304520 (78ms)
  step 200/390: loss=1.555364 (80ms)
  step 300/390: loss=1.368528 (78ms)
Epoch 10/30: loss=1.307400 lr=0.002000 (31392ms)
  val accuracy (running BN): 5183/9984 = 51.913061%
  step 0/390: loss=1.312732 (97ms)
  step 1/390: loss=1.291610 (83ms)
  step 2/390: loss=1.361315 (81ms)
  step 100/390: loss=1.273423 (76ms)
  step 200/390: loss=1.121749 (81ms)
  step 300/390: loss=1.241262 (81ms)
Epoch 11/30: loss=1.273019 lr=0.002000 (31495ms)
  step 0/390: loss=1.187287 (91ms)
  step 1/390: loss=1.159933 (82ms)
  step 2/390: loss=1.180223 (81ms)
  step 100/390: loss=1.321542 (80ms)
  step 200/390: loss=1.337598 (80ms)
  step 300/390: loss=1.204060 (79ms)
Epoch 12/30: loss=1.252675 lr=0.002000 (31603ms)
  step 0/390: loss=1.245655 (91ms)
  step 1/390: loss=1.343852 (83ms)
  step 2/390: loss=1.059597 (80ms)
  step 100/390: loss=1.144058 (83ms)
  step 200/390: loss=1.229545 (79ms)
  step 300/390: loss=1.353059 (80ms)
Epoch 13/30: loss=1.230102 lr=0.002000 (31465ms)
  step 0/390: loss=1.246086 (88ms)
  step 1/390: loss=1.180071 (79ms)
  step 2/390: loss=1.122390 (80ms)
  step 100/390: loss=1.160347 (80ms)
  step 200/390: loss=1.096925 (79ms)
  step 300/390: loss=1.112028 (81ms)
Epoch 14/30: loss=1.197133 lr=0.002000 (31616ms)
  step 0/390: loss=1.109387 (89ms)
  step 1/390: loss=1.143845 (80ms)
  step 2/390: loss=1.192450 (79ms)
  step 100/390: loss=1.199434 (80ms)
  step 200/390: loss=1.109672 (80ms)
  step 300/390: loss=1.122270 (81ms)
Epoch 15/30: loss=1.165073 lr=0.002000 (31569ms)
  step 0/390: loss=0.977314 (87ms)
  step 1/390: loss=1.004954 (81ms)
  step 2/390: loss=1.182413 (81ms)
  step 100/390: loss=1.202212 (79ms)
  step 200/390: loss=1.227267 (79ms)
  step 300/390: loss=1.161381 (78ms)
Epoch 16/30: loss=1.147874 lr=0.002000 (31397ms)
  step 0/390: loss=1.065335 (96ms)
  step 1/390: loss=1.181566 (86ms)
  step 2/390: loss=1.326326 (81ms)
  step 100/390: loss=1.235062 (80ms)
  step 200/390: loss=1.099782 (81ms)
  step 300/390: loss=1.106265 (76ms)
Epoch 17/30: loss=1.118378 lr=0.002000 (31378ms)
  step 0/390: loss=1.145525 (90ms)
  step 1/390: loss=1.042421 (83ms)
  step 2/390: loss=0.956013 (81ms)
  step 100/390: loss=1.109882 (80ms)
  step 200/390: loss=0.996820 (80ms)
  step 300/390: loss=1.123268 (77ms)
Epoch 18/30: loss=1.108607 lr=0.002000 (31424ms)
  step 0/390: loss=1.199376 (87ms)
  step 1/390: loss=1.121458 (78ms)
  step 2/390: loss=1.210372 (78ms)
  step 100/390: loss=1.015476 (78ms)
  step 200/390: loss=1.069560 (81ms)
  step 300/390: loss=1.091308 (81ms)
Epoch 19/30: loss=1.080872 lr=0.002000 (31426ms)
  step 0/390: loss=1.055925 (90ms)
  step 1/390: loss=1.048928 (82ms)
  step 2/390: loss=1.000077 (81ms)
  step 100/390: loss=1.125250 (79ms)
  step 200/390: loss=1.089548 (77ms)
  step 300/390: loss=1.050309 (76ms)
Epoch 20/30: loss=1.061866 lr=0.002000 (31561ms)
  val accuracy (running BN): 6338/9984 = 63.481571%
  step 0/390: loss=0.974681 (95ms)
  step 1/390: loss=0.998502 (87ms)
  step 2/390: loss=1.180602 (85ms)
  step 100/390: loss=0.937950 (79ms)
  step 200/390: loss=0.922631 (80ms)
  step 300/390: loss=0.950866 (76ms)
Epoch 21/30: loss=1.035303 lr=0.002000 (31375ms)
  step 0/390: loss=0.858094 (90ms)
  step 1/390: loss=1.116778 (82ms)
  step 2/390: loss=1.119019 (83ms)
  step 100/390: loss=1.214365 (79ms)
  step 200/390: loss=1.135550 (81ms)
  step 300/390: loss=0.936890 (79ms)
Epoch 22/30: loss=1.028671 lr=0.002000 (31502ms)
  step 0/390: loss=1.029808 (90ms)
  step 1/390: loss=1.145668 (81ms)
  step 2/390: loss=0.960948 (81ms)
  step 100/390: loss=0.888698 (77ms)
  step 200/390: loss=1.211901 (78ms)
  step 300/390: loss=1.067909 (80ms)
Epoch 23/30: loss=1.007759 lr=0.002000 (31362ms)
  step 0/390: loss=1.029075 (89ms)
  step 1/390: loss=0.868005 (81ms)
  step 2/390: loss=0.954094 (81ms)
  step 100/390: loss=0.977874 (80ms)
  step 200/390: loss=0.944040 (81ms)
  step 300/390: loss=1.093958 (79ms)
Epoch 24/30: loss=0.984863 lr=0.002000 (31431ms)
  step 0/390: loss=0.885043 (90ms)
  step 1/390: loss=0.944070 (82ms)
  step 2/390: loss=0.933787 (80ms)
  step 100/390: loss=1.039230 (81ms)
  step 200/390: loss=0.900734 (78ms)
  step 300/390: loss=0.896484 (79ms)
Epoch 25/30: loss=0.971027 lr=0.002000 (31441ms)
  step 0/390: loss=1.145439 (86ms)
  step 1/390: loss=1.004955 (78ms)
  step 2/390: loss=0.935190 (77ms)
  step 100/390: loss=0.875555 (79ms)
  step 200/390: loss=0.940331 (80ms)
  step 300/390: loss=0.884544 (78ms)
Epoch 26/30: loss=0.958956 lr=0.002000 (31331ms)
  step 0/390: loss=0.813711 (90ms)
  step 1/390: loss=0.869975 (80ms)
  step 2/390: loss=1.101054 (80ms)
  step 100/390: loss=1.138108 (79ms)
  step 200/390: loss=0.954288 (80ms)
  step 300/390: loss=0.813111 (84ms)
Epoch 27/30: loss=0.941346 lr=0.002000 (31297ms)
  step 0/390: loss=0.829245 (89ms)
  step 1/390: loss=1.046367 (83ms)
  step 2/390: loss=0.999168 (82ms)
  step 100/390: loss=0.817558 (79ms)
  step 200/390: loss=0.943605 (81ms)
  step 300/390: loss=1.017012 (80ms)
Epoch 28/30: loss=0.932892 lr=0.002000 (31488ms)
  step 0/390: loss=1.026335 (89ms)
  step 1/390: loss=0.897603 (78ms)
  step 2/390: loss=0.927795 (78ms)
  step 100/390: loss=0.914352 (80ms)
  step 200/390: loss=0.969187 (81ms)
  step 300/390: loss=0.888788 (78ms)
Epoch 29/30: loss=0.924264 lr=0.002000 (31429ms)
  step 0/390: loss=0.898191 (86ms)
  step 1/390: loss=0.997578 (78ms)
  step 2/390: loss=1.001194 (81ms)
  step 100/390: loss=0.787020 (78ms)
  step 200/390: loss=0.927017 (79ms)
  step 300/390: loss=0.804675 (78ms)
Epoch 30/30: loss=0.906800 lr=0.002000 (31481ms)
  val accuracy (running BN): 6642/9984 = 66.526442%
Saved params + BN stats.
