Ablation: mlp-sgd-low
  spec: MNIST-MLP, optimizer: SGD
  lr: 0.010000, cosine: false, wd: 0.000000
  aug: false, label_smooth: 0.000000
MNIST-MLP-mlp-sgd-low: 669706 params
Generating train step MLIR...
  10383 chars
Compiling vmfbs...
  forward compiled
  eval forward compiled
  train step compiled
  session loaded
  train: 60000 images (784 floats/image)
  669706 params + m + v (7 MB)
training: 468 batches/epoch, batch=128, Adam, lr=0.010000, cosine warmup=0, label_smooth=0.1, wd=0.000000
  BN layers: 0, BN stat floats: 0
  step 0/468: loss=2.437782 (29ms)
  step 1/468: loss=2.343582 (18ms)
  step 2/468: loss=2.317493 (17ms)
  step 100/468: loss=0.436698 (16ms)
  step 200/468: loss=0.266278 (17ms)
  step 300/468: loss=0.176161 (18ms)
  step 400/468: loss=0.411326 (18ms)
Epoch 1/15: loss=0.383919 lr=0.010000 (9149ms)
  step 0/468: loss=0.240975 (17ms)
  step 1/468: loss=0.173488 (15ms)
  step 2/468: loss=0.118087 (18ms)
  step 100/468: loss=0.163641 (22ms)
  step 200/468: loss=0.150541 (18ms)
  step 300/468: loss=0.229468 (17ms)
  step 400/468: loss=0.136257 (18ms)
Epoch 2/15: loss=0.174445 lr=0.010000 (9218ms)
  step 0/468: loss=0.106285 (21ms)
  step 1/468: loss=0.138345 (18ms)
  step 2/468: loss=0.224395 (18ms)
  step 100/468: loss=0.197166 (18ms)
  step 200/468: loss=0.123709 (17ms)
  step 300/468: loss=0.098792 (18ms)
  step 400/468: loss=0.134676 (17ms)
Epoch 3/15: loss=0.127723 lr=0.010000 (9312ms)
  step 0/468: loss=0.142464 (19ms)
  step 1/468: loss=0.086140 (17ms)
  step 2/468: loss=0.116025 (20ms)
  step 100/468: loss=0.107340 (17ms)
  step 200/468: loss=0.052840 (18ms)
  step 300/468: loss=0.112635 (16ms)
  step 400/468: loss=0.114057 (17ms)
Epoch 4/15: loss=0.100018 lr=0.010000 (9092ms)
  step 0/468: loss=0.063269 (20ms)
  step 1/468: loss=0.154957 (20ms)
  step 2/468: loss=0.080306 (19ms)
  step 100/468: loss=0.146533 (19ms)
  step 200/468: loss=0.046433 (16ms)
  step 300/468: loss=0.090973 (17ms)
  step 400/468: loss=0.127578 (18ms)
Epoch 5/15: loss=0.082475 lr=0.010000 (9195ms)
  step 0/468: loss=0.029872 (20ms)
  step 1/468: loss=0.088874 (17ms)
  step 2/468: loss=0.103698 (16ms)
  step 100/468: loss=0.056609 (16ms)
  step 200/468: loss=0.054513 (20ms)
  step 300/468: loss=0.055643 (17ms)
  step 400/468: loss=0.085053 (17ms)
Epoch 6/15: loss=0.068498 lr=0.010000 (9080ms)
  step 0/468: loss=0.073155 (20ms)
  step 1/468: loss=0.059771 (17ms)
  step 2/468: loss=0.024635 (18ms)
  step 100/468: loss=0.083203 (20ms)
  step 200/468: loss=0.034684 (16ms)
  step 300/468: loss=0.059573 (16ms)
  step 400/468: loss=0.045858 (15ms)
Epoch 7/15: loss=0.058054 lr=0.010000 (9140ms)
  step 0/468: loss=0.046501 (21ms)
  step 1/468: loss=0.036450 (18ms)
  step 2/468: loss=0.014566 (18ms)
  step 100/468: loss=0.049000 (18ms)
  step 200/468: loss=0.020368 (19ms)
  step 300/468: loss=0.027046 (18ms)
  step 400/468: loss=0.042193 (18ms)
Epoch 8/15: loss=0.049509 lr=0.010000 (9144ms)
  step 0/468: loss=0.029221 (19ms)
  step 1/468: loss=0.024265 (16ms)
  step 2/468: loss=0.046400 (17ms)
  step 100/468: loss=0.054966 (18ms)
  step 200/468: loss=0.029673 (18ms)
  step 300/468: loss=0.032678 (18ms)
  step 400/468: loss=0.045167 (16ms)
Epoch 9/15: loss=0.042479 lr=0.010000 (9101ms)
  step 0/468: loss=0.091968 (19ms)
  step 1/468: loss=0.022573 (17ms)
  step 2/468: loss=0.037084 (18ms)
  step 100/468: loss=0.014617 (18ms)
  step 200/468: loss=0.033274 (20ms)
  step 300/468: loss=0.032421 (19ms)
  step 400/468: loss=0.047115 (16ms)
Epoch 10/15: loss=0.037009 lr=0.010000 (9203ms)
  val accuracy (running BN): 9753/9984 = 97.686298%
  step 0/468: loss=0.035749 (22ms)
  step 1/468: loss=0.011739 (17ms)
  step 2/468: loss=0.018296 (17ms)
  step 100/468: loss=0.018968 (19ms)
  step 200/468: loss=0.025488 (18ms)
  step 300/468: loss=0.036400 (18ms)
  step 400/468: loss=0.035194 (16ms)
Epoch 11/15: loss=0.032037 lr=0.010000 (9296ms)
  step 0/468: loss=0.047334 (22ms)
  step 1/468: loss=0.038978 (19ms)
  step 2/468: loss=0.059519 (19ms)
  step 100/468: loss=0.021988 (17ms)
  step 200/468: loss=0.011513 (18ms)
  step 300/468: loss=0.013476 (18ms)
  step 400/468: loss=0.011775 (16ms)
Epoch 12/15: loss=0.027530 lr=0.010000 (9063ms)
  step 0/468: loss=0.016647 (21ms)
  step 1/468: loss=0.029178 (18ms)
  step 2/468: loss=0.024143 (18ms)
  step 100/468: loss=0.023736 (17ms)
  step 200/468: loss=0.021873 (18ms)
  step 300/468: loss=0.022900 (18ms)
  step 400/468: loss=0.064227 (19ms)
Epoch 13/15: loss=0.024011 lr=0.010000 (9117ms)
  step 0/468: loss=0.011365 (24ms)
  step 1/468: loss=0.011063 (19ms)
  step 2/468: loss=0.013630 (18ms)
  step 100/468: loss=0.020388 (18ms)
  step 200/468: loss=0.010290 (16ms)
  step 300/468: loss=0.021572 (18ms)
  step 400/468: loss=0.012137 (19ms)
Epoch 14/15: loss=0.020760 lr=0.010000 (9106ms)
  step 0/468: loss=0.014938 (22ms)
  step 1/468: loss=0.018570 (19ms)
  step 2/468: loss=0.008433 (18ms)
  step 100/468: loss=0.020269 (18ms)
  step 200/468: loss=0.026521 (17ms)
  step 300/468: loss=0.012202 (18ms)
  step 400/468: loss=0.010780 (16ms)
Epoch 15/15: loss=0.018090 lr=0.010000 (9191ms)
  val accuracy (running BN): 9775/9984 = 97.906651%
Saved params + BN stats.
