Ablation: cnn-bn-full
  spec: MNIST-CNN-BN, optimizer: Adam
  lr: 0.001000, cosine: true, wd: 0.000100
  aug: true, label_smooth: 0.100000
MNIST-CNN-BN-cnn-bn-full: 1676458 params
Generating train step MLIR...
  71784 chars
Compiling vmfbs...
  forward compiled
  eval forward compiled
  train step compiled
  session loaded
  train: 60000 images (784 floats/image)
  1676458 params + m + v (19 MB)
training: 468 batches/epoch, batch=128, Adam, lr=0.001000, cosine warmup=1, label_smooth=0.1, wd=0.000100
  BN layers: 4, BN stat floats: 384
  step 0/468: loss=2.844427 (111ms)
  step 1/468: loss=9.498123 (84ms)
  step 2/468: loss=9.461349 (81ms)
  step 100/468: loss=0.678658 (75ms)
  step 200/468: loss=0.609202 (75ms)
  step 300/468: loss=0.578026 (75ms)
  step 400/468: loss=0.610896 (80ms)
Epoch 1/15: loss=0.790918 lr=0.001000 (39252ms)
  step 0/468: loss=0.583958 (85ms)
  step 1/468: loss=0.554245 (77ms)
  step 2/468: loss=0.552781 (78ms)
  step 100/468: loss=0.551839 (74ms)
  step 200/468: loss=0.563598 (79ms)
  step 300/468: loss=0.556710 (78ms)
  step 400/468: loss=0.535615 (76ms)
Epoch 2/15: loss=0.556022 lr=0.001000 (38805ms)
  step 0/468: loss=0.531709 (84ms)
  step 1/468: loss=0.541537 (76ms)
  step 2/468: loss=0.584084 (77ms)
  step 100/468: loss=0.545229 (81ms)
  step 200/468: loss=0.533266 (79ms)
  step 300/468: loss=0.524900 (74ms)
  step 400/468: loss=0.547184 (80ms)
Epoch 3/15: loss=0.540651 lr=0.000987 (39042ms)
  step 0/468: loss=0.566008 (81ms)
  step 1/468: loss=0.542058 (78ms)
  step 2/468: loss=0.531841 (81ms)
  step 100/468: loss=0.526778 (77ms)
  step 200/468: loss=0.520693 (74ms)
  step 300/468: loss=0.535802 (79ms)
  step 400/468: loss=0.532158 (79ms)
Epoch 4/15: loss=0.532984 lr=0.000950 (38739ms)
  step 0/468: loss=0.524310 (84ms)
  step 1/468: loss=0.534404 (83ms)
  step 2/468: loss=0.526486 (79ms)
  step 100/468: loss=0.527852 (81ms)
  step 200/468: loss=0.516679 (79ms)
  step 300/468: loss=0.516634 (80ms)
  step 400/468: loss=0.541817 (85ms)
Epoch 5/15: loss=0.527124 lr=0.000891 (38862ms)
  step 0/468: loss=0.517935 (83ms)
  step 1/468: loss=0.529821 (75ms)
  step 2/468: loss=0.533770 (75ms)
  step 100/468: loss=0.515558 (78ms)
  step 200/468: loss=0.530824 (79ms)
  step 300/468: loss=0.516942 (81ms)
  step 400/468: loss=0.526670 (79ms)
Epoch 6/15: loss=0.522626 lr=0.000812 (39057ms)
  step 0/468: loss=0.520449 (88ms)
  step 1/468: loss=0.518652 (83ms)
  step 2/468: loss=0.519132 (80ms)
  step 100/468: loss=0.517971 (74ms)
  step 200/468: loss=0.513316 (79ms)
  step 300/468: loss=0.519242 (81ms)
  step 400/468: loss=0.525666 (80ms)
Epoch 7/15: loss=0.519045 lr=0.000717 (39259ms)
  step 0/468: loss=0.517811 (82ms)
  step 1/468: loss=0.517467 (76ms)
  step 2/468: loss=0.512992 (80ms)
  step 100/468: loss=0.519468 (79ms)
  step 200/468: loss=0.516205 (82ms)
  step 300/468: loss=0.514765 (80ms)
  step 400/468: loss=0.511145 (80ms)
Epoch 8/15: loss=0.515796 lr=0.000611 (38991ms)
  step 0/468: loss=0.514141 (84ms)
  step 1/468: loss=0.512371 (76ms)
  step 2/468: loss=0.509572 (73ms)
  step 100/468: loss=0.517185 (73ms)
  step 200/468: loss=0.511071 (80ms)
  step 300/468: loss=0.509809 (73ms)
  step 400/468: loss=0.512461 (78ms)
Epoch 9/15: loss=0.513451 lr=0.000500 (38464ms)
  step 0/468: loss=0.518532 (83ms)
  step 1/468: loss=0.509126 (78ms)
  step 2/468: loss=0.513453 (80ms)
  step 100/468: loss=0.508735 (80ms)
  step 200/468: loss=0.510287 (77ms)
  step 300/468: loss=0.513798 (81ms)
  step 400/468: loss=0.513394 (79ms)
Epoch 10/15: loss=0.511304 lr=0.000389 (38960ms)
  val accuracy (running BN): 9931/9984 = 99.469151%
  step 0/468: loss=0.510271 (80ms)
  step 1/468: loss=0.511706 (75ms)
  step 2/468: loss=0.508025 (80ms)
  step 100/468: loss=0.507370 (79ms)
  step 200/468: loss=0.510893 (74ms)
  step 300/468: loss=0.511949 (81ms)
  step 400/468: loss=0.507759 (86ms)
Epoch 11/15: loss=0.509530 lr=0.000283 (39103ms)
  step 0/468: loss=0.512194 (84ms)
  step 1/468: loss=0.509324 (84ms)
  step 2/468: loss=0.507717 (80ms)
  step 100/468: loss=0.507519 (78ms)
  step 200/468: loss=0.507064 (80ms)
  step 300/468: loss=0.507357 (80ms)
  step 400/468: loss=0.507273 (77ms)
Epoch 12/15: loss=0.508370 lr=0.000188 (39198ms)
  step 0/468: loss=0.507678 (82ms)
  step 1/468: loss=0.510077 (81ms)
  step 2/468: loss=0.508214 (80ms)
  step 100/468: loss=0.507082 (78ms)
  step 200/468: loss=0.506499 (77ms)
  step 300/468: loss=0.505495 (78ms)
  step 400/468: loss=0.509453 (75ms)
Epoch 13/15: loss=0.507481 lr=0.000109 (39033ms)
  step 0/468: loss=0.508918 (81ms)
  step 1/468: loss=0.505224 (75ms)
  step 2/468: loss=0.505832 (75ms)
  step 100/468: loss=0.505160 (75ms)
  step 200/468: loss=0.506045 (78ms)
  step 300/468: loss=0.506127 (78ms)
  step 400/468: loss=0.506413 (79ms)
Epoch 14/15: loss=0.506850 lr=0.000050 (39087ms)
  step 0/468: loss=0.504241 (86ms)
  step 1/468: loss=0.506890 (81ms)
  step 2/468: loss=0.505616 (81ms)
  step 100/468: loss=0.512695 (75ms)
  step 200/468: loss=0.504945 (82ms)
  step 300/468: loss=0.507191 (79ms)
  step 400/468: loss=0.507041 (78ms)
Epoch 15/15: loss=0.506466 lr=0.000013 (38865ms)
  val accuracy (running BN): 9934/9984 = 99.499199%
Saved params + BN stats.
