Ablation: cifar-nobn-adam
  spec: CIFAR-CNN-noBN, optimizer: Adam
  lr: 0.001000, cosine: false, wd: 0.000000
  aug: false, label_smooth: 0.000000
CIFAR-CNN-noBN-cifar-nobn-adam: 2431018 params
Generating train step MLIR...
  51624 chars
Compiling vmfbs...
  forward compiled
  eval forward compiled
  train step compiled
  session loaded
  train: 50000 images (3072 floats/image)
  2431018 params + m + v (27 MB)
training: 390 batches/epoch, batch=128, Adam, lr=0.001000, cosine warmup=0, label_smooth=0.1, wd=0.000000
  BN layers: 0, BN stat floats: 0
  step 0/390: loss=2.617618 (93ms)
  step 1/390: loss=5.070225 (79ms)
  step 2/390: loss=2.954606 (78ms)
  step 100/390: loss=1.452785 (77ms)
  step 200/390: loss=1.244604 (82ms)
  step 300/390: loss=1.160769 (76ms)
Epoch 1/30: loss=1.401644 lr=0.001000 (33203ms)
  step 0/390: loss=0.928326 (76ms)
  step 1/390: loss=1.036295 (80ms)
  step 2/390: loss=1.045623 (82ms)
  step 100/390: loss=0.941208 (83ms)
  step 200/390: loss=0.874038 (82ms)
  step 300/390: loss=0.997055 (81ms)
Epoch 2/30: loss=0.928151 lr=0.001000 (33128ms)
  step 0/390: loss=0.733060 (80ms)
  step 1/390: loss=0.766992 (81ms)
  step 2/390: loss=0.664776 (81ms)
  step 100/390: loss=0.635258 (82ms)
  step 200/390: loss=0.772092 (80ms)
  step 300/390: loss=0.754142 (74ms)
Epoch 3/30: loss=0.717732 lr=0.001000 (33222ms)
  step 0/390: loss=0.564925 (84ms)
  step 1/390: loss=0.659952 (77ms)
  step 2/390: loss=0.484975 (74ms)
  step 100/390: loss=0.590667 (79ms)
  step 200/390: loss=0.643789 (78ms)
  step 300/390: loss=0.626438 (77ms)
Epoch 4/30: loss=0.541329 lr=0.001000 (33113ms)
  step 0/390: loss=0.343120 (78ms)
  step 1/390: loss=0.470751 (79ms)
  step 2/390: loss=0.473348 (78ms)
  step 100/390: loss=0.335507 (81ms)
  step 200/390: loss=0.331482 (79ms)
  step 300/390: loss=0.330912 (83ms)
Epoch 5/30: loss=0.385084 lr=0.001000 (33384ms)
  step 0/390: loss=0.279784 (81ms)
  step 1/390: loss=0.295905 (82ms)
  step 2/390: loss=0.255250 (80ms)
  step 100/390: loss=0.224338 (78ms)
  step 200/390: loss=0.344556 (80ms)
  step 300/390: loss=0.222604 (79ms)
Epoch 6/30: loss=0.254843 lr=0.001000 (33277ms)
  step 0/390: loss=0.224639 (74ms)
  step 1/390: loss=0.244166 (73ms)
  step 2/390: loss=0.212936 (76ms)
  step 100/390: loss=0.222103 (76ms)
  step 200/390: loss=0.100504 (76ms)
  step 300/390: loss=0.228862 (79ms)
Epoch 7/30: loss=0.172681 lr=0.001000 (33148ms)
  step 0/390: loss=0.101737 (82ms)
  step 1/390: loss=0.061014 (83ms)
  step 2/390: loss=0.094554 (78ms)
  step 100/390: loss=0.068673 (78ms)
  step 200/390: loss=0.127428 (80ms)
  step 300/390: loss=0.113540 (81ms)
Epoch 8/30: loss=0.125066 lr=0.001000 (33365ms)
  step 0/390: loss=0.162535 (79ms)
  step 1/390: loss=0.141706 (80ms)
  step 2/390: loss=0.053850 (75ms)
  step 100/390: loss=0.196772 (81ms)
  step 200/390: loss=0.139415 (80ms)
  step 300/390: loss=0.129471 (75ms)
Epoch 9/30: loss=0.110102 lr=0.001000 (33289ms)
  step 0/390: loss=0.078628 (82ms)
  step 1/390: loss=0.168814 (80ms)
  step 2/390: loss=0.048928 (82ms)
  step 100/390: loss=0.096108 (80ms)
  step 200/390: loss=0.128279 (81ms)
  step 300/390: loss=0.025870 (78ms)
Epoch 10/30: loss=0.085449 lr=0.001000 (33184ms)
  val accuracy (running BN): 7177/9984 = 71.885016%
  step 0/390: loss=0.048774 (77ms)
  step 1/390: loss=0.060209 (75ms)
  step 2/390: loss=0.070362 (79ms)
  step 100/390: loss=0.008876 (77ms)
  step 200/390: loss=0.031840 (82ms)
  step 300/390: loss=0.114930 (78ms)
Epoch 11/30: loss=0.078901 lr=0.001000 (32935ms)
  step 0/390: loss=0.078926 (78ms)
  step 1/390: loss=0.037083 (77ms)
  step 2/390: loss=0.030079 (76ms)
  step 100/390: loss=0.083702 (82ms)
  step 200/390: loss=0.036478 (77ms)
  step 300/390: loss=0.164503 (74ms)
Epoch 12/30: loss=0.068315 lr=0.001000 (32899ms)
  step 0/390: loss=0.073520 (83ms)
  step 1/390: loss=0.112590 (81ms)
  step 2/390: loss=0.094891 (80ms)
  step 100/390: loss=0.010993 (81ms)
  step 200/390: loss=0.042235 (81ms)
  step 300/390: loss=0.127801 (75ms)
Epoch 13/30: loss=0.070519 lr=0.001000 (32939ms)
  step 0/390: loss=0.011002 (74ms)
  step 1/390: loss=0.016181 (76ms)
  step 2/390: loss=0.052822 (76ms)
  step 100/390: loss=0.025059 (78ms)
  step 200/390: loss=0.062814 (80ms)
  step 300/390: loss=0.092482 (77ms)
Epoch 14/30: loss=0.059388 lr=0.001000 (33104ms)
  step 0/390: loss=0.041072 (76ms)
  step 1/390: loss=0.052755 (75ms)
  step 2/390: loss=0.051361 (75ms)
  step 100/390: loss=0.041541 (78ms)
  step 200/390: loss=0.039302 (77ms)
  step 300/390: loss=0.039517 (84ms)
Epoch 15/30: loss=0.056366 lr=0.001000 (33126ms)
  step 0/390: loss=0.069700 (83ms)
  step 1/390: loss=0.136086 (78ms)
  step 2/390: loss=0.036311 (82ms)
  step 100/390: loss=0.029548 (81ms)
  step 200/390: loss=0.049560 (80ms)
  step 300/390: loss=0.092416 (78ms)
Epoch 16/30: loss=0.063596 lr=0.001000 (33089ms)
  step 0/390: loss=0.033008 (74ms)
  step 1/390: loss=0.013090 (74ms)
  step 2/390: loss=0.059767 (80ms)
  step 100/390: loss=0.049607 (82ms)
  step 200/390: loss=0.034295 (76ms)
  step 300/390: loss=0.166097 (81ms)
Epoch 17/30: loss=0.046781 lr=0.001000 (32922ms)
  step 0/390: loss=0.025565 (81ms)
  step 1/390: loss=0.070281 (82ms)
  step 2/390: loss=0.039579 (76ms)
  step 100/390: loss=0.055597 (76ms)
  step 200/390: loss=0.021593 (81ms)
  step 300/390: loss=0.056252 (75ms)
Epoch 18/30: loss=0.054209 lr=0.001000 (32976ms)
  step 0/390: loss=0.054872 (78ms)
  step 1/390: loss=0.094447 (80ms)
  step 2/390: loss=0.079867 (79ms)
  step 100/390: loss=0.023602 (82ms)
  step 200/390: loss=0.021456 (76ms)
  step 300/390: loss=0.023753 (75ms)
Epoch 19/30: loss=0.051183 lr=0.001000 (32952ms)
  step 0/390: loss=0.066929 (76ms)
  step 1/390: loss=0.041827 (75ms)
  step 2/390: loss=0.057741 (79ms)
  step 100/390: loss=0.079169 (75ms)
  step 200/390: loss=0.052736 (82ms)
  step 300/390: loss=0.027163 (80ms)
Epoch 20/30: loss=0.046066 lr=0.001000 (33125ms)
  val accuracy (running BN): 7281/9984 = 72.926683%
  step 0/390: loss=0.019597 (76ms)
  step 1/390: loss=0.010770 (79ms)
  step 2/390: loss=0.017633 (78ms)
  step 100/390: loss=0.128703 (79ms)
  step 200/390: loss=0.022430 (81ms)
  step 300/390: loss=0.048863 (77ms)
Epoch 21/30: loss=0.045088 lr=0.001000 (33163ms)
  step 0/390: loss=0.073964 (79ms)
  step 1/390: loss=0.036104 (85ms)
  step 2/390: loss=0.020702 (79ms)
  step 100/390: loss=0.028706 (79ms)
  step 200/390: loss=0.038659 (78ms)
  step 300/390: loss=0.043490 (80ms)
Epoch 22/30: loss=0.046199 lr=0.001000 (33077ms)
  step 0/390: loss=0.006865 (80ms)
  step 1/390: loss=0.053249 (74ms)
  step 2/390: loss=0.024104 (74ms)
  step 100/390: loss=0.015222 (75ms)
  step 200/390: loss=0.030509 (78ms)
  step 300/390: loss=0.037929 (80ms)
Epoch 23/30: loss=0.032598 lr=0.001000 (33179ms)
  step 0/390: loss=0.010014 (79ms)
  step 1/390: loss=0.063979 (75ms)
  step 2/390: loss=0.018769 (75ms)
  step 100/390: loss=0.042529 (80ms)
  step 200/390: loss=0.025645 (76ms)
  step 300/390: loss=0.017590 (79ms)
Epoch 24/30: loss=0.036543 lr=0.001000 (32919ms)
  step 0/390: loss=0.030664 (80ms)
  step 1/390: loss=0.055073 (82ms)
  step 2/390: loss=0.003447 (80ms)
  step 100/390: loss=0.017567 (78ms)
  step 200/390: loss=0.084119 (79ms)
  step 300/390: loss=0.007137 (81ms)
Epoch 25/30: loss=0.045798 lr=0.001000 (33198ms)
  step 0/390: loss=0.021264 (77ms)
  step 1/390: loss=0.034265 (83ms)
  step 2/390: loss=0.038282 (81ms)
  step 100/390: loss=0.106511 (81ms)
  step 200/390: loss=0.062504 (75ms)
  step 300/390: loss=0.033289 (79ms)
Epoch 26/30: loss=0.044652 lr=0.001000 (33080ms)
  step 0/390: loss=0.006438 (81ms)
  step 1/390: loss=0.006270 (81ms)
  step 2/390: loss=0.133854 (80ms)
  step 100/390: loss=0.044948 (79ms)
  step 200/390: loss=0.015408 (76ms)
  step 300/390: loss=0.035035 (78ms)
Epoch 27/30: loss=0.038858 lr=0.001000 (33031ms)
  step 0/390: loss=0.029017 (84ms)
  step 1/390: loss=0.048162 (79ms)
  step 2/390: loss=0.010765 (81ms)
  step 100/390: loss=0.094135 (75ms)
  step 200/390: loss=0.035242 (81ms)
  step 300/390: loss=0.012502 (79ms)
Epoch 28/30: loss=0.039960 lr=0.001000 (33136ms)
  step 0/390: loss=0.059106 (78ms)
  step 1/390: loss=0.177255 (80ms)
  step 2/390: loss=0.071561 (82ms)
  step 100/390: loss=0.024105 (81ms)
  step 200/390: loss=0.027684 (81ms)
  step 300/390: loss=0.025810 (78ms)
Epoch 29/30: loss=0.041595 lr=0.001000 (32975ms)
  step 0/390: loss=0.021283 (76ms)
  step 1/390: loss=0.002498 (76ms)
  step 2/390: loss=0.017327 (74ms)
  step 100/390: loss=0.009745 (82ms)
  step 200/390: loss=0.017801 (78ms)
  step 300/390: loss=0.022825 (76ms)
Epoch 30/30: loss=0.032418 lr=0.001000 (32959ms)
  val accuracy (running BN): 7270/9984 = 72.816506%
Saved params + BN stats.
