Ablation: shallow-adam
  spec: MNIST-Shallow, optimizer: Adam
  lr: 0.001000, cosine: false, wd: 0.000000
  aug: false, label_smooth: 0.000000
MNIST-Shallow-shallow-adam: 101770 params
Generating train step MLIR...
  13460 chars
Compiling vmfbs...
  forward compiled
  eval forward compiled
  train step compiled
  session loaded
  train: 60000 images (784 floats/image)
  101770 params + m + v (1 MB)
training: 468 batches/epoch, batch=128, Adam, lr=0.001000, cosine warmup=0, label_smooth=0.1, wd=0.000000
  BN layers: 0, BN stat floats: 0
  step 0/468: loss=2.467993 (15ms)
  step 1/468: loss=2.265349 (6ms)
  step 2/468: loss=2.097052 (7ms)
  step 100/468: loss=0.412375 (7ms)
  step 200/468: loss=0.244227 (6ms)
  step 300/468: loss=0.183345 (7ms)
  step 400/468: loss=0.397304 (6ms)
Epoch 1/15: loss=0.364611 lr=0.001000 (2991ms)
  step 0/468: loss=0.211918 (7ms)
  step 1/468: loss=0.181149 (6ms)
  step 2/468: loss=0.106472 (6ms)
  step 100/468: loss=0.162209 (7ms)
  step 200/468: loss=0.139854 (7ms)
  step 300/468: loss=0.260438 (6ms)
  step 400/468: loss=0.131428 (6ms)
Epoch 2/15: loss=0.169225 lr=0.001000 (2986ms)
  step 0/468: loss=0.110530 (9ms)
  step 1/468: loss=0.139415 (7ms)
  step 2/468: loss=0.211593 (6ms)
  step 100/468: loss=0.219006 (7ms)
  step 200/468: loss=0.168646 (6ms)
  step 300/468: loss=0.091160 (6ms)
  step 400/468: loss=0.119557 (6ms)
Epoch 3/15: loss=0.118789 lr=0.001000 (3028ms)
  step 0/468: loss=0.131115 (9ms)
  step 1/468: loss=0.089255 (6ms)
  step 2/468: loss=0.110427 (6ms)
  step 100/468: loss=0.111834 (6ms)
  step 200/468: loss=0.063521 (6ms)
  step 300/468: loss=0.097378 (6ms)
  step 400/468: loss=0.081276 (7ms)
Epoch 4/15: loss=0.090380 lr=0.001000 (2987ms)
  step 0/468: loss=0.051032 (7ms)
  step 1/468: loss=0.124458 (7ms)
  step 2/468: loss=0.078097 (6ms)
  step 100/468: loss=0.139963 (7ms)
  step 200/468: loss=0.034234 (6ms)
  step 300/468: loss=0.092754 (7ms)
  step 400/468: loss=0.092980 (6ms)
Epoch 5/15: loss=0.072609 lr=0.001000 (3011ms)
  step 0/468: loss=0.025074 (7ms)
  step 1/468: loss=0.066906 (7ms)
  step 2/468: loss=0.081552 (6ms)
  step 100/468: loss=0.033515 (6ms)
  step 200/468: loss=0.058965 (7ms)
  step 300/468: loss=0.041439 (7ms)
  step 400/468: loss=0.099428 (6ms)
Epoch 6/15: loss=0.059233 lr=0.001000 (3021ms)
  step 0/468: loss=0.070458 (7ms)
  step 1/468: loss=0.043332 (6ms)
  step 2/468: loss=0.012223 (6ms)
  step 100/468: loss=0.053148 (6ms)
  step 200/468: loss=0.042498 (6ms)
  step 300/468: loss=0.037963 (7ms)
  step 400/468: loss=0.049816 (6ms)
Epoch 7/15: loss=0.049279 lr=0.001000 (2997ms)
  step 0/468: loss=0.038734 (6ms)
  step 1/468: loss=0.037659 (6ms)
  step 2/468: loss=0.016808 (6ms)
  step 100/468: loss=0.041426 (6ms)
  step 200/468: loss=0.019516 (6ms)
  step 300/468: loss=0.026772 (6ms)
  step 400/468: loss=0.032172 (5ms)
Epoch 8/15: loss=0.040794 lr=0.001000 (2980ms)
  step 0/468: loss=0.029848 (7ms)
  step 1/468: loss=0.015139 (7ms)
  step 2/468: loss=0.029937 (6ms)
  step 100/468: loss=0.048232 (7ms)
  step 200/468: loss=0.051396 (7ms)
  step 300/468: loss=0.029755 (7ms)
  step 400/468: loss=0.036134 (6ms)
Epoch 9/15: loss=0.034274 lr=0.001000 (2982ms)
  step 0/468: loss=0.055994 (7ms)
  step 1/468: loss=0.017608 (6ms)
  step 2/468: loss=0.027192 (6ms)
  step 100/468: loss=0.008419 (6ms)
  step 200/468: loss=0.012125 (7ms)
  step 300/468: loss=0.038522 (6ms)
  step 400/468: loss=0.064962 (6ms)
Epoch 10/15: loss=0.029571 lr=0.001000 (2977ms)
  val accuracy (running BN): 9763/9984 = 97.786458%
  step 0/468: loss=0.020548 (7ms)
  step 1/468: loss=0.009509 (9ms)
  step 2/468: loss=0.020102 (6ms)
  step 100/468: loss=0.012047 (6ms)
  step 200/468: loss=0.011557 (6ms)
  step 300/468: loss=0.028954 (6ms)
  step 400/468: loss=0.020527 (6ms)
Epoch 11/15: loss=0.025103 lr=0.001000 (3028ms)
  step 0/468: loss=0.044080 (7ms)
  step 1/468: loss=0.015104 (6ms)
  step 2/468: loss=0.036747 (6ms)
  step 100/468: loss=0.015756 (6ms)
  step 200/468: loss=0.007508 (6ms)
  step 300/468: loss=0.007807 (6ms)
  step 400/468: loss=0.013283 (6ms)
Epoch 12/15: loss=0.021589 lr=0.001000 (2974ms)
  step 0/468: loss=0.008435 (7ms)
  step 1/468: loss=0.013742 (6ms)
  step 2/468: loss=0.022758 (5ms)
  step 100/468: loss=0.013751 (6ms)
  step 200/468: loss=0.013076 (5ms)
  step 300/468: loss=0.008440 (6ms)
  step 400/468: loss=0.034239 (5ms)
Epoch 13/15: loss=0.017886 lr=0.001000 (2967ms)
  step 0/468: loss=0.008913 (6ms)
  step 1/468: loss=0.008524 (7ms)
  step 2/468: loss=0.010628 (6ms)
  step 100/468: loss=0.009955 (8ms)
  step 200/468: loss=0.007309 (7ms)
  step 300/468: loss=0.051590 (6ms)
  step 400/468: loss=0.011845 (6ms)
Epoch 14/15: loss=0.016130 lr=0.001000 (2845ms)
  step 0/468: loss=0.014160 (7ms)
  step 1/468: loss=0.010131 (6ms)
  step 2/468: loss=0.004890 (7ms)
  step 100/468: loss=0.020137 (5ms)
  step 200/468: loss=0.014713 (6ms)
  step 300/468: loss=0.012436 (6ms)
  step 400/468: loss=0.008432 (6ms)
Epoch 15/15: loss=0.012411 lr=0.001000 (2769ms)
  val accuracy (running BN): 9781/9984 = 97.966747%
Saved params + BN stats.
