Ablation: cifar-bn-aug
  spec: CIFAR-CNN-BN, optimizer: Adam
  lr: 0.001000, cosine: true, wd: 0.000000
  aug: true, label_smooth: 0.000000
CIFAR-CNN-BN-cifar-bn-aug: 2431210 params
Generating train step MLIR...
  74971 chars
Compiling vmfbs...
  forward compiled
  eval forward compiled
  train step compiled
  session loaded
  train: 50000 images (3072 floats/image)
  2431210 params + m + v (27 MB)
training: 390 batches/epoch, batch=128, Adam, lr=0.001000, cosine warmup=2, label_smooth=0.1, wd=0.000000
  BN layers: 4, BN stat floats: 384
  step 0/390: loss=2.936733 (88ms)
  step 1/390: loss=5.885962 (84ms)
  step 2/390: loss=5.899519 (80ms)
  step 100/390: loss=1.463528 (80ms)
  step 200/390: loss=1.225216 (80ms)
  step 300/390: loss=1.177526 (83ms)
Epoch 1/30: loss=1.445657 lr=0.000500 (33357ms)
  step 0/390: loss=1.104344 (80ms)
  step 1/390: loss=1.088020 (83ms)
  step 2/390: loss=1.072940 (82ms)
  step 100/390: loss=1.174524 (77ms)
  step 200/390: loss=0.925843 (76ms)
  step 300/390: loss=1.053256 (80ms)
Epoch 2/30: loss=1.016256 lr=0.001000 (33491ms)
  step 0/390: loss=0.910036 (80ms)
  step 1/390: loss=0.960544 (77ms)
  step 2/390: loss=0.822143 (78ms)
  step 100/390: loss=0.787350 (82ms)
  step 200/390: loss=0.805893 (75ms)
  step 300/390: loss=0.841069 (79ms)
Epoch 3/30: loss=0.807820 lr=0.001000 (33421ms)
  step 0/390: loss=0.774154 (79ms)
  step 1/390: loss=0.756020 (78ms)
  step 2/390: loss=0.590288 (78ms)
  step 100/390: loss=0.714467 (77ms)
  step 200/390: loss=0.699993 (80ms)
  step 300/390: loss=0.671927 (79ms)
Epoch 4/30: loss=0.701739 lr=0.000997 (33707ms)
  step 0/390: loss=0.648922 (77ms)
  step 1/390: loss=0.747529 (77ms)
  step 2/390: loss=0.559602 (79ms)
  step 100/390: loss=0.495281 (79ms)
  step 200/390: loss=0.612012 (82ms)
  step 300/390: loss=0.522184 (82ms)
Epoch 5/30: loss=0.614520 lr=0.000987 (33665ms)
  step 0/390: loss=0.660025 (77ms)
  step 1/390: loss=0.456280 (77ms)
  step 2/390: loss=0.607275 (78ms)
  step 100/390: loss=0.446905 (78ms)
  step 200/390: loss=0.654775 (83ms)
  step 300/390: loss=0.454227 (79ms)
Epoch 6/30: loss=0.556392 lr=0.000972 (33483ms)
  step 0/390: loss=0.500035 (76ms)
  step 1/390: loss=0.413196 (77ms)
  step 2/390: loss=0.498190 (79ms)
  step 100/390: loss=0.486023 (79ms)
  step 200/390: loss=0.401701 (78ms)
  step 300/390: loss=0.511329 (82ms)
Epoch 7/30: loss=0.503031 lr=0.000950 (33484ms)
  step 0/390: loss=0.409984 (76ms)
  step 1/390: loss=0.419879 (85ms)
  step 2/390: loss=0.343768 (80ms)
  step 100/390: loss=0.361724 (82ms)
  step 200/390: loss=0.447143 (80ms)
  step 300/390: loss=0.471859 (84ms)
Epoch 8/30: loss=0.449234 lr=0.000923 (33375ms)
  step 0/390: loss=0.301123 (82ms)
  step 1/390: loss=0.293897 (84ms)
  step 2/390: loss=0.283000 (78ms)
  step 100/390: loss=0.410673 (81ms)
  step 200/390: loss=0.401303 (82ms)
  step 300/390: loss=0.432061 (77ms)
Epoch 9/30: loss=0.406808 lr=0.000891 (33397ms)
  step 0/390: loss=0.360830 (74ms)
  step 1/390: loss=0.416997 (73ms)
  step 2/390: loss=0.360131 (79ms)
  step 100/390: loss=0.391847 (76ms)
  step 200/390: loss=0.641177 (77ms)
  step 300/390: loss=0.240899 (81ms)
Epoch 10/30: loss=0.364599 lr=0.000854 (33470ms)
  val accuracy (running BN): 7975/9984 = 79.877804%
  step 0/390: loss=0.269662 (83ms)
  step 1/390: loss=0.349093 (83ms)
  step 2/390: loss=0.334303 (82ms)
  step 100/390: loss=0.346009 (82ms)
  step 200/390: loss=0.380668 (75ms)
  step 300/390: loss=0.342060 (77ms)
Epoch 11/30: loss=0.322752 lr=0.000812 (33353ms)
  step 0/390: loss=0.257286 (81ms)
  step 1/390: loss=0.224108 (82ms)
  step 2/390: loss=0.309532 (77ms)
  step 100/390: loss=0.287061 (80ms)
  step 200/390: loss=0.186155 (76ms)
  step 300/390: loss=0.343675 (79ms)
Epoch 12/30: loss=0.290359 lr=0.000766 (33279ms)
  step 0/390: loss=0.348606 (77ms)
  step 1/390: loss=0.301262 (78ms)
  step 2/390: loss=0.178519 (82ms)
  step 100/390: loss=0.289787 (81ms)
  step 200/390: loss=0.265638 (83ms)
  step 300/390: loss=0.224688 (81ms)
Epoch 13/30: loss=0.250324 lr=0.000717 (33292ms)
  step 0/390: loss=0.253586 (82ms)
  step 1/390: loss=0.214259 (79ms)
  step 2/390: loss=0.230964 (79ms)
  step 100/390: loss=0.187678 (77ms)
  step 200/390: loss=0.169859 (80ms)
  step 300/390: loss=0.272148 (79ms)
Epoch 14/30: loss=0.212834 lr=0.000665 (33397ms)
  step 0/390: loss=0.284193 (82ms)
  step 1/390: loss=0.196215 (79ms)
  step 2/390: loss=0.168531 (76ms)
  step 100/390: loss=0.143158 (78ms)
  step 200/390: loss=0.217580 (81ms)
  step 300/390: loss=0.154053 (75ms)
Epoch 15/30: loss=0.183126 lr=0.000611 (33078ms)
  step 0/390: loss=0.128921 (83ms)
  step 1/390: loss=0.152908 (81ms)
  step 2/390: loss=0.211660 (80ms)
  step 100/390: loss=0.112462 (78ms)
  step 200/390: loss=0.200121 (81ms)
  step 300/390: loss=0.138984 (81ms)
Epoch 16/30: loss=0.159532 lr=0.000556 (33397ms)
  step 0/390: loss=0.147667 (82ms)
  step 1/390: loss=0.097574 (84ms)
  step 2/390: loss=0.175621 (77ms)
  step 100/390: loss=0.133351 (81ms)
  step 200/390: loss=0.064630 (75ms)
  step 300/390: loss=0.222264 (80ms)
Epoch 17/30: loss=0.126895 lr=0.000500 (33537ms)
  step 0/390: loss=0.153765 (77ms)
  step 1/390: loss=0.099568 (77ms)
  step 2/390: loss=0.095248 (79ms)
  step 100/390: loss=0.110708 (81ms)
  step 200/390: loss=0.084757 (79ms)
  step 300/390: loss=0.117913 (81ms)
Epoch 18/30: loss=0.101764 lr=0.000444 (33553ms)
  step 0/390: loss=0.084647 (78ms)
  step 1/390: loss=0.149528 (77ms)
  step 2/390: loss=0.073235 (80ms)
  step 100/390: loss=0.093924 (81ms)
  step 200/390: loss=0.025668 (79ms)
  step 300/390: loss=0.063509 (79ms)
Epoch 19/30: loss=0.078157 lr=0.000389 (33244ms)
  step 0/390: loss=0.094825 (82ms)
  step 1/390: loss=0.055303 (81ms)
  step 2/390: loss=0.082262 (79ms)
  step 100/390: loss=0.043760 (75ms)
  step 200/390: loss=0.067087 (73ms)
  step 300/390: loss=0.026362 (76ms)
Epoch 20/30: loss=0.061950 lr=0.000335 (33441ms)
  val accuracy (running BN): 8201/9984 = 82.141426%
  step 0/390: loss=0.038371 (81ms)
  step 1/390: loss=0.071807 (82ms)
  step 2/390: loss=0.061505 (77ms)
  step 100/390: loss=0.017752 (77ms)
  step 200/390: loss=0.049939 (82ms)
  step 300/390: loss=0.039402 (74ms)
Epoch 21/30: loss=0.046869 lr=0.000283 (33584ms)
  step 0/390: loss=0.023368 (76ms)
  step 1/390: loss=0.021007 (75ms)
  step 2/390: loss=0.058063 (76ms)
  step 100/390: loss=0.048541 (78ms)
  step 200/390: loss=0.034401 (79ms)
  step 300/390: loss=0.021126 (79ms)
Epoch 22/30: loss=0.033915 lr=0.000234 (33275ms)
  step 0/390: loss=0.021091 (76ms)
  step 1/390: loss=0.013528 (81ms)
  step 2/390: loss=0.019517 (80ms)
  step 100/390: loss=0.012039 (80ms)
  step 200/390: loss=0.013215 (82ms)
  step 300/390: loss=0.021218 (81ms)
Epoch 23/30: loss=0.023842 lr=0.000188 (33502ms)
  step 0/390: loss=0.015302 (83ms)
  step 1/390: loss=0.028481 (76ms)
  step 2/390: loss=0.012000 (81ms)
  step 100/390: loss=0.017619 (77ms)
  step 200/390: loss=0.019568 (77ms)
  step 300/390: loss=0.022278 (82ms)
Epoch 24/30: loss=0.017176 lr=0.000146 (33657ms)
  step 0/390: loss=0.006182 (85ms)
  step 1/390: loss=0.027905 (85ms)
  step 2/390: loss=0.022929 (83ms)
  step 100/390: loss=0.030755 (81ms)
  step 200/390: loss=0.027289 (81ms)
  step 300/390: loss=0.012967 (78ms)
Epoch 25/30: loss=0.013979 lr=0.000109 (33318ms)
  step 0/390: loss=0.023632 (81ms)
  step 1/390: loss=0.013397 (76ms)
  step 2/390: loss=0.004955 (75ms)
  step 100/390: loss=0.003626 (80ms)
  step 200/390: loss=0.004910 (83ms)
  step 300/390: loss=0.007760 (82ms)
Epoch 26/30: loss=0.009673 lr=0.000077 (33401ms)
  step 0/390: loss=0.008766 (77ms)
  step 1/390: loss=0.006776 (83ms)
  step 2/390: loss=0.006739 (77ms)
  step 100/390: loss=0.005865 (81ms)
  step 200/390: loss=0.006760 (76ms)
  step 300/390: loss=0.003784 (76ms)
Epoch 27/30: loss=0.008073 lr=0.000050 (33272ms)
  step 0/390: loss=0.005924 (75ms)
  step 1/390: loss=0.009442 (74ms)
  step 2/390: loss=0.007979 (74ms)
  step 100/390: loss=0.005877 (79ms)
  step 200/390: loss=0.002974 (79ms)
  step 300/390: loss=0.005798 (80ms)
Epoch 28/30: loss=0.007009 lr=0.000028 (33514ms)
  step 0/390: loss=0.004260 (79ms)
  step 1/390: loss=0.007088 (77ms)
  step 2/390: loss=0.003829 (76ms)
  step 100/390: loss=0.006393 (77ms)
  step 200/390: loss=0.009089 (75ms)
  step 300/390: loss=0.002237 (79ms)
Epoch 29/30: loss=0.006152 lr=0.000013 (33383ms)
  step 0/390: loss=0.004000 (81ms)
  step 1/390: loss=0.005531 (78ms)
  step 2/390: loss=0.011208 (78ms)
  step 100/390: loss=0.003549 (77ms)
  step 200/390: loss=0.007338 (82ms)
  step 300/390: loss=0.003648 (83ms)
Epoch 30/30: loss=0.005873 lr=0.000003 (33505ms)
  val accuracy (running BN): 8258/9984 = 82.712340%
Saved params + BN stats.
