Ablation: mlp-full
  spec: MNIST-MLP, optimizer: Adam
  lr: 0.001000, cosine: true, wd: 0.000100
  aug: true, label_smooth: 0.100000
MNIST-MLP-mlp-full: 669706 params
Generating train step MLIR...
  19612 chars
Compiling vmfbs...
  forward compiled
  eval forward compiled
  train step compiled
  session loaded
  train: 60000 images (784 floats/image)
  669706 params + m + v (7 MB)
training: 468 batches/epoch, batch=128, Adam, lr=0.001000, cosine warmup=1, label_smooth=0.1, wd=0.000100
  BN layers: 0, BN stat floats: 0
  step 0/468: loss=2.436330 (31ms)
  step 1/468: loss=2.134792 (18ms)
  step 2/468: loss=1.942891 (16ms)
  step 100/468: loss=0.750301 (19ms)
  step 200/468: loss=0.637196 (18ms)
  step 300/468: loss=0.606788 (18ms)
  step 400/468: loss=0.700039 (17ms)
Epoch 1/12: loss=0.692584 lr=0.001000 (9230ms)
  step 0/468: loss=0.606578 (16ms)
  step 1/468: loss=0.558073 (16ms)
  step 2/468: loss=0.576586 (17ms)
  step 100/468: loss=0.569187 (18ms)
  step 200/468: loss=0.575822 (18ms)
  step 300/468: loss=0.570719 (18ms)
  step 400/468: loss=0.554887 (18ms)
Epoch 2/12: loss=0.576970 lr=0.001000 (9031ms)
  step 0/468: loss=0.550930 (18ms)
  step 1/468: loss=0.558504 (16ms)
  step 2/468: loss=0.602202 (16ms)
  step 100/468: loss=0.551964 (16ms)
  step 200/468: loss=0.542617 (16ms)
  step 300/468: loss=0.534218 (18ms)
  step 400/468: loss=0.543868 (16ms)
Epoch 3/12: loss=0.549803 lr=0.000980 (9183ms)
  step 0/468: loss=0.562697 (20ms)
  step 1/468: loss=0.540069 (17ms)
  step 2/468: loss=0.540500 (18ms)
  step 100/468: loss=0.542251 (18ms)
  step 200/468: loss=0.522570 (17ms)
  step 300/468: loss=0.544220 (15ms)
  step 400/468: loss=0.534614 (19ms)
Epoch 4/12: loss=0.534267 lr=0.000921 (9186ms)
  step 0/468: loss=0.523730 (22ms)
  step 1/468: loss=0.544196 (18ms)
  step 2/468: loss=0.520753 (18ms)
  step 100/468: loss=0.522960 (17ms)
  step 200/468: loss=0.520619 (17ms)
  step 300/468: loss=0.518501 (18ms)
  step 400/468: loss=0.532747 (16ms)
Epoch 5/12: loss=0.524045 lr=0.000827 (9175ms)
  step 0/468: loss=0.516612 (21ms)
  step 1/468: loss=0.520551 (17ms)
  step 2/468: loss=0.524870 (17ms)
  step 100/468: loss=0.513413 (21ms)
  step 200/468: loss=0.519251 (18ms)
  step 300/468: loss=0.515083 (19ms)
  step 400/468: loss=0.524750 (16ms)
Epoch 6/12: loss=0.516727 lr=0.000708 (9223ms)
  step 0/468: loss=0.516200 (22ms)
  step 1/468: loss=0.511512 (18ms)
  step 2/468: loss=0.510875 (17ms)
  step 100/468: loss=0.511495 (20ms)
  step 200/468: loss=0.511069 (16ms)
  step 300/468: loss=0.513925 (17ms)
  step 400/468: loss=0.514673 (18ms)
Epoch 7/12: loss=0.512136 lr=0.000571 (9088ms)
  step 0/468: loss=0.511373 (22ms)
  step 1/468: loss=0.511056 (18ms)
  step 2/468: loss=0.508581 (17ms)
  step 100/468: loss=0.509312 (17ms)
  step 200/468: loss=0.509060 (17ms)
  step 300/468: loss=0.509876 (15ms)
  step 400/468: loss=0.511012 (18ms)
Epoch 8/12: loss=0.509224 lr=0.000429 (9128ms)
  step 0/468: loss=0.506744 (20ms)
  step 1/468: loss=0.507838 (18ms)
  step 2/468: loss=0.506650 (17ms)
  step 100/468: loss=0.507072 (15ms)
  step 200/468: loss=0.507190 (16ms)
  step 300/468: loss=0.507180 (16ms)
  step 400/468: loss=0.506201 (17ms)
Epoch 9/12: loss=0.507432 lr=0.000292 (9160ms)
  step 0/468: loss=0.507066 (21ms)
  step 1/468: loss=0.505475 (15ms)
  step 2/468: loss=0.507632 (15ms)
  step 100/468: loss=0.505434 (18ms)
  step 200/468: loss=0.506302 (15ms)
  step 300/468: loss=0.507604 (16ms)
  step 400/468: loss=0.507294 (18ms)
Epoch 10/12: loss=0.506307 lr=0.000173 (9180ms)
  val accuracy (running BN): 9853/9984 = 98.687901%
  step 0/468: loss=0.506250 (20ms)
  step 1/468: loss=0.504824 (16ms)
  step 2/468: loss=0.505627 (17ms)
  step 100/468: loss=0.504568 (16ms)
  step 200/468: loss=0.504996 (21ms)
  step 300/468: loss=0.506457 (17ms)
  step 400/468: loss=0.504726 (18ms)
Epoch 11/12: loss=0.505613 lr=0.000079 (9162ms)
  step 0/468: loss=0.506516 (22ms)
  step 1/468: loss=0.505986 (16ms)
  step 2/468: loss=0.505391 (15ms)
  step 100/468: loss=0.504941 (17ms)
  step 200/468: loss=0.504195 (16ms)
  step 300/468: loss=0.504524 (19ms)
  step 400/468: loss=0.504744 (18ms)
Epoch 12/12: loss=0.505216 lr=0.000020 (9237ms)
  val accuracy (running BN): 9852/9984 = 98.677885%
Saved params + BN stats.
