Ablation: width-cifar-f16
  spec: CIFAR-BN-f16, optimizer: SGD
  lr: 0.002000, cosine: false, wd: 0.000000
  aug: false, label_smooth: 0.000000
CIFAR-BN-f16-width-cifar-f16: 1070970 params
Generating train step MLIR...
  49200 chars
Compiling vmfbs...
  forward compiled
  eval forward compiled
  train step compiled
  session loaded
  train: 50000 images (3072 floats/image)
  1070970 params + m + v (12 MB)
training: 390 batches/epoch, batch=128, Adam, lr=0.002000, cosine warmup=0, label_smooth=0.1, wd=0.000000
  BN layers: 4, BN stat floats: 192
  step 0/390: loss=2.818166 (57ms)
  step 1/390: loss=2.787165 (42ms)
  step 2/390: loss=2.653622 (46ms)
  step 100/390: loss=1.628167 (46ms)
  step 200/390: loss=1.417581 (45ms)
  step 300/390: loss=1.468106 (46ms)
Epoch 1/30: loss=1.551960 lr=0.002000 (19133ms)
  step 0/390: loss=1.295397 (51ms)
  step 1/390: loss=1.345714 (49ms)
  step 2/390: loss=1.216155 (48ms)
  step 100/390: loss=1.189947 (46ms)
  step 200/390: loss=1.153784 (49ms)
  step 300/390: loss=1.295665 (46ms)
Epoch 2/30: loss=1.182730 lr=0.002000 (18946ms)
  step 0/390: loss=1.072839 (50ms)
  step 1/390: loss=1.331942 (46ms)
  step 2/390: loss=1.018591 (47ms)
  step 100/390: loss=0.928408 (44ms)
  step 200/390: loss=1.102738 (46ms)
  step 300/390: loss=1.040052 (47ms)
Epoch 3/30: loss=1.033325 lr=0.002000 (18855ms)
  step 0/390: loss=1.048921 (50ms)
  step 1/390: loss=0.977559 (47ms)
  step 2/390: loss=0.892247 (50ms)
  step 100/390: loss=1.052010 (41ms)
  step 200/390: loss=0.865436 (41ms)
  step 300/390: loss=0.980290 (52ms)
Epoch 4/30: loss=0.937125 lr=0.002000 (19634ms)
  step 0/390: loss=0.867100 (51ms)
  step 1/390: loss=1.024790 (53ms)
  step 2/390: loss=0.908198 (52ms)
  step 100/390: loss=0.759306 (49ms)
  step 200/390: loss=0.912445 (48ms)
  step 300/390: loss=0.782249 (46ms)
Epoch 5/30: loss=0.863300 lr=0.002000 (19756ms)
  step 0/390: loss=0.924004 (51ms)
  step 1/390: loss=0.720964 (46ms)
  step 2/390: loss=0.848465 (45ms)
  step 100/390: loss=0.801479 (47ms)
  step 200/390: loss=0.906764 (48ms)
  step 300/390: loss=0.734391 (42ms)
Epoch 6/30: loss=0.800674 lr=0.002000 (19729ms)
  step 0/390: loss=0.690077 (51ms)
  step 1/390: loss=0.587468 (50ms)
  step 2/390: loss=0.696051 (49ms)
  step 100/390: loss=0.764080 (44ms)
  step 200/390: loss=0.643298 (45ms)
  step 300/390: loss=0.749282 (49ms)
Epoch 7/30: loss=0.747318 lr=0.002000 (19496ms)
  step 0/390: loss=0.652839 (56ms)
  step 1/390: loss=0.662904 (49ms)
  step 2/390: loss=0.547942 (47ms)
  step 100/390: loss=0.663474 (48ms)
  step 200/390: loss=0.722922 (48ms)
  step 300/390: loss=0.805166 (47ms)
Epoch 8/30: loss=0.701409 lr=0.002000 (19552ms)
  step 0/390: loss=0.573930 (48ms)
  step 1/390: loss=0.619757 (44ms)
  step 2/390: loss=0.569703 (43ms)
  step 100/390: loss=0.572238 (44ms)
  step 200/390: loss=0.622958 (45ms)
  step 300/390: loss=0.665600 (42ms)
Epoch 9/30: loss=0.660686 lr=0.002000 (19522ms)
  step 0/390: loss=0.624714 (52ms)
  step 1/390: loss=0.650262 (48ms)
  step 2/390: loss=0.541672 (49ms)
  step 100/390: loss=0.713868 (52ms)
  step 200/390: loss=0.830426 (49ms)
  step 300/390: loss=0.507091 (49ms)
Epoch 10/30: loss=0.614173 lr=0.002000 (19876ms)
  val accuracy (running BN): 6881/9984 = 68.920272%
  step 0/390: loss=0.469491 (48ms)
  step 1/390: loss=0.493095 (46ms)
  step 2/390: loss=0.569506 (46ms)
  step 100/390: loss=0.556636 (49ms)
  step 200/390: loss=0.508544 (48ms)
  step 300/390: loss=0.562145 (52ms)
Epoch 11/30: loss=0.576201 lr=0.002000 (19634ms)
  step 0/390: loss=0.505769 (53ms)
  step 1/390: loss=0.592567 (48ms)
  step 2/390: loss=0.436201 (48ms)
  step 100/390: loss=0.537648 (49ms)
  step 200/390: loss=0.585824 (46ms)
  step 300/390: loss=0.604788 (46ms)
Epoch 12/30: loss=0.535307 lr=0.002000 (19739ms)
  step 0/390: loss=0.646350 (53ms)
  step 1/390: loss=0.588861 (49ms)
  step 2/390: loss=0.403968 (49ms)
  step 100/390: loss=0.497110 (45ms)
  step 200/390: loss=0.452912 (46ms)
  step 300/390: loss=0.530290 (47ms)
Epoch 13/30: loss=0.500094 lr=0.002000 (19715ms)
  step 0/390: loss=0.480720 (48ms)
  step 1/390: loss=0.509446 (46ms)
  step 2/390: loss=0.412827 (45ms)
  step 100/390: loss=0.470973 (45ms)
  step 200/390: loss=0.417890 (45ms)
  step 300/390: loss=0.430225 (46ms)
Epoch 14/30: loss=0.457034 lr=0.002000 (20049ms)
  step 0/390: loss=0.336515 (49ms)
  step 1/390: loss=0.347157 (48ms)
  step 2/390: loss=0.407860 (50ms)
  step 100/390: loss=0.418306 (48ms)
  step 200/390: loss=0.447881 (53ms)
  step 300/390: loss=0.416452 (55ms)
Epoch 15/30: loss=0.419394 lr=0.002000 (19967ms)
  step 0/390: loss=0.224493 (51ms)
  step 1/390: loss=0.349988 (52ms)
  step 2/390: loss=0.418514 (49ms)
  step 100/390: loss=0.337857 (49ms)
  step 200/390: loss=0.392878 (52ms)
  step 300/390: loss=0.353157 (47ms)
Epoch 16/30: loss=0.389381 lr=0.002000 (19820ms)
  step 0/390: loss=0.361090 (48ms)
  step 1/390: loss=0.505113 (49ms)
  step 2/390: loss=0.418591 (46ms)
  step 100/390: loss=0.357838 (53ms)
  step 200/390: loss=0.361150 (43ms)
  step 300/390: loss=0.317276 (44ms)
Epoch 17/30: loss=0.350698 lr=0.002000 (19411ms)
  step 0/390: loss=0.240355 (46ms)
  step 1/390: loss=0.285466 (43ms)
  step 2/390: loss=0.297170 (43ms)
  step 100/390: loss=0.328720 (44ms)
  step 200/390: loss=0.295355 (45ms)
  step 300/390: loss=0.358615 (43ms)
Epoch 18/30: loss=0.319536 lr=0.002000 (19391ms)
  step 0/390: loss=0.313139 (48ms)
  step 1/390: loss=0.344307 (47ms)
  step 2/390: loss=0.262308 (45ms)
  step 100/390: loss=0.304962 (41ms)
  step 200/390: loss=0.263954 (44ms)
  step 300/390: loss=0.370173 (49ms)
Epoch 19/30: loss=0.283244 lr=0.002000 (19359ms)
  step 0/390: loss=0.260673 (48ms)
  step 1/390: loss=0.230034 (47ms)
  step 2/390: loss=0.180570 (46ms)
  step 100/390: loss=0.243822 (49ms)
  step 200/390: loss=0.261816 (43ms)
  step 300/390: loss=0.226062 (45ms)
Epoch 20/30: loss=0.251113 lr=0.002000 (19342ms)
  val accuracy (running BN): 7187/9984 = 71.985176%
  step 0/390: loss=0.277752 (48ms)
  step 1/390: loss=0.195549 (44ms)
  step 2/390: loss=0.185689 (43ms)
  step 100/390: loss=0.196614 (48ms)
  step 200/390: loss=0.159649 (46ms)
  step 300/390: loss=0.149367 (43ms)
Epoch 21/30: loss=0.224060 lr=0.002000 (19387ms)
  step 0/390: loss=0.156048 (54ms)
  step 1/390: loss=0.213040 (50ms)
  step 2/390: loss=0.249084 (47ms)
  step 100/390: loss=0.183265 (50ms)
  step 200/390: loss=0.216841 (47ms)
  step 300/390: loss=0.226469 (46ms)
Epoch 22/30: loss=0.198377 lr=0.002000 (19396ms)
  step 0/390: loss=0.128612 (52ms)
  step 1/390: loss=0.233767 (50ms)
  step 2/390: loss=0.157161 (48ms)
  step 100/390: loss=0.114410 (46ms)
  step 200/390: loss=0.200445 (44ms)
  step 300/390: loss=0.218602 (50ms)
Epoch 23/30: loss=0.169467 lr=0.002000 (19843ms)
  step 0/390: loss=0.131585 (54ms)
  step 1/390: loss=0.189227 (49ms)
  step 2/390: loss=0.139496 (50ms)
  step 100/390: loss=0.091120 (45ms)
  step 200/390: loss=0.123153 (46ms)
  step 300/390: loss=0.221166 (46ms)
Epoch 24/30: loss=0.144455 lr=0.002000 (19167ms)
  step 0/390: loss=0.094768 (50ms)
  step 1/390: loss=0.128884 (49ms)
  step 2/390: loss=0.129825 (49ms)
  step 100/390: loss=0.179525 (49ms)
  step 200/390: loss=0.148742 (49ms)
  step 300/390: loss=0.160710 (46ms)
Epoch 25/30: loss=0.129389 lr=0.002000 (19593ms)
  step 0/390: loss=0.097198 (53ms)
  step 1/390: loss=0.090569 (47ms)
  step 2/390: loss=0.135032 (47ms)
  step 100/390: loss=0.089321 (49ms)
  step 200/390: loss=0.094235 (45ms)
  step 300/390: loss=0.109380 (48ms)
Epoch 26/30: loss=0.106928 lr=0.002000 (19702ms)
  step 0/390: loss=0.089029 (47ms)
  step 1/390: loss=0.081455 (44ms)
  step 2/390: loss=0.072792 (48ms)
  step 100/390: loss=0.105451 (47ms)
  step 200/390: loss=0.095711 (47ms)
  step 300/390: loss=0.054448 (52ms)
Epoch 27/30: loss=0.091576 lr=0.002000 (19663ms)
  step 0/390: loss=0.067096 (47ms)
  step 1/390: loss=0.088419 (48ms)
  step 2/390: loss=0.079202 (48ms)
  step 100/390: loss=0.066437 (49ms)
  step 200/390: loss=0.064966 (49ms)
  step 300/390: loss=0.096069 (42ms)
Epoch 28/30: loss=0.076928 lr=0.002000 (19441ms)
  step 0/390: loss=0.068375 (50ms)
  step 1/390: loss=0.042729 (47ms)
  step 2/390: loss=0.086778 (51ms)
  step 100/390: loss=0.044013 (48ms)
  step 200/390: loss=0.048028 (47ms)
  step 300/390: loss=0.043783 (47ms)
Epoch 29/30: loss=0.065496 lr=0.002000 (19625ms)
  step 0/390: loss=0.041541 (51ms)
  step 1/390: loss=0.061818 (45ms)
  step 2/390: loss=0.053122 (46ms)
  step 100/390: loss=0.048808 (45ms)
  step 200/390: loss=0.061952 (43ms)
  step 300/390: loss=0.050480 (42ms)
Epoch 30/30: loss=0.055182 lr=0.002000 (19528ms)
  val accuracy (running BN): 7241/9984 = 72.526042%
Saved params + BN stats.
