Ablation: linear-sgd
  spec: MNIST-Linear, optimizer: SGD
  lr: 0.100000, cosine: false, wd: 0.000000
  aug: false, label_smooth: 0.000000
MNIST-Linear-linear-sgd: 7850 params
Generating train step MLIR...
  5199 chars
Compiling vmfbs...
  forward compiled
  eval forward compiled
  train step compiled
  session loaded
  train: 60000 images (784 floats/image)
  7850 params + m + v (0 MB)
training: 468 batches/epoch, batch=128, Adam, lr=0.100000, cosine warmup=0, label_smooth=0.1, wd=0.000000
  BN layers: 0, BN stat floats: 0
  step 0/468: loss=2.301343 (10ms)
  step 1/468: loss=2.132404 (2ms)
  step 2/468: loss=2.038641 (2ms)
  step 100/468: loss=0.411894 (2ms)
  step 200/468: loss=0.282299 (2ms)
  step 300/468: loss=0.227787 (2ms)
  step 400/468: loss=0.576075 (2ms)
Epoch 1/12: loss=0.381019 lr=0.100000 (1029ms)
  step 0/468: loss=0.286338 (4ms)
  step 1/468: loss=0.270811 (3ms)
  step 2/468: loss=0.133555 (2ms)
  step 100/468: loss=0.316391 (2ms)
  step 200/468: loss=0.218197 (2ms)
  step 300/468: loss=0.417346 (3ms)
  step 400/468: loss=0.313449 (3ms)
Epoch 2/12: loss=0.300518 lr=0.100000 (1008ms)
  step 0/468: loss=0.232461 (3ms)
  step 1/468: loss=0.275867 (2ms)
  step 2/468: loss=0.502183 (2ms)
  step 100/468: loss=0.402177 (2ms)
  step 200/468: loss=0.286412 (2ms)
  step 300/468: loss=0.250085 (2ms)
  step 400/468: loss=0.320728 (2ms)
Epoch 3/12: loss=0.289204 lr=0.100000 (1041ms)
  step 0/468: loss=0.344357 (3ms)
  step 1/468: loss=0.178193 (2ms)
  step 2/468: loss=0.277651 (2ms)
  step 100/468: loss=0.229822 (2ms)
  step 200/468: loss=0.123786 (2ms)
  step 300/468: loss=0.413535 (2ms)
  step 400/468: loss=0.260137 (2ms)
Epoch 4/12: loss=0.282829 lr=0.100000 (994ms)
  step 0/468: loss=0.210988 (3ms)
  step 1/468: loss=0.372097 (2ms)
  step 2/468: loss=0.273373 (3ms)
  step 100/468: loss=0.282246 (2ms)
  step 200/468: loss=0.198638 (2ms)
  step 300/468: loss=0.267162 (3ms)
  step 400/468: loss=0.343250 (2ms)
Epoch 5/12: loss=0.277735 lr=0.100000 (994ms)
  step 0/468: loss=0.209758 (4ms)
  step 1/468: loss=0.279543 (2ms)
  step 2/468: loss=0.383358 (2ms)
  step 100/468: loss=0.276237 (2ms)
  step 200/468: loss=0.252984 (2ms)
  step 300/468: loss=0.183362 (2ms)
  step 400/468: loss=0.384530 (3ms)
Epoch 6/12: loss=0.273606 lr=0.100000 (997ms)
  step 0/468: loss=0.323766 (3ms)
  step 1/468: loss=0.248865 (2ms)
  step 2/468: loss=0.154249 (3ms)
  step 100/468: loss=0.359220 (2ms)
  step 200/468: loss=0.285138 (2ms)
  step 300/468: loss=0.209843 (2ms)
  step 400/468: loss=0.365306 (2ms)
Epoch 7/12: loss=0.271623 lr=0.100000 (991ms)
  step 0/468: loss=0.199086 (3ms)
  step 1/468: loss=0.319801 (2ms)
  step 2/468: loss=0.154059 (2ms)
  step 100/468: loss=0.165117 (2ms)
  step 200/468: loss=0.238838 (2ms)
  step 300/468: loss=0.312556 (2ms)
  step 400/468: loss=0.235174 (2ms)
Epoch 8/12: loss=0.268908 lr=0.100000 (1008ms)
  step 0/468: loss=0.423839 (2ms)
  step 1/468: loss=0.299866 (3ms)
  step 2/468: loss=0.144193 (2ms)
  step 100/468: loss=0.235344 (2ms)
  step 200/468: loss=0.273047 (2ms)
  step 300/468: loss=0.257313 (3ms)
  step 400/468: loss=0.354335 (2ms)
Epoch 9/12: loss=0.266763 lr=0.100000 (1026ms)
  step 0/468: loss=0.289657 (3ms)
  step 1/468: loss=0.254209 (3ms)
  step 2/468: loss=0.548604 (3ms)
  step 100/468: loss=0.127891 (2ms)
  step 200/468: loss=0.198383 (2ms)
  step 300/468: loss=0.296599 (2ms)
  step 400/468: loss=0.233837 (2ms)
Epoch 10/12: loss=0.265967 lr=0.100000 (1020ms)
  val accuracy (running BN): 9219/9984 = 92.337740%
  step 0/468: loss=0.196798 (3ms)
  step 1/468: loss=0.134863 (2ms)
  step 2/468: loss=0.257378 (2ms)
  step 100/468: loss=0.167963 (2ms)
  step 200/468: loss=0.268974 (2ms)
  step 300/468: loss=0.512778 (2ms)
  step 400/468: loss=0.219473 (2ms)
Epoch 11/12: loss=0.265719 lr=0.100000 (993ms)
  step 0/468: loss=0.344044 (3ms)
  step 1/468: loss=0.326232 (2ms)
  step 2/468: loss=0.231118 (2ms)
  step 100/468: loss=0.173582 (2ms)
  step 200/468: loss=0.173697 (2ms)
  step 300/468: loss=0.183727 (2ms)
  step 400/468: loss=0.254836 (3ms)
Epoch 12/12: loss=0.263504 lr=0.100000 (1019ms)
  val accuracy (running BN): 9175/9984 = 91.897035%
Saved params + BN stats.
