Ablation: r34-no-aug
  spec: ResNet-34, optimizer: Adam
  lr: 0.001000, cosine: true, wd: 0.000100
  aug: false, label_smooth: 0.100000
ResNet-34-r34-no-aug: 21289802 params
Generating train step MLIR...
  549653 chars
Compiling vmfbs...
  forward (cached)
  eval forward (cached)
  train step (cached)
  session loaded
  train: 9469 images (196608 floats/image)
  21289802 params + m + v (243 MB)
training: 295 batches/epoch, batch=32, Adam, lr=0.001000, cosine warmup=3, label_smooth=0.100000, wd=0.000100
  BN layers: 36, BN stat floats: 17024
  step 0/295: loss=3.564307 (1542ms)
  step 1/295: loss=5.007057 (1534ms)
  step 2/295: loss=3.097383 (1442ms)
  step 100/295: loss=2.153395 (1414ms)
  step 200/295: loss=1.618303 (1387ms)
Epoch 1/80: loss=1.816696 lr=0.000333 (420934ms)
  step 0/295: loss=1.511293 (1420ms)
  step 1/295: loss=1.542772 (1407ms)
  step 2/295: loss=1.284108 (1416ms)
  step 100/295: loss=1.470371 (1413ms)
  step 200/295: loss=1.400258 (1410ms)
Epoch 2/80: loss=1.493522 lr=0.000667 (421175ms)
  step 0/295: loss=1.138063 (1404ms)
  step 1/295: loss=1.502353 (1394ms)
  step 2/295: loss=1.309909 (1407ms)
  step 100/295: loss=1.201797 (1403ms)
  step 200/295: loss=1.034346 (1425ms)
Epoch 3/80: loss=1.357783 lr=0.001000 (421774ms)
  step 0/295: loss=1.304799 (1424ms)
  step 1/295: loss=0.935424 (1399ms)
  step 2/295: loss=1.200287 (1390ms)
  step 100/295: loss=1.142859 (1405ms)
  step 200/295: loss=1.223159 (1425ms)
Epoch 4/80: loss=1.211526 lr=0.001000 (421496ms)
  step 0/295: loss=1.035128 (1419ms)
  step 1/295: loss=1.222078 (1402ms)
  step 2/295: loss=1.244800 (1400ms)
  step 100/295: loss=1.359256 (1392ms)
  step 200/295: loss=1.040139 (1415ms)
Epoch 5/80: loss=1.107736 lr=0.001000 (421872ms)
  step 0/295: loss=0.934887 (1410ms)
  step 1/295: loss=0.880235 (1402ms)
  step 2/295: loss=0.953272 (1424ms)
  step 100/295: loss=1.168487 (1397ms)
  step 200/295: loss=1.091840 (1408ms)
Epoch 6/80: loss=1.033766 lr=0.000998 (421771ms)
  step 0/295: loss=0.876073 (1417ms)
  step 1/295: loss=1.023439 (1424ms)
  step 2/295: loss=0.919572 (1413ms)
  step 100/295: loss=0.977504 (1420ms)
  step 200/295: loss=0.937663 (1424ms)
Epoch 7/80: loss=0.981761 lr=0.000996 (421937ms)
  step 0/295: loss=0.894680 (1386ms)
  step 1/295: loss=1.045794 (1375ms)
  step 2/295: loss=1.045040 (1368ms)
  step 100/295: loss=1.122452 (1380ms)
  step 200/295: loss=0.955291 (1410ms)
Epoch 8/80: loss=0.930251 lr=0.000993 (420661ms)
  step 0/295: loss=0.941530 (1415ms)
  step 1/295: loss=0.873047 (1411ms)
  step 2/295: loss=1.088849 (1401ms)
  step 100/295: loss=0.790089 (1418ms)
  step 200/295: loss=0.817393 (1381ms)
Epoch 9/80: loss=0.881515 lr=0.000990 (421679ms)
  step 0/295: loss=0.745194 (1412ms)
  step 1/295: loss=0.804240 (1401ms)
  step 2/295: loss=0.759756 (1416ms)
  step 100/295: loss=0.946761 (1393ms)
  step 200/295: loss=0.775728 (1393ms)
Epoch 10/80: loss=0.825364 lr=0.000985 (421908ms)
  val accuracy (running BN): 2796/3904 = 71.618852%
  step 0/295: loss=0.839106 (1405ms)
  step 1/295: loss=0.693001 (1399ms)
  step 2/295: loss=0.776217 (1420ms)
  step 100/295: loss=1.010281 (1381ms)
  step 200/295: loss=0.742104 (1410ms)
Epoch 11/80: loss=0.777583 lr=0.000980 (421784ms)
  step 0/295: loss=0.772982 (1398ms)
  step 1/295: loss=0.645444 (1395ms)
  step 2/295: loss=0.650652 (1401ms)
  step 100/295: loss=0.649391 (1407ms)
  step 200/295: loss=0.654874 (1408ms)
Epoch 12/80: loss=0.729531 lr=0.000974 (421650ms)
  step 0/295: loss=0.812479 (1427ms)
  step 1/295: loss=0.676066 (1417ms)
  step 2/295: loss=0.804198 (1404ms)
  step 100/295: loss=0.707274 (1425ms)
  step 200/295: loss=0.768707 (1392ms)
Epoch 13/80: loss=0.683235 lr=0.000967 (421708ms)
  step 0/295: loss=0.683578 (1400ms)
  step 1/295: loss=0.622484 (1409ms)
  step 2/295: loss=0.675245 (1383ms)
  step 100/295: loss=0.578272 (1413ms)
  step 200/295: loss=0.625311 (1418ms)
Epoch 14/80: loss=0.639778 lr=0.000959 (421620ms)
  step 0/295: loss=0.623025 (1393ms)
  step 1/295: loss=0.621255 (1405ms)
  step 2/295: loss=0.591723 (1395ms)
  step 100/295: loss=0.586982 (1431ms)
  step 200/295: loss=0.570216 (1411ms)
Epoch 15/80: loss=0.620550 lr=0.000950 (421645ms)
  step 0/295: loss=0.611521 (1415ms)
  step 1/295: loss=0.596683 (1425ms)
  step 2/295: loss=0.581870 (1426ms)
  step 100/295: loss=0.573690 (1399ms)
  step 200/295: loss=0.608489 (1408ms)
Epoch 16/80: loss=0.598123 lr=0.000941 (421649ms)
  step 0/295: loss=0.569410 (1390ms)
  step 1/295: loss=0.619343 (1400ms)
  step 2/295: loss=0.569743 (1396ms)
  step 100/295: loss=0.542665 (1413ms)
  step 200/295: loss=0.552652 (1399ms)
Epoch 17/80: loss=0.605531 lr=0.000931 (422362ms)
  step 0/295: loss=0.641186 (1423ms)
  step 1/295: loss=0.594079 (1431ms)
  step 2/295: loss=0.602536 (1428ms)
  step 100/295: loss=0.640679 (1433ms)
  step 200/295: loss=0.589631 (1424ms)
Epoch 18/80: loss=0.624170 lr=0.000921 (422417ms)
  step 0/295: loss=0.619241 (1421ms)
  step 1/295: loss=0.559469 (1423ms)
  step 2/295: loss=0.598827 (1414ms)
  step 100/295: loss=0.572596 (1404ms)
  step 200/295: loss=0.582212 (1421ms)
Epoch 19/80: loss=0.594901 lr=0.000909 (420822ms)
  step 0/295: loss=0.608762 (1418ms)
  step 1/295: loss=0.539739 (1431ms)
  step 2/295: loss=0.607342 (1411ms)
  step 100/295: loss=0.551459 (1415ms)
  step 200/295: loss=0.575374 (1398ms)
Epoch 20/80: loss=0.576584 lr=0.000897 (419087ms)
  val accuracy (running BN): 3025/3904 = 77.484631%
  step 0/295: loss=0.576978 (1422ms)
  step 1/295: loss=0.571178 (1405ms)
  step 2/295: loss=0.564960 (1431ms)
  step 100/295: loss=0.556536 (1408ms)
  step 200/295: loss=0.572772 (1385ms)
Epoch 21/80: loss=0.580807 lr=0.000884 (421009ms)
  step 0/295: loss=0.568383 (1392ms)
  step 1/295: loss=0.746442 (1423ms)
  step 2/295: loss=0.685429 (1395ms)
  step 100/295: loss=0.588348 (1417ms)
  step 200/295: loss=0.541253 (1396ms)
Epoch 22/80: loss=0.574559 lr=0.000871 (422149ms)
  step 0/295: loss=0.639363 (1429ms)
  step 1/295: loss=0.558572 (1414ms)
  step 2/295: loss=0.613633 (1438ms)
  step 100/295: loss=0.624891 (1420ms)
  step 200/295: loss=0.523512 (1398ms)
Epoch 23/80: loss=0.552157 lr=0.000857 (420767ms)
  step 0/295: loss=0.539311 (1397ms)
  step 1/295: loss=0.529971 (1389ms)
  step 2/295: loss=0.530960 (1382ms)
  step 100/295: loss=0.535543 (1424ms)
  step 200/295: loss=0.556586 (1429ms)
Epoch 24/80: loss=0.554755 lr=0.000843 (420484ms)
  step 0/295: loss=0.593402 (1424ms)
  step 1/295: loss=0.750932 (1439ms)
  step 2/295: loss=0.840019 (1414ms)
  step 100/295: loss=0.570686 (1395ms)
  step 200/295: loss=0.548823 (1399ms)
Epoch 25/80: loss=0.595233 lr=0.000827 (420486ms)
  step 0/295: loss=0.553030 (1422ms)
  step 1/295: loss=0.541924 (1398ms)
  step 2/295: loss=0.542748 (1422ms)
  step 100/295: loss=0.527758 (1432ms)
  step 200/295: loss=0.542739 (1417ms)
Epoch 26/80: loss=0.562878 lr=0.000812 (420735ms)
  step 0/295: loss=0.590739 (1360ms)
  step 1/295: loss=0.617279 (1370ms)
  step 2/295: loss=0.539704 (1383ms)
  step 100/295: loss=0.536040 (1409ms)
  step 200/295: loss=0.542139 (1412ms)
Epoch 27/80: loss=0.562958 lr=0.000796 (420779ms)
  step 0/295: loss=0.568156 (1378ms)
  step 1/295: loss=0.561621 (1389ms)
  step 2/295: loss=0.549050 (1414ms)
  step 100/295: loss=0.528224 (1390ms)
  step 200/295: loss=0.533817 (1398ms)
Epoch 28/80: loss=0.530846 lr=0.000779 (421157ms)
  step 0/295: loss=0.518820 (1378ms)
  step 1/295: loss=0.513739 (1381ms)
  step 2/295: loss=0.514932 (1392ms)
  step 100/295: loss=0.633815 (1411ms)
  step 200/295: loss=0.509060 (1400ms)
Epoch 29/80: loss=0.517772 lr=0.000762 (421228ms)
  step 0/295: loss=0.510229 (1435ms)
  step 1/295: loss=0.525434 (1430ms)
  step 2/295: loss=0.519673 (1425ms)
  step 100/295: loss=0.586149 (1416ms)
  step 200/295: loss=0.557707 (1395ms)
Epoch 30/80: loss=0.583523 lr=0.000744 (421265ms)
  val accuracy (running BN): 2937/3904 = 75.230533%
  step 0/295: loss=0.544970 (1407ms)
  step 1/295: loss=0.572751 (1398ms)
  step 2/295: loss=0.662166 (1428ms)
  step 100/295: loss=0.590097 (1389ms)
  step 200/295: loss=0.520544 (1423ms)
Epoch 31/80: loss=0.543304 lr=0.000726 (420732ms)
  step 0/295: loss=0.522348 (1382ms)
  step 1/295: loss=0.534248 (1380ms)
  step 2/295: loss=0.517610 (1403ms)
  step 100/295: loss=0.512203 (1426ms)
  step 200/295: loss=0.507460 (1412ms)
Epoch 32/80: loss=0.516926 lr=0.000708 (421821ms)
  step 0/295: loss=0.509187 (1414ms)
  step 1/295: loss=0.524966 (1411ms)
  step 2/295: loss=0.510190 (1386ms)
  step 100/295: loss=0.515184 (1371ms)
  step 200/295: loss=0.554448 (1385ms)
Epoch 33/80: loss=0.521615 lr=0.000689 (420392ms)
  step 0/295: loss=0.511334 (1388ms)
  step 1/295: loss=0.593791 (1387ms)
  step 2/295: loss=0.510341 (1410ms)
  step 100/295: loss=0.507510 (1429ms)
  step 200/295: loss=0.532198 (1418ms)
Epoch 34/80: loss=0.530681 lr=0.000670 (421139ms)
  step 0/295: loss=0.514844 (1411ms)
  step 1/295: loss=0.528787 (1401ms)
  step 2/295: loss=0.518822 (1420ms)
  step 100/295: loss=0.509130 (1375ms)
  step 200/295: loss=0.512972 (1408ms)
Epoch 35/80: loss=0.522149 lr=0.000651 (420925ms)
  step 0/295: loss=0.525314 (1399ms)
  step 1/295: loss=0.540998 (1378ms)
  step 2/295: loss=0.513200 (1384ms)
  step 100/295: loss=0.527490 (1417ms)
  step 200/295: loss=0.528514 (1383ms)
Epoch 36/80: loss=0.549624 lr=0.000631 (420821ms)
  step 0/295: loss=0.519392 (1425ms)
  step 1/295: loss=0.533962 (1419ms)
  step 2/295: loss=0.555065 (1398ms)
  step 100/295: loss=0.562008 (1386ms)
  step 200/295: loss=0.510819 (1409ms)
Epoch 37/80: loss=0.525639 lr=0.000611 (420343ms)
  step 0/295: loss=0.511942 (1393ms)
  step 1/295: loss=0.506076 (1399ms)
  step 2/295: loss=0.504228 (1389ms)
  step 100/295: loss=0.508061 (1438ms)
  step 200/295: loss=0.509147 (1372ms)
Epoch 38/80: loss=0.509378 lr=0.000591 (420504ms)
  step 0/295: loss=0.536052 (1424ms)
  step 1/295: loss=0.533547 (1411ms)
  step 2/295: loss=0.513288 (1396ms)
  step 100/295: loss=0.509438 (1394ms)
  step 200/295: loss=0.507718 (1417ms)
Epoch 39/80: loss=0.516177 lr=0.000571 (421244ms)
  step 0/295: loss=0.517984 (1378ms)
  step 1/295: loss=0.507480 (1387ms)
  step 2/295: loss=0.509795 (1394ms)
  step 100/295: loss=0.509368 (1397ms)
  step 200/295: loss=0.504946 (1405ms)
Epoch 40/80: loss=0.512851 lr=0.000551 (420714ms)
  val accuracy (running BN): 3177/3904 = 81.378074%
  step 0/295: loss=0.510400 (1434ms)
  step 1/295: loss=0.506587 (1402ms)
  step 2/295: loss=0.512921 (1433ms)
  step 100/295: loss=0.515136 (1398ms)
  step 200/295: loss=0.520226 (1403ms)
Epoch 41/80: loss=0.536536 lr=0.000531 (419887ms)
  step 0/295: loss=0.517227 (1404ms)
  step 1/295: loss=0.520601 (1400ms)
  step 2/295: loss=0.517863 (1380ms)
  step 100/295: loss=0.517549 (1423ms)
  step 200/295: loss=0.509899 (1388ms)
Epoch 42/80: loss=0.521439 lr=0.000510 (421086ms)
  step 0/295: loss=0.522823 (1442ms)
  step 1/295: loss=0.517044 (1426ms)
  step 2/295: loss=0.508629 (1396ms)
  step 100/295: loss=0.508264 (1388ms)
  step 200/295: loss=0.504947 (1417ms)
Epoch 43/80: loss=0.516733 lr=0.000490 (421181ms)
  step 0/295: loss=0.506451 (1366ms)
  step 1/295: loss=0.506059 (1352ms)
  step 2/295: loss=0.505805 (1375ms)
  step 100/295: loss=0.504539 (1408ms)
  step 200/295: loss=0.504367 (1396ms)
Epoch 44/80: loss=0.507602 lr=0.000469 (420247ms)
  step 0/295: loss=0.503622 (1367ms)
  step 1/295: loss=0.502743 (1373ms)
  step 2/295: loss=0.504264 (1379ms)
  step 100/295: loss=0.502350 (1411ms)
  step 200/295: loss=0.502843 (1375ms)
Epoch 45/80: loss=0.503257 lr=0.000449 (420677ms)
  step 0/295: loss=0.501906 (1422ms)
  step 1/295: loss=0.503800 (1413ms)
  step 2/295: loss=0.502022 (1426ms)
  step 100/295: loss=0.503976 (1405ms)
  step 200/295: loss=0.502287 (1410ms)
Epoch 46/80: loss=0.502431 lr=0.000429 (420404ms)
  step 0/295: loss=0.502177 (1427ms)
  step 1/295: loss=0.502142 (1417ms)
  step 2/295: loss=0.501961 (1394ms)
  step 100/295: loss=0.501492 (1403ms)
  step 200/295: loss=0.501633 (1411ms)
Epoch 47/80: loss=0.501873 lr=0.000409 (420995ms)
  step 0/295: loss=0.501721 (1417ms)
  step 1/295: loss=0.501126 (1415ms)
  step 2/295: loss=0.501598 (1415ms)
  step 100/295: loss=0.501164 (1397ms)
  step 200/295: loss=0.504814 (1424ms)
Epoch 48/80: loss=0.501779 lr=0.000389 (421937ms)
  step 0/295: loss=0.502488 (1387ms)
  step 1/295: loss=0.501138 (1399ms)
  step 2/295: loss=0.501553 (1394ms)
  step 100/295: loss=0.502054 (1409ms)
  step 200/295: loss=0.501258 (1417ms)
Epoch 49/80: loss=0.501518 lr=0.000369 (421702ms)
  step 0/295: loss=0.501642 (1417ms)
  step 1/295: loss=0.501382 (1391ms)
  step 2/295: loss=0.502360 (1399ms)
  step 100/295: loss=0.501240 (1392ms)
  step 200/295: loss=0.501137 (1432ms)
Epoch 50/80: loss=0.501356 lr=0.000349 (421505ms)
  val accuracy (running BN): 3241/3904 = 83.017418%
  step 0/295: loss=0.501647 (1416ms)
  step 1/295: loss=0.501621 (1377ms)
  step 2/295: loss=0.501418 (1419ms)
  step 100/295: loss=0.501645 (1416ms)
  step 200/295: loss=0.502482 (1409ms)
Epoch 51/80: loss=0.501236 lr=0.000330 (420355ms)
  step 0/295: loss=0.501175 (1388ms)
  step 1/295: loss=0.501496 (1394ms)
  step 2/295: loss=0.500985 (1388ms)
  step 100/295: loss=0.501374 (1423ms)
  step 200/295: loss=0.501082 (1430ms)
Epoch 52/80: loss=0.501262 lr=0.000311 (421790ms)
  step 0/295: loss=0.500956 (1410ms)
  step 1/295: loss=0.501375 (1376ms)
  step 2/295: loss=0.501057 (1412ms)
  step 100/295: loss=0.501034 (1395ms)
  step 200/295: loss=0.501003 (1417ms)
Epoch 53/80: loss=0.507198 lr=0.000292 (421402ms)
  step 0/295: loss=0.532666 (1418ms)
  step 1/295: loss=0.534818 (1383ms)
  step 2/295: loss=0.540540 (1405ms)
  step 100/295: loss=0.506376 (1403ms)
  step 200/295: loss=0.505039 (1415ms)
Epoch 54/80: loss=0.518299 lr=0.000274 (421086ms)
  step 0/295: loss=0.502816 (1404ms)
  step 1/295: loss=0.503210 (1416ms)
  step 2/295: loss=0.502827 (1423ms)
  step 100/295: loss=0.501764 (1375ms)
  step 200/295: loss=0.501863 (1409ms)
Epoch 55/80: loss=0.502535 lr=0.000256 (421976ms)
  step 0/295: loss=0.501380 (1417ms)
  step 1/295: loss=0.501308 (1426ms)
  step 2/295: loss=0.501273 (1433ms)
  step 100/295: loss=0.501383 (1425ms)
  step 200/295: loss=0.501898 (1412ms)
Epoch 56/80: loss=0.501662 lr=0.000238 (421692ms)
  step 0/295: loss=0.500844 (1424ms)
  step 1/295: loss=0.501253 (1423ms)
  step 2/295: loss=0.501057 (1432ms)
  step 100/295: loss=0.502610 (1400ms)
  step 200/295: loss=0.501397 (1431ms)
Epoch 57/80: loss=0.501518 lr=0.000221 (421292ms)
  step 0/295: loss=0.501909 (1401ms)
  step 1/295: loss=0.501409 (1402ms)
  step 2/295: loss=0.501305 (1409ms)
  step 100/295: loss=0.501286 (1420ms)
  step 200/295: loss=0.501287 (1434ms)
Epoch 58/80: loss=0.501257 lr=0.000204 (422012ms)
  step 0/295: loss=0.500829 (1397ms)
  step 1/295: loss=0.501091 (1415ms)
  step 2/295: loss=0.501198 (1416ms)
  step 100/295: loss=0.501059 (1413ms)
  step 200/295: loss=0.501052 (1381ms)
Epoch 59/80: loss=0.501132 lr=0.000188 (421860ms)
  step 0/295: loss=0.500710 (1416ms)
  step 1/295: loss=0.501831 (1416ms)
  step 2/295: loss=0.501441 (1426ms)
  step 100/295: loss=0.501183 (1415ms)
  step 200/295: loss=0.500910 (1399ms)
Epoch 60/80: loss=0.501195 lr=0.000173 (421154ms)
  val accuracy (running BN): 3234/3904 = 82.838115%
  step 0/295: loss=0.501348 (1424ms)
  step 1/295: loss=0.500951 (1421ms)
  step 2/295: loss=0.500987 (1407ms)
  step 100/295: loss=0.500847 (1395ms)
  step 200/295: loss=0.501025 (1390ms)
Epoch 61/80: loss=0.501078 lr=0.000157 (420698ms)
  step 0/295: loss=0.501051 (1422ms)
  step 1/295: loss=0.500777 (1400ms)
  step 2/295: loss=0.500789 (1402ms)
  step 100/295: loss=0.500819 (1402ms)
  step 200/295: loss=0.500812 (1391ms)
Epoch 62/80: loss=0.500955 lr=0.000143 (421116ms)
  step 0/295: loss=0.500654 (1404ms)
  step 1/295: loss=0.500697 (1399ms)
  step 2/295: loss=0.500912 (1414ms)
  step 100/295: loss=0.500754 (1390ms)
  step 200/295: loss=0.500722 (1399ms)
Epoch 63/80: loss=0.500871 lr=0.000129 (421393ms)
  step 0/295: loss=0.500578 (1405ms)
  step 1/295: loss=0.500895 (1415ms)
  step 2/295: loss=0.500741 (1431ms)
  step 100/295: loss=0.500840 (1398ms)
  step 200/295: loss=0.500628 (1416ms)
Epoch 64/80: loss=0.500781 lr=0.000116 (421158ms)
  step 0/295: loss=0.500777 (1389ms)
  step 1/295: loss=0.500620 (1389ms)
  step 2/295: loss=0.500577 (1401ms)
  step 100/295: loss=0.500960 (1415ms)
  step 200/295: loss=0.500734 (1411ms)
Epoch 65/80: loss=0.500761 lr=0.000103 (421375ms)
  step 0/295: loss=0.500558 (1399ms)
  step 1/295: loss=0.500635 (1383ms)
  step 2/295: loss=0.500610 (1407ms)
  step 100/295: loss=0.500767 (1417ms)
  step 200/295: loss=0.500714 (1387ms)
Epoch 66/80: loss=0.500723 lr=0.000091 (421596ms)
  step 0/295: loss=0.500666 (1406ms)
  step 1/295: loss=0.500722 (1395ms)
  step 2/295: loss=0.500642 (1381ms)
  step 100/295: loss=0.500696 (1417ms)
  step 200/295: loss=0.500905 (1430ms)
Epoch 67/80: loss=0.500677 lr=0.000079 (421605ms)
  step 0/295: loss=0.500793 (1387ms)
  step 1/295: loss=0.500662 (1388ms)
  step 2/295: loss=0.500673 (1386ms)
  step 100/295: loss=0.500941 (1423ms)
  step 200/295: loss=0.500736 (1409ms)
Epoch 68/80: loss=0.500677 lr=0.000069 (421802ms)
  step 0/295: loss=0.500555 (1423ms)
  step 1/295: loss=0.500661 (1406ms)
  step 2/295: loss=0.500646 (1425ms)
  step 100/295: loss=0.500587 (1384ms)
  step 200/295: loss=0.500577 (1408ms)
Epoch 69/80: loss=0.500642 lr=0.000059 (421736ms)
  step 0/295: loss=0.500591 (1405ms)
  step 1/295: loss=0.500561 (1375ms)
  step 2/295: loss=0.500570 (1384ms)
  step 100/295: loss=0.500816 (1392ms)
  step 200/295: loss=0.500579 (1404ms)
Epoch 70/80: loss=0.500619 lr=0.000050 (420850ms)
  val accuracy (running BN): 3238/3904 = 82.940574%
  step 0/295: loss=0.500625 (1408ms)
  step 1/295: loss=0.500569 (1386ms)
  step 2/295: loss=0.500694 (1390ms)
  step 100/295: loss=0.501214 (1409ms)
  step 200/295: loss=0.500520 (1387ms)
Epoch 71/80: loss=0.500624 lr=0.000041 (421950ms)
  step 0/295: loss=0.500639 (1375ms)
  step 1/295: loss=0.500550 (1388ms)
  step 2/295: loss=0.500671 (1388ms)
  step 100/295: loss=0.500600 (1396ms)
  step 200/295: loss=0.500637 (1425ms)
Epoch 72/80: loss=0.500603 lr=0.000033 (420986ms)
  step 0/295: loss=0.500564 (1412ms)
  step 1/295: loss=0.500606 (1395ms)
  step 2/295: loss=0.500562 (1401ms)
  step 100/295: loss=0.500667 (1406ms)
  step 200/295: loss=0.500479 (1438ms)
Epoch 73/80: loss=0.500575 lr=0.000026 (421783ms)
  step 0/295: loss=0.500535 (1422ms)
  step 1/295: loss=0.500535 (1408ms)
  step 2/295: loss=0.500473 (1394ms)
  step 100/295: loss=0.500516 (1421ms)
  step 200/295: loss=0.500535 (1412ms)
Epoch 74/80: loss=0.500573 lr=0.000020 (421217ms)
  step 0/295: loss=0.500524 (1397ms)
  step 1/295: loss=0.500526 (1391ms)
  step 2/295: loss=0.500445 (1406ms)
  step 100/295: loss=0.500545 (1402ms)
  step 200/295: loss=0.500503 (1407ms)
Epoch 75/80: loss=0.500573 lr=0.000015 (420828ms)
  step 0/295: loss=0.500494 (1428ms)
  step 1/295: loss=0.500549 (1416ms)
  step 2/295: loss=0.500470 (1395ms)
  step 100/295: loss=0.501746 (1429ms)
  step 200/295: loss=0.500459 (1401ms)
Epoch 76/80: loss=0.500550 lr=0.000010 (421534ms)
  step 0/295: loss=0.500442 (1418ms)
  step 1/295: loss=0.500514 (1403ms)
  step 2/295: loss=0.500490 (1422ms)
  step 100/295: loss=0.500485 (1414ms)
  step 200/295: loss=0.500575 (1400ms)
Epoch 77/80: loss=0.500549 lr=0.000007 (422491ms)
  step 0/295: loss=0.500504 (1385ms)
  step 1/295: loss=0.500509 (1385ms)
  step 2/295: loss=0.500434 (1422ms)
  step 100/295: loss=0.500474 (1390ms)
  step 200/295: loss=0.500559 (1394ms)
Epoch 78/80: loss=0.500541 lr=0.000004 (421480ms)
  step 0/295: loss=0.500530 (1383ms)
  step 1/295: loss=0.500578 (1398ms)
  step 2/295: loss=0.500522 (1404ms)
  step 100/295: loss=0.500469 (1394ms)
  step 200/295: loss=0.500593 (1423ms)
Epoch 79/80: loss=0.500532 lr=0.000002 (421793ms)
  step 0/295: loss=0.500565 (1378ms)
  step 1/295: loss=0.500491 (1427ms)
  step 2/295: loss=0.500579 (1425ms)
  step 100/295: loss=0.500582 (1378ms)
  step 200/295: loss=0.500484 (1383ms)
Epoch 80/80: loss=0.500526 lr=0.000000 (420576ms)
  val accuracy (running BN): 3229/3904 = 82.710041%
Saved params + BN stats.
