Ablation: cnn-nobn-sgd
  spec: MNIST-CNN-noBN, optimizer: SGD
  lr: 0.100000, cosine: false, wd: 0.000000
  aug: false, label_smooth: 0.000000
MNIST-CNN-noBN-cnn-nobn-sgd: 3489130 params
Generating train step MLIR...
  21884 chars
Compiling vmfbs...
  forward compiled
  eval forward compiled
  train step compiled
  session loaded
  train: 60000 images (784 floats/image)
  3489130 params + m + v (39 MB)
training: 468 batches/epoch, batch=128, Adam, lr=0.100000, cosine warmup=0, label_smooth=0.1, wd=0.000000
  BN layers: 0, BN stat floats: 0
  step 0/468: loss=2.404576 (94ms)
  step 1/468: loss=2.530717 (76ms)
  step 2/468: loss=2.249309 (77ms)
  step 100/468: loss=0.162702 (76ms)
  step 200/468: loss=0.054901 (74ms)
  step 300/468: loss=0.068540 (74ms)
  step 400/468: loss=0.152720 (75ms)
Epoch 1/12: loss=0.196587 lr=0.100000 (39327ms)
  step 0/468: loss=0.048627 (77ms)
  step 1/468: loss=0.013405 (80ms)
  step 2/468: loss=0.004100 (77ms)
  step 100/468: loss=0.018542 (75ms)
  step 200/468: loss=0.023244 (79ms)
  step 300/468: loss=0.027289 (73ms)
  step 400/468: loss=0.003634 (78ms)
Epoch 2/12: loss=0.043851 lr=0.100000 (39243ms)
  step 0/468: loss=0.011482 (80ms)
  step 1/468: loss=0.029155 (72ms)
  step 2/468: loss=0.036469 (72ms)
  step 100/468: loss=0.008732 (80ms)
  step 200/468: loss=0.015112 (72ms)
  step 300/468: loss=0.002033 (75ms)
  step 400/468: loss=0.035300 (75ms)
Epoch 3/12: loss=0.025374 lr=0.100000 (39119ms)
  step 0/468: loss=0.054423 (77ms)
  step 1/468: loss=0.026029 (79ms)
  step 2/468: loss=0.004438 (79ms)
  step 100/468: loss=0.007929 (75ms)
  step 200/468: loss=0.005605 (74ms)
  step 300/468: loss=0.022223 (77ms)
  step 400/468: loss=0.002657 (73ms)
Epoch 4/12: loss=0.014667 lr=0.100000 (39505ms)
  step 0/468: loss=0.009972 (72ms)
  step 1/468: loss=0.004715 (74ms)
  step 2/468: loss=0.035200 (73ms)
  step 100/468: loss=0.001102 (73ms)
  step 200/468: loss=0.005427 (73ms)
  step 300/468: loss=0.003356 (74ms)
  step 400/468: loss=0.016695 (78ms)
Epoch 5/12: loss=0.009847 lr=0.100000 (39030ms)
  step 0/468: loss=0.000269 (80ms)
  step 1/468: loss=0.004961 (80ms)
  step 2/468: loss=0.027979 (78ms)
  step 100/468: loss=0.000316 (73ms)
  step 200/468: loss=0.001883 (78ms)
  step 300/468: loss=0.019796 (75ms)
  step 400/468: loss=0.004907 (73ms)
Epoch 6/12: loss=0.008109 lr=0.100000 (39226ms)
  step 0/468: loss=0.001654 (78ms)
  step 1/468: loss=0.007881 (76ms)
  step 2/468: loss=0.000152 (79ms)
  step 100/468: loss=0.014025 (82ms)
  step 200/468: loss=0.000025 (70ms)
  step 300/468: loss=0.001134 (71ms)
  step 400/468: loss=0.002728 (73ms)
Epoch 7/12: loss=0.008859 lr=0.100000 (39120ms)
  step 0/468: loss=0.002285 (78ms)
  step 1/468: loss=0.002649 (76ms)
  step 2/468: loss=0.000730 (76ms)
  step 100/468: loss=0.000136 (77ms)
  step 200/468: loss=0.006223 (79ms)
  step 300/468: loss=0.000447 (78ms)
  step 400/468: loss=0.048920 (71ms)
Epoch 8/12: loss=0.005455 lr=0.100000 (39195ms)
  step 0/468: loss=0.000855 (77ms)
  step 1/468: loss=0.000127 (76ms)
  step 2/468: loss=0.000108 (75ms)
  step 100/468: loss=0.000756 (74ms)
  step 200/468: loss=0.000510 (79ms)
  step 300/468: loss=0.002620 (73ms)
  step 400/468: loss=0.002257 (79ms)
Epoch 9/12: loss=0.008056 lr=0.100000 (39321ms)
  step 0/468: loss=0.052237 (73ms)
  step 1/468: loss=0.000961 (74ms)
  step 2/468: loss=0.004301 (73ms)
  step 100/468: loss=0.000145 (74ms)
  step 200/468: loss=0.000109 (77ms)
  step 300/468: loss=0.001639 (76ms)
  step 400/468: loss=0.000183 (80ms)
Epoch 10/12: loss=0.005157 lr=0.100000 (39476ms)
  val accuracy (running BN): 9868/9984 = 98.838141%
  step 0/468: loss=0.000223 (74ms)
  step 1/468: loss=0.000130 (74ms)
  step 2/468: loss=0.000058 (81ms)
  step 100/468: loss=0.000057 (79ms)
  step 200/468: loss=0.000800 (72ms)
  step 300/468: loss=0.000196 (78ms)
  step 400/468: loss=0.000926 (80ms)
Epoch 11/12: loss=0.004191 lr=0.100000 (39711ms)
  step 0/468: loss=0.027952 (76ms)
  step 1/468: loss=0.000404 (81ms)
  step 2/468: loss=0.000156 (76ms)
  step 100/468: loss=0.000038 (78ms)
  step 200/468: loss=0.000106 (80ms)
  step 300/468: loss=0.000004 (75ms)
  step 400/468: loss=0.000096 (73ms)
Epoch 12/12: loss=0.001768 lr=0.100000 (39378ms)
  val accuracy (running BN): 9882/9984 = 98.978365%
Saved params + BN stats.
