Ablation: r34-sgd-cosine
  spec: ResNet-34, optimizer: SGD
  lr: 0.002000, cosine: true, wd: 0.000000
  aug: false, label_smooth: 0.000000
ResNet-34-r34-sgd-cosine: 21289802 params
Generating train step MLIR...
  363243 chars
Compiling vmfbs...
  forward compiled
  eval forward compiled
  train step compiled
  session loaded
  train: 9469 images (196608 floats/image)
  21289802 params + m + v (243 MB)
training: 295 batches/epoch, batch=32, Adam, lr=0.002000, cosine warmup=3, label_smooth=0.1, wd=0.000000
  BN layers: 36, BN stat floats: 17024
  step 0/295: loss=3.457397 (1484ms)
  step 1/295: loss=3.900867 (1547ms)
  step 2/295: loss=3.193670 (1453ms)
  step 100/295: loss=2.346619 (1437ms)
  step 200/295: loss=2.422316 (1391ms)
Epoch 1/80: loss=2.391606 lr=0.000667 (426331ms)
  step 0/295: loss=2.303276 (1415ms)
  step 1/295: loss=2.448915 (1415ms)
  step 2/295: loss=2.246863 (1410ms)
  step 100/295: loss=2.459099 (1431ms)
  step 200/295: loss=2.316609 (1439ms)
Epoch 2/80: loss=2.410749 lr=0.001333 (423621ms)
  step 0/295: loss=2.411129 (1432ms)
  step 1/295: loss=2.374935 (1399ms)
  step 2/295: loss=2.248348 (1393ms)
  step 100/295: loss=2.251705 (1432ms)
  step 200/295: loss=2.360371 (1399ms)
Epoch 3/80: loss=2.433641 lr=0.002000 (423681ms)
  step 0/295: loss=2.361383 (1415ms)
  step 1/295: loss=2.362968 (1415ms)
  step 2/295: loss=2.311683 (1405ms)
  step 100/295: loss=2.204195 (1428ms)
  step 200/295: loss=2.375900 (1396ms)
Epoch 4/80: loss=2.438015 lr=0.002000 (423243ms)
  step 0/295: loss=2.506278 (1432ms)
  step 1/295: loss=2.496948 (1409ms)
  step 2/295: loss=2.548219 (1418ms)
  step 100/295: loss=2.406983 (1429ms)
  step 200/295: loss=2.303585 (1435ms)
Epoch 5/80: loss=2.425207 lr=0.001999 (423321ms)
  step 0/295: loss=2.229455 (1418ms)
  step 1/295: loss=2.425642 (1403ms)
  step 2/295: loss=2.350619 (1408ms)
  step 100/295: loss=2.353500 (1417ms)
  step 200/295: loss=2.345503 (1420ms)
Epoch 6/80: loss=2.398554 lr=0.001997 (422883ms)
  step 0/295: loss=2.403158 (1391ms)
  step 1/295: loss=2.282028 (1389ms)
  step 2/295: loss=2.438565 (1403ms)
  step 100/295: loss=2.287483 (1397ms)
  step 200/295: loss=2.370703 (1413ms)
Epoch 7/80: loss=2.398467 lr=0.001993 (423286ms)
  step 0/295: loss=2.454651 (1425ms)
  step 1/295: loss=2.329725 (1412ms)
  step 2/295: loss=2.338313 (1416ms)
  step 100/295: loss=2.488861 (1423ms)
  step 200/295: loss=2.406439 (1398ms)
Epoch 8/80: loss=2.386051 lr=0.001987 (423006ms)
  step 0/295: loss=2.555653 (1438ms)
  step 1/295: loss=2.425303 (1415ms)
  step 2/295: loss=2.661542 (1409ms)
  step 100/295: loss=2.260431 (1391ms)
  step 200/295: loss=2.445654 (1441ms)
Epoch 9/80: loss=2.394411 lr=0.001979 (423469ms)
  step 0/295: loss=2.333682 (1393ms)
  step 1/295: loss=2.364086 (1411ms)
  step 2/295: loss=2.338653 (1395ms)
  step 100/295: loss=2.355606 (1398ms)
  step 200/295: loss=2.285968 (1407ms)
Epoch 10/80: loss=2.384338 lr=0.001970 (422883ms)
  val accuracy (running BN): 447/3904 = 11.449795%
  step 0/295: loss=2.465968 (1394ms)
  step 1/295: loss=2.309145 (1419ms)
  step 2/295: loss=2.343899 (1413ms)
  step 100/295: loss=2.366925 (1409ms)
  step 200/295: loss=2.243495 (1418ms)
Epoch 11/80: loss=2.382456 lr=0.001959 (422619ms)
  step 0/295: loss=2.360504 (1397ms)
  step 1/295: loss=2.472202 (1381ms)
  step 2/295: loss=2.445080 (1411ms)
  step 100/295: loss=2.335153 (1424ms)
  step 200/295: loss=2.565113 (1406ms)
Epoch 12/80: loss=2.371992 lr=0.001947 (422232ms)
  step 0/295: loss=2.426763 (1404ms)
  step 1/295: loss=2.330054 (1428ms)
  step 2/295: loss=2.391244 (1399ms)
  step 100/295: loss=2.419384 (1398ms)
  step 200/295: loss=2.376694 (1400ms)
Epoch 13/80: loss=2.376599 lr=0.001933 (422219ms)
  step 0/295: loss=2.344535 (1409ms)
  step 1/295: loss=2.180552 (1404ms)
  step 2/295: loss=2.360872 (1399ms)
  step 100/295: loss=2.355507 (1393ms)
  step 200/295: loss=2.367062 (1391ms)
Epoch 14/80: loss=2.371844 lr=0.001918 (422738ms)
  step 0/295: loss=2.382434 (1397ms)
  step 1/295: loss=2.372920 (1427ms)
  step 2/295: loss=2.359663 (1428ms)
  step 100/295: loss=2.400057 (1435ms)
  step 200/295: loss=2.339644 (1404ms)
Epoch 15/80: loss=2.360062 lr=0.001901 (423168ms)
  step 0/295: loss=2.278316 (1403ms)
  step 1/295: loss=2.384698 (1420ms)
  step 2/295: loss=2.345189 (1415ms)
  step 100/295: loss=2.302337 (1419ms)
  step 200/295: loss=2.370933 (1398ms)
Epoch 16/80: loss=2.357529 lr=0.001883 (422963ms)
  step 0/295: loss=2.331165 (1400ms)
  step 1/295: loss=2.375441 (1410ms)
  step 2/295: loss=2.378733 (1394ms)
  step 100/295: loss=2.336247 (1437ms)
  step 200/295: loss=2.401959 (1401ms)
Epoch 17/80: loss=2.353768 lr=0.001863 (422977ms)
  step 0/295: loss=2.381835 (1416ms)
  step 1/295: loss=2.326245 (1435ms)
  step 2/295: loss=2.266932 (1416ms)
  step 100/295: loss=2.332750 (1418ms)
  step 200/295: loss=2.250748 (1403ms)
Epoch 18/80: loss=2.349375 lr=0.001841 (422783ms)
  step 0/295: loss=2.343116 (1407ms)
  step 1/295: loss=2.364554 (1404ms)
  step 2/295: loss=2.322796 (1432ms)
  step 100/295: loss=2.246665 (1405ms)
  step 200/295: loss=2.402578 (1415ms)
Epoch 19/80: loss=2.343847 lr=0.001819 (423036ms)
  step 0/295: loss=2.328904 (1408ms)
  step 1/295: loss=2.261101 (1392ms)
  step 2/295: loss=2.387644 (1395ms)
  step 100/295: loss=2.327798 (1401ms)
  step 200/295: loss=2.297950 (1420ms)
Epoch 20/80: loss=2.335529 lr=0.001794 (422478ms)
  val accuracy (running BN): 461/3904 = 11.808402%
  step 0/295: loss=2.329680 (1388ms)
  step 1/295: loss=2.273434 (1403ms)
  step 2/295: loss=2.338589 (1416ms)
  step 100/295: loss=2.332668 (1420ms)
  step 200/295: loss=2.352670 (1437ms)
Epoch 21/80: loss=2.342211 lr=0.001769 (423339ms)
  step 0/295: loss=2.345233 (1400ms)
  step 1/295: loss=2.415856 (1412ms)
  step 2/295: loss=2.383106 (1431ms)
  step 100/295: loss=2.347437 (1370ms)
  step 200/295: loss=2.377862 (1392ms)
Epoch 22/80: loss=2.338212 lr=0.001742 (423168ms)
  step 0/295: loss=2.355695 (1424ms)
  step 1/295: loss=2.299837 (1441ms)
  step 2/295: loss=2.297624 (1451ms)
  step 100/295: loss=2.351286 (1401ms)
  step 200/295: loss=2.337595 (1395ms)
Epoch 23/80: loss=2.336335 lr=0.001714 (422188ms)
  step 0/295: loss=2.424552 (1435ms)
  step 1/295: loss=2.335116 (1429ms)
  step 2/295: loss=2.327774 (1425ms)
  step 100/295: loss=2.300436 (1447ms)
  step 200/295: loss=2.371307 (1421ms)
Epoch 24/80: loss=2.334559 lr=0.001685 (424087ms)
  step 0/295: loss=2.281254 (1425ms)
  step 1/295: loss=2.332913 (1429ms)
  step 2/295: loss=2.334068 (1439ms)
  step 100/295: loss=2.378830 (1425ms)
  step 200/295: loss=2.290443 (1396ms)
Epoch 25/80: loss=2.334939 lr=0.001655 (424286ms)
  step 0/295: loss=2.363964 (1425ms)
  step 1/295: loss=2.418536 (1402ms)
  step 2/295: loss=2.244009 (1418ms)
  step 100/295: loss=2.322951 (1406ms)
  step 200/295: loss=2.342410 (1389ms)
Epoch 26/80: loss=2.327000 lr=0.001623 (423403ms)
  step 0/295: loss=2.305081 (1431ms)
  step 1/295: loss=2.296604 (1416ms)
  step 2/295: loss=2.269171 (1409ms)
  step 100/295: loss=2.341684 (1438ms)
  step 200/295: loss=2.336135 (1409ms)
Epoch 27/80: loss=2.333011 lr=0.001591 (424255ms)
  step 0/295: loss=2.341103 (1415ms)
  step 1/295: loss=2.364898 (1411ms)
  step 2/295: loss=2.303984 (1427ms)
  step 100/295: loss=2.375634 (1427ms)
  step 200/295: loss=2.264791 (1417ms)
Epoch 28/80: loss=2.319742 lr=0.001558 (424635ms)
  step 0/295: loss=2.326642 (1411ms)
  step 1/295: loss=2.306089 (1429ms)
  step 2/295: loss=2.276010 (1442ms)
  step 100/295: loss=2.344328 (1418ms)
  step 200/295: loss=2.299507 (1404ms)
Epoch 29/80: loss=2.326654 lr=0.001523 (424483ms)
  step 0/295: loss=2.286437 (1398ms)
  step 1/295: loss=2.382643 (1395ms)
  step 2/295: loss=2.286988 (1403ms)
  step 100/295: loss=2.321897 (1414ms)
  step 200/295: loss=2.253873 (1409ms)
Epoch 30/80: loss=2.328072 lr=0.001488 (424695ms)
  val accuracy (running BN): 395/3904 = 10.117828%
  step 0/295: loss=2.347253 (1431ms)
  step 1/295: loss=2.385247 (1442ms)
  step 2/295: loss=2.308465 (1416ms)
  step 100/295: loss=2.231310 (1445ms)
  step 200/295: loss=2.317242 (1407ms)
Epoch 31/80: loss=2.324393 lr=0.001452 (424519ms)
  step 0/295: loss=2.270808 (1424ms)
  step 1/295: loss=2.348322 (1420ms)
  step 2/295: loss=2.293350 (1445ms)
  step 100/295: loss=2.306550 (1427ms)
  step 200/295: loss=2.325244 (1446ms)
Epoch 32/80: loss=2.320125 lr=0.001415 (424728ms)
  step 0/295: loss=2.292826 (1430ms)
  step 1/295: loss=2.388903 (1408ms)
  step 2/295: loss=2.341092 (1424ms)
  step 100/295: loss=2.326777 (1407ms)
  step 200/295: loss=2.317735 (1405ms)
Epoch 33/80: loss=2.319372 lr=0.001378 (424633ms)
  step 0/295: loss=2.281970 (1387ms)
  step 1/295: loss=2.260298 (1405ms)
  step 2/295: loss=2.296121 (1410ms)
  step 100/295: loss=2.273260 (1431ms)
  step 200/295: loss=2.341627 (1428ms)
Epoch 34/80: loss=2.320135 lr=0.001340 (423972ms)
  step 0/295: loss=2.279495 (1436ms)
  step 1/295: loss=2.309315 (1417ms)
  step 2/295: loss=2.291610 (1417ms)
  step 100/295: loss=2.328096 (1416ms)
  step 200/295: loss=2.346351 (1413ms)
Epoch 35/80: loss=2.318920 lr=0.001301 (423653ms)
  step 0/295: loss=2.304001 (1440ms)
  step 1/295: loss=2.346332 (1445ms)
  step 2/295: loss=2.267373 (1439ms)
  step 100/295: loss=2.359936 (1432ms)
  step 200/295: loss=2.283482 (1423ms)
Epoch 36/80: loss=2.318345 lr=0.001262 (424073ms)
  step 0/295: loss=2.311052 (1428ms)
  step 1/295: loss=2.285981 (1436ms)
  step 2/295: loss=2.353261 (1433ms)
  step 100/295: loss=2.346654 (1431ms)
  step 200/295: loss=2.318778 (1406ms)
Epoch 37/80: loss=2.318127 lr=0.001223 (424113ms)
  step 0/295: loss=2.336114 (1438ms)
  step 1/295: loss=2.282913 (1436ms)
  step 2/295: loss=2.296573 (1418ms)
  step 100/295: loss=2.323934 (1410ms)
  step 200/295: loss=2.321393 (1430ms)
Epoch 38/80: loss=2.318185 lr=0.001183 (424802ms)
  step 0/295: loss=2.298169 (1418ms)
  step 1/295: loss=2.294776 (1420ms)
  step 2/295: loss=2.271160 (1404ms)
  step 100/295: loss=2.251376 (1429ms)
  step 200/295: loss=2.346772 (1427ms)
Epoch 39/80: loss=2.313833 lr=0.001142 (423651ms)
  step 0/295: loss=2.292989 (1405ms)
  step 1/295: loss=2.307058 (1422ms)
  step 2/295: loss=2.283594 (1428ms)
  step 100/295: loss=2.377568 (1421ms)
  step 200/295: loss=2.290667 (1401ms)
Epoch 40/80: loss=2.314991 lr=0.001102 (424372ms)
  val accuracy (running BN): 456/3904 = 11.680328%
  step 0/295: loss=2.323104 (1417ms)
  step 1/295: loss=2.285108 (1397ms)
  step 2/295: loss=2.294472 (1426ms)
  step 100/295: loss=2.289306 (1417ms)
  step 200/295: loss=2.269881 (1439ms)
Epoch 41/80: loss=2.310611 lr=0.001061 (424482ms)
  step 0/295: loss=2.331752 (1399ms)
  step 1/295: loss=2.332560 (1401ms)
  step 2/295: loss=2.358476 (1432ms)
  step 100/295: loss=2.279657 (1404ms)
  step 200/295: loss=2.331924 (1397ms)
Epoch 42/80: loss=2.312148 lr=0.001020 (424388ms)
  step 0/295: loss=2.318243 (1416ms)
  step 1/295: loss=2.302963 (1410ms)
  step 2/295: loss=2.299459 (1398ms)
  step 100/295: loss=2.351877 (1399ms)
  step 200/295: loss=2.325341 (1437ms)
Epoch 43/80: loss=2.313574 lr=0.000980 (423921ms)
  step 0/295: loss=2.306105 (1432ms)
  step 1/295: loss=2.305079 (1391ms)
  step 2/295: loss=2.291058 (1402ms)
  step 100/295: loss=2.274148 (1423ms)
  step 200/295: loss=2.276443 (1410ms)
Epoch 44/80: loss=2.308667 lr=0.000939 (423862ms)
  step 0/295: loss=2.325549 (1440ms)
  step 1/295: loss=2.285213 (1418ms)
  step 2/295: loss=2.287474 (1434ms)
  step 100/295: loss=2.329624 (1415ms)
  step 200/295: loss=2.291545 (1417ms)
Epoch 45/80: loss=2.309426 lr=0.000898 (423175ms)
  step 0/295: loss=2.320755 (1402ms)
  step 1/295: loss=2.327425 (1405ms)
  step 2/295: loss=2.298257 (1410ms)
  step 100/295: loss=2.320158 (1429ms)
  step 200/295: loss=2.317394 (1396ms)
Epoch 46/80: loss=2.311942 lr=0.000858 (423550ms)
  step 0/295: loss=2.286351 (1413ms)
  step 1/295: loss=2.286896 (1434ms)
  step 2/295: loss=2.339954 (1415ms)
  step 100/295: loss=2.309118 (1388ms)
  step 200/295: loss=2.319262 (1400ms)
Epoch 47/80: loss=2.310078 lr=0.000817 (423783ms)
  step 0/295: loss=2.307440 (1410ms)
  step 1/295: loss=2.291352 (1398ms)
  step 2/295: loss=2.315842 (1407ms)
  step 100/295: loss=2.334389 (1411ms)
  step 200/295: loss=2.304802 (1401ms)
Epoch 48/80: loss=2.311450 lr=0.000777 (422872ms)
  step 0/295: loss=2.344044 (1418ms)
  step 1/295: loss=2.302759 (1400ms)
  step 2/295: loss=2.328280 (1409ms)
  step 100/295: loss=2.329266 (1386ms)
  step 200/295: loss=2.296249 (1415ms)
Epoch 49/80: loss=2.310959 lr=0.000738 (423765ms)
  step 0/295: loss=2.323694 (1417ms)
  step 1/295: loss=2.299981 (1411ms)
  step 2/295: loss=2.338749 (1422ms)
  step 100/295: loss=2.302313 (1425ms)
  step 200/295: loss=2.378970 (1405ms)
Epoch 50/80: loss=2.308582 lr=0.000699 (423718ms)
  val accuracy (running BN): 582/3904 = 14.907787%
  step 0/295: loss=2.305941 (1409ms)
  step 1/295: loss=2.308139 (1416ms)
  step 2/295: loss=2.312051 (1432ms)
  step 100/295: loss=2.281698 (1388ms)
  step 200/295: loss=2.319570 (1435ms)
Epoch 51/80: loss=2.307062 lr=0.000660 (423512ms)
  step 0/295: loss=2.280636 (1413ms)
  step 1/295: loss=2.297660 (1382ms)
  step 2/295: loss=2.261305 (1398ms)
  step 100/295: loss=2.292107 (1393ms)
  step 200/295: loss=2.304097 (1395ms)
Epoch 52/80: loss=2.307076 lr=0.000622 (423187ms)
  step 0/295: loss=2.336736 (1439ms)
  step 1/295: loss=2.371659 (1422ms)
  step 2/295: loss=2.296971 (1434ms)
  step 100/295: loss=2.336256 (1427ms)
  step 200/295: loss=2.279077 (1419ms)
Epoch 53/80: loss=2.307724 lr=0.000585 (423402ms)
  step 0/295: loss=2.300556 (1413ms)
  step 1/295: loss=2.281771 (1407ms)
  step 2/295: loss=2.299651 (1408ms)
  step 100/295: loss=2.308678 (1392ms)
  step 200/295: loss=2.282688 (1407ms)
Epoch 54/80: loss=2.307274 lr=0.000548 (423402ms)
  step 0/295: loss=2.291538 (1420ms)
  step 1/295: loss=2.348722 (1409ms)
  step 2/295: loss=2.311056 (1397ms)
  step 100/295: loss=2.335756 (1415ms)
  step 200/295: loss=2.278589 (1415ms)
Epoch 55/80: loss=2.306992 lr=0.000512 (422937ms)
  step 0/295: loss=2.297808 (1393ms)
  step 1/295: loss=2.290310 (1385ms)
  step 2/295: loss=2.292669 (1399ms)
  step 100/295: loss=2.294154 (1421ms)
  step 200/295: loss=2.252244 (1443ms)
Epoch 56/80: loss=2.305783 lr=0.000477 (423556ms)
  step 0/295: loss=2.291231 (1448ms)
  step 1/295: loss=2.298234 (1410ms)
  step 2/295: loss=2.317565 (1395ms)
  step 100/295: loss=2.323946 (1400ms)
  step 200/295: loss=2.303870 (1426ms)
Epoch 57/80: loss=2.304660 lr=0.000442 (423591ms)
  step 0/295: loss=2.269528 (1433ms)
  step 1/295: loss=2.328445 (1421ms)
  step 2/295: loss=2.311036 (1417ms)
  step 100/295: loss=2.320878 (1417ms)
  step 200/295: loss=2.302499 (1407ms)
Epoch 58/80: loss=2.305074 lr=0.000409 (423045ms)
  step 0/295: loss=2.304647 (1426ms)
  step 1/295: loss=2.302510 (1413ms)
  step 2/295: loss=2.259546 (1396ms)
  step 100/295: loss=2.298483 (1425ms)
  step 200/295: loss=2.266018 (1411ms)
Epoch 59/80: loss=2.306336 lr=0.000377 (424088ms)
  step 0/295: loss=2.304774 (1440ms)
  step 1/295: loss=2.342997 (1422ms)
  step 2/295: loss=2.324156 (1409ms)
  step 100/295: loss=2.301607 (1404ms)
  step 200/295: loss=2.310050 (1437ms)
Epoch 60/80: loss=2.304653 lr=0.000345 (423428ms)
  val accuracy (running BN): 360/3904 = 9.221311%
  step 0/295: loss=2.289736 (1383ms)
  step 1/295: loss=2.322096 (1394ms)
  step 2/295: loss=2.324113 (1409ms)
  step 100/295: loss=2.283806 (1394ms)
  step 200/295: loss=2.317736 (1410ms)
Epoch 61/80: loss=2.303985 lr=0.000315 (420741ms)
  step 0/295: loss=2.290238 (1411ms)
  step 1/295: loss=2.316734 (1407ms)
  step 2/295: loss=2.303730 (1412ms)
  step 100/295: loss=2.317269 (1392ms)
  step 200/295: loss=2.320112 (1395ms)
Epoch 62/80: loss=2.303678 lr=0.000286 (421237ms)
  step 0/295: loss=2.315048 (1398ms)
  step 1/295: loss=2.304922 (1406ms)
  step 2/295: loss=2.311666 (1414ms)
  step 100/295: loss=2.296723 (1425ms)
  step 200/295: loss=2.291992 (1429ms)
Epoch 63/80: loss=2.303249 lr=0.000258 (421738ms)
  step 0/295: loss=2.297916 (1420ms)
  step 1/295: loss=2.312087 (1420ms)
  step 2/295: loss=2.311055 (1407ms)
  step 100/295: loss=2.296520 (1389ms)
  step 200/295: loss=2.324486 (1418ms)
Epoch 64/80: loss=2.303031 lr=0.000231 (421671ms)
  step 0/295: loss=2.304906 (1391ms)
  step 1/295: loss=2.308951 (1405ms)
  step 2/295: loss=2.309333 (1426ms)
  step 100/295: loss=2.280475 (1422ms)
  step 200/295: loss=2.293823 (1390ms)
Epoch 65/80: loss=2.303497 lr=0.000206 (421285ms)
  step 0/295: loss=2.314459 (1431ms)
  step 1/295: loss=2.303320 (1409ms)
  step 2/295: loss=2.302619 (1435ms)
  step 100/295: loss=2.324849 (1437ms)
  step 200/295: loss=2.292637 (1399ms)
Epoch 66/80: loss=2.303242 lr=0.000181 (422077ms)
  step 0/295: loss=2.268839 (1414ms)
  step 1/295: loss=2.288301 (1428ms)
  step 2/295: loss=2.311015 (1428ms)
  step 100/295: loss=2.291106 (1395ms)
  step 200/295: loss=2.304399 (1389ms)
Epoch 67/80: loss=2.301127 lr=0.000159 (421199ms)
  step 0/295: loss=2.335586 (1433ms)
  step 1/295: loss=2.318204 (1423ms)
  step 2/295: loss=2.271979 (1408ms)
  step 100/295: loss=2.306890 (1420ms)
  step 200/295: loss=2.299757 (1418ms)
Epoch 68/80: loss=2.302189 lr=0.000137 (421846ms)
  step 0/295: loss=2.282608 (1396ms)
  step 1/295: loss=2.295943 (1423ms)
  step 2/295: loss=2.274947 (1439ms)
  step 100/295: loss=2.300214 (1380ms)
  step 200/295: loss=2.298992 (1410ms)
Epoch 69/80: loss=2.301672 lr=0.000117 (421919ms)
  step 0/295: loss=2.318168 (1375ms)
  step 1/295: loss=2.316495 (1389ms)
  step 2/295: loss=2.302801 (1389ms)
  step 100/295: loss=2.280117 (1420ms)
  step 200/295: loss=2.269291 (1404ms)
Epoch 70/80: loss=2.302032 lr=0.000099 (421829ms)
  val accuracy (running BN): 528/3904 = 13.524590%
  step 0/295: loss=2.301613 (1394ms)
  step 1/295: loss=2.298254 (1396ms)
  step 2/295: loss=2.264455 (1390ms)
  step 100/295: loss=2.303025 (1443ms)
  step 200/295: loss=2.300435 (1423ms)
Epoch 71/80: loss=2.301384 lr=0.000082 (422336ms)
  step 0/295: loss=2.301883 (1438ms)
  step 1/295: loss=2.323420 (1445ms)
  step 2/295: loss=2.294531 (1438ms)
  step 100/295: loss=2.308249 (1400ms)
  step 200/295: loss=2.312029 (1410ms)
Epoch 72/80: loss=2.301871 lr=0.000067 (422195ms)
  step 0/295: loss=2.306033 (1409ms)
  step 1/295: loss=2.283799 (1392ms)
  step 2/295: loss=2.285527 (1387ms)
  step 100/295: loss=2.318580 (1416ms)
  step 200/295: loss=2.275551 (1421ms)
Epoch 73/80: loss=2.302153 lr=0.000053 (422620ms)
  step 0/295: loss=2.291479 (1408ms)
  step 1/295: loss=2.298345 (1399ms)
  step 2/295: loss=2.301827 (1404ms)
  step 100/295: loss=2.279090 (1396ms)
  step 200/295: loss=2.301532 (1401ms)
Epoch 74/80: loss=2.301072 lr=0.000041 (421651ms)
  step 0/295: loss=2.305187 (1397ms)
  step 1/295: loss=2.298084 (1400ms)
  step 2/295: loss=2.302165 (1394ms)
  step 100/295: loss=2.297009 (1421ms)
  step 200/295: loss=2.294080 (1402ms)
Epoch 75/80: loss=2.300246 lr=0.000030 (423050ms)
  step 0/295: loss=2.291200 (1428ms)
  step 1/295: loss=2.287467 (1435ms)
  step 2/295: loss=2.313287 (1410ms)
  step 100/295: loss=2.290083 (1394ms)
  step 200/295: loss=2.295848 (1413ms)
Epoch 76/80: loss=2.301027 lr=0.000021 (423572ms)
  step 0/295: loss=2.315430 (1426ms)
  step 1/295: loss=2.298549 (1428ms)
  step 2/295: loss=2.314208 (1408ms)
  step 100/295: loss=2.294626 (1426ms)
  step 200/295: loss=2.310228 (1405ms)
Epoch 77/80: loss=2.301745 lr=0.000013 (422480ms)
  step 0/295: loss=2.320278 (1398ms)
  step 1/295: loss=2.274141 (1400ms)
  step 2/295: loss=2.308053 (1413ms)
  step 100/295: loss=2.301660 (1377ms)
  step 200/295: loss=2.275279 (1429ms)
Epoch 78/80: loss=2.300389 lr=0.000007 (422662ms)
  step 0/295: loss=2.316944 (1430ms)
  step 1/295: loss=2.323856 (1411ms)
  step 2/295: loss=2.286974 (1428ms)
  step 100/295: loss=2.308066 (1397ms)
  step 200/295: loss=2.301229 (1389ms)
Epoch 79/80: loss=2.301026 lr=0.000003 (422863ms)
  step 0/295: loss=2.300368 (1425ms)
  step 1/295: loss=2.309750 (1426ms)
  step 2/295: loss=2.313810 (1426ms)
  step 100/295: loss=2.296295 (1404ms)
  step 200/295: loss=2.287628 (1404ms)
Epoch 80/80: loss=2.301250 lr=0.000001 (422186ms)
  val accuracy (running BN): 482/3904 = 12.346311%
Saved params + BN stats.
