Ablation: r34-sgd
  spec: ResNet-34, optimizer: SGD
  lr: 0.002000, cosine: false, wd: 0.000000
  aug: false, label_smooth: 0.000000
ResNet-34-r34-sgd: 21289802 params
Generating train step MLIR...
  363229 chars
Compiling vmfbs...
  forward compiled
  eval forward compiled
  train step compiled
  session loaded
  train: 9469 images (196608 floats/image)
  21289802 params + m + v (243 MB)
training: 295 batches/epoch, batch=32, Adam, lr=0.002000, cosine warmup=0, label_smooth=0.1, wd=0.000000
  BN layers: 36, BN stat floats: 17024
  step 0/295: loss=3.457397 (1478ms)
  step 1/295: loss=3.722496 (1553ms)
  step 2/295: loss=2.921858 (1419ms)
  step 100/295: loss=2.584412 (1393ms)
  step 200/295: loss=2.385647 (1404ms)
Epoch 1/80: loss=2.475623 lr=0.002000 (421641ms)
  step 0/295: loss=2.411745 (1412ms)
  step 1/295: loss=2.517136 (1397ms)
  step 2/295: loss=2.356767 (1390ms)
  step 100/295: loss=2.525339 (1427ms)
  step 200/295: loss=2.513807 (1420ms)
Epoch 2/80: loss=2.445748 lr=0.002000 (422384ms)
  step 0/295: loss=2.345015 (1416ms)
  step 1/295: loss=2.377560 (1431ms)
  step 2/295: loss=2.282957 (1436ms)
  step 100/295: loss=2.380080 (1391ms)
  step 200/295: loss=2.375458 (1399ms)
Epoch 3/80: loss=2.416351 lr=0.002000 (421905ms)
  step 0/295: loss=2.419744 (1422ms)
  step 1/295: loss=2.387743 (1409ms)
  step 2/295: loss=2.335163 (1402ms)
  step 100/295: loss=2.270567 (1391ms)
  step 200/295: loss=2.320737 (1426ms)
Epoch 4/80: loss=2.419951 lr=0.002000 (422682ms)
  step 0/295: loss=2.421492 (1433ms)
  step 1/295: loss=2.492893 (1414ms)
  step 2/295: loss=2.529814 (1426ms)
  step 100/295: loss=2.409211 (1404ms)
  step 200/295: loss=2.253566 (1399ms)
Epoch 5/80: loss=2.408976 lr=0.002000 (422544ms)
  step 0/295: loss=2.289426 (1419ms)
  step 1/295: loss=2.423271 (1402ms)
  step 2/295: loss=2.306169 (1407ms)
  step 100/295: loss=2.347357 (1415ms)
  step 200/295: loss=2.367472 (1448ms)
Epoch 6/80: loss=2.386466 lr=0.002000 (422404ms)
  step 0/295: loss=2.366417 (1431ms)
  step 1/295: loss=2.246062 (1421ms)
  step 2/295: loss=2.375486 (1401ms)
  step 100/295: loss=2.303759 (1411ms)
  step 200/295: loss=2.431717 (1398ms)
Epoch 7/80: loss=2.391921 lr=0.002000 (422329ms)
  step 0/295: loss=2.449625 (1379ms)
  step 1/295: loss=2.331338 (1403ms)
  step 2/295: loss=2.385477 (1399ms)
  step 100/295: loss=2.519954 (1409ms)
  step 200/295: loss=2.446430 (1423ms)
Epoch 8/80: loss=2.381582 lr=0.002000 (422598ms)
  step 0/295: loss=2.629145 (1413ms)
  step 1/295: loss=2.459914 (1398ms)
  step 2/295: loss=2.643320 (1409ms)
  step 100/295: loss=2.243358 (1399ms)
  step 200/295: loss=2.432643 (1419ms)
Epoch 9/80: loss=2.390195 lr=0.002000 (422173ms)
  step 0/295: loss=2.352899 (1421ms)
  step 1/295: loss=2.387636 (1397ms)
  step 2/295: loss=2.322938 (1391ms)
  step 100/295: loss=2.331576 (1429ms)
  step 200/295: loss=2.280577 (1417ms)
Epoch 10/80: loss=2.381403 lr=0.002000 (422077ms)
  val accuracy (running BN): 377/3904 = 9.656762%
  step 0/295: loss=2.461075 (1425ms)
  step 1/295: loss=2.273782 (1401ms)
  step 2/295: loss=2.407311 (1386ms)
  step 100/295: loss=2.333194 (1435ms)
  step 200/295: loss=2.293155 (1429ms)
Epoch 11/80: loss=2.380667 lr=0.002000 (421971ms)
  step 0/295: loss=2.365870 (1399ms)
  step 1/295: loss=2.433419 (1407ms)
  step 2/295: loss=2.498819 (1421ms)
  step 100/295: loss=2.313827 (1405ms)
  step 200/295: loss=2.532596 (1400ms)
Epoch 12/80: loss=2.371015 lr=0.002000 (421501ms)
  step 0/295: loss=2.479969 (1416ms)
  step 1/295: loss=2.380687 (1416ms)
  step 2/295: loss=2.365955 (1416ms)
  step 100/295: loss=2.437112 (1434ms)
  step 200/295: loss=2.291942 (1414ms)
Epoch 13/80: loss=2.376661 lr=0.002000 (421896ms)
  step 0/295: loss=2.398133 (1410ms)
  step 1/295: loss=2.228036 (1413ms)
  step 2/295: loss=2.418088 (1416ms)
  step 100/295: loss=2.358930 (1411ms)
  step 200/295: loss=2.399150 (1414ms)
Epoch 14/80: loss=2.374318 lr=0.002000 (422630ms)
  step 0/295: loss=2.394659 (1414ms)
  step 1/295: loss=2.313220 (1399ms)
  step 2/295: loss=2.380761 (1397ms)
  step 100/295: loss=2.318113 (1423ms)
  step 200/295: loss=2.252135 (1417ms)
Epoch 15/80: loss=2.363932 lr=0.002000 (421954ms)
  step 0/295: loss=2.283410 (1426ms)
  step 1/295: loss=2.354990 (1405ms)
  step 2/295: loss=2.402235 (1403ms)
  step 100/295: loss=2.301274 (1427ms)
  step 200/295: loss=2.349354 (1391ms)
Epoch 16/80: loss=2.363489 lr=0.002000 (422148ms)
  step 0/295: loss=2.341788 (1398ms)
  step 1/295: loss=2.415609 (1384ms)
  step 2/295: loss=2.419794 (1394ms)
  step 100/295: loss=2.393121 (1428ms)
  step 200/295: loss=2.382805 (1398ms)
Epoch 17/80: loss=2.358850 lr=0.002000 (422125ms)
  step 0/295: loss=2.347742 (1407ms)
  step 1/295: loss=2.329892 (1406ms)
  step 2/295: loss=2.330766 (1411ms)
  step 100/295: loss=2.295608 (1428ms)
  step 200/295: loss=2.244507 (1389ms)
Epoch 18/80: loss=2.355997 lr=0.002000 (422425ms)
  step 0/295: loss=2.353541 (1411ms)
  step 1/295: loss=2.388361 (1425ms)
  step 2/295: loss=2.331236 (1448ms)
  step 100/295: loss=2.283840 (1409ms)
  step 200/295: loss=2.410978 (1391ms)
Epoch 19/80: loss=2.351231 lr=0.002000 (422963ms)
  step 0/295: loss=2.329171 (1399ms)
  step 1/295: loss=2.341270 (1405ms)
  step 2/295: loss=2.384134 (1410ms)
  step 100/295: loss=2.353238 (1402ms)
  step 200/295: loss=2.312762 (1394ms)
Epoch 20/80: loss=2.342508 lr=0.002000 (421724ms)
  val accuracy (running BN): 459/3904 = 11.757172%
  step 0/295: loss=2.374709 (1401ms)
  step 1/295: loss=2.335244 (1423ms)
  step 2/295: loss=2.353914 (1408ms)
  step 100/295: loss=2.371757 (1401ms)
  step 200/295: loss=2.367213 (1435ms)
Epoch 21/80: loss=2.352773 lr=0.002000 (421696ms)
  step 0/295: loss=2.336229 (1420ms)
  step 1/295: loss=2.359273 (1395ms)
  step 2/295: loss=2.400656 (1398ms)
  step 100/295: loss=2.383641 (1411ms)
  step 200/295: loss=2.344872 (1394ms)
Epoch 22/80: loss=2.345235 lr=0.002000 (422087ms)
  step 0/295: loss=2.340380 (1398ms)
  step 1/295: loss=2.360036 (1407ms)
  step 2/295: loss=2.276661 (1405ms)
  step 100/295: loss=2.353527 (1406ms)
  step 200/295: loss=2.354858 (1419ms)
Epoch 23/80: loss=2.344271 lr=0.002000 (422779ms)
  step 0/295: loss=2.450073 (1409ms)
  step 1/295: loss=2.352984 (1422ms)
  step 2/295: loss=2.340460 (1408ms)
  step 100/295: loss=2.335423 (1413ms)
  step 200/295: loss=2.406476 (1421ms)
Epoch 24/80: loss=2.342764 lr=0.002000 (423403ms)
  step 0/295: loss=2.269277 (1410ms)
  step 1/295: loss=2.333958 (1410ms)
  step 2/295: loss=2.313831 (1404ms)
  step 100/295: loss=2.370283 (1413ms)
  step 200/295: loss=2.272372 (1414ms)
Epoch 25/80: loss=2.342507 lr=0.002000 (423396ms)
  step 0/295: loss=2.406250 (1393ms)
  step 1/295: loss=2.375380 (1417ms)
  step 2/295: loss=2.249776 (1409ms)
  step 100/295: loss=2.341722 (1407ms)
  step 200/295: loss=2.378313 (1432ms)
Epoch 26/80: loss=2.334453 lr=0.002000 (422949ms)
  step 0/295: loss=2.319310 (1404ms)
  step 1/295: loss=2.287640 (1402ms)
  step 2/295: loss=2.309467 (1397ms)
  step 100/295: loss=2.326073 (1392ms)
  step 200/295: loss=2.397248 (1411ms)
Epoch 27/80: loss=2.345099 lr=0.002000 (422849ms)
  step 0/295: loss=2.341615 (1407ms)
  step 1/295: loss=2.362593 (1428ms)
  step 2/295: loss=2.339353 (1394ms)
  step 100/295: loss=2.361561 (1417ms)
  step 200/295: loss=2.304138 (1413ms)
Epoch 28/80: loss=2.324824 lr=0.002000 (422651ms)
  step 0/295: loss=2.332871 (1371ms)
  step 1/295: loss=2.307254 (1400ms)
  step 2/295: loss=2.267383 (1424ms)
  step 100/295: loss=2.319121 (1413ms)
  step 200/295: loss=2.288789 (1398ms)
Epoch 29/80: loss=2.336921 lr=0.002000 (422589ms)
  step 0/295: loss=2.276011 (1421ms)
  step 1/295: loss=2.388098 (1410ms)
  step 2/295: loss=2.273865 (1420ms)
  step 100/295: loss=2.330852 (1405ms)
  step 200/295: loss=2.279432 (1428ms)
Epoch 30/80: loss=2.336160 lr=0.002000 (422382ms)
  val accuracy (running BN): 395/3904 = 10.117828%
  step 0/295: loss=2.374808 (1397ms)
  step 1/295: loss=2.411156 (1400ms)
  step 2/295: loss=2.299099 (1394ms)
  step 100/295: loss=2.258437 (1403ms)
  step 200/295: loss=2.318475 (1397ms)
Epoch 31/80: loss=2.333252 lr=0.002000 (421318ms)
  step 0/295: loss=2.286234 (1399ms)
  step 1/295: loss=2.376933 (1432ms)
  step 2/295: loss=2.320747 (1421ms)
  step 100/295: loss=2.333227 (1428ms)
  step 200/295: loss=2.306959 (1408ms)
Epoch 32/80: loss=2.326396 lr=0.002000 (421886ms)
  step 0/295: loss=2.316416 (1438ms)
  step 1/295: loss=2.359164 (1403ms)
  step 2/295: loss=2.342794 (1400ms)
  step 100/295: loss=2.295906 (1418ms)
  step 200/295: loss=2.378628 (1405ms)
Epoch 33/80: loss=2.329803 lr=0.002000 (422530ms)
  step 0/295: loss=2.271617 (1393ms)
  step 1/295: loss=2.272328 (1399ms)
  step 2/295: loss=2.287816 (1380ms)
  step 100/295: loss=2.261280 (1395ms)
  step 200/295: loss=2.312633 (1387ms)
Epoch 34/80: loss=2.325386 lr=0.002000 (421784ms)
  step 0/295: loss=2.266763 (1412ms)
  step 1/295: loss=2.295373 (1403ms)
  step 2/295: loss=2.301237 (1401ms)
  step 100/295: loss=2.303913 (1419ms)
  step 200/295: loss=2.319762 (1401ms)
Epoch 35/80: loss=2.325660 lr=0.002000 (422290ms)
  step 0/295: loss=2.311627 (1408ms)
  step 1/295: loss=2.364144 (1421ms)
  step 2/295: loss=2.255429 (1443ms)
  step 100/295: loss=2.357190 (1400ms)
  step 200/295: loss=2.302491 (1414ms)
Epoch 36/80: loss=2.326611 lr=0.002000 (421540ms)
  step 0/295: loss=2.333893 (1415ms)
  step 1/295: loss=2.319636 (1414ms)
  step 2/295: loss=2.357416 (1409ms)
  step 100/295: loss=2.366434 (1438ms)
  step 200/295: loss=2.346549 (1402ms)
Epoch 37/80: loss=2.324962 lr=0.002000 (422299ms)
  step 0/295: loss=2.359577 (1395ms)
  step 1/295: loss=2.285109 (1410ms)
  step 2/295: loss=2.291210 (1417ms)
  step 100/295: loss=2.309267 (1399ms)
  step 200/295: loss=2.311924 (1420ms)
Epoch 38/80: loss=2.327052 lr=0.002000 (422111ms)
  step 0/295: loss=2.306262 (1411ms)
  step 1/295: loss=2.384415 (1411ms)
  step 2/295: loss=2.258159 (1407ms)
  step 100/295: loss=2.255054 (1429ms)
  step 200/295: loss=2.363671 (1433ms)
Epoch 39/80: loss=2.324056 lr=0.002000 (421635ms)
  step 0/295: loss=2.283103 (1408ms)
  step 1/295: loss=2.339344 (1404ms)
  step 2/295: loss=2.338828 (1409ms)
  step 100/295: loss=2.364951 (1442ms)
  step 200/295: loss=2.291378 (1399ms)
Epoch 40/80: loss=2.324621 lr=0.002000 (422099ms)
  val accuracy (running BN): 399/3904 = 10.220287%
  step 0/295: loss=2.325886 (1420ms)
  step 1/295: loss=2.293107 (1407ms)
  step 2/295: loss=2.278612 (1405ms)
  step 100/295: loss=2.283897 (1393ms)
  step 200/295: loss=2.288849 (1416ms)
Epoch 41/80: loss=2.316269 lr=0.002000 (421620ms)
  step 0/295: loss=2.335455 (1413ms)
  step 1/295: loss=2.341496 (1401ms)
  step 2/295: loss=2.386859 (1389ms)
  step 100/295: loss=2.260397 (1409ms)
  step 200/295: loss=2.342463 (1416ms)
Epoch 42/80: loss=2.318195 lr=0.002000 (421940ms)
  step 0/295: loss=2.347950 (1415ms)
  step 1/295: loss=2.319639 (1391ms)
  step 2/295: loss=2.285788 (1400ms)
  step 100/295: loss=2.337628 (1393ms)
  step 200/295: loss=2.354798 (1396ms)
Epoch 43/80: loss=2.321121 lr=0.002000 (422218ms)
  step 0/295: loss=2.301799 (1408ms)
  step 1/295: loss=2.290890 (1401ms)
  step 2/295: loss=2.339603 (1399ms)
  step 100/295: loss=2.259938 (1412ms)
  step 200/295: loss=2.281216 (1418ms)
Epoch 44/80: loss=2.316563 lr=0.002000 (422222ms)
  step 0/295: loss=2.313483 (1414ms)
  step 1/295: loss=2.318473 (1430ms)
  step 2/295: loss=2.250540 (1392ms)
  step 100/295: loss=2.346471 (1410ms)
  step 200/295: loss=2.310462 (1393ms)
Epoch 45/80: loss=2.318353 lr=0.002000 (422798ms)
  step 0/295: loss=2.336886 (1423ms)
  step 1/295: loss=2.332590 (1401ms)
  step 2/295: loss=2.274632 (1402ms)
  step 100/295: loss=2.320650 (1420ms)
  step 200/295: loss=2.349297 (1413ms)
Epoch 46/80: loss=2.317690 lr=0.002000 (422843ms)
  step 0/295: loss=2.302623 (1423ms)
  step 1/295: loss=2.284495 (1426ms)
  step 2/295: loss=2.400272 (1446ms)
  step 100/295: loss=2.272880 (1407ms)
  step 200/295: loss=2.325665 (1417ms)
Epoch 47/80: loss=2.315642 lr=0.002000 (422044ms)
  step 0/295: loss=2.311872 (1391ms)
  step 1/295: loss=2.301743 (1397ms)
  step 2/295: loss=2.367525 (1405ms)
  step 100/295: loss=2.317824 (1408ms)
  step 200/295: loss=2.283807 (1419ms)
Epoch 48/80: loss=2.319945 lr=0.002000 (422499ms)
  step 0/295: loss=2.378699 (1405ms)
  step 1/295: loss=2.310520 (1396ms)
  step 2/295: loss=2.300666 (1392ms)
  step 100/295: loss=2.332193 (1389ms)
  step 200/295: loss=2.273646 (1402ms)
Epoch 49/80: loss=2.319651 lr=0.002000 (422303ms)
  step 0/295: loss=2.340910 (1410ms)
  step 1/295: loss=2.345501 (1416ms)
  step 2/295: loss=2.387100 (1429ms)
  step 100/295: loss=2.293272 (1412ms)
  step 200/295: loss=2.339257 (1439ms)
Epoch 50/80: loss=2.317148 lr=0.002000 (423001ms)
  val accuracy (running BN): 443/3904 = 11.347336%
  step 0/295: loss=2.363318 (1409ms)
  step 1/295: loss=2.352630 (1423ms)
  step 2/295: loss=2.355924 (1435ms)
  step 100/295: loss=2.273015 (1395ms)
  step 200/295: loss=2.425858 (1391ms)
Epoch 51/80: loss=2.315357 lr=0.002000 (421881ms)
  step 0/295: loss=2.288228 (1417ms)
  step 1/295: loss=2.299624 (1398ms)
  step 2/295: loss=2.309418 (1411ms)
  step 100/295: loss=2.273739 (1425ms)
  step 200/295: loss=2.293651 (1379ms)
Epoch 52/80: loss=2.317319 lr=0.002000 (422256ms)
  step 0/295: loss=2.336845 (1422ms)
  step 1/295: loss=2.335148 (1418ms)
  step 2/295: loss=2.309159 (1421ms)
  step 100/295: loss=2.323122 (1434ms)
  step 200/295: loss=2.227020 (1396ms)
Epoch 53/80: loss=2.316301 lr=0.002000 (421712ms)
  step 0/295: loss=2.278945 (1434ms)
  step 1/295: loss=2.284050 (1420ms)
  step 2/295: loss=2.308732 (1427ms)
  step 100/295: loss=2.299972 (1416ms)
  step 200/295: loss=2.275867 (1396ms)
Epoch 54/80: loss=2.316951 lr=0.002000 (422956ms)
  step 0/295: loss=2.306321 (1427ms)
  step 1/295: loss=2.301191 (1400ms)
  step 2/295: loss=2.299208 (1412ms)
  step 100/295: loss=2.326599 (1430ms)
  step 200/295: loss=2.314530 (1384ms)
Epoch 55/80: loss=2.317276 lr=0.002000 (422181ms)
  step 0/295: loss=2.287797 (1396ms)
  step 1/295: loss=2.293535 (1401ms)
  step 2/295: loss=2.285991 (1414ms)
  step 100/295: loss=2.264246 (1390ms)
  step 200/295: loss=2.252036 (1421ms)
Epoch 56/80: loss=2.313966 lr=0.002000 (422457ms)
  step 0/295: loss=2.312313 (1433ms)
  step 1/295: loss=2.286765 (1430ms)
  step 2/295: loss=2.290131 (1433ms)
  step 100/295: loss=2.377435 (1405ms)
  step 200/295: loss=2.327038 (1410ms)
Epoch 57/80: loss=2.310534 lr=0.002000 (422244ms)
  step 0/295: loss=2.297317 (1415ms)
  step 1/295: loss=2.290949 (1419ms)
  step 2/295: loss=2.351556 (1401ms)
  step 100/295: loss=2.299900 (1412ms)
  step 200/295: loss=2.309520 (1421ms)
Epoch 58/80: loss=2.314023 lr=0.002000 (422043ms)
  step 0/295: loss=2.322955 (1403ms)
  step 1/295: loss=2.303378 (1427ms)
  step 2/295: loss=2.261889 (1416ms)
  step 100/295: loss=2.283574 (1408ms)
  step 200/295: loss=2.298166 (1400ms)
Epoch 59/80: loss=2.315809 lr=0.002000 (422854ms)
  step 0/295: loss=2.354391 (1405ms)
  step 1/295: loss=2.279033 (1409ms)
  step 2/295: loss=2.366476 (1401ms)
  step 100/295: loss=2.313694 (1412ms)
  step 200/295: loss=2.343190 (1410ms)
Epoch 60/80: loss=2.314694 lr=0.002000 (422739ms)
  val accuracy (running BN): 368/3904 = 9.426230%
  step 0/295: loss=2.279035 (1391ms)
  step 1/295: loss=2.310483 (1384ms)
  step 2/295: loss=2.326827 (1408ms)
  step 100/295: loss=2.265529 (1423ms)
  step 200/295: loss=2.315745 (1420ms)
Epoch 61/80: loss=2.310852 lr=0.002000 (422775ms)
  step 0/295: loss=2.352091 (1412ms)
  step 1/295: loss=2.320360 (1388ms)
  step 2/295: loss=2.303707 (1406ms)
  step 100/295: loss=2.357883 (1409ms)
  step 200/295: loss=2.306382 (1391ms)
Epoch 62/80: loss=2.313271 lr=0.002000 (421878ms)
  step 0/295: loss=2.346277 (1430ms)
  step 1/295: loss=2.299520 (1435ms)
  step 2/295: loss=2.294105 (1400ms)
  step 100/295: loss=2.291204 (1429ms)
  step 200/295: loss=2.310165 (1432ms)
Epoch 63/80: loss=2.312651 lr=0.002000 (421670ms)
  step 0/295: loss=2.301090 (1414ms)
  step 1/295: loss=2.314071 (1427ms)
  step 2/295: loss=2.317836 (1419ms)
  step 100/295: loss=2.282657 (1397ms)
  step 200/295: loss=2.337491 (1416ms)
Epoch 64/80: loss=2.311873 lr=0.002000 (421877ms)
  step 0/295: loss=2.328451 (1415ms)
  step 1/295: loss=2.345081 (1401ms)
  step 2/295: loss=2.304308 (1417ms)
  step 100/295: loss=2.283100 (1424ms)
  step 200/295: loss=2.293453 (1403ms)
Epoch 65/80: loss=2.313293 lr=0.002000 (422344ms)
  step 0/295: loss=2.329254 (1431ms)
  step 1/295: loss=2.323189 (1408ms)
  step 2/295: loss=2.300877 (1405ms)
  step 100/295: loss=2.277426 (1422ms)
  step 200/295: loss=2.323102 (1392ms)
Epoch 66/80: loss=2.310151 lr=0.002000 (421787ms)
  step 0/295: loss=2.304197 (1404ms)
  step 1/295: loss=2.296248 (1409ms)
  step 2/295: loss=2.268481 (1400ms)
  step 100/295: loss=2.343445 (1424ms)
  step 200/295: loss=2.294650 (1407ms)
Epoch 67/80: loss=2.310024 lr=0.002000 (422514ms)
  step 0/295: loss=2.376202 (1423ms)
  step 1/295: loss=2.314373 (1383ms)
  step 2/295: loss=2.281247 (1382ms)
  step 100/295: loss=2.373609 (1366ms)
  step 200/295: loss=2.374878 (1422ms)
Epoch 68/80: loss=2.312672 lr=0.002000 (421290ms)
  step 0/295: loss=2.302884 (1405ms)
  step 1/295: loss=2.301238 (1402ms)
  step 2/295: loss=2.311914 (1399ms)
  step 100/295: loss=2.297770 (1421ms)
  step 200/295: loss=2.306901 (1389ms)
Epoch 69/80: loss=2.311901 lr=0.002000 (421971ms)
  step 0/295: loss=2.329947 (1387ms)
  step 1/295: loss=2.314890 (1392ms)
  step 2/295: loss=2.345261 (1414ms)
  step 100/295: loss=2.299904 (1385ms)
  step 200/295: loss=2.289179 (1435ms)
Epoch 70/80: loss=2.311935 lr=0.002000 (422324ms)
  val accuracy (running BN): 432/3904 = 11.065574%
  step 0/295: loss=2.338969 (1400ms)
  step 1/295: loss=2.293454 (1384ms)
  step 2/295: loss=2.321298 (1392ms)
  step 100/295: loss=2.317665 (1419ms)
  step 200/295: loss=2.291430 (1413ms)
Epoch 71/80: loss=2.311424 lr=0.002000 (421127ms)
  step 0/295: loss=2.336639 (1424ms)
  step 1/295: loss=2.338006 (1407ms)
  step 2/295: loss=2.338373 (1424ms)
  step 100/295: loss=2.369064 (1419ms)
  step 200/295: loss=2.359055 (1376ms)
Epoch 72/80: loss=2.313417 lr=0.002000 (421377ms)
  step 0/295: loss=2.290131 (1408ms)
  step 1/295: loss=2.308279 (1409ms)
  step 2/295: loss=2.307050 (1413ms)
  step 100/295: loss=2.326469 (1420ms)
  step 200/295: loss=2.290464 (1417ms)
Epoch 73/80: loss=2.311484 lr=0.002000 (423359ms)
  step 0/295: loss=2.307114 (1405ms)
  step 1/295: loss=2.292789 (1410ms)
  step 2/295: loss=2.324025 (1393ms)
  step 100/295: loss=2.303257 (1420ms)
  step 200/295: loss=2.313212 (1388ms)
Epoch 74/80: loss=2.313649 lr=0.002000 (422884ms)
  step 0/295: loss=2.285510 (1416ms)
  step 1/295: loss=2.299639 (1415ms)
  step 2/295: loss=2.300465 (1420ms)
  step 100/295: loss=2.300880 (1388ms)
  step 200/295: loss=2.333142 (1415ms)
Epoch 75/80: loss=2.307933 lr=0.002000 (423020ms)
  step 0/295: loss=2.310279 (1421ms)
  step 1/295: loss=2.337663 (1399ms)
  step 2/295: loss=2.344911 (1395ms)
  step 100/295: loss=2.288373 (1404ms)
  step 200/295: loss=2.310481 (1382ms)
Epoch 76/80: loss=2.310519 lr=0.002000 (423830ms)
  step 0/295: loss=2.270359 (1428ms)
  step 1/295: loss=2.262615 (1437ms)
  step 2/295: loss=2.343042 (1423ms)
  step 100/295: loss=2.329348 (1431ms)
  step 200/295: loss=2.332886 (1422ms)
Epoch 77/80: loss=2.311285 lr=0.002000 (423774ms)
  step 0/295: loss=2.324273 (1399ms)
  step 1/295: loss=2.264373 (1403ms)
  step 2/295: loss=2.294076 (1391ms)
  step 100/295: loss=2.290012 (1421ms)
  step 200/295: loss=2.275347 (1434ms)
Epoch 78/80: loss=2.310388 lr=0.002000 (423296ms)
  step 0/295: loss=2.322129 (1439ms)
  step 1/295: loss=2.331352 (1410ms)
  step 2/295: loss=2.267385 (1417ms)
  step 100/295: loss=2.330481 (1418ms)
  step 200/295: loss=2.324666 (1410ms)
Epoch 79/80: loss=2.309819 lr=0.002000 (422889ms)
  step 0/295: loss=2.319127 (1390ms)
  step 1/295: loss=2.332083 (1401ms)
  step 2/295: loss=2.278074 (1414ms)
  step 100/295: loss=2.322000 (1395ms)
  step 200/295: loss=2.300411 (1408ms)
Epoch 80/80: loss=2.308536 lr=0.002000 (422499ms)
  val accuracy (running BN): 382/3904 = 9.784836%
Saved params + BN stats.
