Ablation: cifar-bn-adam
  spec: CIFAR-CNN-BN, optimizer: Adam
  lr: 0.001000, cosine: false, wd: 0.000000
  aug: false, label_smooth: 0.000000
CIFAR-CNN-BN-cifar-bn-adam: 2431210 params
Generating train step MLIR...
  74973 chars
Compiling vmfbs...
  forward compiled
  eval forward compiled
  train step compiled
  session loaded
  train: 50000 images (3072 floats/image)
  2431210 params + m + v (27 MB)
training: 390 batches/epoch, batch=128, Adam, lr=0.001000, cosine warmup=0, label_smooth=0.1, wd=0.000000
  BN layers: 4, BN stat floats: 384
  step 0/390: loss=3.003467 (84ms)
  step 1/390: loss=10.057078 (73ms)
  step 2/390: loss=12.796227 (76ms)
  step 100/390: loss=1.627675 (79ms)
  step 200/390: loss=1.374690 (79ms)
  step 300/390: loss=1.352170 (81ms)
Epoch 1/30: loss=1.682680 lr=0.001000 (33031ms)
  step 0/390: loss=1.104881 (81ms)
  step 1/390: loss=1.223096 (79ms)
  step 2/390: loss=1.079562 (77ms)
  step 100/390: loss=1.163827 (81ms)
  step 200/390: loss=0.891280 (79ms)
  step 300/390: loss=0.984719 (77ms)
Epoch 2/30: loss=0.992310 lr=0.001000 (33169ms)
  step 0/390: loss=0.733564 (79ms)
  step 1/390: loss=0.940173 (78ms)
  step 2/390: loss=0.707467 (83ms)
  step 100/390: loss=0.666749 (84ms)
  step 200/390: loss=0.753488 (79ms)
  step 300/390: loss=0.833032 (81ms)
Epoch 3/30: loss=0.792368 lr=0.001000 (33140ms)
  step 0/390: loss=0.723376 (79ms)
  step 1/390: loss=0.723515 (78ms)
  step 2/390: loss=0.537874 (76ms)
  step 100/390: loss=0.639509 (76ms)
  step 200/390: loss=0.787528 (79ms)
  step 300/390: loss=0.653655 (75ms)
Epoch 4/30: loss=0.670559 lr=0.001000 (33222ms)
  step 0/390: loss=0.555016 (79ms)
  step 1/390: loss=0.672308 (74ms)
  step 2/390: loss=0.535901 (79ms)
  step 100/390: loss=0.490764 (80ms)
  step 200/390: loss=0.524344 (82ms)
  step 300/390: loss=0.461136 (74ms)
Epoch 5/30: loss=0.578719 lr=0.001000 (33439ms)
  step 0/390: loss=0.463515 (82ms)
  step 1/390: loss=0.419566 (81ms)
  step 2/390: loss=0.469116 (82ms)
  step 100/390: loss=0.392679 (77ms)
  step 200/390: loss=0.576317 (78ms)
  step 300/390: loss=0.492138 (76ms)
Epoch 6/30: loss=0.500412 lr=0.001000 (33419ms)
  step 0/390: loss=0.435853 (80ms)
  step 1/390: loss=0.305921 (79ms)
  step 2/390: loss=0.366183 (79ms)
  step 100/390: loss=0.490165 (79ms)
  step 200/390: loss=0.316299 (80ms)
  step 300/390: loss=0.443101 (80ms)
Epoch 7/30: loss=0.429660 lr=0.001000 (33467ms)
  step 0/390: loss=0.334339 (81ms)
  step 1/390: loss=0.309776 (78ms)
  step 2/390: loss=0.213891 (83ms)
  step 100/390: loss=0.295242 (80ms)
  step 200/390: loss=0.405475 (79ms)
  step 300/390: loss=0.328696 (76ms)
Epoch 8/30: loss=0.367769 lr=0.001000 (33393ms)
  step 0/390: loss=0.269152 (76ms)
  step 1/390: loss=0.277615 (75ms)
  step 2/390: loss=0.265823 (74ms)
  step 100/390: loss=0.271889 (79ms)
  step 200/390: loss=0.331850 (82ms)
  step 300/390: loss=0.352831 (79ms)
Epoch 9/30: loss=0.319915 lr=0.001000 (33270ms)
  step 0/390: loss=0.258340 (79ms)
  step 1/390: loss=0.261063 (78ms)
  step 2/390: loss=0.218219 (76ms)
  step 100/390: loss=0.318291 (78ms)
  step 200/390: loss=0.367110 (84ms)
  step 300/390: loss=0.217859 (79ms)
Epoch 10/30: loss=0.265382 lr=0.001000 (33248ms)
  val accuracy (running BN): 7581/9984 = 75.931490%
  step 0/390: loss=0.252619 (81ms)
  step 1/390: loss=0.221498 (79ms)
  step 2/390: loss=0.166069 (77ms)
  step 100/390: loss=0.240783 (81ms)
  step 200/390: loss=0.226259 (74ms)
  step 300/390: loss=0.178401 (77ms)
Epoch 11/30: loss=0.211873 lr=0.001000 (33096ms)
  step 0/390: loss=0.161253 (80ms)
  step 1/390: loss=0.145171 (78ms)
  step 2/390: loss=0.127291 (77ms)
  step 100/390: loss=0.107141 (82ms)
  step 200/390: loss=0.217596 (79ms)
  step 300/390: loss=0.284434 (80ms)
Epoch 12/30: loss=0.185189 lr=0.001000 (32995ms)
  step 0/390: loss=0.121604 (80ms)
  step 1/390: loss=0.142976 (81ms)
  step 2/390: loss=0.115675 (80ms)
  step 100/390: loss=0.219652 (76ms)
  step 200/390: loss=0.064240 (82ms)
  step 300/390: loss=0.205402 (81ms)
Epoch 13/30: loss=0.151635 lr=0.001000 (33005ms)
  step 0/390: loss=0.095302 (83ms)
  step 1/390: loss=0.138554 (78ms)
  step 2/390: loss=0.181286 (80ms)
  step 100/390: loss=0.106090 (78ms)
  step 200/390: loss=0.132925 (84ms)
  step 300/390: loss=0.201816 (75ms)
Epoch 14/30: loss=0.137893 lr=0.001000 (33113ms)
  step 0/390: loss=0.057862 (79ms)
  step 1/390: loss=0.117999 (80ms)
  step 2/390: loss=0.157541 (81ms)
  step 100/390: loss=0.090721 (75ms)
  step 200/390: loss=0.106152 (79ms)
  step 300/390: loss=0.087426 (74ms)
Epoch 15/30: loss=0.095826 lr=0.001000 (32871ms)
  step 0/390: loss=0.061565 (76ms)
  step 1/390: loss=0.145321 (74ms)
  step 2/390: loss=0.079107 (75ms)
  step 100/390: loss=0.066698 (79ms)
  step 200/390: loss=0.106625 (83ms)
  step 300/390: loss=0.134965 (78ms)
Epoch 16/30: loss=0.104412 lr=0.001000 (33304ms)
  step 0/390: loss=0.055404 (78ms)
  step 1/390: loss=0.061251 (81ms)
  step 2/390: loss=0.071480 (76ms)
  step 100/390: loss=0.070472 (77ms)
  step 200/390: loss=0.070263 (72ms)
  step 300/390: loss=0.153513 (80ms)
Epoch 17/30: loss=0.087100 lr=0.001000 (33071ms)
  step 0/390: loss=0.059260 (81ms)
  step 1/390: loss=0.119605 (78ms)
  step 2/390: loss=0.041244 (77ms)
  step 100/390: loss=0.038006 (82ms)
  step 200/390: loss=0.020970 (77ms)
  step 300/390: loss=0.077620 (77ms)
Epoch 18/30: loss=0.081102 lr=0.001000 (33267ms)
  step 0/390: loss=0.097218 (82ms)
  step 1/390: loss=0.115270 (80ms)
  step 2/390: loss=0.086985 (77ms)
  step 100/390: loss=0.017373 (82ms)
  step 200/390: loss=0.040154 (83ms)
  step 300/390: loss=0.039936 (80ms)
Epoch 19/30: loss=0.078411 lr=0.001000 (33058ms)
  step 0/390: loss=0.034496 (75ms)
  step 1/390: loss=0.062048 (74ms)
  step 2/390: loss=0.013024 (77ms)
  step 100/390: loss=0.050527 (83ms)
  step 200/390: loss=0.084928 (79ms)
  step 300/390: loss=0.085874 (75ms)
Epoch 20/30: loss=0.068342 lr=0.001000 (33026ms)
  val accuracy (running BN): 7675/9984 = 76.872997%
  step 0/390: loss=0.048393 (80ms)
  step 1/390: loss=0.021099 (80ms)
  step 2/390: loss=0.021872 (77ms)
  step 100/390: loss=0.069894 (80ms)
  step 200/390: loss=0.098268 (76ms)
  step 300/390: loss=0.197450 (80ms)
Epoch 21/30: loss=0.071459 lr=0.001000 (33048ms)
  step 0/390: loss=0.143182 (82ms)
  step 1/390: loss=0.047417 (81ms)
  step 2/390: loss=0.100906 (82ms)
  step 100/390: loss=0.045322 (80ms)
  step 200/390: loss=0.025152 (83ms)
  step 300/390: loss=0.129060 (74ms)
Epoch 22/30: loss=0.061111 lr=0.001000 (33202ms)
  step 0/390: loss=0.081228 (75ms)
  step 1/390: loss=0.093042 (74ms)
  step 2/390: loss=0.029826 (76ms)
  step 100/390: loss=0.081449 (83ms)
  step 200/390: loss=0.071585 (82ms)
  step 300/390: loss=0.131962 (80ms)
Epoch 23/30: loss=0.062776 lr=0.001000 (33243ms)
  step 0/390: loss=0.018738 (81ms)
  step 1/390: loss=0.072082 (79ms)
  step 2/390: loss=0.016248 (77ms)
  step 100/390: loss=0.083667 (80ms)
  step 200/390: loss=0.085700 (75ms)
  step 300/390: loss=0.019003 (80ms)
Epoch 24/30: loss=0.049757 lr=0.001000 (33261ms)
  step 0/390: loss=0.040756 (83ms)
  step 1/390: loss=0.049145 (79ms)
  step 2/390: loss=0.031027 (78ms)
  step 100/390: loss=0.096910 (81ms)
  step 200/390: loss=0.047711 (82ms)
  step 300/390: loss=0.145811 (80ms)
Epoch 25/30: loss=0.055476 lr=0.001000 (33143ms)
  step 0/390: loss=0.113582 (78ms)
  step 1/390: loss=0.112476 (82ms)
  step 2/390: loss=0.056140 (85ms)
  step 100/390: loss=0.066065 (78ms)
  step 200/390: loss=0.039352 (78ms)
  step 300/390: loss=0.031601 (78ms)
Epoch 26/30: loss=0.053529 lr=0.001000 (32951ms)
  step 0/390: loss=0.058147 (77ms)
  step 1/390: loss=0.085398 (79ms)
  step 2/390: loss=0.053405 (81ms)
  step 100/390: loss=0.060589 (82ms)
  step 200/390: loss=0.022363 (81ms)
  step 300/390: loss=0.012172 (76ms)
Epoch 27/30: loss=0.044780 lr=0.001000 (33109ms)
  step 0/390: loss=0.047260 (81ms)
  step 1/390: loss=0.045087 (80ms)
  step 2/390: loss=0.079099 (77ms)
  step 100/390: loss=0.047257 (81ms)
  step 200/390: loss=0.096701 (83ms)
  step 300/390: loss=0.089501 (78ms)
Epoch 28/30: loss=0.065259 lr=0.001000 (33070ms)
  step 0/390: loss=0.033972 (80ms)
  step 1/390: loss=0.009689 (79ms)
  step 2/390: loss=0.019101 (75ms)
  step 100/390: loss=0.018361 (80ms)
  step 200/390: loss=0.029548 (83ms)
  step 300/390: loss=0.180158 (78ms)
Epoch 29/30: loss=0.031800 lr=0.001000 (33199ms)
  step 0/390: loss=0.023241 (83ms)
  step 1/390: loss=0.031753 (74ms)
  step 2/390: loss=0.020754 (74ms)
  step 100/390: loss=0.010533 (75ms)
  step 200/390: loss=0.008514 (78ms)
  step 300/390: loss=0.044251 (75ms)
Epoch 30/30: loss=0.044752 lr=0.001000 (33016ms)
  val accuracy (running BN): 7639/9984 = 76.512420%
Saved params + BN stats.
