Ablation: width-h32
  spec: MNIST-H32, optimizer: SGD
  lr: 0.002000, cosine: false, wd: 0.000000
  aug: false, label_smooth: 0.000000
MNIST-H32-width-h32: 25450 params
Generating train step MLIR...
  7716 chars
Compiling vmfbs...
  forward compiled
  eval forward compiled
  train step compiled
  session loaded
  train: 60000 images (784 floats/image)
  25450 params + m + v (0 MB)
training: 468 batches/epoch, batch=128, Adam, lr=0.002000, cosine warmup=0, label_smooth=0.1, wd=0.000000
  BN layers: 0, BN stat floats: 0
  step 0/468: loss=2.354635 (15ms)
  step 1/468: loss=2.351079 (5ms)
  step 2/468: loss=2.347016 (4ms)
  step 100/468: loss=1.380514 (4ms)
  step 200/468: loss=0.812418 (4ms)
  step 300/468: loss=0.619821 (4ms)
  step 400/468: loss=0.724150 (4ms)
Epoch 1/15: loss=0.965134 lr=0.002000 (1862ms)
  step 0/468: loss=0.479773 (6ms)
  step 1/468: loss=0.428094 (4ms)
  step 2/468: loss=0.323099 (5ms)
  step 100/468: loss=0.510437 (3ms)
  step 200/468: loss=0.488315 (4ms)
  step 300/468: loss=0.498130 (4ms)
  step 400/468: loss=0.353702 (4ms)
Epoch 2/15: loss=0.433456 lr=0.002000 (1828ms)
  step 0/468: loss=0.362577 (6ms)
  step 1/468: loss=0.362635 (4ms)
  step 2/468: loss=0.510937 (5ms)
  step 100/468: loss=0.469699 (4ms)
  step 200/468: loss=0.364595 (4ms)
  step 300/468: loss=0.343696 (4ms)
  step 400/468: loss=0.327401 (4ms)
Epoch 3/15: loss=0.365013 lr=0.002000 (1849ms)
  step 0/468: loss=0.405727 (5ms)
  step 1/468: loss=0.243780 (4ms)
  step 2/468: loss=0.317315 (4ms)
  step 100/468: loss=0.307374 (4ms)
  step 200/468: loss=0.194851 (4ms)
  step 300/468: loss=0.419725 (4ms)
  step 400/468: loss=0.337795 (4ms)
Epoch 4/15: loss=0.331486 lr=0.002000 (1859ms)
  step 0/468: loss=0.257512 (6ms)
  step 1/468: loss=0.406387 (4ms)
  step 2/468: loss=0.320007 (4ms)
  step 100/468: loss=0.320678 (4ms)
  step 200/468: loss=0.278883 (3ms)
  step 300/468: loss=0.271597 (4ms)
  step 400/468: loss=0.325409 (3ms)
Epoch 5/15: loss=0.309171 lr=0.002000 (1844ms)
  step 0/468: loss=0.240715 (5ms)
  step 1/468: loss=0.293892 (4ms)
  step 2/468: loss=0.409476 (4ms)
  step 100/468: loss=0.264160 (4ms)
  step 200/468: loss=0.295758 (4ms)
  step 300/468: loss=0.202491 (3ms)
  step 400/468: loss=0.385192 (3ms)
Epoch 6/15: loss=0.292448 lr=0.002000 (1889ms)
  step 0/468: loss=0.314831 (6ms)
  step 1/468: loss=0.280790 (4ms)
  step 2/468: loss=0.195590 (5ms)
  step 100/468: loss=0.372447 (4ms)
  step 200/468: loss=0.220399 (4ms)
  step 300/468: loss=0.260831 (4ms)
  step 400/468: loss=0.317952 (6ms)
Epoch 7/15: loss=0.278198 lr=0.002000 (1859ms)
  step 0/468: loss=0.249564 (5ms)
  step 1/468: loss=0.319637 (6ms)
  step 2/468: loss=0.170317 (4ms)
  step 100/468: loss=0.206638 (4ms)
  step 200/468: loss=0.227403 (4ms)
  step 300/468: loss=0.292621 (4ms)
  step 400/468: loss=0.284504 (4ms)
Epoch 8/15: loss=0.266451 lr=0.002000 (1857ms)
  step 0/468: loss=0.324477 (4ms)
  step 1/468: loss=0.334996 (4ms)
  step 2/468: loss=0.170100 (5ms)
  step 100/468: loss=0.252854 (4ms)
  step 200/468: loss=0.246617 (4ms)
  step 300/468: loss=0.297142 (3ms)
  step 400/468: loss=0.299063 (4ms)
Epoch 9/15: loss=0.255965 lr=0.002000 (1860ms)
  step 0/468: loss=0.296563 (5ms)
  step 1/468: loss=0.259540 (4ms)
  step 2/468: loss=0.402425 (5ms)
  step 100/468: loss=0.171810 (4ms)
  step 200/468: loss=0.200633 (4ms)
  step 300/468: loss=0.256921 (4ms)
  step 400/468: loss=0.237424 (4ms)
Epoch 10/15: loss=0.246541 lr=0.002000 (1839ms)
  val accuracy (running BN): 9301/9984 = 93.159054%
  step 0/468: loss=0.211487 (4ms)
  step 1/468: loss=0.169059 (5ms)
  step 2/468: loss=0.190849 (5ms)
  step 100/468: loss=0.200634 (4ms)
  step 200/468: loss=0.254871 (4ms)
  step 300/468: loss=0.428429 (4ms)
  step 400/468: loss=0.184420 (4ms)
Epoch 11/15: loss=0.237735 lr=0.002000 (1861ms)
  step 0/468: loss=0.344468 (5ms)
  step 1/468: loss=0.338576 (4ms)
  step 2/468: loss=0.206055 (4ms)
  step 100/468: loss=0.177692 (5ms)
  step 200/468: loss=0.165161 (3ms)
  step 300/468: loss=0.160716 (4ms)
  step 400/468: loss=0.174757 (5ms)
Epoch 12/15: loss=0.230267 lr=0.002000 (1869ms)
  step 0/468: loss=0.261498 (6ms)
  step 1/468: loss=0.208440 (5ms)
  step 2/468: loss=0.216613 (4ms)
  step 100/468: loss=0.267084 (4ms)
  step 200/468: loss=0.205423 (3ms)
  step 300/468: loss=0.204884 (5ms)
  step 400/468: loss=0.279379 (4ms)
Epoch 13/15: loss=0.222936 lr=0.002000 (1792ms)
  step 0/468: loss=0.223340 (5ms)
  step 1/468: loss=0.125688 (4ms)
  step 2/468: loss=0.132870 (4ms)
  step 100/468: loss=0.269280 (3ms)
  step 200/468: loss=0.178862 (4ms)
  step 300/468: loss=0.219375 (4ms)
  step 400/468: loss=0.209198 (3ms)
Epoch 14/15: loss=0.216905 lr=0.002000 (1818ms)
  step 0/468: loss=0.261719 (5ms)
  step 1/468: loss=0.179728 (4ms)
  step 2/468: loss=0.225373 (4ms)
  step 100/468: loss=0.233016 (4ms)
  step 200/468: loss=0.310958 (4ms)
  step 300/468: loss=0.276357 (4ms)
  step 400/468: loss=0.205070 (4ms)
Epoch 15/15: loss=0.210861 lr=0.002000 (1824ms)
  val accuracy (running BN): 9383/9984 = 93.980369%
Saved params + BN stats.
