Ablation: cifar-bn-sgd002
  spec: CIFAR-CNN-BN, optimizer: SGD
  lr: 0.002000, cosine: false, wd: 0.000000
  aug: false, label_smooth: 0.000000
CIFAR-CNN-BN-cifar-bn-sgd002: 2431210 params
Generating train step MLIR...
  51794 chars
Compiling vmfbs...
  forward compiled
  eval forward compiled
  train step compiled
  session loaded
  train: 50000 images (3072 floats/image)
  2431210 params + m + v (27 MB)
training: 390 batches/epoch, batch=128, Adam, lr=0.002000, cosine warmup=0, label_smooth=0.1, wd=0.000000
  BN layers: 4, BN stat floats: 384
  step 0/390: loss=3.003467 (91ms)
  step 1/390: loss=2.697341 (85ms)
  step 2/390: loss=2.571066 (81ms)
  step 100/390: loss=1.577240 (85ms)
  step 200/390: loss=1.312462 (80ms)
  step 300/390: loss=1.294731 (83ms)
Epoch 1/30: loss=1.483280 lr=0.002000 (34617ms)
  step 0/390: loss=1.167997 (83ms)
  step 1/390: loss=1.253638 (81ms)
  step 2/390: loss=1.088018 (81ms)
  step 100/390: loss=1.140663 (82ms)
  step 200/390: loss=1.066290 (81ms)
  step 300/390: loss=1.226667 (83ms)
Epoch 2/30: loss=1.091381 lr=0.002000 (34634ms)
  step 0/390: loss=0.867065 (86ms)
  step 1/390: loss=1.018703 (86ms)
  step 2/390: loss=0.901353 (86ms)
  step 100/390: loss=0.859893 (77ms)
  step 200/390: loss=0.991874 (82ms)
  step 300/390: loss=0.931246 (86ms)
Epoch 3/30: loss=0.912211 lr=0.002000 (34605ms)
  step 0/390: loss=0.891946 (83ms)
  step 1/390: loss=0.859403 (82ms)
  step 2/390: loss=0.723684 (84ms)
  step 100/390: loss=0.790962 (84ms)
  step 200/390: loss=0.797644 (86ms)
  step 300/390: loss=0.958172 (85ms)
Epoch 4/30: loss=0.799461 lr=0.002000 (34758ms)
  step 0/390: loss=0.696202 (84ms)
  step 1/390: loss=0.829138 (87ms)
  step 2/390: loss=0.626123 (86ms)
  step 100/390: loss=0.682551 (83ms)
  step 200/390: loss=0.646932 (82ms)
  step 300/390: loss=0.665735 (82ms)
Epoch 5/30: loss=0.699241 lr=0.002000 (34701ms)
  step 0/390: loss=0.722256 (84ms)
  step 1/390: loss=0.509668 (78ms)
  step 2/390: loss=0.577119 (77ms)
  step 100/390: loss=0.594000 (85ms)
  step 200/390: loss=0.699651 (82ms)
  step 300/390: loss=0.606983 (82ms)
Epoch 6/30: loss=0.618310 lr=0.002000 (34693ms)
  step 0/390: loss=0.554381 (86ms)
  step 1/390: loss=0.435273 (82ms)
  step 2/390: loss=0.506158 (82ms)
  step 100/390: loss=0.567555 (85ms)
  step 200/390: loss=0.443479 (81ms)
  step 300/390: loss=0.648382 (80ms)
Epoch 7/30: loss=0.544478 lr=0.002000 (34715ms)
  step 0/390: loss=0.468159 (82ms)
  step 1/390: loss=0.448005 (82ms)
  step 2/390: loss=0.418006 (83ms)
  step 100/390: loss=0.413318 (83ms)
  step 200/390: loss=0.439159 (82ms)
  step 300/390: loss=0.476850 (82ms)
Epoch 8/30: loss=0.471947 lr=0.002000 (34512ms)
  step 0/390: loss=0.328055 (86ms)
  step 1/390: loss=0.438731 (79ms)
  step 2/390: loss=0.360999 (84ms)
  step 100/390: loss=0.381948 (82ms)
  step 200/390: loss=0.417027 (81ms)
  step 300/390: loss=0.428759 (85ms)
Epoch 9/30: loss=0.410903 lr=0.002000 (34861ms)
  step 0/390: loss=0.264577 (89ms)
  step 1/390: loss=0.359694 (80ms)
  step 2/390: loss=0.291166 (79ms)
  step 100/390: loss=0.382102 (83ms)
  step 200/390: loss=0.524260 (80ms)
  step 300/390: loss=0.313517 (82ms)
Epoch 10/30: loss=0.345191 lr=0.002000 (34845ms)
  val accuracy (running BN): 6948/9984 = 69.591346%
  step 0/390: loss=0.321621 (86ms)
  step 1/390: loss=0.256207 (81ms)
  step 2/390: loss=0.315628 (83ms)
  step 100/390: loss=0.218315 (84ms)
  step 200/390: loss=0.266053 (79ms)
  step 300/390: loss=0.259441 (86ms)
Epoch 11/30: loss=0.288499 lr=0.002000 (34272ms)
  step 0/390: loss=0.199042 (81ms)
  step 1/390: loss=0.255966 (79ms)
  step 2/390: loss=0.199826 (83ms)
  step 100/390: loss=0.186054 (81ms)
  step 200/390: loss=0.184248 (82ms)
  step 300/390: loss=0.240223 (76ms)
Epoch 12/30: loss=0.229377 lr=0.002000 (34695ms)
  step 0/390: loss=0.197753 (81ms)
  step 1/390: loss=0.204316 (78ms)
  step 2/390: loss=0.164863 (78ms)
  step 100/390: loss=0.187958 (83ms)
  step 200/390: loss=0.154006 (81ms)
  step 300/390: loss=0.190414 (82ms)
Epoch 13/30: loss=0.183756 lr=0.002000 (34671ms)
  step 0/390: loss=0.115662 (92ms)
  step 1/390: loss=0.147302 (84ms)
  step 2/390: loss=0.124872 (84ms)
  step 100/390: loss=0.113762 (83ms)
  step 200/390: loss=0.156605 (87ms)
  step 300/390: loss=0.150253 (79ms)
Epoch 14/30: loss=0.145645 lr=0.002000 (34566ms)
  step 0/390: loss=0.102787 (83ms)
  step 1/390: loss=0.129709 (85ms)
  step 2/390: loss=0.188615 (83ms)
  step 100/390: loss=0.105722 (78ms)
  step 200/390: loss=0.149649 (86ms)
  step 300/390: loss=0.107154 (80ms)
Epoch 15/30: loss=0.105913 lr=0.002000 (34674ms)
  step 0/390: loss=0.040108 (82ms)
  step 1/390: loss=0.048321 (83ms)
  step 2/390: loss=0.090429 (79ms)
  step 100/390: loss=0.054575 (83ms)
  step 200/390: loss=0.076392 (83ms)
  step 300/390: loss=0.071273 (85ms)
Epoch 16/30: loss=0.077845 lr=0.002000 (34533ms)
  step 0/390: loss=0.077125 (85ms)
  step 1/390: loss=0.078021 (83ms)
  step 2/390: loss=0.048406 (79ms)
  step 100/390: loss=0.077765 (79ms)
  step 200/390: loss=0.060302 (84ms)
  step 300/390: loss=0.060608 (80ms)
Epoch 17/30: loss=0.056608 lr=0.002000 (34471ms)
  step 0/390: loss=0.028816 (81ms)
  step 1/390: loss=0.031287 (80ms)
  step 2/390: loss=0.020078 (79ms)
  step 100/390: loss=0.049697 (79ms)
  step 200/390: loss=0.033608 (83ms)
  step 300/390: loss=0.053955 (85ms)
Epoch 18/30: loss=0.038104 lr=0.002000 (34551ms)
  step 0/390: loss=0.026185 (82ms)
  step 1/390: loss=0.026944 (80ms)
  step 2/390: loss=0.039271 (81ms)
  step 100/390: loss=0.047965 (80ms)
  step 200/390: loss=0.018503 (88ms)
  step 300/390: loss=0.029004 (84ms)
Epoch 19/30: loss=0.028030 lr=0.002000 (34528ms)
  step 0/390: loss=0.030140 (82ms)
  step 1/390: loss=0.022568 (80ms)
  step 2/390: loss=0.016676 (78ms)
  step 100/390: loss=0.017520 (83ms)
  step 200/390: loss=0.015729 (79ms)
  step 300/390: loss=0.012445 (79ms)
Epoch 20/30: loss=0.020163 lr=0.002000 (34393ms)
  val accuracy (running BN): 7253/9984 = 72.646234%
  step 0/390: loss=0.018989 (80ms)
  step 1/390: loss=0.011614 (77ms)
  step 2/390: loss=0.016671 (82ms)
  step 100/390: loss=0.011558 (80ms)
  step 200/390: loss=0.009939 (81ms)
  step 300/390: loss=0.009780 (83ms)
Epoch 21/30: loss=0.015734 lr=0.002000 (34914ms)
  step 0/390: loss=0.013363 (82ms)
  step 1/390: loss=0.013691 (82ms)
  step 2/390: loss=0.011387 (81ms)
  step 100/390: loss=0.009251 (76ms)
  step 200/390: loss=0.014182 (82ms)
  step 300/390: loss=0.010402 (83ms)
Epoch 22/30: loss=0.011696 lr=0.002000 (34462ms)
  step 0/390: loss=0.011514 (78ms)
  step 1/390: loss=0.009802 (77ms)
  step 2/390: loss=0.010522 (76ms)
  step 100/390: loss=0.011002 (81ms)
  step 200/390: loss=0.013180 (82ms)
  step 300/390: loss=0.009781 (77ms)
Epoch 23/30: loss=0.009784 lr=0.002000 (34499ms)
  step 0/390: loss=0.006965 (89ms)
  step 1/390: loss=0.008331 (87ms)
  step 2/390: loss=0.007924 (83ms)
  step 100/390: loss=0.006465 (83ms)
  step 200/390: loss=0.007276 (85ms)
  step 300/390: loss=0.014421 (84ms)
Epoch 24/30: loss=0.008053 lr=0.002000 (34473ms)
  step 0/390: loss=0.008722 (81ms)
  step 1/390: loss=0.010342 (78ms)
  step 2/390: loss=0.006544 (81ms)
  step 100/390: loss=0.012262 (80ms)
  step 200/390: loss=0.008511 (85ms)
  step 300/390: loss=0.008681 (83ms)
Epoch 25/30: loss=0.007526 lr=0.002000 (34573ms)
  step 0/390: loss=0.005547 (83ms)
  step 1/390: loss=0.007549 (82ms)
  step 2/390: loss=0.008283 (80ms)
  step 100/390: loss=0.004468 (84ms)
  step 200/390: loss=0.007209 (84ms)
  step 300/390: loss=0.008580 (85ms)
Epoch 26/30: loss=0.006488 lr=0.002000 (34529ms)
  step 0/390: loss=0.005675 (83ms)
  step 1/390: loss=0.004671 (82ms)
  step 2/390: loss=0.004117 (78ms)
  step 100/390: loss=0.012294 (79ms)
  step 200/390: loss=0.004142 (78ms)
  step 300/390: loss=0.003271 (81ms)
Epoch 27/30: loss=0.005572 lr=0.002000 (34430ms)
  step 0/390: loss=0.005943 (83ms)
  step 1/390: loss=0.003666 (82ms)
  step 2/390: loss=0.005539 (82ms)
  step 100/390: loss=0.004002 (84ms)
  step 200/390: loss=0.005369 (79ms)
  step 300/390: loss=0.007971 (80ms)
Epoch 28/30: loss=0.005086 lr=0.002000 (34384ms)
  step 0/390: loss=0.005480 (79ms)
  step 1/390: loss=0.002877 (81ms)
  step 2/390: loss=0.004179 (77ms)
  step 100/390: loss=0.005005 (82ms)
  step 200/390: loss=0.004417 (81ms)
  step 300/390: loss=0.003314 (80ms)
Epoch 29/30: loss=0.004556 lr=0.002000 (34665ms)
  step 0/390: loss=0.003493 (80ms)
  step 1/390: loss=0.004325 (80ms)
  step 2/390: loss=0.003955 (81ms)
  step 100/390: loss=0.005287 (81ms)
  step 200/390: loss=0.004941 (79ms)
  step 300/390: loss=0.003612 (78ms)
Epoch 30/30: loss=0.004144 lr=0.002000 (34640ms)
  val accuracy (running BN): 7279/9984 = 72.906651%
Saved params + BN stats.
