Ablation: cnn-lite-bn-sgd
  spec: MNIST-CNN-Lite-BN, optimizer: SGD
  lr: 0.100000, cosine: false, wd: 0.000000
  aug: false, label_smooth: 0.000000
MNIST-CNN-Lite-BN-cnn-lite-bn-sgd: 150410 params
Generating train step MLIR...
  25319 chars
Compiling vmfbs...
  forward compiled
  eval forward compiled
  train step compiled
  session loaded
  train: 60000 images (784 floats/image)
  150410 params + m + v (1 MB)
training: 468 batches/epoch, batch=128, Adam, lr=0.100000, cosine warmup=0, label_smooth=0.1, wd=0.000000
  BN layers: 2, BN stat floats: 512
  step 0/468: loss=2.343290 (216ms)
  step 1/468: loss=2.269619 (201ms)
  step 2/468: loss=2.273906 (202ms)
  step 100/468: loss=1.490095 (204ms)
  step 200/468: loss=1.192684 (197ms)
  step 300/468: loss=0.915224 (207ms)
  step 400/468: loss=0.978742 (203ms)
Epoch 1/15: loss=1.147574 lr=0.100000 (95194ms)
  step 0/468: loss=0.576837 (211ms)
  step 1/468: loss=0.605005 (199ms)
  step 2/468: loss=0.616908 (199ms)
  step 100/468: loss=0.385556 (202ms)
  step 200/468: loss=0.554267 (200ms)
  step 300/468: loss=0.424638 (205ms)
  step 400/468: loss=0.319719 (203ms)
Epoch 2/15: loss=0.461124 lr=0.100000 (95180ms)
  step 0/468: loss=0.318710 (214ms)
  step 1/468: loss=0.350032 (199ms)
  step 2/468: loss=0.293526 (206ms)
  step 100/468: loss=0.375703 (203ms)
  step 200/468: loss=0.226218 (203ms)
  step 300/468: loss=0.178953 (200ms)
  step 400/468: loss=0.259469 (200ms)
Epoch 3/15: loss=0.277880 lr=0.100000 (95329ms)
  step 0/468: loss=0.381612 (211ms)
  step 1/468: loss=0.261558 (202ms)
  step 2/468: loss=0.202992 (203ms)
  step 100/468: loss=0.188138 (204ms)
  step 200/468: loss=0.238630 (202ms)
  step 300/468: loss=0.220948 (204ms)
  step 400/468: loss=0.343661 (204ms)
Epoch 4/15: loss=0.222327 lr=0.100000 (94981ms)
  step 0/468: loss=0.090388 (208ms)
  step 1/468: loss=0.233337 (200ms)
  step 2/468: loss=0.196817 (200ms)
  step 100/468: loss=0.188529 (204ms)
  step 200/468: loss=0.143927 (202ms)
  step 300/468: loss=0.142137 (205ms)
  step 400/468: loss=0.176334 (204ms)
Epoch 5/15: loss=0.187988 lr=0.100000 (95313ms)
  step 0/468: loss=0.210644 (216ms)
  step 1/468: loss=0.220850 (204ms)
  step 2/468: loss=0.241422 (204ms)
  step 100/468: loss=0.088079 (205ms)
  step 200/468: loss=0.294553 (200ms)
  step 300/468: loss=0.069889 (206ms)
  step 400/468: loss=0.140996 (204ms)
Epoch 6/15: loss=0.168749 lr=0.100000 (95300ms)
  step 0/468: loss=0.169653 (215ms)
  step 1/468: loss=0.212808 (204ms)
  step 2/468: loss=0.064639 (201ms)
  step 100/468: loss=0.171420 (205ms)
  step 200/468: loss=0.166872 (206ms)
  step 300/468: loss=0.133558 (202ms)
  step 400/468: loss=0.183907 (207ms)
Epoch 7/15: loss=0.156876 lr=0.100000 (95325ms)
  step 0/468: loss=0.166000 (213ms)
  step 1/468: loss=0.150988 (203ms)
  step 2/468: loss=0.131292 (201ms)
  step 100/468: loss=0.082421 (198ms)
  step 200/468: loss=0.138096 (203ms)
  step 300/468: loss=0.124282 (203ms)
  step 400/468: loss=0.083138 (200ms)
Epoch 8/15: loss=0.141654 lr=0.100000 (95265ms)
  step 0/468: loss=0.177164 (214ms)
  step 1/468: loss=0.100320 (206ms)
  step 2/468: loss=0.127007 (204ms)
  step 100/468: loss=0.128554 (204ms)
  step 200/468: loss=0.131066 (202ms)
  step 300/468: loss=0.038931 (205ms)
  step 400/468: loss=0.217517 (206ms)
Epoch 9/15: loss=0.132850 lr=0.100000 (95347ms)
  step 0/468: loss=0.118497 (211ms)
  step 1/468: loss=0.070370 (200ms)
  step 2/468: loss=0.157473 (201ms)
  step 100/468: loss=0.153577 (205ms)
  step 200/468: loss=0.138414 (204ms)
  step 300/468: loss=0.127844 (201ms)
  step 400/468: loss=0.130885 (203ms)
Epoch 10/15: loss=0.125510 lr=0.100000 (95363ms)
  val accuracy (running BN): 9599/9984 = 96.143830%
  step 0/468: loss=0.076204 (215ms)
  step 1/468: loss=0.166311 (203ms)
  step 2/468: loss=0.075236 (205ms)
  step 100/468: loss=0.083544 (205ms)
  step 200/468: loss=0.135309 (205ms)
  step 300/468: loss=0.216087 (200ms)
  step 400/468: loss=0.072854 (201ms)
Epoch 11/15: loss=0.124909 lr=0.100000 (95353ms)
  step 0/468: loss=0.104314 (216ms)
  step 1/468: loss=0.113569 (202ms)
  step 2/468: loss=0.128034 (203ms)
  step 100/468: loss=0.135986 (200ms)
  step 200/468: loss=0.085908 (203ms)
  step 300/468: loss=0.088055 (199ms)
  step 400/468: loss=0.146816 (199ms)
Epoch 12/15: loss=0.116831 lr=0.100000 (95134ms)
  step 0/468: loss=0.117009 (214ms)
  step 1/468: loss=0.170931 (199ms)
  step 2/468: loss=0.138677 (201ms)
  step 100/468: loss=0.171333 (205ms)
  step 200/468: loss=0.091689 (207ms)
  step 300/468: loss=0.068874 (204ms)
  step 400/468: loss=0.140526 (204ms)
Epoch 13/15: loss=0.110682 lr=0.100000 (95361ms)
  step 0/468: loss=0.205708 (210ms)
  step 1/468: loss=0.117073 (198ms)
  step 2/468: loss=0.109573 (199ms)
  step 100/468: loss=0.105914 (204ms)
  step 200/468: loss=0.088874 (203ms)
  step 300/468: loss=0.158586 (198ms)
  step 400/468: loss=0.154716 (201ms)
Epoch 14/15: loss=0.110960 lr=0.100000 (95217ms)
  step 0/468: loss=0.066249 (213ms)
  step 1/468: loss=0.074663 (204ms)
  step 2/468: loss=0.147763 (204ms)
  step 100/468: loss=0.207820 (206ms)
  step 200/468: loss=0.078654 (204ms)
  step 300/468: loss=0.116647 (202ms)
  step 400/468: loss=0.141824 (202ms)
Epoch 15/15: loss=0.100857 lr=0.100000 (95499ms)
  val accuracy (running BN): 9469/9984 = 94.841747%
Saved params + BN stats.
