Ablation: cnn-lite-nobn-sgd
  spec: MNIST-CNN-Lite, optimizer: SGD
  lr: 0.100000, cosine: false, wd: 0.000000
  aug: false, label_smooth: 0.000000
MNIST-CNN-Lite-cnn-lite-nobn-sgd: 150154 params
Generating train step MLIR...
  17316 chars
Compiling vmfbs...
  forward compiled
  eval forward compiled
  train step compiled
  session loaded
  train: 60000 images (784 floats/image)
  150154 params + m + v (1 MB)
training: 468 batches/epoch, batch=128, SGD+momentum, lr=0.100000, cosine warmup=0, label_smooth=0.000000, wd=0.000000
  BN layers: 0, BN stat floats: 0
  step 0/468: loss=2.355636 (157ms)
  step 1/468: loss=2.283593 (142ms)
  step 2/468: loss=2.312579 (142ms)
  step 100/468: loss=1.685964 (143ms)
  step 200/468: loss=1.344998 (143ms)
  step 300/468: loss=1.014929 (144ms)
  step 400/468: loss=1.206571 (144ms)
Epoch 1/15: loss=1.319129 lr=0.100000 (67286ms)
  step 0/468: loss=0.723270 (153ms)
  step 1/468: loss=0.859079 (145ms)
  step 2/468: loss=0.823732 (141ms)
  step 100/468: loss=0.614916 (145ms)
  step 200/468: loss=0.743980 (142ms)
  step 300/468: loss=0.525121 (139ms)
  step 400/468: loss=0.381758 (139ms)
Epoch 2/15: loss=0.578517 lr=0.100000 (67450ms)
  step 0/468: loss=0.396925 (151ms)
  step 1/468: loss=0.470025 (147ms)
  step 2/468: loss=0.317462 (146ms)
  step 100/468: loss=0.525190 (142ms)
  step 200/468: loss=0.326556 (146ms)
  step 300/468: loss=0.300087 (146ms)
  step 400/468: loss=0.345709 (141ms)
Epoch 3/15: loss=0.373818 lr=0.100000 (67472ms)
  step 0/468: loss=0.388393 (151ms)
  step 1/468: loss=0.362640 (140ms)
  step 2/468: loss=0.304364 (144ms)
  step 100/468: loss=0.317428 (147ms)
  step 200/468: loss=0.245673 (143ms)
  step 300/468: loss=0.358962 (145ms)
  step 400/468: loss=0.400304 (145ms)
Epoch 4/15: loss=0.298099 lr=0.100000 (67372ms)
  step 0/468: loss=0.184481 (154ms)
  step 1/468: loss=0.263011 (144ms)
  step 2/468: loss=0.243224 (145ms)
  step 100/468: loss=0.241290 (143ms)
  step 200/468: loss=0.314132 (144ms)
  step 300/468: loss=0.238993 (141ms)
  step 400/468: loss=0.284677 (140ms)
Epoch 5/15: loss=0.261582 lr=0.100000 (67328ms)
  step 0/468: loss=0.286014 (149ms)
  step 1/468: loss=0.166309 (141ms)
  step 2/468: loss=0.421501 (142ms)
  step 100/468: loss=0.124296 (144ms)
  step 200/468: loss=0.311793 (144ms)
  step 300/468: loss=0.114620 (140ms)
  step 400/468: loss=0.181706 (145ms)
Epoch 6/15: loss=0.228858 lr=0.100000 (67502ms)
  step 0/468: loss=0.246720 (153ms)
  step 1/468: loss=0.254096 (142ms)
  step 2/468: loss=0.133447 (140ms)
  step 100/468: loss=0.268248 (145ms)
  step 200/468: loss=0.153250 (143ms)
  step 300/468: loss=0.173007 (144ms)
  step 400/468: loss=0.329723 (145ms)
Epoch 7/15: loss=0.208650 lr=0.100000 (67401ms)
  step 0/468: loss=0.183848 (149ms)
  step 1/468: loss=0.168277 (141ms)
  step 2/468: loss=0.235816 (140ms)
  step 100/468: loss=0.132597 (144ms)
  step 200/468: loss=0.188115 (143ms)
  step 300/468: loss=0.209835 (146ms)
  step 400/468: loss=0.112008 (144ms)
Epoch 8/15: loss=0.196218 lr=0.100000 (67337ms)
  step 0/468: loss=0.312821 (156ms)
  step 1/468: loss=0.154713 (143ms)
  step 2/468: loss=0.166818 (145ms)
  step 100/468: loss=0.129543 (141ms)
  step 200/468: loss=0.212347 (143ms)
  step 300/468: loss=0.064771 (145ms)
  step 400/468: loss=0.329446 (146ms)
Epoch 9/15: loss=0.190899 lr=0.100000 (67308ms)
  step 0/468: loss=0.174126 (154ms)
  step 1/468: loss=0.165367 (141ms)
  step 2/468: loss=0.288070 (145ms)
  step 100/468: loss=0.225251 (144ms)
  step 200/468: loss=0.201194 (140ms)
  step 300/468: loss=0.220355 (145ms)
  step 400/468: loss=0.231599 (140ms)
Epoch 10/15: loss=0.179095 lr=0.100000 (67507ms)
  val accuracy (running BN): 9416/9984 = 94.310897%
  step 0/468: loss=0.128371 (155ms)
  step 1/468: loss=0.158905 (142ms)
  step 2/468: loss=0.093010 (141ms)
  step 100/468: loss=0.079953 (141ms)
  step 200/468: loss=0.111332 (144ms)
  step 300/468: loss=0.335014 (141ms)
  step 400/468: loss=0.089005 (141ms)
Epoch 11/15: loss=0.166387 lr=0.100000 (67464ms)
  step 0/468: loss=0.118811 (148ms)
  step 1/468: loss=0.222731 (141ms)
  step 2/468: loss=0.158214 (142ms)
  step 100/468: loss=0.132058 (138ms)
  step 200/468: loss=0.160087 (149ms)
  step 300/468: loss=0.165410 (141ms)
  step 400/468: loss=0.187660 (144ms)
Epoch 12/15: loss=0.161512 lr=0.100000 (67575ms)
  step 0/468: loss=0.244812 (155ms)
  step 1/468: loss=0.241680 (141ms)
  step 2/468: loss=0.138377 (142ms)
  step 100/468: loss=0.238791 (142ms)
  step 200/468: loss=0.188398 (144ms)
  step 300/468: loss=0.120660 (145ms)
  step 400/468: loss=0.246671 (143ms)
Epoch 13/15: loss=0.155062 lr=0.100000 (67523ms)
  step 0/468: loss=0.212396 (153ms)
  step 1/468: loss=0.065097 (144ms)
  step 2/468: loss=0.134497 (144ms)
  step 100/468: loss=0.153941 (145ms)
  step 200/468: loss=0.087388 (146ms)
  step 300/468: loss=0.186870 (146ms)
  step 400/468: loss=0.146879 (144ms)
Epoch 14/15: loss=0.146469 lr=0.100000 (67615ms)
  step 0/468: loss=0.108674 (155ms)
  step 1/468: loss=0.130357 (146ms)
  step 2/468: loss=0.164182 (140ms)
  step 100/468: loss=0.225926 (144ms)
  step 200/468: loss=0.112881 (145ms)
  step 300/468: loss=0.192686 (145ms)
  step 400/468: loss=0.284955 (145ms)
Epoch 15/15: loss=0.145546 lr=0.100000 (67610ms)
  val accuracy (running BN): 9555/9984 = 95.703125%
Saved params + BN stats.
