Ablation: width-cnn-f32
  spec: MNIST-CNN-f32, optimizer: SGD
  lr: 0.002000, cosine: false, wd: 0.000000
  aug: false, label_smooth: 0.000000
MNIST-CNN-f32-width-cnn-f32: 813802 params
Generating train step MLIR...
  19290 chars
Compiling vmfbs...
  forward compiled
  eval forward compiled
  train step compiled
  session loaded
  train: 60000 images (784 floats/image)
  813802 params + m + v (9 MB)
training: 468 batches/epoch, batch=128, Adam, lr=0.002000, cosine warmup=0, label_smooth=0.1, wd=0.000000
  BN layers: 0, BN stat floats: 0
  step 0/468: loss=2.390833 (49ms)
  step 1/468: loss=2.405042 (38ms)
  step 2/468: loss=2.363843 (34ms)
  step 100/468: loss=0.413492 (30ms)
  step 200/468: loss=0.211620 (31ms)
  step 300/468: loss=0.132611 (31ms)
  step 400/468: loss=0.395966 (31ms)
Epoch 1/15: loss=0.334429 lr=0.002000 (16176ms)
  step 0/468: loss=0.232475 (40ms)
  step 1/468: loss=0.116592 (34ms)
  step 2/468: loss=0.099102 (32ms)
  step 100/468: loss=0.105186 (36ms)
  step 200/468: loss=0.116087 (30ms)
  step 300/468: loss=0.201071 (33ms)
  step 400/468: loss=0.095576 (32ms)
Epoch 2/15: loss=0.130435 lr=0.002000 (16151ms)
  step 0/468: loss=0.078569 (46ms)
  step 1/468: loss=0.101858 (38ms)
  step 2/468: loss=0.192593 (34ms)
  step 100/468: loss=0.149858 (31ms)
  step 200/468: loss=0.091493 (31ms)
  step 300/468: loss=0.054915 (33ms)
  step 400/468: loss=0.076133 (31ms)
Epoch 3/15: loss=0.089391 lr=0.002000 (16133ms)
  step 0/468: loss=0.120399 (40ms)
  step 1/468: loss=0.085311 (37ms)
  step 2/468: loss=0.128282 (33ms)
  step 100/468: loss=0.060413 (31ms)
  step 200/468: loss=0.034163 (37ms)
  step 300/468: loss=0.095096 (35ms)
  step 400/468: loss=0.046067 (37ms)
Epoch 4/15: loss=0.071159 lr=0.002000 (17031ms)
  step 0/468: loss=0.037853 (37ms)
  step 1/468: loss=0.110710 (33ms)
  step 2/468: loss=0.048346 (35ms)
  step 100/468: loss=0.108956 (41ms)
  step 200/468: loss=0.028702 (33ms)
  step 300/468: loss=0.058527 (38ms)
  step 400/468: loss=0.085459 (34ms)
Epoch 5/15: loss=0.058270 lr=0.002000 (17234ms)
  step 0/468: loss=0.031147 (45ms)
  step 1/468: loss=0.095959 (40ms)
  step 2/468: loss=0.080201 (39ms)
  step 100/468: loss=0.071783 (31ms)
  step 200/468: loss=0.057251 (38ms)
  step 300/468: loss=0.028848 (34ms)
  step 400/468: loss=0.070576 (42ms)
Epoch 6/15: loss=0.050157 lr=0.002000 (17585ms)
  step 0/468: loss=0.043650 (38ms)
  step 1/468: loss=0.021930 (34ms)
  step 2/468: loss=0.015605 (34ms)
  step 100/468: loss=0.060144 (39ms)
  step 200/468: loss=0.025496 (34ms)
  step 300/468: loss=0.030003 (38ms)
  step 400/468: loss=0.054119 (32ms)
Epoch 7/15: loss=0.043782 lr=0.002000 (17385ms)
  step 0/468: loss=0.011501 (46ms)
  step 1/468: loss=0.018606 (40ms)
  step 2/468: loss=0.027721 (37ms)
  step 100/468: loss=0.028796 (32ms)
  step 200/468: loss=0.018755 (39ms)
  step 300/468: loss=0.022508 (36ms)
  step 400/468: loss=0.039148 (41ms)
Epoch 8/15: loss=0.038894 lr=0.002000 (17666ms)
  step 0/468: loss=0.019936 (40ms)
  step 1/468: loss=0.015182 (37ms)
  step 2/468: loss=0.035232 (42ms)
  step 100/468: loss=0.042822 (36ms)
  step 200/468: loss=0.041072 (40ms)
  step 300/468: loss=0.013515 (37ms)
  step 400/468: loss=0.035487 (32ms)
Epoch 9/15: loss=0.034899 lr=0.002000 (17547ms)
  step 0/468: loss=0.113064 (45ms)
  step 1/468: loss=0.016837 (39ms)
  step 2/468: loss=0.044264 (35ms)
  step 100/468: loss=0.014096 (33ms)
  step 200/468: loss=0.017950 (43ms)
  step 300/468: loss=0.024086 (37ms)
  step 400/468: loss=0.048971 (39ms)
Epoch 10/15: loss=0.032188 lr=0.002000 (17544ms)
  val accuracy (running BN): 9846/9984 = 98.617788%
  step 0/468: loss=0.020373 (39ms)
  step 1/468: loss=0.006631 (36ms)
  step 2/468: loss=0.051752 (35ms)
  step 100/468: loss=0.012989 (32ms)
  step 200/468: loss=0.022349 (41ms)
  step 300/468: loss=0.035987 (34ms)
  step 400/468: loss=0.020479 (37ms)
Epoch 11/15: loss=0.029478 lr=0.002000 (17355ms)
  step 0/468: loss=0.096193 (41ms)
  step 1/468: loss=0.041234 (45ms)
  step 2/468: loss=0.056524 (38ms)
  step 100/468: loss=0.006214 (31ms)
  step 200/468: loss=0.012789 (32ms)
  step 300/468: loss=0.006402 (37ms)
  step 400/468: loss=0.009190 (36ms)
Epoch 12/15: loss=0.026063 lr=0.002000 (17420ms)
  step 0/468: loss=0.027179 (40ms)
  step 1/468: loss=0.033615 (34ms)
  step 2/468: loss=0.026784 (37ms)
  step 100/468: loss=0.021615 (37ms)
  step 200/468: loss=0.026046 (32ms)
  step 300/468: loss=0.008727 (37ms)
  step 400/468: loss=0.067295 (34ms)
Epoch 13/15: loss=0.023855 lr=0.002000 (17221ms)
  step 0/468: loss=0.017827 (42ms)
  step 1/468: loss=0.011639 (36ms)
  step 2/468: loss=0.010220 (38ms)
  step 100/468: loss=0.015315 (31ms)
  step 200/468: loss=0.012216 (36ms)
  step 300/468: loss=0.029102 (39ms)
  step 400/468: loss=0.007213 (32ms)
Epoch 14/15: loss=0.021892 lr=0.002000 (17250ms)
  step 0/468: loss=0.017510 (47ms)
  step 1/468: loss=0.014609 (37ms)
  step 2/468: loss=0.006505 (37ms)
  step 100/468: loss=0.060331 (37ms)
  step 200/468: loss=0.017450 (36ms)
  step 300/468: loss=0.010707 (35ms)
  step 400/468: loss=0.013074 (35ms)
Epoch 15/15: loss=0.020143 lr=0.002000 (17206ms)
  val accuracy (running BN): 9856/9984 = 98.717949%
Saved params + BN stats.
