Ablation: cifar-bn-full
  spec: CIFAR-CNN-BN, optimizer: Adam
  lr: 0.001000, cosine: true, wd: 0.000100
  aug: true, label_smooth: 0.100000
CIFAR-CNN-BN-cifar-bn-full: 2431210 params
Generating train step MLIR...
  77261 chars
Compiling vmfbs...
  forward compiled
  eval forward compiled
  train step compiled
  session loaded
  train: 50000 images (3072 floats/image)
  2431210 params + m + v (27 MB)
training: 390 batches/epoch, batch=128, Adam, lr=0.001000, cosine warmup=1, label_smooth=0.1, wd=0.000100
  BN layers: 4, BN stat floats: 384
  step 0/390: loss=2.941862 (89ms)
  step 1/390: loss=11.002228 (86ms)
  step 2/390: loss=14.567648 (77ms)
  step 100/390: loss=1.775386 (81ms)
  step 200/390: loss=1.619177 (79ms)
  step 300/390: loss=1.593111 (77ms)
Epoch 1/30: loss=1.854767 lr=0.001000 (33304ms)
  step 0/390: loss=1.413565 (78ms)
  step 1/390: loss=1.466552 (81ms)
  step 2/390: loss=1.413528 (82ms)
  step 100/390: loss=1.413145 (76ms)
  step 200/390: loss=1.269766 (84ms)
  step 300/390: loss=1.321554 (75ms)
Epoch 2/30: loss=1.310637 lr=0.001000 (33297ms)
  step 0/390: loss=1.206640 (83ms)
  step 1/390: loss=1.350013 (79ms)
  step 2/390: loss=1.151910 (81ms)
  step 100/390: loss=1.160208 (75ms)
  step 200/390: loss=1.174256 (74ms)
  step 300/390: loss=1.160828 (77ms)
Epoch 3/30: loss=1.161910 lr=0.000997 (33653ms)
  step 0/390: loss=1.146963 (80ms)
  step 1/390: loss=1.124203 (78ms)
  step 2/390: loss=1.045681 (75ms)
  step 100/390: loss=1.110450 (81ms)
  step 200/390: loss=1.098089 (79ms)
  step 300/390: loss=1.106203 (78ms)
Epoch 4/30: loss=1.074368 lr=0.000988 (33860ms)
  step 0/390: loss=1.001851 (76ms)
  step 1/390: loss=1.107807 (75ms)
  step 2/390: loss=0.946595 (82ms)
  step 100/390: loss=0.965261 (75ms)
  step 200/390: loss=0.944267 (78ms)
  step 300/390: loss=0.933132 (83ms)
Epoch 5/30: loss=1.012547 lr=0.000974 (33650ms)
  step 0/390: loss=0.968433 (84ms)
  step 1/390: loss=0.879339 (79ms)
  step 2/390: loss=1.027947 (79ms)
  step 100/390: loss=0.844598 (80ms)
  step 200/390: loss=1.030592 (80ms)
  step 300/390: loss=0.948402 (83ms)
Epoch 6/30: loss=0.969135 lr=0.000954 (33594ms)
  step 0/390: loss=0.887950 (76ms)
  step 1/390: loss=0.872077 (81ms)
  step 2/390: loss=0.936654 (81ms)
  step 100/390: loss=0.959303 (80ms)
  step 200/390: loss=0.829008 (77ms)
  step 300/390: loss=0.950388 (82ms)
Epoch 7/30: loss=0.928745 lr=0.000928 (33628ms)
  step 0/390: loss=0.900933 (83ms)
  step 1/390: loss=0.866402 (80ms)
  step 2/390: loss=0.799948 (81ms)
  step 100/390: loss=0.824003 (80ms)
  step 200/390: loss=0.884991 (80ms)
  step 300/390: loss=0.862333 (75ms)
Epoch 8/30: loss=0.892013 lr=0.000898 (33672ms)
  step 0/390: loss=0.837620 (81ms)
  step 1/390: loss=0.834764 (81ms)
  step 2/390: loss=0.819359 (79ms)
  step 100/390: loss=0.846004 (85ms)
  step 200/390: loss=0.829232 (83ms)
  step 300/390: loss=0.873789 (82ms)
Epoch 9/30: loss=0.865454 lr=0.000863 (33982ms)
  step 0/390: loss=0.779030 (75ms)
  step 1/390: loss=0.840255 (78ms)
  step 2/390: loss=0.815700 (76ms)
  step 100/390: loss=0.871272 (84ms)
  step 200/390: loss=0.919816 (78ms)
  step 300/390: loss=0.780907 (81ms)
Epoch 10/30: loss=0.835480 lr=0.000824 (33673ms)
  val accuracy (running BN): 7807/9984 = 78.195112%
  step 0/390: loss=0.780390 (79ms)
  step 1/390: loss=0.764605 (78ms)
  step 2/390: loss=0.786363 (79ms)
  step 100/390: loss=0.761260 (78ms)
  step 200/390: loss=0.780338 (81ms)
  step 300/390: loss=0.788577 (76ms)
Epoch 11/30: loss=0.807034 lr=0.000781 (33529ms)
  step 0/390: loss=0.770766 (80ms)
  step 1/390: loss=0.771315 (79ms)
  step 2/390: loss=0.769379 (77ms)
  step 100/390: loss=0.796777 (83ms)
  step 200/390: loss=0.771348 (75ms)
  step 300/390: loss=0.811472 (83ms)
Epoch 12/30: loss=0.782502 lr=0.000734 (33666ms)
  step 0/390: loss=0.878055 (77ms)
  step 1/390: loss=0.750488 (77ms)
  step 2/390: loss=0.753981 (88ms)
  step 100/390: loss=0.782357 (75ms)
  step 200/390: loss=0.780051 (81ms)
  step 300/390: loss=0.717668 (76ms)
Epoch 13/30: loss=0.757315 lr=0.000685 (33778ms)
  step 0/390: loss=0.769185 (77ms)
  step 1/390: loss=0.654531 (77ms)
  step 2/390: loss=0.723958 (75ms)
  step 100/390: loss=0.701774 (77ms)
  step 200/390: loss=0.716370 (77ms)
  step 300/390: loss=0.737381 (79ms)
Epoch 14/30: loss=0.731581 lr=0.000634 (33818ms)
  step 0/390: loss=0.686476 (79ms)
  step 1/390: loss=0.692857 (77ms)
  step 2/390: loss=0.736445 (85ms)
  step 100/390: loss=0.687853 (75ms)
  step 200/390: loss=0.693188 (84ms)
  step 300/390: loss=0.726353 (81ms)
Epoch 15/30: loss=0.708819 lr=0.000581 (33998ms)
  step 0/390: loss=0.615112 (83ms)
  step 1/390: loss=0.668266 (81ms)
  step 2/390: loss=0.695650 (79ms)
  step 100/390: loss=0.664731 (88ms)
  step 200/390: loss=0.761931 (84ms)
  step 300/390: loss=0.681835 (78ms)
Epoch 16/30: loss=0.689464 lr=0.000527 (33941ms)
  step 0/390: loss=0.645443 (76ms)
  step 1/390: loss=0.660509 (75ms)
  step 2/390: loss=0.704464 (76ms)
  step 100/390: loss=0.679205 (81ms)
  step 200/390: loss=0.634459 (77ms)
  step 300/390: loss=0.723981 (85ms)
Epoch 17/30: loss=0.665523 lr=0.000473 (33826ms)
  step 0/390: loss=0.671530 (86ms)
  step 1/390: loss=0.657688 (78ms)
  step 2/390: loss=0.623389 (81ms)
  step 100/390: loss=0.639401 (75ms)
  step 200/390: loss=0.681709 (75ms)
  step 300/390: loss=0.619960 (79ms)
Epoch 18/30: loss=0.650549 lr=0.000419 (33584ms)
  step 0/390: loss=0.618277 (77ms)
  step 1/390: loss=0.682940 (76ms)
  step 2/390: loss=0.629475 (80ms)
  step 100/390: loss=0.679621 (78ms)
  step 200/390: loss=0.608063 (80ms)
  step 300/390: loss=0.606216 (74ms)
Epoch 19/30: loss=0.632928 lr=0.000366 (33647ms)
  step 0/390: loss=0.614281 (80ms)
  step 1/390: loss=0.625440 (78ms)
  step 2/390: loss=0.574421 (79ms)
  step 100/390: loss=0.618211 (80ms)
  step 200/390: loss=0.636823 (81ms)
  step 300/390: loss=0.596706 (77ms)
Epoch 20/30: loss=0.615882 lr=0.000315 (33683ms)
  val accuracy (running BN): 8109/9984 = 81.219952%
  step 0/390: loss=0.592572 (79ms)
  step 1/390: loss=0.628935 (84ms)
  step 2/390: loss=0.612688 (82ms)
  step 100/390: loss=0.580261 (82ms)
  step 200/390: loss=0.599721 (81ms)
  step 300/390: loss=0.605168 (78ms)
Epoch 21/30: loss=0.605408 lr=0.000266 (33660ms)
  step 0/390: loss=0.595567 (79ms)
  step 1/390: loss=0.590085 (79ms)
  step 2/390: loss=0.615674 (81ms)
  step 100/390: loss=0.601485 (78ms)
  step 200/390: loss=0.598800 (74ms)
  step 300/390: loss=0.572617 (77ms)
Epoch 22/30: loss=0.593528 lr=0.000219 (33753ms)
  step 0/390: loss=0.586216 (80ms)
  step 1/390: loss=0.584963 (77ms)
  step 2/390: loss=0.582090 (83ms)
  step 100/390: loss=0.585111 (80ms)
  step 200/390: loss=0.598121 (79ms)
  step 300/390: loss=0.579587 (82ms)
Epoch 23/30: loss=0.583777 lr=0.000176 (34015ms)
  step 0/390: loss=0.564240 (86ms)
  step 1/390: loss=0.582452 (81ms)
  step 2/390: loss=0.567234 (83ms)
  step 100/390: loss=0.559701 (81ms)
  step 200/390: loss=0.586043 (82ms)
  step 300/390: loss=0.584846 (83ms)
Epoch 24/30: loss=0.576399 lr=0.000137 (33777ms)
  step 0/390: loss=0.554441 (75ms)
  step 1/390: loss=0.601798 (75ms)
  step 2/390: loss=0.581908 (77ms)
  step 100/390: loss=0.583849 (82ms)
  step 200/390: loss=0.571450 (79ms)
  step 300/390: loss=0.564509 (79ms)
Epoch 25/30: loss=0.570684 lr=0.000102 (33647ms)
  step 0/390: loss=0.579319 (77ms)
  step 1/390: loss=0.569980 (80ms)
  step 2/390: loss=0.567993 (80ms)
  step 100/390: loss=0.562432 (84ms)
  step 200/390: loss=0.546263 (80ms)
  step 300/390: loss=0.551204 (76ms)
Epoch 26/30: loss=0.566527 lr=0.000072 (33600ms)
  step 0/390: loss=0.573774 (81ms)
  step 1/390: loss=0.545543 (84ms)
  step 2/390: loss=0.547167 (83ms)
  step 100/390: loss=0.572285 (76ms)
  step 200/390: loss=0.578429 (75ms)
  step 300/390: loss=0.532627 (85ms)
Epoch 27/30: loss=0.562207 lr=0.000046 (33755ms)
  step 0/390: loss=0.563185 (75ms)
  step 1/390: loss=0.558492 (76ms)
  step 2/390: loss=0.549456 (80ms)
  step 100/390: loss=0.563872 (76ms)
  step 200/390: loss=0.552628 (75ms)
  step 300/390: loss=0.574982 (75ms)
Epoch 28/30: loss=0.559944 lr=0.000026 (33736ms)
  step 0/390: loss=0.588815 (78ms)
  step 1/390: loss=0.561587 (78ms)
  step 2/390: loss=0.551639 (76ms)
  step 100/390: loss=0.585916 (78ms)
  step 200/390: loss=0.542734 (78ms)
  step 300/390: loss=0.563353 (81ms)
Epoch 29/30: loss=0.559494 lr=0.000012 (33524ms)
  step 0/390: loss=0.541443 (83ms)
  step 1/390: loss=0.610787 (84ms)
  step 2/390: loss=0.573013 (76ms)
  step 100/390: loss=0.558405 (79ms)
  step 200/390: loss=0.551450 (81ms)
  step 300/390: loss=0.552162 (80ms)
Epoch 30/30: loss=0.557918 lr=0.000003 (33715ms)
  val accuracy (running BN): 8191/9984 = 82.041266%
Saved params + BN stats.
