Ablation: cnn-lite-bn-sgd002
  spec: MNIST-CNN-Lite-BN, optimizer: SGD
  lr: 0.002000, cosine: false, wd: 0.000000
  aug: false, label_smooth: 0.000000
MNIST-CNN-Lite-BN-cnn-lite-bn-sgd002: 150410 params
Generating train step MLIR...
  25325 chars
Compiling vmfbs...
  forward compiled
  eval forward compiled
  train step compiled
  session loaded
  train: 60000 images (784 floats/image)
  150410 params + m + v (1 MB)
training: 468 batches/epoch, batch=128, Adam, lr=0.002000, cosine warmup=0, label_smooth=0.1, wd=0.000000
  BN layers: 2, BN stat floats: 512
  step 0/468: loss=2.343290 (231ms)
  step 1/468: loss=2.294761 (205ms)
  step 2/468: loss=2.353180 (202ms)
  step 100/468: loss=2.138453 (203ms)
  step 200/468: loss=2.068739 (199ms)
  step 300/468: loss=2.015672 (203ms)
  step 400/468: loss=1.950909 (205ms)
Epoch 1/15: loss=2.043925 lr=0.002000 (95303ms)
  step 0/468: loss=1.865362 (209ms)
  step 1/468: loss=1.824643 (200ms)
  step 2/468: loss=1.864028 (201ms)
  step 100/468: loss=1.744865 (203ms)
  step 200/468: loss=1.785759 (198ms)
  step 300/468: loss=1.765251 (204ms)
  step 400/468: loss=1.746324 (199ms)
Epoch 2/15: loss=1.792106 lr=0.002000 (95314ms)
  step 0/468: loss=1.705379 (211ms)
  step 1/468: loss=1.771756 (203ms)
  step 2/468: loss=1.739692 (205ms)
  step 100/468: loss=1.668756 (206ms)
  step 200/468: loss=1.616440 (204ms)
  step 300/468: loss=1.549199 (199ms)
  step 400/468: loss=1.552323 (203ms)
Epoch 3/15: loss=1.644837 lr=0.002000 (95260ms)
  step 0/468: loss=1.718975 (212ms)
  step 1/468: loss=1.611331 (204ms)
  step 2/468: loss=1.543405 (203ms)
  step 100/468: loss=1.517899 (202ms)
  step 200/468: loss=1.589972 (203ms)
  step 300/468: loss=1.569930 (204ms)
  step 400/468: loss=1.478484 (202ms)
Epoch 4/15: loss=1.537285 lr=0.002000 (95206ms)
  step 0/468: loss=1.440423 (211ms)
  step 1/468: loss=1.495468 (204ms)
  step 2/468: loss=1.494031 (202ms)
  step 100/468: loss=1.409005 (202ms)
  step 200/468: loss=1.398999 (200ms)
  step 300/468: loss=1.480525 (205ms)
  step 400/468: loss=1.464179 (204ms)
Epoch 5/15: loss=1.443113 lr=0.002000 (95244ms)
  step 0/468: loss=1.380034 (216ms)
  step 1/468: loss=1.395467 (206ms)
  step 2/468: loss=1.343497 (200ms)
  step 100/468: loss=1.343619 (200ms)
  step 200/468: loss=1.412910 (206ms)
  step 300/468: loss=1.354073 (204ms)
  step 400/468: loss=1.306756 (202ms)
Epoch 6/15: loss=1.355453 lr=0.002000 (95263ms)
  step 0/468: loss=1.338179 (214ms)
  step 1/468: loss=1.361779 (206ms)
  step 2/468: loss=1.250451 (204ms)
  step 100/468: loss=1.283111 (207ms)
  step 200/468: loss=1.305694 (203ms)
  step 300/468: loss=1.313419 (204ms)
  step 400/468: loss=1.352648 (203ms)
Epoch 7/15: loss=1.278922 lr=0.002000 (95359ms)
  step 0/468: loss=1.204202 (212ms)
  step 1/468: loss=1.242356 (204ms)
  step 2/468: loss=1.247954 (204ms)
  step 100/468: loss=1.216091 (205ms)
  step 200/468: loss=1.201847 (203ms)
  step 300/468: loss=1.158074 (202ms)
  step 400/468: loss=1.166354 (203ms)
Epoch 8/15: loss=1.212808 lr=0.002000 (95233ms)
  step 0/468: loss=1.168377 (209ms)
  step 1/468: loss=1.175496 (202ms)
  step 2/468: loss=1.113952 (203ms)
  step 100/468: loss=1.126251 (205ms)
  step 200/468: loss=1.316184 (204ms)
  step 300/468: loss=1.013733 (202ms)
  step 400/468: loss=1.172846 (200ms)
Epoch 9/15: loss=1.156274 lr=0.002000 (94993ms)
  step 0/468: loss=1.132953 (214ms)
  step 1/468: loss=1.192102 (202ms)
  step 2/468: loss=1.086789 (204ms)
  step 100/468: loss=1.112821 (203ms)
  step 200/468: loss=1.043034 (203ms)
  step 300/468: loss=1.125149 (198ms)
  step 400/468: loss=1.106616 (203ms)
Epoch 10/15: loss=1.102342 lr=0.002000 (95191ms)
  val accuracy (running BN): 7067/9984 = 70.783253%
  step 0/468: loss=1.098822 (214ms)
  step 1/468: loss=1.030269 (201ms)
  step 2/468: loss=1.009063 (202ms)
  step 100/468: loss=0.945994 (202ms)
  step 200/468: loss=1.029250 (203ms)
  step 300/468: loss=1.203602 (204ms)
  step 400/468: loss=1.199498 (202ms)
Epoch 11/15: loss=1.052600 lr=0.002000 (95353ms)
  step 0/468: loss=0.964993 (211ms)
  step 1/468: loss=1.003158 (204ms)
  step 2/468: loss=0.999251 (204ms)
  step 100/468: loss=1.030967 (205ms)
  step 200/468: loss=0.990398 (201ms)
  step 300/468: loss=0.969045 (203ms)
  step 400/468: loss=1.039240 (200ms)
Epoch 12/15: loss=1.004067 lr=0.002000 (95465ms)
  step 0/468: loss=1.001638 (213ms)
  step 1/468: loss=1.063162 (204ms)
  step 2/468: loss=0.987654 (203ms)
  step 100/468: loss=1.024465 (199ms)
  step 200/468: loss=0.968132 (201ms)
  step 300/468: loss=0.903065 (200ms)
  step 400/468: loss=1.025439 (202ms)
Epoch 13/15: loss=0.958021 lr=0.002000 (95229ms)
  step 0/468: loss=0.979214 (213ms)
  step 1/468: loss=0.911682 (206ms)
  step 2/468: loss=0.914440 (201ms)
  step 100/468: loss=0.871976 (201ms)
  step 200/468: loss=0.891060 (204ms)
  step 300/468: loss=0.821257 (203ms)
  step 400/468: loss=0.890882 (205ms)
Epoch 14/15: loss=0.915247 lr=0.002000 (95253ms)
  step 0/468: loss=0.802302 (212ms)
  step 1/468: loss=0.890793 (204ms)
  step 2/468: loss=0.899078 (205ms)
  step 100/468: loss=0.786350 (201ms)
  step 200/468: loss=0.853738 (204ms)
  step 300/468: loss=0.903239 (206ms)
  step 400/468: loss=0.943429 (204ms)
Epoch 15/15: loss=0.870956 lr=0.002000 (95346ms)
  val accuracy (running BN): 7840/9984 = 78.525641%
Saved params + BN stats.
