Ablation: cnn-bn-adam
  spec: MNIST-CNN-BN, optimizer: Adam
  lr: 0.001000, cosine: false, wd: 0.000000
  aug: false, label_smooth: 0.000000
MNIST-CNN-BN-cnn-bn-adam: 1676458 params
Generating train step MLIR...
  69815 chars
Compiling vmfbs...
  forward compiled
  eval forward compiled
  train step compiled
  session loaded
  train: 60000 images (784 floats/image)
  1676458 params + m + v (19 MB)
training: 468 batches/epoch, batch=128, Adam, lr=0.001000, cosine warmup=0, label_smooth=0.1, wd=0.000000
  BN layers: 4, BN stat floats: 384
  step 0/468: loss=2.829745 (102ms)
  step 1/468: loss=9.343016 (80ms)
  step 2/468: loss=9.074990 (80ms)
  step 100/468: loss=0.124937 (79ms)
  step 200/468: loss=0.041395 (83ms)
  step 300/468: loss=0.042606 (80ms)
  step 400/468: loss=0.145259 (81ms)
Epoch 1/15: loss=0.261755 lr=0.001000 (39318ms)
  step 0/468: loss=0.138510 (80ms)
  step 1/468: loss=0.030560 (76ms)
  step 2/468: loss=0.036837 (75ms)
  step 100/468: loss=0.020088 (76ms)
  step 200/468: loss=0.032648 (76ms)
  step 300/468: loss=0.059128 (81ms)
  step 400/468: loss=0.016936 (79ms)
Epoch 2/15: loss=0.042746 lr=0.001000 (39192ms)
  step 0/468: loss=0.008745 (81ms)
  step 1/468: loss=0.049365 (75ms)
  step 2/468: loss=0.056748 (77ms)
  step 100/468: loss=0.046879 (76ms)
  step 200/468: loss=0.019021 (75ms)
  step 300/468: loss=0.003855 (80ms)
  step 400/468: loss=0.072901 (82ms)
Epoch 3/15: loss=0.030157 lr=0.001000 (38922ms)
  step 0/468: loss=0.064185 (81ms)
  step 1/468: loss=0.022137 (78ms)
  step 2/468: loss=0.035565 (77ms)
  step 100/468: loss=0.014673 (83ms)
  step 200/468: loss=0.013929 (80ms)
  step 300/468: loss=0.012016 (79ms)
  step 400/468: loss=0.036555 (75ms)
Epoch 4/15: loss=0.024934 lr=0.001000 (39088ms)
  step 0/468: loss=0.026581 (85ms)
  step 1/468: loss=0.073038 (76ms)
  step 2/468: loss=0.024181 (75ms)
  step 100/468: loss=0.023011 (79ms)
  step 200/468: loss=0.012156 (77ms)
  step 300/468: loss=0.006325 (77ms)
  step 400/468: loss=0.032448 (83ms)
Epoch 5/15: loss=0.020334 lr=0.001000 (38866ms)
  step 0/468: loss=0.004435 (82ms)
  step 1/468: loss=0.031920 (84ms)
  step 2/468: loss=0.021264 (80ms)
  step 100/468: loss=0.000565 (82ms)
  step 200/468: loss=0.012341 (80ms)
  step 300/468: loss=0.002199 (75ms)
  step 400/468: loss=0.022203 (82ms)
Epoch 6/15: loss=0.017756 lr=0.001000 (38958ms)
  step 0/468: loss=0.008917 (85ms)
  step 1/468: loss=0.010469 (82ms)
  step 2/468: loss=0.001101 (88ms)
  step 100/468: loss=0.010083 (76ms)
  step 200/468: loss=0.011932 (74ms)
  step 300/468: loss=0.186232 (75ms)
  step 400/468: loss=0.044297 (81ms)
Epoch 7/15: loss=0.015702 lr=0.001000 (38726ms)
  step 0/468: loss=0.020490 (81ms)
  step 1/468: loss=0.017428 (75ms)
  step 2/468: loss=0.002786 (83ms)
  step 100/468: loss=0.005303 (76ms)
  step 200/468: loss=0.000868 (84ms)
  step 300/468: loss=0.003808 (78ms)
  step 400/468: loss=0.000926 (83ms)
Epoch 8/15: loss=0.013797 lr=0.001000 (38973ms)
  step 0/468: loss=0.000328 (80ms)
  step 1/468: loss=0.017271 (75ms)
  step 2/468: loss=0.027406 (79ms)
  step 100/468: loss=0.041280 (76ms)
  step 200/468: loss=0.007062 (82ms)
  step 300/468: loss=0.004777 (78ms)
  step 400/468: loss=0.006695 (86ms)
Epoch 9/15: loss=0.013931 lr=0.001000 (39176ms)
  step 0/468: loss=0.029647 (83ms)
  step 1/468: loss=0.000311 (79ms)
  step 2/468: loss=0.018619 (81ms)
  step 100/468: loss=0.019512 (80ms)
  step 200/468: loss=0.000858 (80ms)
  step 300/468: loss=0.006689 (82ms)
  step 400/468: loss=0.030091 (81ms)
Epoch 10/15: loss=0.011671 lr=0.001000 (39058ms)
  val accuracy (running BN): 9905/9984 = 99.208734%
  step 0/468: loss=0.004065 (83ms)
  step 1/468: loss=0.003131 (82ms)
  step 2/468: loss=0.027707 (81ms)
  step 100/468: loss=0.004495 (84ms)
  step 200/468: loss=0.016605 (81ms)
  step 300/468: loss=0.001965 (79ms)
  step 400/468: loss=0.002752 (77ms)
Epoch 11/15: loss=0.010116 lr=0.001000 (39080ms)
  step 0/468: loss=0.001950 (80ms)
  step 1/468: loss=0.026339 (75ms)
  step 2/468: loss=0.001022 (74ms)
  step 100/468: loss=0.016392 (79ms)
  step 200/468: loss=0.000264 (81ms)
  step 300/468: loss=0.002320 (84ms)
  step 400/468: loss=0.002359 (80ms)
Epoch 12/15: loss=0.010151 lr=0.001000 (39208ms)
  step 0/468: loss=0.010149 (84ms)
  step 1/468: loss=0.022697 (81ms)
  step 2/468: loss=0.045255 (79ms)
  step 100/468: loss=0.000369 (80ms)
  step 200/468: loss=0.000099 (79ms)
  step 300/468: loss=0.000260 (77ms)
  step 400/468: loss=0.033278 (74ms)
Epoch 13/15: loss=0.008842 lr=0.001000 (39025ms)
  step 0/468: loss=0.005768 (81ms)
  step 1/468: loss=0.000184 (75ms)
  step 2/468: loss=0.000167 (75ms)
  step 100/468: loss=0.020691 (85ms)
  step 200/468: loss=0.001227 (80ms)
  step 300/468: loss=0.001880 (75ms)
  step 400/468: loss=0.013390 (73ms)
Epoch 14/15: loss=0.008816 lr=0.001000 (38917ms)
  step 0/468: loss=0.002013 (82ms)
  step 1/468: loss=0.002470 (84ms)
  step 2/468: loss=0.002435 (79ms)
  step 100/468: loss=0.004315 (79ms)
  step 200/468: loss=0.000780 (78ms)
  step 300/468: loss=0.002389 (77ms)
  step 400/468: loss=0.008423 (78ms)
Epoch 15/15: loss=0.006217 lr=0.001000 (39025ms)
  val accuracy (running BN): 9915/9984 = 99.308894%
Saved params + BN stats.
