Ablation: cnn-lite-bn-sgd
  spec: MNIST-CNN-Lite-BN, optimizer: SGD
  lr: 0.100000, cosine: false, wd: 0.000000
  aug: false, label_smooth: 0.000000
MNIST-CNN-Lite-BN-cnn-lite-bn-sgd: 150410 params
Generating train step MLIR...
  26799 chars
Compiling vmfbs...
  forward compiled
  eval forward compiled
  train step compiled
  session loaded
  train: 60000 images (784 floats/image)
  150410 params + m + v (1 MB)
training: 468 batches/epoch, batch=128, SGD+momentum, lr=0.100000, cosine warmup=0, label_smooth=0.000000, wd=0.000000
  BN layers: 2, BN stat floats: 512
  step 0/468: loss=2.441062 (218ms)
  step 1/468: loss=2.258297 (202ms)
  step 2/468: loss=2.242299 (200ms)
  step 100/468: loss=1.523623 (204ms)
  step 200/468: loss=1.234388 (205ms)
  step 300/468: loss=1.011899 (205ms)
  step 400/468: loss=1.077609 (200ms)
Epoch 1/15: loss=1.181617 lr=0.100000 (95577ms)
  step 0/468: loss=0.671932 (213ms)
  step 1/468: loss=0.628714 (206ms)
  step 2/468: loss=0.615683 (204ms)
  step 100/468: loss=0.355304 (205ms)
  step 200/468: loss=0.528688 (206ms)
  step 300/468: loss=0.382991 (203ms)
  step 400/468: loss=0.365716 (203ms)
Epoch 2/15: loss=0.455081 lr=0.100000 (95684ms)
  step 0/468: loss=0.350254 (215ms)
  step 1/468: loss=0.396077 (201ms)
  step 2/468: loss=0.256567 (206ms)
  step 100/468: loss=0.306897 (207ms)
  step 200/468: loss=0.229069 (206ms)
  step 300/468: loss=0.199709 (204ms)
  step 400/468: loss=0.239545 (204ms)
Epoch 3/15: loss=0.270768 lr=0.100000 (95850ms)
  step 0/468: loss=0.308084 (217ms)
  step 1/468: loss=0.261497 (209ms)
  step 2/468: loss=0.169644 (207ms)
  step 100/468: loss=0.173179 (204ms)
  step 200/468: loss=0.233089 (201ms)
  step 300/468: loss=0.224900 (203ms)
  step 400/468: loss=0.345362 (203ms)
Epoch 4/15: loss=0.223546 lr=0.100000 (95800ms)
  step 0/468: loss=0.108475 (215ms)
  step 1/468: loss=0.194766 (205ms)
  step 2/468: loss=0.180873 (205ms)
  step 100/468: loss=0.170863 (205ms)
  step 200/468: loss=0.172842 (205ms)
  step 300/468: loss=0.169965 (204ms)
  step 400/468: loss=0.192853 (204ms)
Epoch 5/15: loss=0.191726 lr=0.100000 (95685ms)
  step 0/468: loss=0.122030 (216ms)
  step 1/468: loss=0.186835 (205ms)
  step 2/468: loss=0.224902 (205ms)
  step 100/468: loss=0.090453 (203ms)
  step 200/468: loss=0.399514 (203ms)
  step 300/468: loss=0.070268 (206ms)
  step 400/468: loss=0.149771 (202ms)
Epoch 6/15: loss=0.164436 lr=0.100000 (96030ms)
  step 0/468: loss=0.152693 (217ms)
  step 1/468: loss=0.192440 (208ms)
  step 2/468: loss=0.090993 (207ms)
  step 100/468: loss=0.186299 (206ms)
  step 200/468: loss=0.104194 (201ms)
  step 300/468: loss=0.114115 (207ms)
  step 400/468: loss=0.176504 (204ms)
Epoch 7/15: loss=0.152524 lr=0.100000 (95711ms)
  step 0/468: loss=0.207661 (213ms)
  step 1/468: loss=0.171929 (206ms)
  step 2/468: loss=0.100151 (202ms)
  step 100/468: loss=0.077131 (205ms)
  step 200/468: loss=0.128607 (201ms)
  step 300/468: loss=0.117042 (201ms)
  step 400/468: loss=0.072905 (205ms)
Epoch 8/15: loss=0.140296 lr=0.100000 (95849ms)
  step 0/468: loss=0.180952 (217ms)
  step 1/468: loss=0.115109 (204ms)
  step 2/468: loss=0.101171 (206ms)
  step 100/468: loss=0.144357 (205ms)
  step 200/468: loss=0.125721 (201ms)
  step 300/468: loss=0.022178 (201ms)
  step 400/468: loss=0.246738 (202ms)
Epoch 9/15: loss=0.128818 lr=0.100000 (95881ms)
  step 0/468: loss=0.145549 (216ms)
  step 1/468: loss=0.071444 (204ms)
  step 2/468: loss=0.154679 (206ms)
  step 100/468: loss=0.145624 (204ms)
  step 200/468: loss=0.191145 (206ms)
  step 300/468: loss=0.127649 (203ms)
  step 400/468: loss=0.166008 (204ms)
Epoch 10/15: loss=0.126646 lr=0.100000 (95789ms)
  val accuracy (running BN): 9656/9984 = 96.714744%
  step 0/468: loss=0.088251 (215ms)
  step 1/468: loss=0.145483 (204ms)
  step 2/468: loss=0.048033 (204ms)
  step 100/468: loss=0.046150 (208ms)
  step 200/468: loss=0.155269 (205ms)
  step 300/468: loss=0.269976 (205ms)
  step 400/468: loss=0.066865 (200ms)
Epoch 11/15: loss=0.120603 lr=0.100000 (95635ms)
  step 0/468: loss=0.088200 (215ms)
  step 1/468: loss=0.093600 (199ms)
  step 2/468: loss=0.131442 (207ms)
  step 100/468: loss=0.155473 (205ms)
  step 200/468: loss=0.109637 (205ms)
  step 300/468: loss=0.080351 (205ms)
  step 400/468: loss=0.130195 (206ms)
Epoch 12/15: loss=0.114038 lr=0.100000 (95707ms)
  step 0/468: loss=0.103874 (215ms)
  step 1/468: loss=0.176687 (206ms)
  step 2/468: loss=0.127964 (203ms)
  step 100/468: loss=0.151745 (207ms)
  step 200/468: loss=0.072997 (204ms)
  step 300/468: loss=0.066745 (205ms)
  step 400/468: loss=0.117647 (202ms)
Epoch 13/15: loss=0.104860 lr=0.100000 (95788ms)
  step 0/468: loss=0.159479 (215ms)
  step 1/468: loss=0.065116 (205ms)
  step 2/468: loss=0.075607 (203ms)
  step 100/468: loss=0.116156 (202ms)
  step 200/468: loss=0.073425 (201ms)
  step 300/468: loss=0.227036 (203ms)
  step 400/468: loss=0.132947 (203ms)
Epoch 14/15: loss=0.104233 lr=0.100000 (95575ms)
  step 0/468: loss=0.067779 (214ms)
  step 1/468: loss=0.078679 (204ms)
  step 2/468: loss=0.126347 (204ms)
  step 100/468: loss=0.177228 (202ms)
  step 200/468: loss=0.061763 (201ms)
  step 300/468: loss=0.130859 (204ms)
  step 400/468: loss=0.141954 (205ms)
Epoch 15/15: loss=0.097012 lr=0.100000 (95755ms)
  val accuracy (running BN): 9580/9984 = 95.953526%
Saved params + BN stats.
