Ablation: cifar-lite-bn-sgd002
  spec: CIFAR-Lite-BN, optimizer: SGD
  lr: 0.002000, cosine: false, wd: 0.000000
  aug: false, label_smooth: 0.000000
CIFAR-Lite-BN-cifar-lite-bn-sgd002: 261834 params
Generating train step MLIR...
  47358 chars
Compiling vmfbs...
  forward compiled
  eval forward compiled
  train step compiled
  session loaded
  train: 50000 images (3072 floats/image)
  261834 params + m + v (2 MB)
training: 390 batches/epoch, batch=128, Adam, lr=0.002000, cosine warmup=0, label_smooth=0.1, wd=0.000000
  BN layers: 4, BN stat floats: 768
  step 0/390: loss=3.190796 (104ms)
  step 1/390: loss=2.902472 (88ms)
  step 2/390: loss=2.946405 (88ms)
  step 100/390: loss=1.829263 (89ms)
  step 200/390: loss=1.684687 (90ms)
  step 300/390: loss=1.636249 (89ms)
Epoch 1/30: loss=1.753504 lr=0.002000 (34611ms)
  step 0/390: loss=1.528824 (96ms)
  step 1/390: loss=1.567132 (90ms)
  step 2/390: loss=1.412699 (89ms)
  step 100/390: loss=1.518443 (87ms)
  step 200/390: loss=1.407626 (90ms)
  step 300/390: loss=1.402269 (85ms)
Epoch 2/30: loss=1.425317 lr=0.002000 (34709ms)
  step 0/390: loss=1.221528 (99ms)
  step 1/390: loss=1.439098 (92ms)
  step 2/390: loss=1.369788 (92ms)
  step 100/390: loss=1.331474 (86ms)
  step 200/390: loss=1.337345 (85ms)
  step 300/390: loss=1.330418 (90ms)
Epoch 3/30: loss=1.307959 lr=0.002000 (34720ms)
  step 0/390: loss=1.260072 (99ms)
  step 1/390: loss=1.194814 (91ms)
  step 2/390: loss=1.096196 (89ms)
  step 100/390: loss=1.305398 (85ms)
  step 200/390: loss=1.252158 (89ms)
  step 300/390: loss=1.169963 (90ms)
Epoch 4/30: loss=1.236084 lr=0.002000 (34683ms)
  step 0/390: loss=1.176227 (97ms)
  step 1/390: loss=1.261682 (90ms)
  step 2/390: loss=1.250736 (88ms)
  step 100/390: loss=1.125304 (90ms)
  step 200/390: loss=1.077575 (87ms)
  step 300/390: loss=1.017865 (90ms)
Epoch 5/30: loss=1.177330 lr=0.002000 (34929ms)
  step 0/390: loss=1.306554 (97ms)
  step 1/390: loss=1.033117 (91ms)
  step 2/390: loss=1.130583 (90ms)
  step 100/390: loss=1.048450 (84ms)
  step 200/390: loss=1.155544 (88ms)
  step 300/390: loss=1.116158 (83ms)
Epoch 6/30: loss=1.128475 lr=0.002000 (34676ms)
  step 0/390: loss=0.992643 (96ms)
  step 1/390: loss=0.950475 (87ms)
  step 2/390: loss=1.093757 (87ms)
  step 100/390: loss=0.999808 (90ms)
  step 200/390: loss=1.084228 (87ms)
  step 300/390: loss=1.031859 (89ms)
Epoch 7/30: loss=1.085058 lr=0.002000 (34716ms)
  step 0/390: loss=1.096495 (98ms)
  step 1/390: loss=1.024106 (92ms)
  step 2/390: loss=0.978982 (90ms)
  step 100/390: loss=1.005937 (83ms)
  step 200/390: loss=1.052536 (90ms)
  step 300/390: loss=1.120670 (89ms)
Epoch 8/30: loss=1.047868 lr=0.002000 (34879ms)
  step 0/390: loss=0.994836 (104ms)
  step 1/390: loss=0.984964 (89ms)
  step 2/390: loss=1.077735 (93ms)
  step 100/390: loss=1.062941 (89ms)
  step 200/390: loss=1.042519 (88ms)
  step 300/390: loss=1.067875 (88ms)
Epoch 9/30: loss=1.016745 lr=0.002000 (34844ms)
  step 0/390: loss=1.062585 (99ms)
  step 1/390: loss=1.117316 (90ms)
  step 2/390: loss=1.015032 (88ms)
  step 100/390: loss=0.989065 (87ms)
  step 200/390: loss=1.160390 (89ms)
  step 300/390: loss=0.981468 (87ms)
Epoch 10/30: loss=0.980655 lr=0.002000 (34808ms)
  val accuracy (running BN): 6341/9984 = 63.511619%
  step 0/390: loss=0.851657 (99ms)
  step 1/390: loss=0.955987 (89ms)
  step 2/390: loss=0.994918 (90ms)
  step 100/390: loss=0.984837 (91ms)
  step 200/390: loss=0.844741 (89ms)
  step 300/390: loss=0.945349 (88ms)
Epoch 11/30: loss=0.950290 lr=0.002000 (34858ms)
  step 0/390: loss=0.895915 (97ms)
  step 1/390: loss=0.836303 (88ms)
  step 2/390: loss=0.855690 (91ms)
  step 100/390: loss=0.975005 (89ms)
  step 200/390: loss=1.015334 (90ms)
  step 300/390: loss=0.894503 (84ms)
Epoch 12/30: loss=0.929840 lr=0.002000 (34855ms)
  step 0/390: loss=0.889442 (96ms)
  step 1/390: loss=0.964911 (89ms)
  step 2/390: loss=0.722843 (88ms)
  step 100/390: loss=0.909341 (87ms)
  step 200/390: loss=0.845941 (89ms)
  step 300/390: loss=1.047809 (83ms)
Epoch 13/30: loss=0.901463 lr=0.002000 (34480ms)
  step 0/390: loss=0.925774 (94ms)
  step 1/390: loss=0.798637 (86ms)
  step 2/390: loss=0.851188 (85ms)
  step 100/390: loss=0.870135 (83ms)
  step 200/390: loss=0.768051 (87ms)
  step 300/390: loss=0.764704 (87ms)
Epoch 14/30: loss=0.878361 lr=0.002000 (34868ms)
  step 0/390: loss=0.810961 (93ms)
  step 1/390: loss=0.859136 (86ms)
  step 2/390: loss=0.806936 (86ms)
  step 100/390: loss=0.911842 (90ms)
  step 200/390: loss=0.827288 (85ms)
  step 300/390: loss=0.822841 (88ms)
Epoch 15/30: loss=0.855400 lr=0.002000 (34654ms)
  step 0/390: loss=0.736483 (99ms)
  step 1/390: loss=0.743222 (91ms)
  step 2/390: loss=0.867209 (89ms)
  step 100/390: loss=0.835231 (88ms)
  step 200/390: loss=0.931633 (88ms)
  step 300/390: loss=0.863159 (88ms)
Epoch 16/30: loss=0.837397 lr=0.002000 (34764ms)
  step 0/390: loss=0.766999 (100ms)
  step 1/390: loss=0.848258 (91ms)
  step 2/390: loss=1.028607 (89ms)
  step 100/390: loss=0.882358 (88ms)
  step 200/390: loss=0.841555 (84ms)
  step 300/390: loss=0.850886 (90ms)
Epoch 17/30: loss=0.814559 lr=0.002000 (34750ms)
  step 0/390: loss=0.805064 (95ms)
  step 1/390: loss=0.842858 (88ms)
  step 2/390: loss=0.651720 (89ms)
  step 100/390: loss=0.720363 (89ms)
  step 200/390: loss=0.769110 (83ms)
  step 300/390: loss=0.675856 (88ms)
Epoch 18/30: loss=0.799466 lr=0.002000 (34644ms)
  step 0/390: loss=0.962194 (92ms)
  step 1/390: loss=0.869333 (87ms)
  step 2/390: loss=0.817620 (84ms)
  step 100/390: loss=0.752390 (91ms)
  step 200/390: loss=0.733149 (89ms)
  step 300/390: loss=0.766205 (90ms)
Epoch 19/30: loss=0.780566 lr=0.002000 (34518ms)
  step 0/390: loss=0.800649 (97ms)
  step 1/390: loss=0.676667 (88ms)
  step 2/390: loss=0.676798 (90ms)
  step 100/390: loss=0.786396 (88ms)
  step 200/390: loss=0.881832 (89ms)
  step 300/390: loss=0.695547 (83ms)
Epoch 20/30: loss=0.764383 lr=0.002000 (34794ms)
  val accuracy (running BN): 6811/9984 = 68.219151%
  step 0/390: loss=0.731588 (98ms)
  step 1/390: loss=0.713409 (89ms)
  step 2/390: loss=0.783477 (89ms)
  step 100/390: loss=0.716659 (87ms)
  step 200/390: loss=0.740210 (89ms)
  step 300/390: loss=0.672866 (92ms)
Epoch 21/30: loss=0.749072 lr=0.002000 (34906ms)
  step 0/390: loss=0.685954 (98ms)
  step 1/390: loss=0.757889 (90ms)
  step 2/390: loss=0.732055 (86ms)
  step 100/390: loss=0.765856 (87ms)
  step 200/390: loss=0.860996 (89ms)
  step 300/390: loss=0.669179 (89ms)
Epoch 22/30: loss=0.731707 lr=0.002000 (34638ms)
  step 0/390: loss=0.666604 (97ms)
  step 1/390: loss=0.818645 (90ms)
  step 2/390: loss=0.715360 (89ms)
  step 100/390: loss=0.629289 (88ms)
  step 200/390: loss=0.762848 (91ms)
  step 300/390: loss=0.798532 (88ms)
Epoch 23/30: loss=0.718096 lr=0.002000 (34739ms)
  step 0/390: loss=0.679242 (101ms)
  step 1/390: loss=0.652701 (89ms)
  step 2/390: loss=0.664763 (90ms)
  step 100/390: loss=0.680333 (88ms)
  step 200/390: loss=0.770114 (91ms)
  step 300/390: loss=0.779853 (88ms)
Epoch 24/30: loss=0.702702 lr=0.002000 (34726ms)
  step 0/390: loss=0.603164 (98ms)
  step 1/390: loss=0.704431 (90ms)
  step 2/390: loss=0.649648 (89ms)
  step 100/390: loss=0.770303 (88ms)
  step 200/390: loss=0.643072 (88ms)
  step 300/390: loss=0.634780 (90ms)
Epoch 25/30: loss=0.691340 lr=0.002000 (34513ms)
  step 0/390: loss=0.658187 (97ms)
  step 1/390: loss=0.766956 (91ms)
  step 2/390: loss=0.766675 (90ms)
  step 100/390: loss=0.591541 (89ms)
  step 200/390: loss=0.661762 (88ms)
  step 300/390: loss=0.618975 (88ms)
Epoch 26/30: loss=0.674920 lr=0.002000 (34792ms)
  step 0/390: loss=0.557853 (94ms)
  step 1/390: loss=0.573532 (86ms)
  step 2/390: loss=0.686332 (85ms)
  step 100/390: loss=0.859169 (90ms)
  step 200/390: loss=0.725491 (89ms)
  step 300/390: loss=0.558513 (87ms)
Epoch 27/30: loss=0.664254 lr=0.002000 (34718ms)
  step 0/390: loss=0.547658 (97ms)
  step 1/390: loss=0.616405 (91ms)
  step 2/390: loss=0.621603 (90ms)
  step 100/390: loss=0.663984 (83ms)
  step 200/390: loss=0.642368 (89ms)
  step 300/390: loss=0.686125 (90ms)
Epoch 28/30: loss=0.649862 lr=0.002000 (34722ms)
  step 0/390: loss=0.664102 (99ms)
  step 1/390: loss=0.546061 (88ms)
  step 2/390: loss=0.681441 (88ms)
  step 100/390: loss=0.640173 (87ms)
  step 200/390: loss=0.643977 (89ms)
  step 300/390: loss=0.547362 (91ms)
Epoch 29/30: loss=0.641734 lr=0.002000 (34680ms)
  step 0/390: loss=0.525502 (99ms)
  step 1/390: loss=0.732192 (90ms)
  step 2/390: loss=0.658169 (90ms)
  step 100/390: loss=0.506823 (83ms)
  step 200/390: loss=0.660115 (87ms)
  step 300/390: loss=0.661912 (86ms)
Epoch 30/30: loss=0.630073 lr=0.002000 (34643ms)
  val accuracy (running BN): 6964/9984 = 69.751603%
Saved params + BN stats.
