Ablation: width-h512
  spec: MNIST-H512, optimizer: SGD
  lr: 0.002000, cosine: false, wd: 0.000000
  aug: false, label_smooth: 0.000000
MNIST-H512-width-h512: 407050 params
Generating train step MLIR...
  7789 chars
Compiling vmfbs...
  forward compiled
  eval forward compiled
  train step compiled
  session loaded
  train: 60000 images (784 floats/image)
  407050 params + m + v (4 MB)
training: 468 batches/epoch, batch=128, Adam, lr=0.002000, cosine warmup=0, label_smooth=0.1, wd=0.000000
  BN layers: 0, BN stat floats: 0
  step 0/468: loss=2.420428 (23ms)
  step 1/468: loss=2.353533 (11ms)
  step 2/468: loss=2.448188 (10ms)
  step 100/468: loss=1.006483 (10ms)
  step 200/468: loss=0.619054 (10ms)
  step 300/468: loss=0.516548 (10ms)
  step 400/468: loss=0.622819 (11ms)
Epoch 1/15: loss=0.803211 lr=0.002000 (5359ms)
  step 0/468: loss=0.425882 (13ms)
  step 1/468: loss=0.386504 (11ms)
  step 2/468: loss=0.310121 (11ms)
  step 100/468: loss=0.457234 (11ms)
  step 200/468: loss=0.407249 (12ms)
  step 300/468: loss=0.457871 (9ms)
  step 400/468: loss=0.357565 (10ms)
Epoch 2/15: loss=0.395958 lr=0.002000 (5388ms)
  step 0/468: loss=0.323263 (12ms)
  step 1/468: loss=0.345471 (10ms)
  step 2/468: loss=0.495400 (9ms)
  step 100/468: loss=0.433759 (11ms)
  step 200/468: loss=0.336228 (10ms)
  step 300/468: loss=0.304071 (10ms)
  step 400/468: loss=0.317701 (10ms)
Epoch 3/15: loss=0.335189 lr=0.002000 (5482ms)
  step 0/468: loss=0.367834 (12ms)
  step 1/468: loss=0.213879 (10ms)
  step 2/468: loss=0.279173 (10ms)
  step 100/468: loss=0.292702 (10ms)
  step 200/468: loss=0.193165 (11ms)
  step 300/468: loss=0.371474 (14ms)
  step 400/468: loss=0.286869 (12ms)
Epoch 4/15: loss=0.302903 lr=0.002000 (5524ms)
  step 0/468: loss=0.230786 (11ms)
  step 1/468: loss=0.357623 (10ms)
  step 2/468: loss=0.297335 (9ms)
  step 100/468: loss=0.287149 (11ms)
  step 200/468: loss=0.250538 (11ms)
  step 300/468: loss=0.261989 (11ms)
  step 400/468: loss=0.277305 (11ms)
Epoch 5/15: loss=0.280218 lr=0.002000 (5546ms)
  step 0/468: loss=0.209860 (11ms)
  step 1/468: loss=0.246946 (12ms)
  step 2/468: loss=0.368450 (11ms)
  step 100/468: loss=0.236936 (10ms)
  step 200/468: loss=0.248127 (10ms)
  step 300/468: loss=0.189907 (9ms)
  step 400/468: loss=0.372688 (12ms)
Epoch 6/15: loss=0.262848 lr=0.002000 (5411ms)
  step 0/468: loss=0.268463 (16ms)
  step 1/468: loss=0.246571 (12ms)
  step 2/468: loss=0.163191 (11ms)
  step 100/468: loss=0.349078 (10ms)
  step 200/468: loss=0.212521 (12ms)
  step 300/468: loss=0.241975 (11ms)
  step 400/468: loss=0.294200 (10ms)
Epoch 7/15: loss=0.247882 lr=0.002000 (5505ms)
  step 0/468: loss=0.201465 (11ms)
  step 1/468: loss=0.287033 (10ms)
  step 2/468: loss=0.144943 (11ms)
  step 100/468: loss=0.172152 (10ms)
  step 200/468: loss=0.188269 (10ms)
  step 300/468: loss=0.248269 (9ms)
  step 400/468: loss=0.240775 (12ms)
Epoch 8/15: loss=0.235339 lr=0.002000 (5549ms)
  step 0/468: loss=0.323479 (11ms)
  step 1/468: loss=0.301708 (10ms)
  step 2/468: loss=0.147220 (10ms)
  step 100/468: loss=0.223148 (10ms)
  step 200/468: loss=0.204782 (12ms)
  step 300/468: loss=0.226856 (11ms)
  step 400/468: loss=0.256095 (11ms)
Epoch 9/15: loss=0.224084 lr=0.002000 (5362ms)
  step 0/468: loss=0.266114 (10ms)
  step 1/468: loss=0.200190 (9ms)
  step 2/468: loss=0.333849 (9ms)
  step 100/468: loss=0.134385 (10ms)
  step 200/468: loss=0.172610 (10ms)
  step 300/468: loss=0.215864 (10ms)
  step 400/468: loss=0.192972 (11ms)
Epoch 10/15: loss=0.214092 lr=0.002000 (5438ms)
  val accuracy (running BN): 9401/9984 = 94.160657%
  step 0/468: loss=0.169412 (11ms)
  step 1/468: loss=0.132006 (13ms)
  step 2/468: loss=0.151301 (13ms)
  step 100/468: loss=0.162103 (11ms)
  step 200/468: loss=0.236077 (10ms)
  step 300/468: loss=0.349370 (11ms)
  step 400/468: loss=0.153579 (10ms)
Epoch 11/15: loss=0.204682 lr=0.002000 (5353ms)
  step 0/468: loss=0.310183 (12ms)
  step 1/468: loss=0.270791 (11ms)
  step 2/468: loss=0.181585 (10ms)
  step 100/468: loss=0.136300 (11ms)
  step 200/468: loss=0.136958 (10ms)
  step 300/468: loss=0.146638 (11ms)
  step 400/468: loss=0.144985 (10ms)
Epoch 12/15: loss=0.196481 lr=0.002000 (5485ms)
  step 0/468: loss=0.230159 (13ms)
  step 1/468: loss=0.193566 (12ms)
  step 2/468: loss=0.197149 (11ms)
  step 100/468: loss=0.221076 (10ms)
  step 200/468: loss=0.190763 (10ms)
  step 300/468: loss=0.186410 (10ms)
  step 400/468: loss=0.229815 (12ms)
Epoch 13/15: loss=0.188497 lr=0.002000 (5607ms)
  step 0/468: loss=0.223973 (13ms)
  step 1/468: loss=0.120243 (11ms)
  step 2/468: loss=0.116723 (11ms)
  step 100/468: loss=0.233690 (9ms)
  step 200/468: loss=0.160152 (12ms)
  step 300/468: loss=0.189794 (11ms)
  step 400/468: loss=0.158278 (13ms)
Epoch 14/15: loss=0.181662 lr=0.002000 (5486ms)
  step 0/468: loss=0.212411 (11ms)
  step 1/468: loss=0.186142 (11ms)
  step 2/468: loss=0.177321 (11ms)
  step 100/468: loss=0.209814 (11ms)
  step 200/468: loss=0.238332 (9ms)
  step 300/468: loss=0.226029 (10ms)
  step 400/468: loss=0.150086 (11ms)
Epoch 15/15: loss=0.174969 lr=0.002000 (5485ms)
  val accuracy (running BN): 9497/9984 = 95.122196%
Saved params + BN stats.
