Ablation: shallow-sgd
  spec: MNIST-Shallow, optimizer: SGD
  lr: 0.100000, cosine: false, wd: 0.000000
  aug: false, label_smooth: 0.000000
MNIST-Shallow-shallow-sgd: 101770 params
Generating train step MLIR...
  7797 chars
Compiling vmfbs...
  forward compiled
  eval forward compiled
  train step compiled
  session loaded
  train: 60000 images (784 floats/image)
  101770 params + m + v (1 MB)
training: 468 batches/epoch, batch=128, Adam, lr=0.100000, cosine warmup=0, label_smooth=0.1, wd=0.000000
  BN layers: 0, BN stat floats: 0
  step 0/468: loss=2.467993 (14ms)
  step 1/468: loss=2.245238 (6ms)
  step 2/468: loss=2.048491 (6ms)
  step 100/468: loss=0.309080 (7ms)
  step 200/468: loss=0.155598 (4ms)
  step 300/468: loss=0.101781 (8ms)
  step 400/468: loss=0.255122 (6ms)
Epoch 1/15: loss=0.259178 lr=0.100000 (2618ms)
  step 0/468: loss=0.194093 (6ms)
  step 1/468: loss=0.058486 (6ms)
  step 2/468: loss=0.077849 (6ms)
  step 100/468: loss=0.077191 (7ms)
  step 200/468: loss=0.104209 (6ms)
  step 300/468: loss=0.059474 (5ms)
  step 400/468: loss=0.075125 (5ms)
Epoch 2/15: loss=0.104780 lr=0.100000 (2606ms)
  step 0/468: loss=0.030582 (7ms)
  step 1/468: loss=0.089901 (5ms)
  step 2/468: loss=0.150398 (5ms)
  step 100/468: loss=0.151391 (7ms)
  step 200/468: loss=0.052037 (6ms)
  step 300/468: loss=0.052659 (5ms)
  step 400/468: loss=0.054708 (6ms)
Epoch 3/15: loss=0.075056 lr=0.100000 (2670ms)
  step 0/468: loss=0.118138 (7ms)
  step 1/468: loss=0.047381 (5ms)
  step 2/468: loss=0.078843 (6ms)
  step 100/468: loss=0.065638 (7ms)
  step 200/468: loss=0.033515 (5ms)
  step 300/468: loss=0.076697 (5ms)
  step 400/468: loss=0.079376 (6ms)
Epoch 4/15: loss=0.058964 lr=0.100000 (2641ms)
  step 0/468: loss=0.028870 (6ms)
  step 1/468: loss=0.094700 (6ms)
  step 2/468: loss=0.050503 (6ms)
  step 100/468: loss=0.119453 (5ms)
  step 200/468: loss=0.021745 (5ms)
  step 300/468: loss=0.044832 (6ms)
  step 400/468: loss=0.124427 (6ms)
Epoch 5/15: loss=0.046812 lr=0.100000 (2601ms)
  step 0/468: loss=0.022718 (6ms)
  step 1/468: loss=0.083050 (5ms)
  step 2/468: loss=0.074610 (6ms)
  step 100/468: loss=0.018696 (6ms)
  step 200/468: loss=0.057443 (6ms)
  step 300/468: loss=0.014135 (5ms)
  step 400/468: loss=0.087916 (6ms)
Epoch 6/15: loss=0.038024 lr=0.100000 (2687ms)
  step 0/468: loss=0.031430 (7ms)
  step 1/468: loss=0.018271 (6ms)
  step 2/468: loss=0.006493 (5ms)
  step 100/468: loss=0.023226 (5ms)
  step 200/468: loss=0.022804 (5ms)
  step 300/468: loss=0.037759 (5ms)
  step 400/468: loss=0.033527 (6ms)
Epoch 7/15: loss=0.029639 lr=0.100000 (2604ms)
  step 0/468: loss=0.018250 (7ms)
  step 1/468: loss=0.006850 (6ms)
  step 2/468: loss=0.019143 (5ms)
  step 100/468: loss=0.016107 (5ms)
  step 200/468: loss=0.006878 (5ms)
  step 300/468: loss=0.013429 (6ms)
  step 400/468: loss=0.011301 (6ms)
Epoch 8/15: loss=0.023968 lr=0.100000 (2628ms)
  step 0/468: loss=0.008667 (6ms)
  step 1/468: loss=0.008471 (6ms)
  step 2/468: loss=0.019483 (5ms)
  step 100/468: loss=0.025293 (6ms)
  step 200/468: loss=0.016869 (6ms)
  step 300/468: loss=0.006586 (5ms)
  step 400/468: loss=0.013734 (5ms)
Epoch 9/15: loss=0.018925 lr=0.100000 (2582ms)
  step 0/468: loss=0.050768 (5ms)
  step 1/468: loss=0.008133 (5ms)
  step 2/468: loss=0.015322 (5ms)
  step 100/468: loss=0.002593 (6ms)
  step 200/468: loss=0.009176 (6ms)
  step 300/468: loss=0.006188 (6ms)
  step 400/468: loss=0.026767 (5ms)
Epoch 10/15: loss=0.014345 lr=0.100000 (2623ms)
  val accuracy (running BN): 9785/9984 = 98.006811%
  step 0/468: loss=0.009243 (5ms)
  step 1/468: loss=0.003465 (5ms)
  step 2/468: loss=0.007540 (4ms)
  step 100/468: loss=0.004425 (6ms)
  step 200/468: loss=0.004279 (5ms)
  step 300/468: loss=0.005609 (5ms)
  step 400/468: loss=0.009528 (5ms)
Epoch 11/15: loss=0.011217 lr=0.100000 (2638ms)
  step 0/468: loss=0.008494 (6ms)
  step 1/468: loss=0.006171 (6ms)
  step 2/468: loss=0.004548 (5ms)
  step 100/468: loss=0.002872 (5ms)
  step 200/468: loss=0.002882 (5ms)
  step 300/468: loss=0.002248 (6ms)
  step 400/468: loss=0.002333 (5ms)
Epoch 12/15: loss=0.008787 lr=0.100000 (2616ms)
  step 0/468: loss=0.002362 (7ms)
  step 1/468: loss=0.018543 (6ms)
  step 2/468: loss=0.005691 (7ms)
  step 100/468: loss=0.005746 (6ms)
  step 200/468: loss=0.004170 (6ms)
  step 300/468: loss=0.002360 (7ms)
  step 400/468: loss=0.007934 (6ms)
Epoch 13/15: loss=0.006577 lr=0.100000 (2648ms)
  step 0/468: loss=0.003080 (7ms)
  step 1/468: loss=0.003529 (6ms)
  step 2/468: loss=0.005768 (6ms)
  step 100/468: loss=0.009095 (5ms)
  step 200/468: loss=0.001583 (5ms)
  step 300/468: loss=0.026224 (4ms)
  step 400/468: loss=0.002869 (6ms)
Epoch 14/15: loss=0.005356 lr=0.100000 (2600ms)
  step 0/468: loss=0.003269 (6ms)
  step 1/468: loss=0.005015 (5ms)
  step 2/468: loss=0.002459 (5ms)
  step 100/468: loss=0.009247 (6ms)
  step 200/468: loss=0.007375 (5ms)
  step 300/468: loss=0.006071 (5ms)
  step 400/468: loss=0.001560 (6ms)
Epoch 15/15: loss=0.003413 lr=0.100000 (2633ms)
  val accuracy (running BN): 9794/9984 = 98.096955%
Saved params + BN stats.
