EfficientNet-B0: 7155658 params
Generating train step MLIR...
  938160 chars
Compiling vmfbs...
  forward compiled
  eval forward compiled
  train step compiled
  session loaded
  train: 9469 images (256×256)
  7155658 params + m + v (81 MB)
training: 295 batches/epoch, batch=32, Adam, lr=0.001000, cosine, label_smooth=0.1, wd=1e-4
  BN layers: 49, BN stat floats: 42016
  step 0/295: loss=2.345573 (956ms)
  step 1/295: loss=2.570625 (951ms)
  step 2/295: loss=2.498208 (943ms)
  step 100/295: loss=2.114047 (934ms)
  step 200/295: loss=1.941790 (943ms)
Epoch 1/80: loss=1.985674 lr=0.000333 (280111ms)
  step 0/295: loss=1.794206 (946ms)
  step 1/295: loss=1.383840 (958ms)
  step 2/295: loss=1.571169 (951ms)
  step 100/295: loss=1.538563 (941ms)
  step 200/295: loss=1.472806 (952ms)
Epoch 2/80: loss=1.643593 lr=0.000667 (280145ms)
  step 0/295: loss=1.564039 (964ms)
  step 1/295: loss=2.175424 (948ms)
  step 2/295: loss=1.706029 (936ms)
  step 100/295: loss=1.471014 (939ms)
  step 200/295: loss=1.193878 (946ms)
Epoch 3/80: loss=1.471913 lr=0.001000 (280206ms)
  step 0/295: loss=1.504083 (946ms)
  step 1/295: loss=0.968010 (928ms)
  step 2/295: loss=1.274461 (922ms)
  step 100/295: loss=1.531964 (958ms)
  step 200/295: loss=1.369443 (946ms)
Epoch 4/80: loss=1.297722 lr=0.001000 (280444ms)
  step 0/295: loss=1.129309 (955ms)
  step 1/295: loss=1.480550 (945ms)
  step 2/295: loss=1.239231 (943ms)
  step 100/295: loss=1.386263 (937ms)
  step 200/295: loss=1.167648 (942ms)
Epoch 5/80: loss=1.196072 lr=0.001000 (280680ms)
  step 0/295: loss=1.109330 (956ms)
  step 1/295: loss=1.002723 (943ms)
  step 2/295: loss=1.058416 (928ms)
  step 100/295: loss=1.299992 (947ms)
  step 200/295: loss=1.383208 (922ms)
Epoch 6/80: loss=1.113508 lr=0.000998 (280958ms)
  step 0/295: loss=0.992927 (927ms)
  step 1/295: loss=1.136072 (940ms)
  step 2/295: loss=1.141216 (937ms)
  step 100/295: loss=1.179561 (947ms)
  step 200/295: loss=0.985039 (941ms)
Epoch 7/80: loss=1.069063 lr=0.000996 (280836ms)
  step 0/295: loss=0.997560 (928ms)
  step 1/295: loss=1.034302 (924ms)
  step 2/295: loss=1.325235 (932ms)
  step 100/295: loss=0.993164 (965ms)
  step 200/295: loss=1.117538 (957ms)
Epoch 8/80: loss=1.015210 lr=0.000993 (280137ms)
  step 0/295: loss=0.827363 (926ms)
  step 1/295: loss=0.848688 (914ms)
  step 2/295: loss=1.007759 (952ms)
  step 100/295: loss=0.860870 (927ms)
  step 200/295: loss=1.091721 (931ms)
Epoch 9/80: loss=0.982072 lr=0.000990 (280908ms)
  step 0/295: loss=0.886256 (935ms)
  step 1/295: loss=0.863550 (936ms)
  step 2/295: loss=0.752619 (916ms)
  step 100/295: loss=1.124593 (944ms)
  step 200/295: loss=0.756363 (914ms)
Epoch 10/80: loss=0.947504 lr=0.000985 (280713ms)
  val accuracy (running BN): 3077/3904 = 78.816598%
  step 0/295: loss=0.875983 (929ms)
  step 1/295: loss=0.781679 (944ms)
  step 2/295: loss=0.791823 (953ms)
  step 100/295: loss=1.262909 (924ms)
  step 200/295: loss=0.761230 (949ms)
Epoch 11/80: loss=0.916345 lr=0.000980 (280631ms)
  step 0/295: loss=0.942006 (906ms)
  step 1/295: loss=0.809635 (931ms)
  step 2/295: loss=0.749114 (950ms)
  step 100/295: loss=0.790679 (929ms)
  step 200/295: loss=0.751655 (935ms)
Epoch 12/80: loss=0.885115 lr=0.000974 (280629ms)
  step 0/295: loss=0.949354 (944ms)
  step 1/295: loss=0.807829 (936ms)
  step 2/295: loss=0.862782 (936ms)
  step 100/295: loss=0.908088 (949ms)
  step 200/295: loss=0.948894 (934ms)
Epoch 13/80: loss=0.864141 lr=0.000967 (280725ms)
  step 0/295: loss=0.697089 (901ms)
  step 1/295: loss=0.847207 (939ms)
  step 2/295: loss=0.784689 (921ms)
  step 100/295: loss=0.689445 (950ms)
  step 200/295: loss=0.923959 (942ms)
Epoch 14/80: loss=0.832720 lr=0.000959 (280573ms)
  step 0/295: loss=0.858761 (926ms)
  step 1/295: loss=0.899091 (942ms)
  step 2/295: loss=0.740496 (939ms)
  step 100/295: loss=0.822875 (951ms)
  step 200/295: loss=0.716663 (956ms)
Epoch 15/80: loss=0.812127 lr=0.000950 (280672ms)
  step 0/295: loss=1.137522 (956ms)
  step 1/295: loss=0.770975 (936ms)
  step 2/295: loss=0.784692 (936ms)
  step 100/295: loss=0.656641 (938ms)
  step 200/295: loss=0.665694 (924ms)
Epoch 16/80: loss=0.793213 lr=0.000941 (280498ms)
  step 0/295: loss=0.717104 (922ms)
  step 1/295: loss=0.814501 (943ms)
  step 2/295: loss=0.705929 (946ms)
  step 100/295: loss=0.630664 (949ms)
  step 200/295: loss=0.758629 (944ms)
Epoch 17/80: loss=0.773931 lr=0.000931 (280716ms)
  step 0/295: loss=0.656156 (938ms)
  step 1/295: loss=0.583264 (948ms)
  step 2/295: loss=0.677306 (968ms)
  step 100/295: loss=0.726121 (955ms)
  step 200/295: loss=0.680050 (910ms)
Epoch 18/80: loss=0.743236 lr=0.000921 (280510ms)
  step 0/295: loss=0.647386 (930ms)
  step 1/295: loss=0.569866 (955ms)
  step 2/295: loss=0.625807 (927ms)
  step 100/295: loss=0.621236 (939ms)
  step 200/295: loss=0.808498 (937ms)
Epoch 19/80: loss=0.728638 lr=0.000909 (280891ms)
  step 0/295: loss=0.672669 (925ms)
  step 1/295: loss=0.631452 (914ms)
  step 2/295: loss=0.822666 (929ms)
  step 100/295: loss=0.779925 (933ms)
  step 200/295: loss=0.642652 (946ms)
Epoch 20/80: loss=0.711379 lr=0.000897 (280782ms)
  val accuracy (running BN): 3208/3904 = 82.172131%
  step 0/295: loss=0.696173 (937ms)
  step 1/295: loss=0.573234 (936ms)
  step 2/295: loss=0.582038 (923ms)
  step 100/295: loss=0.592027 (936ms)
  step 200/295: loss=0.591968 (934ms)
Epoch 21/80: loss=0.696863 lr=0.000884 (280153ms)
  step 0/295: loss=0.561464 (941ms)
  step 1/295: loss=0.766015 (949ms)
  step 2/295: loss=0.722457 (927ms)
  step 100/295: loss=0.770193 (934ms)
  step 200/295: loss=0.645318 (948ms)
Epoch 22/80: loss=0.688384 lr=0.000871 (280420ms)
  step 0/295: loss=0.721353 (939ms)
  step 1/295: loss=0.547942 (925ms)
  step 2/295: loss=0.615252 (943ms)
  step 100/295: loss=0.725520 (950ms)
  step 200/295: loss=0.653639 (939ms)
Epoch 23/80: loss=0.663465 lr=0.000857 (280964ms)
  step 0/295: loss=0.739320 (943ms)
  step 1/295: loss=0.747689 (935ms)
  step 2/295: loss=0.669755 (941ms)
  step 100/295: loss=0.841268 (926ms)
  step 200/295: loss=0.695817 (940ms)
Epoch 24/80: loss=0.659958 lr=0.000843 (280612ms)
  step 0/295: loss=0.600922 (943ms)
  step 1/295: loss=0.702327 (943ms)
  step 2/295: loss=0.607284 (950ms)
  step 100/295: loss=0.564808 (949ms)
  step 200/295: loss=0.713249 (932ms)
Epoch 25/80: loss=0.644513 lr=0.000827 (280771ms)
  step 0/295: loss=0.671118 (939ms)
  step 1/295: loss=0.635145 (948ms)
  step 2/295: loss=0.694087 (956ms)
  step 100/295: loss=0.622097 (931ms)
  step 200/295: loss=0.751746 (939ms)
Epoch 26/80: loss=0.626474 lr=0.000812 (280700ms)
  step 0/295: loss=0.589902 (932ms)
  step 1/295: loss=0.683263 (937ms)
  step 2/295: loss=0.566758 (926ms)
  step 100/295: loss=0.653527 (936ms)
  step 200/295: loss=0.735761 (945ms)
Epoch 27/80: loss=0.633839 lr=0.000796 (280665ms)
  step 0/295: loss=0.603263 (928ms)
  step 1/295: loss=0.599753 (944ms)
  step 2/295: loss=0.576035 (931ms)
  step 100/295: loss=0.553185 (933ms)
  step 200/295: loss=0.758348 (919ms)
Epoch 28/80: loss=0.621532 lr=0.000779 (281063ms)
  step 0/295: loss=0.531709 (958ms)
  step 1/295: loss=0.568941 (931ms)
  step 2/295: loss=0.572472 (949ms)
  step 100/295: loss=0.554517 (928ms)
  step 200/295: loss=0.538829 (940ms)
Epoch 29/80: loss=0.605544 lr=0.000762 (280590ms)
  step 0/295: loss=0.556959 (946ms)
  step 1/295: loss=0.585830 (944ms)
  step 2/295: loss=0.660409 (955ms)
  step 100/295: loss=0.555331 (935ms)
  step 200/295: loss=0.687580 (936ms)
Epoch 30/80: loss=0.604595 lr=0.000744 (280550ms)
  val accuracy (running BN): 3282/3904 = 84.067623%
  step 0/295: loss=0.676543 (947ms)
  step 1/295: loss=0.641997 (906ms)
  step 2/295: loss=0.537264 (942ms)
  step 100/295: loss=0.683498 (952ms)
  step 200/295: loss=0.576632 (955ms)
Epoch 31/80: loss=0.595972 lr=0.000726 (281072ms)
  step 0/295: loss=0.564749 (952ms)
  step 1/295: loss=0.690767 (933ms)
  step 2/295: loss=0.563058 (928ms)
  step 100/295: loss=0.570830 (953ms)
  step 200/295: loss=0.522331 (945ms)
Epoch 32/80: loss=0.578542 lr=0.000708 (280801ms)
  step 0/295: loss=0.533567 (955ms)
  step 1/295: loss=0.579795 (917ms)
  step 2/295: loss=0.515987 (951ms)
  step 100/295: loss=0.574359 (927ms)
  step 200/295: loss=0.688350 (948ms)
Epoch 33/80: loss=0.587245 lr=0.000689 (280570ms)
  step 0/295: loss=0.522131 (941ms)
  step 1/295: loss=0.527242 (916ms)
  step 2/295: loss=0.517483 (913ms)
  step 100/295: loss=0.531597 (942ms)
  step 200/295: loss=0.568250 (932ms)
Epoch 34/80: loss=0.571161 lr=0.000670 (280268ms)
  step 0/295: loss=0.620017 (958ms)
  step 1/295: loss=0.568813 (940ms)
  step 2/295: loss=0.520123 (944ms)
  step 100/295: loss=0.527281 (917ms)
  step 200/295: loss=0.518568 (924ms)
Epoch 35/80: loss=0.569240 lr=0.000651 (280788ms)
  step 0/295: loss=0.522635 (945ms)
  step 1/295: loss=0.617052 (941ms)
  step 2/295: loss=0.525636 (951ms)
  step 100/295: loss=0.535031 (951ms)
  step 200/295: loss=0.563348 (911ms)
Epoch 36/80: loss=0.562915 lr=0.000631 (280589ms)
  step 0/295: loss=0.516374 (932ms)
  step 1/295: loss=0.512651 (959ms)
  step 2/295: loss=0.515126 (947ms)
  step 100/295: loss=0.527380 (948ms)
  step 200/295: loss=0.524145 (951ms)
Epoch 37/80: loss=0.558949 lr=0.000611 (280470ms)
  step 0/295: loss=0.592434 (935ms)
  step 1/295: loss=0.584994 (960ms)
  step 2/295: loss=0.513210 (937ms)
  step 100/295: loss=0.631118 (930ms)
  step 200/295: loss=0.512095 (931ms)
Epoch 38/80: loss=0.567621 lr=0.000591 (280572ms)
  step 0/295: loss=0.521700 (929ms)
  step 1/295: loss=0.549051 (939ms)
  step 2/295: loss=0.561041 (959ms)
  step 100/295: loss=0.539913 (945ms)
  step 200/295: loss=0.552714 (944ms)
Epoch 39/80: loss=0.553929 lr=0.000571 (280949ms)
  step 0/295: loss=0.578092 (930ms)
  step 1/295: loss=0.518478 (918ms)
  step 2/295: loss=0.514647 (941ms)
  step 100/295: loss=0.520575 (923ms)
  step 200/295: loss=0.540993 (959ms)
Epoch 40/80: loss=0.548946 lr=0.000551 (280416ms)
  val accuracy (running BN): 3363/3904 = 86.142418%
  step 0/295: loss=0.615875 (946ms)
  step 1/295: loss=0.509747 (937ms)
  step 2/295: loss=0.568980 (919ms)
  step 100/295: loss=0.531129 (944ms)
  step 200/295: loss=0.510677 (945ms)
Epoch 41/80: loss=0.545014 lr=0.000531 (280584ms)
  step 0/295: loss=0.517357 (924ms)
  step 1/295: loss=0.529660 (918ms)
  step 2/295: loss=0.544772 (924ms)
  step 100/295: loss=0.556806 (956ms)
  step 200/295: loss=0.520629 (942ms)
Epoch 42/80: loss=0.541513 lr=0.000510 (281006ms)
  step 0/295: loss=0.519477 (951ms)
  step 1/295: loss=0.588211 (942ms)
  step 2/295: loss=0.509948 (942ms)
  step 100/295: loss=0.524446 (937ms)
  step 200/295: loss=0.521787 (941ms)
Epoch 43/80: loss=0.542595 lr=0.000490 (280550ms)
  step 0/295: loss=0.600272 (946ms)
  step 1/295: loss=0.515824 (951ms)
  step 2/295: loss=0.507532 (937ms)
  step 100/295: loss=0.594613 (947ms)
  step 200/295: loss=0.508723 (945ms)
Epoch 44/80: loss=0.530570 lr=0.000469 (280720ms)
  step 0/295: loss=0.509814 (943ms)
  step 1/295: loss=0.506691 (945ms)
  step 2/295: loss=0.514828 (928ms)
  step 100/295: loss=0.535938 (896ms)
  step 200/295: loss=0.515117 (909ms)
Epoch 45/80: loss=0.533937 lr=0.000449 (280736ms)
  step 0/295: loss=0.514338 (943ms)
  step 1/295: loss=0.524685 (939ms)
  step 2/295: loss=0.511227 (928ms)
  step 100/295: loss=0.556904 (948ms)
  step 200/295: loss=0.541826 (938ms)
Epoch 46/80: loss=0.533277 lr=0.000429 (280446ms)
  step 0/295: loss=0.504904 (942ms)
  step 1/295: loss=0.518003 (935ms)
  step 2/295: loss=0.591850 (910ms)
  step 100/295: loss=0.508491 (950ms)
  step 200/295: loss=0.507274 (947ms)
Epoch 47/80: loss=0.529256 lr=0.000409 (280389ms)
  step 0/295: loss=0.519501 (926ms)
  step 1/295: loss=0.568654 (951ms)
  step 2/295: loss=0.507582 (908ms)
  step 100/295: loss=0.513575 (933ms)
  step 200/295: loss=0.542297 (946ms)
Epoch 48/80: loss=0.526383 lr=0.000389 (280352ms)
  step 0/295: loss=0.507913 (929ms)
  step 1/295: loss=0.507256 (931ms)
  step 2/295: loss=0.511071 (939ms)
  step 100/295: loss=0.556968 (940ms)
  step 200/295: loss=0.507513 (939ms)
Epoch 49/80: loss=0.522567 lr=0.000369 (280831ms)
  step 0/295: loss=0.506026 (939ms)
  step 1/295: loss=0.544694 (943ms)
  step 2/295: loss=0.507647 (945ms)
  step 100/295: loss=0.504235 (936ms)
  step 200/295: loss=0.506482 (935ms)
Epoch 50/80: loss=0.523369 lr=0.000349 (280726ms)
  val accuracy (running BN): 3373/3904 = 86.398566%
  step 0/295: loss=0.506688 (959ms)
  step 1/295: loss=0.509480 (936ms)
  step 2/295: loss=0.509746 (935ms)
  step 100/295: loss=0.516212 (936ms)
  step 200/295: loss=0.550380 (951ms)
Epoch 51/80: loss=0.518793 lr=0.000330 (280141ms)
  step 0/295: loss=0.506246 (936ms)
  step 1/295: loss=0.594002 (932ms)
  step 2/295: loss=0.643683 (933ms)
  step 100/295: loss=0.511979 (942ms)
  step 200/295: loss=0.504412 (934ms)
Epoch 52/80: loss=0.523531 lr=0.000311 (280688ms)
  step 0/295: loss=0.506489 (935ms)
  step 1/295: loss=0.520997 (912ms)
  step 2/295: loss=0.503768 (940ms)
  step 100/295: loss=0.525284 (945ms)
  step 200/295: loss=0.519538 (931ms)
Epoch 53/80: loss=0.515640 lr=0.000292 (280431ms)
  step 0/295: loss=0.510523 (903ms)
  step 1/295: loss=0.516254 (948ms)
  step 2/295: loss=0.510980 (951ms)
  step 100/295: loss=0.515485 (932ms)
  step 200/295: loss=0.506943 (927ms)
Epoch 54/80: loss=0.514446 lr=0.000274 (280217ms)
  step 0/295: loss=0.504575 (941ms)
  step 1/295: loss=0.508680 (947ms)
  step 2/295: loss=0.531309 (902ms)
  step 100/295: loss=0.520546 (919ms)
  step 200/295: loss=0.543557 (952ms)
Epoch 55/80: loss=0.513967 lr=0.000256 (280333ms)
  step 0/295: loss=0.505002 (943ms)
  step 1/295: loss=0.510219 (955ms)
  step 2/295: loss=0.503419 (942ms)
  step 100/295: loss=0.505218 (932ms)
  step 200/295: loss=0.522894 (943ms)
Epoch 56/80: loss=0.514933 lr=0.000238 (280707ms)
  step 0/295: loss=0.507374 (944ms)
  step 1/295: loss=0.508033 (931ms)
  step 2/295: loss=0.505251 (948ms)
  step 100/295: loss=0.508981 (950ms)
  step 200/295: loss=0.503913 (942ms)
Epoch 57/80: loss=0.512095 lr=0.000221 (280537ms)
  step 0/295: loss=0.511096 (939ms)
  step 1/295: loss=0.522445 (918ms)
  step 2/295: loss=0.505561 (917ms)
  step 100/295: loss=0.505166 (929ms)
  step 200/295: loss=0.504265 (945ms)
Epoch 58/80: loss=0.513536 lr=0.000204 (280598ms)
  step 0/295: loss=0.502981 (926ms)
  step 1/295: loss=0.506960 (923ms)
  step 2/295: loss=0.505693 (955ms)
  step 100/295: loss=0.506508 (926ms)
  step 200/295: loss=0.516156 (961ms)
Epoch 59/80: loss=0.512802 lr=0.000188 (280549ms)
  step 0/295: loss=0.504130 (949ms)
  step 1/295: loss=0.557591 (925ms)
  step 2/295: loss=0.526247 (937ms)
  step 100/295: loss=0.504603 (954ms)
  step 200/295: loss=0.505135 (933ms)
Epoch 60/80: loss=0.512627 lr=0.000173 (281250ms)
  val accuracy (running BN): 3410/3904 = 87.346311%
  step 0/295: loss=0.516769 (952ms)
  step 1/295: loss=0.503493 (955ms)
  step 2/295: loss=0.504606 (938ms)
  step 100/295: loss=0.502970 (943ms)
  step 200/295: loss=0.506659 (935ms)
Epoch 61/80: loss=0.508916 lr=0.000157 (280646ms)
  step 0/295: loss=0.506730 (928ms)
  step 1/295: loss=0.503125 (913ms)
  step 2/295: loss=0.504604 (911ms)
  step 100/295: loss=0.565210 (924ms)
  step 200/295: loss=0.514680 (950ms)
Epoch 62/80: loss=0.508745 lr=0.000143 (280728ms)
  step 0/295: loss=0.505557 (955ms)
  step 1/295: loss=0.502719 (948ms)
  step 2/295: loss=0.503075 (934ms)
  step 100/295: loss=0.504742 (940ms)
  step 200/295: loss=0.502953 (944ms)
Epoch 63/80: loss=0.506055 lr=0.000129 (280624ms)
  step 0/295: loss=0.503013 (945ms)
  step 1/295: loss=0.508473 (921ms)
  step 2/295: loss=0.502496 (943ms)
  step 100/295: loss=0.504394 (940ms)
  step 200/295: loss=0.504229 (938ms)
Epoch 64/80: loss=0.505555 lr=0.000116 (280936ms)
  step 0/295: loss=0.503182 (948ms)
  step 1/295: loss=0.503196 (941ms)
  step 2/295: loss=0.502411 (938ms)
  step 100/295: loss=0.509950 (934ms)
  step 200/295: loss=0.503141 (925ms)
Epoch 65/80: loss=0.506664 lr=0.000103 (281252ms)
  step 0/295: loss=0.503238 (939ms)
  step 1/295: loss=0.503679 (935ms)
  step 2/295: loss=0.503046 (937ms)
  step 100/295: loss=0.548828 (935ms)
  step 200/295: loss=0.502376 (948ms)
Epoch 66/80: loss=0.505594 lr=0.000091 (280868ms)
  step 0/295: loss=0.503379 (938ms)
  step 1/295: loss=0.504459 (948ms)
  step 2/295: loss=0.502794 (923ms)
  step 100/295: loss=0.503143 (948ms)
  step 200/295: loss=0.509332 (923ms)
Epoch 67/80: loss=0.505552 lr=0.000079 (280795ms)
  step 0/295: loss=0.503628 (919ms)
  step 1/295: loss=0.503363 (923ms)
  step 2/295: loss=0.503963 (922ms)
  step 100/295: loss=0.502456 (933ms)
  step 200/295: loss=0.502689 (922ms)
Epoch 68/80: loss=0.505209 lr=0.000069 (280564ms)
  step 0/295: loss=0.505561 (930ms)
  step 1/295: loss=0.504549 (957ms)
  step 2/295: loss=0.502977 (937ms)
  step 100/295: loss=0.503013 (959ms)
  step 200/295: loss=0.514655 (948ms)
Epoch 69/80: loss=0.505098 lr=0.000059 (281036ms)
  step 0/295: loss=0.507292 (935ms)
  step 1/295: loss=0.503363 (940ms)
  step 2/295: loss=0.503061 (953ms)
  step 100/295: loss=0.504032 (927ms)
  step 200/295: loss=0.503552 (923ms)
Epoch 70/80: loss=0.505003 lr=0.000050 (280381ms)
  val accuracy (running BN): 3408/3904 = 87.295082%
  step 0/295: loss=0.502234 (946ms)
  step 1/295: loss=0.502185 (918ms)
  step 2/295: loss=0.511252 (932ms)
  step 100/295: loss=0.503188 (923ms)
  step 200/295: loss=0.502282 (916ms)
Epoch 71/80: loss=0.504069 lr=0.000041 (280564ms)
  step 0/295: loss=0.503032 (932ms)
  step 1/295: loss=0.503361 (925ms)
  step 2/295: loss=0.504263 (955ms)
  step 100/295: loss=0.502952 (947ms)
  step 200/295: loss=0.503387 (927ms)
Epoch 72/80: loss=0.504724 lr=0.000033 (280708ms)
  step 0/295: loss=0.503438 (913ms)
  step 1/295: loss=0.502669 (935ms)
  step 2/295: loss=0.502923 (944ms)
  step 100/295: loss=0.504640 (938ms)
  step 200/295: loss=0.501718 (927ms)
Epoch 73/80: loss=0.504161 lr=0.000026 (280632ms)
  step 0/295: loss=0.504112 (947ms)
  step 1/295: loss=0.503737 (922ms)
  step 2/295: loss=0.501690 (930ms)
  step 100/295: loss=0.503368 (940ms)
  step 200/295: loss=0.502307 (930ms)
Epoch 74/80: loss=0.503889 lr=0.000020 (280641ms)
  step 0/295: loss=0.502170 (951ms)
  step 1/295: loss=0.504692 (952ms)
  step 2/295: loss=0.502276 (947ms)
  step 100/295: loss=0.501821 (936ms)
  step 200/295: loss=0.502344 (939ms)
Epoch 75/80: loss=0.504242 lr=0.000015 (279691ms)
  step 0/295: loss=0.507092 (951ms)
  step 1/295: loss=0.502515 (921ms)
  step 2/295: loss=0.502911 (945ms)
  step 100/295: loss=0.504921 (951ms)
  step 200/295: loss=0.501605 (932ms)
Epoch 76/80: loss=0.503593 lr=0.000010 (280724ms)
  step 0/295: loss=0.501818 (949ms)
  step 1/295: loss=0.503552 (922ms)
  step 2/295: loss=0.502240 (929ms)
  step 100/295: loss=0.503809 (938ms)
  step 200/295: loss=0.501970 (934ms)
Epoch 77/80: loss=0.503513 lr=0.000007 (280660ms)
  step 0/295: loss=0.503390 (928ms)
  step 1/295: loss=0.503028 (947ms)
  step 2/295: loss=0.502864 (944ms)
  step 100/295: loss=0.502005 (929ms)
  step 200/295: loss=0.503538 (935ms)
Epoch 78/80: loss=0.503402 lr=0.000004 (282066ms)
  step 0/295: loss=0.502020 (937ms)
  step 1/295: loss=0.502712 (941ms)
  step 2/295: loss=0.502371 (940ms)
  step 100/295: loss=0.501662 (950ms)
  step 200/295: loss=0.502172 (939ms)
Epoch 79/80: loss=0.503326 lr=0.000002 (282433ms)
  step 0/295: loss=0.502573 (933ms)
  step 1/295: loss=0.501942 (948ms)
  step 2/295: loss=0.502905 (942ms)
  step 100/295: loss=0.502552 (928ms)
  step 200/295: loss=0.502725 (947ms)
Epoch 80/80: loss=0.503827 lr=0.000000 (281927ms)
  val accuracy (running BN): 3419/3904 = 87.576844%
Saved params + BN stats.
