EfficientNet V2-S: 38177682 params
Generating train step MLIR...
  2037891 chars
Compiling vmfbs...
  forward compiled
  eval forward compiled
  train step compiled
  session loaded
  train: 9469 images (256×256)
  38177682 params + m + v (436 MB)
training: 295 batches/epoch, batch=32, Adam, lr=0.001000, cosine, wd=1e-4
  BN layers: 110, BN stat floats: 153872
  step 0/295: loss=2.455905 (1973ms)
  step 1/295: loss=2.670711 (2099ms)
  step 2/295: loss=2.919864 (1883ms)
  step 100/295: loss=2.289105 (1861ms)
  step 200/295: loss=1.758623 (1838ms)
Epoch 1/80: loss=1.970274 lr=0.000333 (545030ms)
  step 0/295: loss=1.685474 (1824ms)
  step 1/295: loss=1.536013 (1837ms)
  step 2/295: loss=1.513538 (1825ms)
  step 100/295: loss=1.727029 (1817ms)
  step 200/295: loss=1.387336 (1806ms)
Epoch 2/80: loss=1.645954 lr=0.000667 (544682ms)
  step 0/295: loss=1.549019 (1788ms)
  step 1/295: loss=2.166124 (1866ms)
  step 2/295: loss=1.622172 (1830ms)
  step 100/295: loss=1.514148 (1801ms)
  step 200/295: loss=1.083607 (1808ms)
Epoch 3/80: loss=1.474700 lr=0.001000 (543844ms)
  step 0/295: loss=1.592285 (1847ms)
  step 1/295: loss=1.047517 (1845ms)
  step 2/295: loss=1.225563 (1802ms)
  step 100/295: loss=1.379905 (1836ms)
  step 200/295: loss=1.485361 (1765ms)
Epoch 4/80: loss=1.338560 lr=0.001000 (544210ms)
  step 0/295: loss=1.135215 (1755ms)
  step 1/295: loss=1.476395 (1753ms)
  step 2/295: loss=1.053545 (1837ms)
  step 100/295: loss=1.422620 (1840ms)
  step 200/295: loss=1.408849 (1820ms)
Epoch 5/80: loss=1.216736 lr=0.001000 (545282ms)
  step 0/295: loss=1.069366 (1790ms)
  step 1/295: loss=1.044124 (1764ms)
  step 2/295: loss=1.233204 (1774ms)
  step 100/295: loss=1.239041 (1837ms)
  step 200/295: loss=1.212154 (1761ms)
Epoch 6/80: loss=1.145678 lr=0.000998 (544399ms)
  step 0/295: loss=1.059600 (1820ms)
  step 1/295: loss=1.114160 (1817ms)
  step 2/295: loss=1.301790 (1825ms)
  step 100/295: loss=1.165736 (1808ms)
  step 200/295: loss=0.842833 (1829ms)
Epoch 7/80: loss=1.103745 lr=0.000996 (544092ms)
  step 0/295: loss=0.949106 (1806ms)
  step 1/295: loss=1.214756 (1797ms)
  step 2/295: loss=1.294442 (1815ms)
  step 100/295: loss=1.061016 (1840ms)
  step 200/295: loss=1.026820 (1843ms)
Epoch 8/80: loss=1.056505 lr=0.000993 (544660ms)
  step 0/295: loss=0.926080 (1808ms)
  step 1/295: loss=1.002285 (1806ms)
  step 2/295: loss=1.057531 (1789ms)
  step 100/295: loss=0.852410 (1763ms)
  step 200/295: loss=1.022589 (1797ms)
Epoch 9/80: loss=1.027780 lr=0.000990 (544333ms)
  step 0/295: loss=0.867026 (1778ms)
  step 1/295: loss=0.764644 (1785ms)
  step 2/295: loss=0.763142 (1814ms)
  step 100/295: loss=1.111707 (1728ms)
  step 200/295: loss=0.971027 (1799ms)
Epoch 10/80: loss=1.004627 lr=0.000985 (544490ms)
  val accuracy (running BN): 2959/3904 = 75.794057%
  step 0/295: loss=0.959003 (1800ms)
  step 1/295: loss=0.756668 (1788ms)
  step 2/295: loss=0.855057 (1802ms)
  step 100/295: loss=1.282851 (1813ms)
  step 200/295: loss=1.136582 (1809ms)
Epoch 11/80: loss=0.990960 lr=0.000980 (544154ms)
  step 0/295: loss=1.101599 (1791ms)
  step 1/295: loss=0.756866 (1815ms)
  step 2/295: loss=0.701475 (1749ms)
  step 100/295: loss=0.824757 (1820ms)
  step 200/295: loss=0.767892 (1819ms)
Epoch 12/80: loss=0.960662 lr=0.000974 (544327ms)
  step 0/295: loss=1.143191 (1803ms)
  step 1/295: loss=0.929084 (1770ms)
  step 2/295: loss=1.197893 (1795ms)
  step 100/295: loss=0.854165 (1838ms)
  step 200/295: loss=0.903851 (1803ms)
Epoch 13/80: loss=0.917317 lr=0.000967 (543655ms)
  step 0/295: loss=0.730962 (1839ms)
  step 1/295: loss=0.811835 (1820ms)
  step 2/295: loss=0.782193 (1778ms)
  step 100/295: loss=0.856872 (1790ms)
  step 200/295: loss=0.788292 (1783ms)
Epoch 14/80: loss=0.894474 lr=0.000959 (544390ms)
  step 0/295: loss=0.925165 (1796ms)
  step 1/295: loss=1.007734 (1785ms)
  step 2/295: loss=0.763913 (1792ms)
  step 100/295: loss=0.858547 (1793ms)
  step 200/295: loss=0.689114 (1834ms)
Epoch 15/80: loss=0.865385 lr=0.000950 (543587ms)
  step 0/295: loss=1.166049 (1788ms)
  step 1/295: loss=0.855515 (1844ms)
  step 2/295: loss=0.770111 (1811ms)
  step 100/295: loss=0.812012 (1821ms)
  step 200/295: loss=0.700565 (1809ms)
Epoch 16/80: loss=0.863722 lr=0.000941 (544291ms)
  step 0/295: loss=0.890689 (1768ms)
  step 1/295: loss=1.101307 (1795ms)
  step 2/295: loss=0.861604 (1783ms)
  step 100/295: loss=0.629479 (1763ms)
  step 200/295: loss=0.946481 (1825ms)
Epoch 17/80: loss=0.826872 lr=0.000931 (543566ms)
  step 0/295: loss=0.741726 (1778ms)
  step 1/295: loss=0.680984 (1801ms)
  step 2/295: loss=0.791300 (1817ms)
  step 100/295: loss=0.758203 (1778ms)
  step 200/295: loss=0.868232 (1793ms)
Epoch 18/80: loss=0.805036 lr=0.000921 (544090ms)
  step 0/295: loss=0.825719 (1761ms)
  step 1/295: loss=0.607497 (1789ms)
  step 2/295: loss=0.756381 (1818ms)
  step 100/295: loss=0.688617 (1834ms)
  step 200/295: loss=0.833132 (1793ms)
Epoch 19/80: loss=0.798342 lr=0.000909 (544040ms)
  step 0/295: loss=0.871773 (1781ms)
  step 1/295: loss=0.811268 (1832ms)
  step 2/295: loss=0.756798 (1777ms)
  step 100/295: loss=0.775203 (1793ms)
  step 200/295: loss=0.637763 (1793ms)
Epoch 20/80: loss=0.776242 lr=0.000897 (544289ms)
  val accuracy (running BN): 3236/3904 = 82.889344%
  step 0/295: loss=0.755101 (1802ms)
  step 1/295: loss=0.629745 (1825ms)
  step 2/295: loss=0.607695 (1817ms)
  step 100/295: loss=0.656988 (1798ms)
  step 200/295: loss=0.765587 (1841ms)
Epoch 21/80: loss=0.769534 lr=0.000884 (546062ms)
  step 0/295: loss=0.659007 (1824ms)
  step 1/295: loss=0.705863 (1786ms)
  step 2/295: loss=0.843566 (1815ms)
  step 100/295: loss=0.928759 (1815ms)
  step 200/295: loss=0.743317 (1796ms)
Epoch 22/80: loss=0.746710 lr=0.000871 (543693ms)
  step 0/295: loss=0.790855 (1843ms)
  step 1/295: loss=0.650751 (1785ms)
  step 2/295: loss=0.622337 (1802ms)
  step 100/295: loss=0.801850 (1825ms)
  step 200/295: loss=0.737950 (1845ms)
Epoch 23/80: loss=0.726793 lr=0.000857 (543045ms)
  step 0/295: loss=0.813394 (1745ms)
  step 1/295: loss=0.796614 (1792ms)
  step 2/295: loss=0.592701 (1790ms)
  step 100/295: loss=0.858726 (1825ms)
  step 200/295: loss=0.738113 (1776ms)
Epoch 24/80: loss=0.725639 lr=0.000843 (544456ms)
  step 0/295: loss=0.696918 (1827ms)
  step 1/295: loss=0.716444 (1802ms)
  step 2/295: loss=0.640610 (1773ms)
  step 100/295: loss=0.712708 (1826ms)
  step 200/295: loss=0.625670 (1744ms)
Epoch 25/80: loss=0.704196 lr=0.000827 (543500ms)
  step 0/295: loss=0.655351 (1795ms)
  step 1/295: loss=0.583178 (1807ms)
  step 2/295: loss=0.587323 (1803ms)
  step 100/295: loss=0.622905 (1797ms)
  step 200/295: loss=0.877244 (1787ms)
Epoch 26/80: loss=0.675628 lr=0.000812 (543324ms)
  step 0/295: loss=0.679162 (1799ms)
  step 1/295: loss=0.699651 (1809ms)
  step 2/295: loss=0.573713 (1852ms)
  step 100/295: loss=0.566692 (1811ms)
  step 200/295: loss=0.706753 (1779ms)
Epoch 27/80: loss=0.697974 lr=0.000796 (544148ms)
  step 0/295: loss=0.606766 (1776ms)
  step 1/295: loss=0.660642 (1821ms)
  step 2/295: loss=0.671951 (1771ms)
  step 100/295: loss=0.542382 (1807ms)
  step 200/295: loss=0.753496 (1817ms)
Epoch 28/80: loss=0.661878 lr=0.000779 (543847ms)
  step 0/295: loss=0.663549 (1791ms)
  step 1/295: loss=0.565834 (1814ms)
  step 2/295: loss=0.611467 (1798ms)
  step 100/295: loss=0.784717 (1799ms)
  step 200/295: loss=0.561412 (1798ms)
Epoch 29/80: loss=0.657654 lr=0.000762 (543729ms)
  step 0/295: loss=0.636985 (1833ms)
  step 1/295: loss=0.706227 (1810ms)
  step 2/295: loss=0.622623 (1781ms)
  step 100/295: loss=0.634729 (1749ms)
  step 200/295: loss=0.704685 (1828ms)
Epoch 30/80: loss=0.655047 lr=0.000744 (544732ms)
  val accuracy (running BN): 3350/3904 = 85.809426%
  step 0/295: loss=0.636625 (1827ms)
  step 1/295: loss=0.643892 (1783ms)
  step 2/295: loss=0.628284 (1825ms)
  step 100/295: loss=0.731207 (1812ms)
  step 200/295: loss=0.672946 (1835ms)
Epoch 31/80: loss=0.639680 lr=0.000726 (543705ms)
  step 0/295: loss=0.535185 (1810ms)
  step 1/295: loss=0.614368 (1766ms)
  step 2/295: loss=0.519366 (1858ms)
  step 100/295: loss=0.547891 (1796ms)
  step 200/295: loss=0.558731 (1782ms)
Epoch 32/80: loss=0.621346 lr=0.000708 (542517ms)
  step 0/295: loss=0.560836 (1765ms)
  step 1/295: loss=0.657989 (1777ms)
  step 2/295: loss=0.521530 (1796ms)
  step 100/295: loss=0.554661 (1833ms)
  step 200/295: loss=0.703477 (1844ms)
Epoch 33/80: loss=0.617180 lr=0.000689 (542426ms)
  step 0/295: loss=0.530643 (1796ms)
  step 1/295: loss=0.642931 (1790ms)
  step 2/295: loss=0.561238 (1804ms)
  step 100/295: loss=0.566014 (1801ms)
  step 200/295: loss=0.611916 (1772ms)
Epoch 34/80: loss=0.602520 lr=0.000670 (543157ms)
  step 0/295: loss=0.546376 (1827ms)
  step 1/295: loss=0.570036 (1818ms)
  step 2/295: loss=0.572046 (1762ms)
  step 100/295: loss=0.556165 (1770ms)
  step 200/295: loss=0.542747 (1783ms)
Epoch 35/80: loss=0.592360 lr=0.000651 (543336ms)
  step 0/295: loss=0.547983 (1776ms)
  step 1/295: loss=0.653951 (1827ms)
  step 2/295: loss=0.541691 (1796ms)
  step 100/295: loss=0.534964 (1826ms)
  step 200/295: loss=0.578540 (1819ms)
Epoch 36/80: loss=0.584770 lr=0.000631 (543954ms)
  step 0/295: loss=0.575944 (1823ms)
  step 1/295: loss=0.568975 (1844ms)
  step 2/295: loss=0.547000 (1766ms)
  step 100/295: loss=0.601886 (1847ms)
  step 200/295: loss=0.564575 (1763ms)
Epoch 37/80: loss=0.589600 lr=0.000611 (544130ms)
  step 0/295: loss=0.520283 (1791ms)
  step 1/295: loss=0.516098 (1819ms)
  step 2/295: loss=0.596415 (1842ms)
  step 100/295: loss=0.550969 (1780ms)
  step 200/295: loss=0.659387 (1855ms)
Epoch 38/80: loss=0.581349 lr=0.000591 (544525ms)
  step 0/295: loss=0.530034 (1812ms)
  step 1/295: loss=0.517047 (1777ms)
  step 2/295: loss=0.541670 (1813ms)
  step 100/295: loss=0.524908 (1798ms)
  step 200/295: loss=0.732524 (1837ms)
Epoch 39/80: loss=0.577356 lr=0.000571 (545158ms)
  step 0/295: loss=0.539508 (1836ms)
  step 1/295: loss=0.563940 (1804ms)
  step 2/295: loss=0.564597 (1809ms)
  step 100/295: loss=0.568672 (1804ms)
  step 200/295: loss=0.539126 (1794ms)
Epoch 40/80: loss=0.568187 lr=0.000551 (544327ms)
  val accuracy (running BN): 3378/3904 = 86.526639%
  step 0/295: loss=0.559534 (1802ms)
  step 1/295: loss=0.515671 (1809ms)
  step 2/295: loss=0.531721 (1816ms)
  step 100/295: loss=0.518353 (1839ms)
  step 200/295: loss=0.520383 (1805ms)
Epoch 41/80: loss=0.559665 lr=0.000531 (545351ms)
  step 0/295: loss=0.515531 (1780ms)
  step 1/295: loss=0.513544 (1860ms)
  step 2/295: loss=0.537189 (1774ms)
  step 100/295: loss=0.513293 (1789ms)
  step 200/295: loss=0.513109 (1802ms)
Epoch 42/80: loss=0.558491 lr=0.000510 (543869ms)
  step 0/295: loss=0.612854 (1779ms)
  step 1/295: loss=0.517788 (1855ms)
  step 2/295: loss=0.526637 (1815ms)
  step 100/295: loss=0.515807 (1823ms)
  step 200/295: loss=0.526618 (1853ms)
Epoch 43/80: loss=0.544286 lr=0.000490 (544410ms)
  step 0/295: loss=0.646106 (1826ms)
  step 1/295: loss=0.529240 (1846ms)
  step 2/295: loss=0.735298 (1830ms)
  step 100/295: loss=0.547735 (1810ms)
  step 200/295: loss=0.531256 (1826ms)
Epoch 44/80: loss=0.554721 lr=0.000469 (544064ms)
  step 0/295: loss=0.514850 (1811ms)
  step 1/295: loss=0.511454 (1761ms)
  step 2/295: loss=0.539826 (1715ms)
  step 100/295: loss=0.546975 (1800ms)
  step 200/295: loss=0.527734 (1779ms)
Epoch 45/80: loss=0.544883 lr=0.000449 (543495ms)
  step 0/295: loss=0.522575 (1841ms)
  step 1/295: loss=0.550632 (1810ms)
  step 2/295: loss=0.533294 (1810ms)
  step 100/295: loss=0.540419 (1797ms)
  step 200/295: loss=0.606619 (1828ms)
Epoch 46/80: loss=0.544858 lr=0.000429 (543887ms)
  step 0/295: loss=0.545390 (1774ms)
  step 1/295: loss=0.509778 (1788ms)
  step 2/295: loss=0.540978 (1810ms)
  step 100/295: loss=0.558305 (1811ms)
  step 200/295: loss=0.505065 (1802ms)
Epoch 47/80: loss=0.536892 lr=0.000409 (543671ms)
  step 0/295: loss=0.603306 (1764ms)
  step 1/295: loss=0.530400 (1819ms)
  step 2/295: loss=0.524223 (1824ms)
  step 100/295: loss=0.507187 (1764ms)
  step 200/295: loss=0.566407 (1780ms)
Epoch 48/80: loss=0.531690 lr=0.000389 (543059ms)
  step 0/295: loss=0.507185 (1802ms)
  step 1/295: loss=0.665771 (1798ms)
  step 2/295: loss=0.505812 (1809ms)
  step 100/295: loss=0.511367 (1790ms)
  step 200/295: loss=0.506342 (1829ms)
Epoch 49/80: loss=0.533946 lr=0.000369 (543624ms)
  step 0/295: loss=0.563282 (1812ms)
  step 1/295: loss=0.615383 (1825ms)
  step 2/295: loss=0.585395 (1846ms)
  step 100/295: loss=0.508139 (1794ms)
  step 200/295: loss=0.504129 (1804ms)
Epoch 50/80: loss=0.527484 lr=0.000349 (544341ms)
  val accuracy (running BN): 3410/3904 = 87.346311%
  step 0/295: loss=0.517520 (1827ms)
  step 1/295: loss=0.504292 (1850ms)
  step 2/295: loss=0.508113 (1787ms)
  step 100/295: loss=0.504481 (1819ms)
  step 200/295: loss=0.552273 (1803ms)
Epoch 51/80: loss=0.525840 lr=0.000330 (544215ms)
  step 0/295: loss=0.505781 (1826ms)
  step 1/295: loss=0.536077 (1851ms)
  step 2/295: loss=0.534733 (1823ms)
  step 100/295: loss=0.505757 (1790ms)
  step 200/295: loss=0.503504 (1844ms)
Epoch 52/80: loss=0.527687 lr=0.000311 (543956ms)
  step 0/295: loss=0.503758 (1839ms)
  step 1/295: loss=0.597778 (1779ms)
  step 2/295: loss=0.577929 (1806ms)
  step 100/295: loss=0.574976 (1820ms)
  step 200/295: loss=0.525373 (1813ms)
Epoch 53/80: loss=0.521400 lr=0.000292 (543734ms)
  step 0/295: loss=0.508864 (1835ms)
  step 1/295: loss=0.505766 (1786ms)
  step 2/295: loss=0.504951 (1822ms)
  step 100/295: loss=0.504250 (1827ms)
  step 200/295: loss=0.521360 (1829ms)
Epoch 54/80: loss=0.522981 lr=0.000274 (543651ms)
  step 0/295: loss=0.513769 (1773ms)
  step 1/295: loss=0.560475 (1831ms)
  step 2/295: loss=0.505033 (1825ms)
  step 100/295: loss=0.541100 (1766ms)
  step 200/295: loss=0.503145 (1769ms)
Epoch 55/80: loss=0.516891 lr=0.000256 (543510ms)
  step 0/295: loss=0.514852 (1797ms)
  step 1/295: loss=0.519687 (1819ms)
  step 2/295: loss=0.503515 (1829ms)
  step 100/295: loss=0.505299 (1804ms)
  step 200/295: loss=0.505339 (1807ms)
Epoch 56/80: loss=0.517803 lr=0.000238 (542633ms)
  step 0/295: loss=0.502445 (1826ms)
  step 1/295: loss=0.506398 (1818ms)
  step 2/295: loss=0.505654 (1780ms)
  step 100/295: loss=0.504235 (1817ms)
  step 200/295: loss=0.507202 (1822ms)
Epoch 57/80: loss=0.516255 lr=0.000221 (544514ms)
  step 0/295: loss=0.548433 (1820ms)
  step 1/295: loss=0.504258 (1799ms)
  step 2/295: loss=0.503710 (1847ms)
  step 100/295: loss=0.504009 (1813ms)
  step 200/295: loss=0.503143 (1821ms)
Epoch 58/80: loss=0.516268 lr=0.000204 (544669ms)
  step 0/295: loss=0.536897 (1792ms)
  step 1/295: loss=0.534330 (1769ms)
  step 2/295: loss=0.506690 (1802ms)
  step 100/295: loss=0.504269 (1809ms)
  step 200/295: loss=0.505979 (1801ms)
Epoch 59/80: loss=0.510874 lr=0.000188 (542977ms)
  step 0/295: loss=0.503324 (1801ms)
  step 1/295: loss=0.510474 (1824ms)
  step 2/295: loss=0.573864 (1817ms)
  step 100/295: loss=0.503364 (1796ms)
  step 200/295: loss=0.501683 (1806ms)
Epoch 60/80: loss=0.508800 lr=0.000173 (543929ms)
  val accuracy (running BN): 3435/3904 = 87.986680%
  step 0/295: loss=0.527665 (1764ms)
  step 1/295: loss=0.501761 (1832ms)
  step 2/295: loss=0.502002 (1838ms)
  step 100/295: loss=0.503042 (1751ms)
  step 200/295: loss=0.502285 (1779ms)
Epoch 61/80: loss=0.511460 lr=0.000157 (543199ms)
  step 0/295: loss=0.502924 (1833ms)
  step 1/295: loss=0.502265 (1750ms)
  step 2/295: loss=0.504864 (1791ms)
  step 100/295: loss=0.501903 (1834ms)
  step 200/295: loss=0.505914 (1758ms)
Epoch 62/80: loss=0.508946 lr=0.000143 (543700ms)
  step 0/295: loss=0.501720 (1833ms)
  step 1/295: loss=0.502805 (1801ms)
  step 2/295: loss=0.502163 (1782ms)
  step 100/295: loss=0.502750 (1801ms)
  step 200/295: loss=0.503310 (1816ms)
Epoch 63/80: loss=0.509384 lr=0.000129 (542735ms)
  step 0/295: loss=0.503008 (1801ms)
  step 1/295: loss=0.502794 (1822ms)
  step 2/295: loss=0.502478 (1792ms)
  step 100/295: loss=0.503578 (1821ms)
  step 200/295: loss=0.502055 (1820ms)
Epoch 64/80: loss=0.506650 lr=0.000116 (543382ms)
  step 0/295: loss=0.502444 (1789ms)
  step 1/295: loss=0.501838 (1830ms)
  step 2/295: loss=0.501757 (1808ms)
  step 100/295: loss=0.502542 (1755ms)
  step 200/295: loss=0.502723 (1770ms)
Epoch 65/80: loss=0.506536 lr=0.000103 (542799ms)
  step 0/295: loss=0.510390 (1787ms)
  step 1/295: loss=0.501466 (1759ms)
  step 2/295: loss=0.500989 (1839ms)
  step 100/295: loss=0.501796 (1758ms)
  step 200/295: loss=0.502586 (1795ms)
Epoch 66/80: loss=0.505968 lr=0.000091 (543296ms)
  step 0/295: loss=0.501703 (1829ms)
  step 1/295: loss=0.506279 (1809ms)
  step 2/295: loss=0.501555 (1830ms)
  step 100/295: loss=0.504058 (1811ms)
  step 200/295: loss=0.514503 (1788ms)
Epoch 67/80: loss=0.506235 lr=0.000079 (544261ms)
  step 0/295: loss=0.501524 (1815ms)
  step 1/295: loss=0.501348 (1822ms)
  step 2/295: loss=0.501626 (1836ms)
  step 100/295: loss=0.502768 (1776ms)
  step 200/295: loss=0.503586 (1841ms)
Epoch 68/80: loss=0.504316 lr=0.000069 (543619ms)
  step 0/295: loss=0.501618 (1813ms)
  step 1/295: loss=0.501622 (1818ms)
  step 2/295: loss=0.501333 (1794ms)
  step 100/295: loss=0.501047 (1821ms)
  step 200/295: loss=0.501520 (1831ms)
Epoch 69/80: loss=0.504284 lr=0.000059 (543446ms)
  step 0/295: loss=0.502304 (1817ms)
  step 1/295: loss=0.501131 (1792ms)
  step 2/295: loss=0.501390 (1820ms)
  step 100/295: loss=0.506684 (1801ms)
  step 200/295: loss=0.501698 (1799ms)
Epoch 70/80: loss=0.503313 lr=0.000050 (543153ms)
  val accuracy (running BN): 3448/3904 = 88.319672%
  step 0/295: loss=0.501058 (1762ms)
  step 1/295: loss=0.501554 (1743ms)
  step 2/295: loss=0.504120 (1769ms)
  step 100/295: loss=0.502891 (1802ms)
  step 200/295: loss=0.500983 (1807ms)
Epoch 71/80: loss=0.503715 lr=0.000041 (542948ms)
  step 0/295: loss=0.501370 (1818ms)
  step 1/295: loss=0.501984 (1766ms)
  step 2/295: loss=0.501730 (1736ms)
  step 100/295: loss=0.501846 (1833ms)
  step 200/295: loss=0.603934 (1821ms)
Epoch 72/80: loss=0.503813 lr=0.000033 (543960ms)
  step 0/295: loss=0.501537 (1772ms)
  step 1/295: loss=0.502341 (1775ms)
  step 2/295: loss=0.504881 (1826ms)
  step 100/295: loss=0.501823 (1760ms)
  step 200/295: loss=0.501243 (1781ms)
Epoch 73/80: loss=0.503419 lr=0.000026 (543368ms)
  step 0/295: loss=0.503088 (1810ms)
  step 1/295: loss=0.501370 (1802ms)
  step 2/295: loss=0.500835 (1802ms)
  step 100/295: loss=0.501233 (1806ms)
  step 200/295: loss=0.501117 (1800ms)
Epoch 74/80: loss=0.502906 lr=0.000020 (542171ms)
  step 0/295: loss=0.501717 (1806ms)
  step 1/295: loss=0.501265 (1773ms)
  step 2/295: loss=0.500936 (1800ms)
  step 100/295: loss=0.501267 (1804ms)
  step 200/295: loss=0.500888 (1794ms)
Epoch 75/80: loss=0.504605 lr=0.000015 (544077ms)
  step 0/295: loss=0.500859 (1812ms)
  step 1/295: loss=0.501350 (1818ms)
  step 2/295: loss=0.501209 (1836ms)
  step 100/295: loss=0.502397 (1821ms)
  step 200/295: loss=0.500712 (1825ms)
Epoch 76/80: loss=0.502777 lr=0.000010 (543159ms)
  step 0/295: loss=0.501080 (1788ms)
  step 1/295: loss=0.526485 (1763ms)
  step 2/295: loss=0.501311 (1788ms)
  step 100/295: loss=0.501662 (1820ms)
  step 200/295: loss=0.501466 (1785ms)
Epoch 77/80: loss=0.502433 lr=0.000007 (542632ms)
  step 0/295: loss=0.501068 (1829ms)
  step 1/295: loss=0.502622 (1804ms)
  step 2/295: loss=0.503320 (1816ms)
  step 100/295: loss=0.501125 (1812ms)
  step 200/295: loss=0.501554 (1791ms)
Epoch 78/80: loss=0.502384 lr=0.000004 (543583ms)
  step 0/295: loss=0.500855 (1764ms)
  step 1/295: loss=0.501485 (1787ms)
  step 2/295: loss=0.501068 (1776ms)
  step 100/295: loss=0.501082 (1793ms)
  step 200/295: loss=0.500956 (1830ms)
Epoch 79/80: loss=0.502439 lr=0.000002 (542805ms)
  step 0/295: loss=0.501305 (1851ms)
  step 1/295: loss=0.501017 (1789ms)
  step 2/295: loss=0.501425 (1812ms)
  step 100/295: loss=0.501441 (1798ms)
  step 200/295: loss=0.503884 (1785ms)
Epoch 80/80: loss=0.502400 lr=0.000000 (543403ms)
  val accuracy (running BN): 3455/3904 = 88.498975%
Saved params + BN stats.
