MobileNet-v2: 2236682 params
Generating train step MLIR...
  741020 chars
Compiling vmfbs...
  forward compiled
  eval forward (fixed BN) compiled
  compiled
  session loaded
  train: 9469 images (256×256)
  2236682 params + m + v (25 MB)
training: 295 batches/epoch, batch=32, Adam, lr=0.001000, cosine, label_smooth=0.1, wd=1e-4
  BN layers: 52, BN stat floats: 34112
  step 0/295: loss=2.327938 (832ms)
  step 1/295: loss=2.544887 (820ms)
  step 2/295: loss=2.396976 (827ms)
  step 100/295: loss=2.116251 (823ms)
  step 200/295: loss=1.865980 (806ms)
Epoch 1/80: loss=1.968284 lr=0.000333 (243839ms)
  step 0/295: loss=1.823185 (809ms)
  step 1/295: loss=1.688382 (822ms)
  step 2/295: loss=1.708603 (818ms)
  step 100/295: loss=1.605993 (820ms)
  step 200/295: loss=1.561492 (813ms)
Epoch 2/80: loss=1.763015 lr=0.000667 (244110ms)
  step 0/295: loss=1.655422 (815ms)
  step 1/295: loss=2.134166 (815ms)
  step 2/295: loss=1.430128 (822ms)
  step 100/295: loss=1.453746 (818ms)
  step 200/295: loss=1.456437 (819ms)
Epoch 3/80: loss=1.616404 lr=0.001000 (243863ms)
  step 0/295: loss=1.578721 (834ms)
  step 1/295: loss=1.396821 (819ms)
  step 2/295: loss=1.498690 (821ms)
  step 100/295: loss=1.619146 (822ms)
  step 200/295: loss=1.366796 (809ms)
Epoch 4/80: loss=1.465669 lr=0.001000 (243958ms)
  step 0/295: loss=1.350494 (807ms)
  step 1/295: loss=1.590383 (815ms)
  step 2/295: loss=1.450904 (813ms)
  step 100/295: loss=1.436029 (817ms)
  step 200/295: loss=1.329422 (814ms)
Epoch 5/80: loss=1.368146 lr=0.001000 (243996ms)
  step 0/295: loss=1.253101 (807ms)
  step 1/295: loss=1.241222 (807ms)
  step 2/295: loss=1.286746 (813ms)
  step 100/295: loss=1.256745 (812ms)
  step 200/295: loss=1.612585 (802ms)
Epoch 6/80: loss=1.268510 lr=0.000998 (244038ms)
  step 0/295: loss=1.257727 (814ms)
  step 1/295: loss=1.281388 (809ms)
  step 2/295: loss=1.229592 (819ms)
  step 100/295: loss=1.376683 (828ms)
  step 200/295: loss=1.220011 (810ms)
Epoch 7/80: loss=1.229855 lr=0.000996 (244325ms)
  step 0/295: loss=1.085949 (829ms)
  step 1/295: loss=1.222721 (807ms)
  step 2/295: loss=1.411240 (820ms)
  step 100/295: loss=1.258682 (808ms)
  step 200/295: loss=1.209124 (814ms)
Epoch 8/80: loss=1.171501 lr=0.000993 (244249ms)
  step 0/295: loss=1.105074 (802ms)
  step 1/295: loss=1.029646 (822ms)
  step 2/295: loss=1.204830 (830ms)
  step 100/295: loss=1.033978 (815ms)
  step 200/295: loss=1.170491 (835ms)
Epoch 9/80: loss=1.143901 lr=0.000990 (243984ms)
  step 0/295: loss=1.087145 (798ms)
  step 1/295: loss=0.872479 (806ms)
  step 2/295: loss=0.875409 (805ms)
  step 100/295: loss=1.284885 (797ms)
  step 200/295: loss=0.911090 (796ms)
Epoch 10/80: loss=1.100364 lr=0.000985 (244079ms)
  val accuracy (running BN): 2929/3904 = 75.025615%
  step 0/295: loss=1.089453 (812ms)
  step 1/295: loss=0.960137 (825ms)
  step 2/295: loss=0.990462 (822ms)
  step 100/295: loss=1.379412 (826ms)
  step 200/295: loss=0.997002 (821ms)
Epoch 11/80: loss=1.071111 lr=0.000980 (243897ms)
  step 0/295: loss=1.236817 (813ms)
  step 1/295: loss=0.848636 (812ms)
  step 2/295: loss=0.823544 (818ms)
  step 100/295: loss=0.931572 (825ms)
  step 200/295: loss=1.132393 (813ms)
Epoch 12/80: loss=1.034875 lr=0.000974 (243913ms)
  step 0/295: loss=1.169397 (820ms)
  step 1/295: loss=0.984414 (819ms)
  step 2/295: loss=1.154843 (809ms)
  step 100/295: loss=1.154882 (807ms)
  step 200/295: loss=1.110138 (836ms)
Epoch 13/80: loss=1.014136 lr=0.000967 (244122ms)
  step 0/295: loss=0.811466 (825ms)
  step 1/295: loss=0.914153 (810ms)
  step 2/295: loss=0.890784 (829ms)
  step 100/295: loss=0.897116 (807ms)
  step 200/295: loss=0.877583 (811ms)
Epoch 14/80: loss=0.991742 lr=0.000959 (244393ms)
  step 0/295: loss=1.137043 (821ms)
  step 1/295: loss=1.025343 (813ms)
  step 2/295: loss=0.835066 (809ms)
  step 100/295: loss=0.913419 (815ms)
  step 200/295: loss=0.697324 (829ms)
Epoch 15/80: loss=0.968436 lr=0.000950 (244131ms)
  step 0/295: loss=1.150242 (828ms)
  step 1/295: loss=0.933119 (822ms)
  step 2/295: loss=0.816069 (801ms)
  step 100/295: loss=0.831276 (812ms)
  step 200/295: loss=0.733089 (810ms)
Epoch 16/80: loss=0.940445 lr=0.000941 (244175ms)
  step 0/295: loss=0.838988 (827ms)
  step 1/295: loss=0.944146 (805ms)
  step 2/295: loss=0.858836 (818ms)
  step 100/295: loss=0.821057 (824ms)
  step 200/295: loss=0.944497 (811ms)
Epoch 17/80: loss=0.925558 lr=0.000931 (244303ms)
  step 0/295: loss=0.818881 (825ms)
  step 1/295: loss=0.778899 (825ms)
  step 2/295: loss=0.901854 (807ms)
  step 100/295: loss=0.854028 (818ms)
  step 200/295: loss=0.879678 (794ms)
Epoch 18/80: loss=0.903778 lr=0.000921 (244359ms)
  step 0/295: loss=0.908563 (815ms)
  step 1/295: loss=0.636289 (814ms)
  step 2/295: loss=0.906790 (822ms)
  step 100/295: loss=0.737099 (798ms)
  step 200/295: loss=1.097255 (817ms)
Epoch 19/80: loss=0.885918 lr=0.000909 (244219ms)
  step 0/295: loss=0.868609 (824ms)
  step 1/295: loss=0.961325 (819ms)
  step 2/295: loss=0.984824 (825ms)
  step 100/295: loss=0.900802 (821ms)
  step 200/295: loss=0.773378 (821ms)
Epoch 20/80: loss=0.857799 lr=0.000897 (244202ms)
  val accuracy (running BN): 3084/3904 = 78.995902%
  step 0/295: loss=0.807117 (808ms)
  step 1/295: loss=0.764033 (813ms)
  step 2/295: loss=0.755774 (826ms)
  step 100/295: loss=0.777387 (821ms)
  step 200/295: loss=0.720790 (822ms)
Epoch 21/80: loss=0.855410 lr=0.000884 (244187ms)
  step 0/295: loss=0.795748 (812ms)
  step 1/295: loss=1.000020 (809ms)
  step 2/295: loss=0.877635 (834ms)
  step 100/295: loss=0.950296 (822ms)
  step 200/295: loss=0.828482 (832ms)
Epoch 22/80: loss=0.826429 lr=0.000871 (244226ms)
  step 0/295: loss=0.976656 (825ms)
  step 1/295: loss=0.674456 (821ms)
  step 2/295: loss=0.684480 (810ms)
  step 100/295: loss=0.859998 (824ms)
  step 200/295: loss=0.866200 (821ms)
Epoch 23/80: loss=0.813827 lr=0.000857 (244227ms)
  step 0/295: loss=0.953956 (829ms)
  step 1/295: loss=0.862166 (799ms)
  step 2/295: loss=0.703339 (815ms)
  step 100/295: loss=0.881473 (823ms)
  step 200/295: loss=0.899942 (821ms)
Epoch 24/80: loss=0.797852 lr=0.000843 (244246ms)
  step 0/295: loss=0.676972 (816ms)
  step 1/295: loss=0.830658 (824ms)
  step 2/295: loss=0.890052 (822ms)
  step 100/295: loss=0.735040 (831ms)
  step 200/295: loss=0.655079 (820ms)
Epoch 25/80: loss=0.772529 lr=0.000827 (244354ms)
  step 0/295: loss=0.801134 (824ms)
  step 1/295: loss=0.763123 (819ms)
  step 2/295: loss=0.809380 (817ms)
  step 100/295: loss=0.776087 (825ms)
  step 200/295: loss=0.729647 (813ms)
Epoch 26/80: loss=0.752034 lr=0.000812 (244335ms)
  step 0/295: loss=0.722831 (821ms)
  step 1/295: loss=0.728563 (805ms)
  step 2/295: loss=0.725685 (796ms)
  step 100/295: loss=0.637006 (809ms)
  step 200/295: loss=0.774455 (821ms)
Epoch 27/80: loss=0.751256 lr=0.000796 (244161ms)
  step 0/295: loss=0.636514 (806ms)
  step 1/295: loss=0.717659 (816ms)
  step 2/295: loss=0.723861 (805ms)
  step 100/295: loss=0.741097 (805ms)
  step 200/295: loss=0.849886 (835ms)
Epoch 28/80: loss=0.730574 lr=0.000779 (244628ms)
  step 0/295: loss=0.722777 (819ms)
  step 1/295: loss=0.714605 (826ms)
  step 2/295: loss=0.696080 (827ms)
  step 100/295: loss=0.713003 (824ms)
  step 200/295: loss=0.629057 (819ms)
Epoch 29/80: loss=0.722150 lr=0.000762 (244210ms)
  step 0/295: loss=0.685734 (820ms)
  step 1/295: loss=0.726897 (809ms)
  step 2/295: loss=0.734863 (803ms)
  step 100/295: loss=0.646623 (821ms)
  step 200/295: loss=0.772613 (815ms)
Epoch 30/80: loss=0.713665 lr=0.000744 (244393ms)
  val accuracy (running BN): 3196/3904 = 81.864754%
  step 0/295: loss=0.806191 (810ms)
  step 1/295: loss=0.828982 (791ms)
  step 2/295: loss=0.709680 (817ms)
  step 100/295: loss=0.800314 (822ms)
  step 200/295: loss=0.713671 (824ms)
Epoch 31/80: loss=0.695647 lr=0.000726 (244594ms)
  step 0/295: loss=0.670864 (800ms)
  step 1/295: loss=0.672041 (811ms)
  step 2/295: loss=0.699636 (814ms)
  step 100/295: loss=0.634664 (825ms)
  step 200/295: loss=0.602890 (809ms)
Epoch 32/80: loss=0.676868 lr=0.000708 (244599ms)
  step 0/295: loss=0.583455 (812ms)
  step 1/295: loss=0.643899 (804ms)
  step 2/295: loss=0.606248 (813ms)
  step 100/295: loss=0.691238 (807ms)
  step 200/295: loss=0.683120 (819ms)
Epoch 33/80: loss=0.669706 lr=0.000689 (244182ms)
  step 0/295: loss=0.599547 (827ms)
  step 1/295: loss=0.674760 (829ms)
  step 2/295: loss=0.607106 (808ms)
  step 100/295: loss=0.579572 (803ms)
  step 200/295: loss=0.630535 (822ms)
Epoch 34/80: loss=0.664497 lr=0.000670 (244213ms)
  step 0/295: loss=0.596370 (830ms)
  step 1/295: loss=0.625267 (819ms)
  step 2/295: loss=0.597659 (818ms)
  step 100/295: loss=0.634289 (812ms)
  step 200/295: loss=0.574304 (820ms)
Epoch 35/80: loss=0.654292 lr=0.000651 (244385ms)
  step 0/295: loss=0.593682 (817ms)
  step 1/295: loss=0.650122 (827ms)
  step 2/295: loss=0.605869 (817ms)
  step 100/295: loss=0.597547 (828ms)
  step 200/295: loss=0.652997 (819ms)
Epoch 36/80: loss=0.647092 lr=0.000631 (244289ms)
  step 0/295: loss=0.647922 (823ms)
  step 1/295: loss=0.605463 (817ms)
  step 2/295: loss=0.623775 (820ms)
  step 100/295: loss=0.667353 (810ms)
  step 200/295: loss=0.621672 (816ms)
Epoch 37/80: loss=0.638171 lr=0.000611 (244057ms)
  step 0/295: loss=0.605450 (825ms)
  step 1/295: loss=0.624491 (833ms)
  step 2/295: loss=0.580884 (821ms)
  step 100/295: loss=0.593738 (820ms)
  step 200/295: loss=0.629489 (815ms)
Epoch 38/80: loss=0.630197 lr=0.000591 (244658ms)
  step 0/295: loss=0.604337 (817ms)
  step 1/295: loss=0.614560 (826ms)
  step 2/295: loss=0.599106 (827ms)
  step 100/295: loss=0.630615 (800ms)
  step 200/295: loss=0.643697 (822ms)
Epoch 39/80: loss=0.629353 lr=0.000571 (244327ms)
  step 0/295: loss=0.629194 (817ms)
  step 1/295: loss=0.614079 (811ms)
  step 2/295: loss=0.645145 (830ms)
  step 100/295: loss=0.645346 (809ms)
  step 200/295: loss=0.570493 (807ms)
Epoch 40/80: loss=0.614466 lr=0.000551 (244307ms)
  val accuracy (running BN): 3306/3904 = 84.682377%
  step 0/295: loss=0.600434 (815ms)
  step 1/295: loss=0.574968 (827ms)
  step 2/295: loss=0.611390 (799ms)
  step 100/295: loss=0.569301 (810ms)
  step 200/295: loss=0.613015 (817ms)
Epoch 41/80: loss=0.602955 lr=0.000531 (244018ms)
  step 0/295: loss=0.607128 (836ms)
  step 1/295: loss=0.591729 (821ms)
  step 2/295: loss=0.580949 (807ms)
  step 100/295: loss=0.630517 (828ms)
  step 200/295: loss=0.567105 (815ms)
Epoch 42/80: loss=0.601939 lr=0.000510 (244430ms)
  step 0/295: loss=0.621617 (831ms)
  step 1/295: loss=0.622553 (822ms)
  step 2/295: loss=0.563274 (812ms)
  step 100/295: loss=0.575874 (818ms)
  step 200/295: loss=0.555926 (824ms)
Epoch 43/80: loss=0.598506 lr=0.000490 (244526ms)
  step 0/295: loss=0.561563 (818ms)
  step 1/295: loss=0.572964 (815ms)
  step 2/295: loss=0.572656 (821ms)
  step 100/295: loss=0.566097 (825ms)
  step 200/295: loss=0.582308 (821ms)
Epoch 44/80: loss=0.592561 lr=0.000469 (244429ms)
  step 0/295: loss=0.561601 (814ms)
  step 1/295: loss=0.571852 (818ms)
  step 2/295: loss=0.578299 (821ms)
  step 100/295: loss=0.555153 (814ms)
  step 200/295: loss=0.577759 (820ms)
Epoch 45/80: loss=0.585436 lr=0.000449 (244458ms)
  step 0/295: loss=0.562957 (824ms)
  step 1/295: loss=0.585587 (811ms)
  step 2/295: loss=0.556743 (819ms)
  step 100/295: loss=0.576733 (817ms)
  step 200/295: loss=0.642903 (821ms)
Epoch 46/80: loss=0.584405 lr=0.000429 (244216ms)
  step 0/295: loss=0.557250 (821ms)
  step 1/295: loss=0.595978 (806ms)
  step 2/295: loss=0.621729 (802ms)
  step 100/295: loss=0.591893 (814ms)
  step 200/295: loss=0.578773 (824ms)
Epoch 47/80: loss=0.579337 lr=0.000409 (244562ms)
  step 0/295: loss=0.623326 (813ms)
  step 1/295: loss=0.573178 (816ms)
  step 2/295: loss=0.555595 (829ms)
  step 100/295: loss=0.560200 (812ms)
  step 200/295: loss=0.672121 (821ms)
Epoch 48/80: loss=0.576287 lr=0.000389 (244455ms)
  step 0/295: loss=0.582549 (815ms)
  step 1/295: loss=0.548907 (810ms)
  step 2/295: loss=0.555124 (827ms)
  step 100/295: loss=0.558763 (822ms)
  step 200/295: loss=0.559517 (802ms)
Epoch 49/80: loss=0.573680 lr=0.000369 (244235ms)
  step 0/295: loss=0.561382 (806ms)
  step 1/295: loss=0.557880 (813ms)
  step 2/295: loss=0.582386 (821ms)
  step 100/295: loss=0.546432 (803ms)
  step 200/295: loss=0.599256 (817ms)
Epoch 50/80: loss=0.569009 lr=0.000349 (244092ms)
  val accuracy (running BN): 3372/3904 = 86.372951%
  step 0/295: loss=0.550362 (816ms)
  step 1/295: loss=0.546267 (813ms)
  step 2/295: loss=0.531582 (824ms)
  step 100/295: loss=0.551146 (824ms)
  step 200/295: loss=0.672208 (824ms)
Epoch 51/80: loss=0.566272 lr=0.000330 (244277ms)
  step 0/295: loss=0.552622 (828ms)
  step 1/295: loss=0.590168 (820ms)
  step 2/295: loss=0.576015 (819ms)
  step 100/295: loss=0.541699 (823ms)
  step 200/295: loss=0.547226 (813ms)
Epoch 52/80: loss=0.564196 lr=0.000311 (244425ms)
  step 0/295: loss=0.557700 (806ms)
  step 1/295: loss=0.618023 (815ms)
  step 2/295: loss=0.552497 (824ms)
  step 100/295: loss=0.584420 (801ms)
  step 200/295: loss=0.586040 (823ms)
Epoch 53/80: loss=0.562178 lr=0.000292 (244423ms)
  step 0/295: loss=0.567598 (818ms)
  step 1/295: loss=0.586610 (825ms)
  step 2/295: loss=0.557248 (815ms)
  step 100/295: loss=0.534383 (806ms)
  step 200/295: loss=0.535585 (820ms)
Epoch 54/80: loss=0.557968 lr=0.000274 (244003ms)
  step 0/295: loss=0.567384 (805ms)
  step 1/295: loss=0.593825 (809ms)
  step 2/295: loss=0.539977 (810ms)
  step 100/295: loss=0.542342 (814ms)
  step 200/295: loss=0.545985 (799ms)
Epoch 55/80: loss=0.553376 lr=0.000256 (244138ms)
  step 0/295: loss=0.559918 (807ms)
  step 1/295: loss=0.559317 (820ms)
  step 2/295: loss=0.550826 (829ms)
  step 100/295: loss=0.530990 (822ms)
  step 200/295: loss=0.554367 (818ms)
Epoch 56/80: loss=0.553206 lr=0.000238 (244405ms)
  step 0/295: loss=0.530448 (829ms)
  step 1/295: loss=0.531721 (812ms)
  step 2/295: loss=0.532309 (818ms)
  step 100/295: loss=0.552444 (808ms)
  step 200/295: loss=0.537615 (808ms)
Epoch 57/80: loss=0.551967 lr=0.000221 (244061ms)
  step 0/295: loss=0.624240 (830ms)
  step 1/295: loss=0.545298 (818ms)
  step 2/295: loss=0.556136 (824ms)
  step 100/295: loss=0.542011 (824ms)
  step 200/295: loss=0.534226 (824ms)
Epoch 58/80: loss=0.552996 lr=0.000204 (244558ms)
  step 0/295: loss=0.534906 (809ms)
  step 1/295: loss=0.543542 (820ms)
  step 2/295: loss=0.554452 (823ms)
  step 100/295: loss=0.543616 (818ms)
  step 200/295: loss=0.612401 (814ms)
Epoch 59/80: loss=0.548858 lr=0.000188 (244179ms)
  step 0/295: loss=0.530511 (814ms)
  step 1/295: loss=0.548858 (822ms)
  step 2/295: loss=0.558364 (821ms)
  step 100/295: loss=0.537549 (794ms)
  step 200/295: loss=0.547874 (819ms)
Epoch 60/80: loss=0.546609 lr=0.000173 (244293ms)
  val accuracy (running BN): 3387/3904 = 86.757172%
  step 0/295: loss=0.555290 (824ms)
  step 1/295: loss=0.534040 (820ms)
  step 2/295: loss=0.538202 (820ms)
  step 100/295: loss=0.537480 (803ms)
  step 200/295: loss=0.556512 (818ms)
Epoch 61/80: loss=0.544304 lr=0.000157 (244346ms)
  step 0/295: loss=0.549507 (811ms)
  step 1/295: loss=0.538474 (820ms)
  step 2/295: loss=0.539484 (792ms)
  step 100/295: loss=0.542597 (819ms)
  step 200/295: loss=0.571767 (826ms)
Epoch 62/80: loss=0.542627 lr=0.000143 (243895ms)
  step 0/295: loss=0.537087 (815ms)
  step 1/295: loss=0.528014 (817ms)
  step 2/295: loss=0.531339 (799ms)
  step 100/295: loss=0.533142 (819ms)
  step 200/295: loss=0.546118 (814ms)
Epoch 63/80: loss=0.542931 lr=0.000129 (243936ms)
  step 0/295: loss=0.537009 (815ms)
  step 1/295: loss=0.535161 (829ms)
  step 2/295: loss=0.551880 (797ms)
  step 100/295: loss=0.548647 (831ms)
  step 200/295: loss=0.534134 (826ms)
Epoch 64/80: loss=0.541020 lr=0.000116 (244572ms)
  step 0/295: loss=0.530820 (803ms)
  step 1/295: loss=0.542415 (793ms)
  step 2/295: loss=0.544187 (816ms)
  step 100/295: loss=0.536995 (807ms)
  step 200/295: loss=0.539332 (811ms)
Epoch 65/80: loss=0.540370 lr=0.000103 (243936ms)
  step 0/295: loss=0.544772 (813ms)
  step 1/295: loss=0.528855 (821ms)
  step 2/295: loss=0.531103 (807ms)
  step 100/295: loss=0.523307 (799ms)
  step 200/295: loss=0.530462 (816ms)
Epoch 66/80: loss=0.538559 lr=0.000091 (244362ms)
  step 0/295: loss=0.538617 (814ms)
  step 1/295: loss=0.557249 (802ms)
  step 2/295: loss=0.543377 (805ms)
  step 100/295: loss=0.541178 (834ms)
  step 200/295: loss=0.543031 (817ms)
Epoch 67/80: loss=0.537717 lr=0.000079 (244091ms)
  step 0/295: loss=0.542149 (823ms)
  step 1/295: loss=0.526585 (820ms)
  step 2/295: loss=0.532299 (809ms)
  step 100/295: loss=0.554389 (824ms)
  step 200/295: loss=0.542557 (800ms)
Epoch 68/80: loss=0.537454 lr=0.000069 (244006ms)
  step 0/295: loss=0.559341 (797ms)
  step 1/295: loss=0.552997 (814ms)
  step 2/295: loss=0.527567 (802ms)
  step 100/295: loss=0.523328 (811ms)
  step 200/295: loss=0.522158 (827ms)
Epoch 69/80: loss=0.536534 lr=0.000059 (244186ms)
  step 0/295: loss=0.552140 (819ms)
  step 1/295: loss=0.524157 (816ms)
  step 2/295: loss=0.527276 (812ms)
  step 100/295: loss=0.555468 (800ms)
  step 200/295: loss=0.531021 (813ms)
Epoch 70/80: loss=0.535466 lr=0.000050 (244047ms)
  val accuracy (running BN): 3404/3904 = 87.192623%
  step 0/295: loss=0.526960 (815ms)
  step 1/295: loss=0.534609 (827ms)
  step 2/295: loss=0.537347 (828ms)
  step 100/295: loss=0.537515 (813ms)
  step 200/295: loss=0.528388 (820ms)
Epoch 71/80: loss=0.535488 lr=0.000041 (244506ms)
  step 0/295: loss=0.530769 (814ms)
  step 1/295: loss=0.549130 (824ms)
  step 2/295: loss=0.547731 (820ms)
  step 100/295: loss=0.535336 (823ms)
  step 200/295: loss=0.538978 (820ms)
Epoch 72/80: loss=0.534676 lr=0.000033 (244593ms)
  step 0/295: loss=0.542681 (807ms)
  step 1/295: loss=0.527989 (807ms)
  step 2/295: loss=0.533613 (827ms)
  step 100/295: loss=0.541761 (802ms)
  step 200/295: loss=0.520141 (826ms)
Epoch 73/80: loss=0.533987 lr=0.000026 (244058ms)
  step 0/295: loss=0.539878 (826ms)
  step 1/295: loss=0.539866 (825ms)
  step 2/295: loss=0.522593 (827ms)
  step 100/295: loss=0.523731 (799ms)
  step 200/295: loss=0.527634 (825ms)
Epoch 74/80: loss=0.534089 lr=0.000020 (244468ms)
  step 0/295: loss=0.528044 (813ms)
  step 1/295: loss=0.523762 (803ms)
  step 2/295: loss=0.524447 (809ms)
  step 100/295: loss=0.521990 (822ms)
  step 200/295: loss=0.519760 (825ms)
Epoch 75/80: loss=0.533552 lr=0.000015 (244337ms)
  step 0/295: loss=0.528085 (802ms)
  step 1/295: loss=0.535071 (814ms)
  step 2/295: loss=0.532714 (818ms)
  step 100/295: loss=0.602851 (825ms)
  step 200/295: loss=0.522765 (827ms)
Epoch 76/80: loss=0.532386 lr=0.000010 (244331ms)
  step 0/295: loss=0.518006 (828ms)
  step 1/295: loss=0.524104 (808ms)
  step 2/295: loss=0.527614 (819ms)
  step 100/295: loss=0.544846 (823ms)
  step 200/295: loss=0.537400 (820ms)
Epoch 77/80: loss=0.533261 lr=0.000007 (244631ms)
  step 0/295: loss=0.529438 (812ms)
  step 1/295: loss=0.537667 (813ms)
  step 2/295: loss=0.543985 (801ms)
  step 100/295: loss=0.520397 (832ms)
  step 200/295: loss=0.523260 (821ms)
Epoch 78/80: loss=0.533471 lr=0.000004 (244197ms)
  step 0/295: loss=0.528069 (802ms)
  step 1/295: loss=0.530071 (804ms)
  step 2/295: loss=0.522784 (822ms)
  step 100/295: loss=0.518219 (824ms)
  step 200/295: loss=0.525052 (815ms)
Epoch 79/80: loss=0.532640 lr=0.000002 (244123ms)
  step 0/295: loss=0.541109 (827ms)
  step 1/295: loss=0.522126 (830ms)
  step 2/295: loss=0.542801 (830ms)
  step 100/295: loss=0.530786 (821ms)
  step 200/295: loss=0.533766 (828ms)
Epoch 80/80: loss=0.532729 lr=0.000000 (244070ms)
  val accuracy (running BN): 3400/3904 = 87.090164%
Saved params + BN stats.
