MobileNet v3-Large: 2990480 params
Generating train step MLIR...
  802758 chars
Compiling vmfbs...
  forward compiled
  eval forward compiled
  train step compiled
  session loaded
  train: 9469 images (256×256)
  2990480 params + m + v (34 MB)
training: 295 batches/epoch, batch=32, Adam, lr=0.001000, cosine, label_smooth=0.1, wd=1e-4
  BN layers: 46, BN stat floats: 24400
  step 0/295: loss=2.544774 (823ms)
  step 1/295: loss=2.483765 (826ms)
  step 2/295: loss=2.263289 (824ms)
  step 100/295: loss=2.124458 (802ms)
  step 200/295: loss=1.877517 (808ms)
Epoch 1/80: loss=1.964903 lr=0.000333 (244676ms)
  step 0/295: loss=1.744478 (812ms)
  step 1/295: loss=1.537723 (794ms)
  step 2/295: loss=1.419626 (823ms)
  step 100/295: loss=1.648673 (813ms)
  step 200/295: loss=1.497546 (825ms)
Epoch 2/80: loss=1.652399 lr=0.000667 (245424ms)
  step 0/295: loss=1.600409 (821ms)
  step 1/295: loss=2.121965 (841ms)
  step 2/295: loss=1.747640 (823ms)
  step 100/295: loss=1.501092 (809ms)
  step 200/295: loss=1.190167 (828ms)
Epoch 3/80: loss=1.474779 lr=0.001000 (245578ms)
  step 0/295: loss=1.391196 (821ms)
  step 1/295: loss=1.055095 (825ms)
  step 2/295: loss=1.301424 (820ms)
  step 100/295: loss=1.313059 (841ms)
  step 200/295: loss=1.551096 (838ms)
Epoch 4/80: loss=1.310553 lr=0.001000 (245181ms)
  step 0/295: loss=1.197096 (836ms)
  step 1/295: loss=1.330139 (827ms)
  step 2/295: loss=1.217955 (830ms)
  step 100/295: loss=1.363472 (810ms)
  step 200/295: loss=1.241322 (822ms)
Epoch 5/80: loss=1.211817 lr=0.001000 (245582ms)
  step 0/295: loss=0.992977 (822ms)
  step 1/295: loss=1.080524 (812ms)
  step 2/295: loss=1.156806 (833ms)
  step 100/295: loss=1.182237 (816ms)
  step 200/295: loss=1.236319 (818ms)
Epoch 6/80: loss=1.131456 lr=0.000998 (245490ms)
  step 0/295: loss=1.117993 (824ms)
  step 1/295: loss=1.109882 (811ms)
  step 2/295: loss=1.177382 (832ms)
  step 100/295: loss=1.196530 (820ms)
  step 200/295: loss=0.951051 (821ms)
Epoch 7/80: loss=1.086867 lr=0.000996 (245506ms)
  step 0/295: loss=0.957309 (794ms)
  step 1/295: loss=1.086110 (829ms)
  step 2/295: loss=1.288992 (827ms)
  step 100/295: loss=1.099784 (833ms)
  step 200/295: loss=1.111395 (825ms)
Epoch 8/80: loss=1.037395 lr=0.000993 (246016ms)
  step 0/295: loss=0.796207 (803ms)
  step 1/295: loss=0.866655 (827ms)
  step 2/295: loss=1.020575 (819ms)
  step 100/295: loss=0.887161 (820ms)
  step 200/295: loss=1.063025 (815ms)
Epoch 9/80: loss=1.005602 lr=0.000990 (246092ms)
  step 0/295: loss=0.925484 (828ms)
  step 1/295: loss=0.879044 (823ms)
  step 2/295: loss=0.807066 (815ms)
  step 100/295: loss=1.051225 (835ms)
  step 200/295: loss=0.854778 (837ms)
Epoch 10/80: loss=0.971128 lr=0.000985 (246231ms)
  val accuracy (running BN): 3034/3904 = 77.715164%
  step 0/295: loss=0.950426 (817ms)
  step 1/295: loss=0.813870 (825ms)
  step 2/295: loss=0.814288 (805ms)
  step 100/295: loss=1.373988 (828ms)
  step 200/295: loss=0.758317 (818ms)
Epoch 11/80: loss=0.935902 lr=0.000980 (245901ms)
  step 0/295: loss=1.020047 (818ms)
  step 1/295: loss=0.728206 (822ms)
  step 2/295: loss=0.806007 (833ms)
  step 100/295: loss=0.778506 (824ms)
  step 200/295: loss=0.739339 (831ms)
Epoch 12/80: loss=0.898929 lr=0.000974 (246203ms)
  step 0/295: loss=1.030267 (821ms)
  step 1/295: loss=0.893121 (824ms)
  step 2/295: loss=0.997392 (821ms)
  step 100/295: loss=0.983438 (816ms)
  step 200/295: loss=0.922800 (827ms)
Epoch 13/80: loss=0.877460 lr=0.000967 (246389ms)
  step 0/295: loss=0.645808 (833ms)
  step 1/295: loss=0.792680 (820ms)
  step 2/295: loss=0.951370 (807ms)
  step 100/295: loss=0.841419 (818ms)
  step 200/295: loss=0.806625 (819ms)
Epoch 14/80: loss=0.854500 lr=0.000959 (245978ms)
  step 0/295: loss=0.837973 (816ms)
  step 1/295: loss=0.873798 (829ms)
  step 2/295: loss=0.719414 (824ms)
  step 100/295: loss=0.824933 (817ms)
  step 200/295: loss=0.656081 (816ms)
Epoch 15/80: loss=0.819398 lr=0.000950 (245895ms)
  step 0/295: loss=1.043315 (808ms)
  step 1/295: loss=0.757670 (818ms)
  step 2/295: loss=0.646429 (830ms)
  step 100/295: loss=0.801407 (836ms)
  step 200/295: loss=0.731026 (807ms)
Epoch 16/80: loss=0.791439 lr=0.000941 (245622ms)
  step 0/295: loss=0.654011 (820ms)
  step 1/295: loss=0.863717 (829ms)
  step 2/295: loss=0.738235 (814ms)
  step 100/295: loss=0.632057 (828ms)
  step 200/295: loss=0.768135 (802ms)
Epoch 17/80: loss=0.773268 lr=0.000931 (245355ms)
  step 0/295: loss=0.661850 (832ms)
  step 1/295: loss=0.653073 (808ms)
  step 2/295: loss=0.751280 (820ms)
  step 100/295: loss=0.746557 (836ms)
  step 200/295: loss=0.699707 (834ms)
Epoch 18/80: loss=0.750111 lr=0.000921 (245759ms)
  step 0/295: loss=0.728821 (797ms)
  step 1/295: loss=0.596016 (821ms)
  step 2/295: loss=0.707959 (826ms)
  step 100/295: loss=0.652630 (835ms)
  step 200/295: loss=0.934126 (830ms)
Epoch 19/80: loss=0.735073 lr=0.000909 (245750ms)
  step 0/295: loss=0.735612 (818ms)
  step 1/295: loss=0.760503 (817ms)
  step 2/295: loss=0.714722 (828ms)
  step 100/295: loss=0.629567 (810ms)
  step 200/295: loss=0.611990 (812ms)
Epoch 20/80: loss=0.705029 lr=0.000897 (246089ms)
  val accuracy (running BN): 3205/3904 = 82.095287%
  step 0/295: loss=0.667862 (813ms)
  step 1/295: loss=0.673755 (822ms)
  step 2/295: loss=0.585114 (828ms)
  step 100/295: loss=0.565361 (842ms)
  step 200/295: loss=0.699039 (824ms)
Epoch 21/80: loss=0.701670 lr=0.000884 (245635ms)
  step 0/295: loss=0.663866 (835ms)
  step 1/295: loss=0.711824 (826ms)
  step 2/295: loss=0.763044 (841ms)
  step 100/295: loss=0.814491 (829ms)
  step 200/295: loss=0.667001 (825ms)
Epoch 22/80: loss=0.679365 lr=0.000871 (246265ms)
  step 0/295: loss=0.708395 (837ms)
  step 1/295: loss=0.594579 (811ms)
  step 2/295: loss=0.592259 (811ms)
  step 100/295: loss=0.721477 (839ms)
  step 200/295: loss=0.598091 (817ms)
Epoch 23/80: loss=0.662979 lr=0.000857 (245735ms)
  step 0/295: loss=0.725291 (812ms)
  step 1/295: loss=0.726697 (809ms)
  step 2/295: loss=0.605837 (821ms)
  step 100/295: loss=0.668712 (824ms)
  step 200/295: loss=0.720852 (808ms)
Epoch 24/80: loss=0.648752 lr=0.000843 (245760ms)
  step 0/295: loss=0.631783 (820ms)
  step 1/295: loss=0.661902 (807ms)
  step 2/295: loss=0.753762 (820ms)
  step 100/295: loss=0.585043 (813ms)
  step 200/295: loss=0.758313 (831ms)
Epoch 25/80: loss=0.639807 lr=0.000827 (245597ms)
  step 0/295: loss=0.696182 (818ms)
  step 1/295: loss=0.603844 (824ms)
  step 2/295: loss=0.620865 (805ms)
  step 100/295: loss=0.580202 (827ms)
  step 200/295: loss=0.670120 (824ms)
Epoch 26/80: loss=0.632923 lr=0.000812 (245807ms)
  step 0/295: loss=0.580890 (824ms)
  step 1/295: loss=0.676458 (828ms)
  step 2/295: loss=0.641584 (816ms)
  step 100/295: loss=0.550309 (829ms)
  step 200/295: loss=0.576154 (840ms)
Epoch 27/80: loss=0.623384 lr=0.000796 (245871ms)
  step 0/295: loss=0.611403 (829ms)
  step 1/295: loss=0.593194 (825ms)
  step 2/295: loss=0.584334 (844ms)
  step 100/295: loss=0.655204 (844ms)
  step 200/295: loss=0.596021 (802ms)
Epoch 28/80: loss=0.598384 lr=0.000779 (246071ms)
  step 0/295: loss=0.573853 (835ms)
  step 1/295: loss=0.657542 (834ms)
  step 2/295: loss=0.539392 (833ms)
  step 100/295: loss=0.690388 (823ms)
  step 200/295: loss=0.611169 (814ms)
Epoch 29/80: loss=0.619469 lr=0.000762 (246179ms)
  step 0/295: loss=0.590155 (816ms)
  step 1/295: loss=0.641486 (845ms)
  step 2/295: loss=0.547137 (814ms)
  step 100/295: loss=0.581464 (820ms)
  step 200/295: loss=0.671772 (814ms)
Epoch 30/80: loss=0.605813 lr=0.000744 (245777ms)
  val accuracy (running BN): 3265/3904 = 83.632172%
  step 0/295: loss=0.679037 (829ms)
  step 1/295: loss=0.684790 (828ms)
  step 2/295: loss=0.583139 (810ms)
  step 100/295: loss=0.795080 (814ms)
  step 200/295: loss=0.600838 (840ms)
Epoch 31/80: loss=0.596331 lr=0.000726 (245605ms)
  step 0/295: loss=0.547527 (815ms)
  step 1/295: loss=0.579032 (828ms)
  step 2/295: loss=0.591691 (825ms)
  step 100/295: loss=0.560061 (801ms)
  step 200/295: loss=0.529205 (827ms)
Epoch 32/80: loss=0.588938 lr=0.000708 (245770ms)
  step 0/295: loss=0.541918 (810ms)
  step 1/295: loss=0.655662 (811ms)
  step 2/295: loss=0.528926 (836ms)
  step 100/295: loss=0.648335 (838ms)
  step 200/295: loss=0.587961 (808ms)
Epoch 33/80: loss=0.578190 lr=0.000689 (245772ms)
  step 0/295: loss=0.522756 (821ms)
  step 1/295: loss=0.612683 (819ms)
  step 2/295: loss=0.529498 (819ms)
  step 100/295: loss=0.541580 (818ms)
  step 200/295: loss=0.539945 (808ms)
Epoch 34/80: loss=0.574555 lr=0.000670 (245495ms)
  step 0/295: loss=0.571955 (826ms)
  step 1/295: loss=0.686141 (823ms)
  step 2/295: loss=0.604972 (829ms)
  step 100/295: loss=0.544709 (815ms)
  step 200/295: loss=0.567257 (825ms)
Epoch 35/80: loss=0.573186 lr=0.000651 (246084ms)
  step 0/295: loss=0.575225 (807ms)
  step 1/295: loss=0.564424 (802ms)
  step 2/295: loss=0.551703 (823ms)
  step 100/295: loss=0.579460 (821ms)
  step 200/295: loss=0.521050 (830ms)
Epoch 36/80: loss=0.571716 lr=0.000631 (245855ms)
  step 0/295: loss=0.538336 (794ms)
  step 1/295: loss=0.527461 (819ms)
  step 2/295: loss=0.523843 (839ms)
  step 100/295: loss=0.540583 (841ms)
  step 200/295: loss=0.538505 (819ms)
Epoch 37/80: loss=0.561378 lr=0.000611 (246188ms)
  step 0/295: loss=0.521841 (815ms)
  step 1/295: loss=0.532642 (801ms)
  step 2/295: loss=0.519699 (815ms)
  step 100/295: loss=0.549757 (815ms)
  step 200/295: loss=0.537791 (811ms)
Epoch 38/80: loss=0.565427 lr=0.000591 (245921ms)
  step 0/295: loss=0.528573 (827ms)
  step 1/295: loss=0.550551 (825ms)
  step 2/295: loss=0.576734 (832ms)
  step 100/295: loss=0.639261 (813ms)
  step 200/295: loss=0.581194 (829ms)
Epoch 39/80: loss=0.556842 lr=0.000571 (245778ms)
  step 0/295: loss=0.531773 (826ms)
  step 1/295: loss=0.523805 (828ms)
  step 2/295: loss=0.526455 (828ms)
  step 100/295: loss=0.529089 (838ms)
  step 200/295: loss=0.515736 (823ms)
Epoch 40/80: loss=0.553804 lr=0.000551 (245934ms)
  val accuracy (running BN): 3306/3904 = 84.682377%
  step 0/295: loss=0.523272 (828ms)
  step 1/295: loss=0.517211 (809ms)
  step 2/295: loss=0.544086 (811ms)
  step 100/295: loss=0.514452 (829ms)
  step 200/295: loss=0.527994 (807ms)
Epoch 41/80: loss=0.547204 lr=0.000531 (245388ms)
  step 0/295: loss=0.573694 (799ms)
  step 1/295: loss=0.572992 (824ms)
  step 2/295: loss=0.524530 (835ms)
  step 100/295: loss=0.589044 (808ms)
  step 200/295: loss=0.517800 (820ms)
Epoch 42/80: loss=0.549704 lr=0.000510 (245717ms)
  step 0/295: loss=0.571618 (830ms)
  step 1/295: loss=0.577069 (823ms)
  step 2/295: loss=0.527658 (830ms)
  step 100/295: loss=0.516623 (813ms)
  step 200/295: loss=0.536178 (842ms)
Epoch 43/80: loss=0.543304 lr=0.000490 (245768ms)
  step 0/295: loss=0.577702 (828ms)
  step 1/295: loss=0.579780 (817ms)
  step 2/295: loss=0.536147 (823ms)
  step 100/295: loss=0.525113 (819ms)
  step 200/295: loss=0.513967 (797ms)
Epoch 44/80: loss=0.544744 lr=0.000469 (245801ms)
  step 0/295: loss=0.525154 (837ms)
  step 1/295: loss=0.519475 (821ms)
  step 2/295: loss=0.543925 (826ms)
  step 100/295: loss=0.529047 (830ms)
  step 200/295: loss=0.547676 (841ms)
Epoch 45/80: loss=0.541167 lr=0.000449 (246051ms)
  step 0/295: loss=0.523422 (811ms)
  step 1/295: loss=0.566362 (838ms)
  step 2/295: loss=0.519152 (811ms)
  step 100/295: loss=0.535076 (834ms)
  step 200/295: loss=0.598875 (807ms)
Epoch 46/80: loss=0.536250 lr=0.000429 (246023ms)
  step 0/295: loss=0.516520 (828ms)
  step 1/295: loss=0.522978 (837ms)
  step 2/295: loss=0.572011 (826ms)
  step 100/295: loss=0.524439 (844ms)
  step 200/295: loss=0.515919 (822ms)
Epoch 47/80: loss=0.533689 lr=0.000409 (245540ms)
  step 0/295: loss=0.534536 (829ms)
  step 1/295: loss=0.520280 (826ms)
  step 2/295: loss=0.513572 (825ms)
  step 100/295: loss=0.514519 (843ms)
  step 200/295: loss=0.567047 (804ms)
Epoch 48/80: loss=0.533471 lr=0.000389 (246073ms)
  step 0/295: loss=0.518575 (801ms)
  step 1/295: loss=0.512406 (819ms)
  step 2/295: loss=0.510945 (837ms)
  step 100/295: loss=0.551698 (832ms)
  step 200/295: loss=0.511489 (809ms)
Epoch 49/80: loss=0.528705 lr=0.000369 (246132ms)
  step 0/295: loss=0.512003 (815ms)
  step 1/295: loss=0.545527 (826ms)
  step 2/295: loss=0.554026 (817ms)
  step 100/295: loss=0.518405 (810ms)
  step 200/295: loss=0.532792 (819ms)
Epoch 50/80: loss=0.532324 lr=0.000349 (245888ms)
  val accuracy (running BN): 3348/3904 = 85.758197%
  step 0/295: loss=0.511257 (819ms)
  step 1/295: loss=0.512181 (801ms)
  step 2/295: loss=0.516949 (825ms)
  step 100/295: loss=0.523301 (827ms)
  step 200/295: loss=0.564873 (826ms)
Epoch 51/80: loss=0.526262 lr=0.000330 (245257ms)
  step 0/295: loss=0.514327 (817ms)
  step 1/295: loss=0.541309 (816ms)
  step 2/295: loss=0.510268 (825ms)
  step 100/295: loss=0.513529 (825ms)
  step 200/295: loss=0.513217 (810ms)
Epoch 52/80: loss=0.523670 lr=0.000311 (245397ms)
  step 0/295: loss=0.583556 (806ms)
  step 1/295: loss=0.523253 (817ms)
  step 2/295: loss=0.511675 (812ms)
  step 100/295: loss=0.537813 (812ms)
  step 200/295: loss=0.544232 (839ms)
Epoch 53/80: loss=0.523789 lr=0.000292 (245659ms)
  step 0/295: loss=0.521432 (828ms)
  step 1/295: loss=0.517579 (815ms)
  step 2/295: loss=0.517373 (828ms)
  step 100/295: loss=0.508931 (795ms)
  step 200/295: loss=0.516699 (833ms)
Epoch 54/80: loss=0.520511 lr=0.000274 (245522ms)
  step 0/295: loss=0.513962 (837ms)
  step 1/295: loss=0.530202 (821ms)
  step 2/295: loss=0.508513 (826ms)
  step 100/295: loss=0.518072 (840ms)
  step 200/295: loss=0.517921 (826ms)
Epoch 55/80: loss=0.518864 lr=0.000256 (246075ms)
  step 0/295: loss=0.507626 (815ms)
  step 1/295: loss=0.528251 (822ms)
  step 2/295: loss=0.507938 (810ms)
  step 100/295: loss=0.511843 (832ms)
  step 200/295: loss=0.509669 (819ms)
Epoch 56/80: loss=0.518330 lr=0.000238 (245686ms)
  step 0/295: loss=0.515647 (808ms)
  step 1/295: loss=0.509202 (820ms)
  step 2/295: loss=0.510443 (821ms)
  step 100/295: loss=0.557982 (857ms)
  step 200/295: loss=0.510604 (819ms)
Epoch 57/80: loss=0.520895 lr=0.000221 (245727ms)
  step 0/295: loss=0.655090 (813ms)
  step 1/295: loss=0.560057 (808ms)
  step 2/295: loss=0.577844 (816ms)
  step 100/295: loss=0.535521 (813ms)
  step 200/295: loss=0.506187 (820ms)
Epoch 58/80: loss=0.522921 lr=0.000204 (245625ms)
  step 0/295: loss=0.505549 (825ms)
  step 1/295: loss=0.523021 (807ms)
  step 2/295: loss=0.511278 (832ms)
  step 100/295: loss=0.519733 (816ms)
  step 200/295: loss=0.525211 (829ms)
Epoch 59/80: loss=0.517287 lr=0.000188 (245922ms)
  step 0/295: loss=0.508575 (806ms)
  step 1/295: loss=0.589727 (827ms)
  step 2/295: loss=0.582913 (838ms)
  step 100/295: loss=0.511200 (836ms)
  step 200/295: loss=0.510160 (825ms)
Epoch 60/80: loss=0.517549 lr=0.000173 (245621ms)
  val accuracy (running BN): 3356/3904 = 85.963115%
  step 0/295: loss=0.526704 (817ms)
  step 1/295: loss=0.508822 (802ms)
  step 2/295: loss=0.508438 (803ms)
  step 100/295: loss=0.506970 (820ms)
  step 200/295: loss=0.510821 (828ms)
Epoch 61/80: loss=0.515070 lr=0.000157 (245775ms)
  step 0/295: loss=0.509169 (831ms)
  step 1/295: loss=0.507707 (825ms)
  step 2/295: loss=0.508222 (812ms)
  step 100/295: loss=0.507685 (816ms)
  step 200/295: loss=0.525391 (811ms)
Epoch 62/80: loss=0.512278 lr=0.000143 (245712ms)
  step 0/295: loss=0.506966 (816ms)
  step 1/295: loss=0.509007 (809ms)
  step 2/295: loss=0.509417 (808ms)
  step 100/295: loss=0.511361 (826ms)
  step 200/295: loss=0.508933 (825ms)
Epoch 63/80: loss=0.511582 lr=0.000129 (245812ms)
  step 0/295: loss=0.505640 (823ms)
  step 1/295: loss=0.516079 (825ms)
  step 2/295: loss=0.508778 (839ms)
  step 100/295: loss=0.511556 (818ms)
  step 200/295: loss=0.508588 (836ms)
Epoch 64/80: loss=0.511317 lr=0.000116 (245974ms)
  step 0/295: loss=0.510405 (823ms)
  step 1/295: loss=0.511125 (829ms)
  step 2/295: loss=0.507032 (813ms)
  step 100/295: loss=0.507161 (815ms)
  step 200/295: loss=0.508189 (808ms)
Epoch 65/80: loss=0.512092 lr=0.000103 (245688ms)
  step 0/295: loss=0.506169 (813ms)
  step 1/295: loss=0.507162 (819ms)
  step 2/295: loss=0.505266 (808ms)
  step 100/295: loss=0.506754 (825ms)
  step 200/295: loss=0.506282 (810ms)
Epoch 66/80: loss=0.511211 lr=0.000091 (246187ms)
  step 0/295: loss=0.506759 (822ms)
  step 1/295: loss=0.507352 (797ms)
  step 2/295: loss=0.507403 (808ms)
  step 100/295: loss=0.509299 (829ms)
  step 200/295: loss=0.508059 (831ms)
Epoch 67/80: loss=0.511610 lr=0.000079 (245446ms)
  step 0/295: loss=0.508023 (827ms)
  step 1/295: loss=0.509036 (836ms)
  step 2/295: loss=0.508604 (803ms)
  step 100/295: loss=0.522245 (824ms)
  step 200/295: loss=0.551736 (814ms)
Epoch 68/80: loss=0.510095 lr=0.000069 (245424ms)
  step 0/295: loss=0.532589 (843ms)
  step 1/295: loss=0.515659 (828ms)
  step 2/295: loss=0.507216 (834ms)
  step 100/295: loss=0.504826 (817ms)
  step 200/295: loss=0.506543 (833ms)
Epoch 69/80: loss=0.510411 lr=0.000059 (245645ms)
  step 0/295: loss=0.506925 (829ms)
  step 1/295: loss=0.503853 (838ms)
  step 2/295: loss=0.509555 (832ms)
  step 100/295: loss=0.521935 (803ms)
  step 200/295: loss=0.508099 (842ms)
Epoch 70/80: loss=0.510426 lr=0.000050 (246151ms)
  val accuracy (running BN): 3371/3904 = 86.347336%
  step 0/295: loss=0.504931 (829ms)
  step 1/295: loss=0.506625 (806ms)
  step 2/295: loss=0.508530 (811ms)
  step 100/295: loss=0.510331 (827ms)
  step 200/295: loss=0.505219 (807ms)
Epoch 71/80: loss=0.510017 lr=0.000041 (245351ms)
  step 0/295: loss=0.505896 (828ms)
  step 1/295: loss=0.573390 (814ms)
  step 2/295: loss=0.522572 (825ms)
  step 100/295: loss=0.511838 (810ms)
  step 200/295: loss=0.520522 (824ms)
Epoch 72/80: loss=0.510533 lr=0.000033 (245211ms)
  step 0/295: loss=0.515339 (816ms)
  step 1/295: loss=0.507988 (838ms)
  step 2/295: loss=0.508941 (818ms)
  step 100/295: loss=0.536167 (798ms)
  step 200/295: loss=0.504847 (822ms)
Epoch 73/80: loss=0.509078 lr=0.000026 (245238ms)
  step 0/295: loss=0.521481 (822ms)
  step 1/295: loss=0.508024 (829ms)
  step 2/295: loss=0.503803 (812ms)
  step 100/295: loss=0.507314 (821ms)
  step 200/295: loss=0.508363 (806ms)
Epoch 74/80: loss=0.509568 lr=0.000020 (244928ms)
  step 0/295: loss=0.509009 (827ms)
  step 1/295: loss=0.506084 (823ms)
  step 2/295: loss=0.504151 (833ms)
  step 100/295: loss=0.505777 (810ms)
  step 200/295: loss=0.508559 (830ms)
Epoch 75/80: loss=0.509064 lr=0.000015 (246060ms)
  step 0/295: loss=0.504824 (796ms)
  step 1/295: loss=0.509067 (812ms)
  step 2/295: loss=0.506251 (807ms)
  step 100/295: loss=0.532613 (821ms)
  step 200/295: loss=0.503463 (802ms)
Epoch 76/80: loss=0.508886 lr=0.000010 (245720ms)
  step 0/295: loss=0.503980 (824ms)
  step 1/295: loss=0.506617 (833ms)
  step 2/295: loss=0.507455 (827ms)
  step 100/295: loss=0.512250 (817ms)
  step 200/295: loss=0.508706 (823ms)
Epoch 77/80: loss=0.508305 lr=0.000007 (245368ms)
  step 0/295: loss=0.505807 (819ms)
  step 1/295: loss=0.508662 (805ms)
  step 2/295: loss=0.508166 (845ms)
  step 100/295: loss=0.504711 (808ms)
  step 200/295: loss=0.506059 (819ms)
Epoch 78/80: loss=0.508701 lr=0.000004 (245358ms)
  step 0/295: loss=0.506798 (829ms)
  step 1/295: loss=0.505902 (808ms)
  step 2/295: loss=0.506291 (827ms)
  step 100/295: loss=0.504049 (829ms)
  step 200/295: loss=0.505843 (816ms)
Epoch 79/80: loss=0.508707 lr=0.000002 (246080ms)
  step 0/295: loss=0.507936 (808ms)
  step 1/295: loss=0.504833 (814ms)
  step 2/295: loss=0.511278 (813ms)
  step 100/295: loss=0.508110 (821ms)
  step 200/295: loss=0.507920 (822ms)
Epoch 80/80: loss=0.508550 lr=0.000000 (245722ms)
  val accuracy (running BN): 3376/3904 = 86.475410%
Saved params + BN stats.
