MobileNet V4-Medium: 4124426 params
Generating train step MLIR...
  731909 chars
Compiling vmfbs...
  forward compiled
  eval forward compiled
  train step compiled
  session loaded
  train: 9469 images (256×256)
  4124426 params + m + v (47 MB)
training: 295 batches/epoch, batch=32, Adam, lr=0.001000, cosine, wd=1e-4
  BN layers: 52, BN stat floats: 42592
  step 0/295: loss=2.365122 (530ms)
  step 1/295: loss=2.566470 (498ms)
  step 2/295: loss=2.428328 (505ms)
  step 100/295: loss=2.112630 (494ms)
  step 200/295: loss=1.738036 (510ms)
Epoch 1/80: loss=1.943876 lr=0.000333 (151851ms)
  step 0/295: loss=1.778027 (498ms)
  step 1/295: loss=1.422379 (500ms)
  step 2/295: loss=1.550278 (495ms)
  step 100/295: loss=1.570610 (509ms)
  step 200/295: loss=1.517742 (511ms)
Epoch 2/80: loss=1.685639 lr=0.000667 (152560ms)
  step 0/295: loss=1.565448 (508ms)
  step 1/295: loss=2.175700 (496ms)
  step 2/295: loss=1.654809 (498ms)
  step 100/295: loss=1.540039 (504ms)
  step 200/295: loss=1.297496 (504ms)
Epoch 3/80: loss=1.522422 lr=0.001000 (153214ms)
  step 0/295: loss=1.428424 (505ms)
  step 1/295: loss=1.125341 (493ms)
  step 2/295: loss=1.497846 (488ms)
  step 100/295: loss=1.423881 (507ms)
  step 200/295: loss=1.365541 (505ms)
Epoch 4/80: loss=1.361743 lr=0.001000 (153723ms)
  step 0/295: loss=1.262052 (515ms)
  step 1/295: loss=1.410264 (528ms)
  step 2/295: loss=1.199336 (509ms)
  step 100/295: loss=1.419975 (501ms)
  step 200/295: loss=1.210785 (507ms)
Epoch 5/80: loss=1.261433 lr=0.001000 (153871ms)
  step 0/295: loss=1.111233 (484ms)
  step 1/295: loss=1.104291 (506ms)
  step 2/295: loss=1.099372 (519ms)
  step 100/295: loss=1.259633 (515ms)
  step 200/295: loss=1.539153 (504ms)
Epoch 6/80: loss=1.181054 lr=0.000998 (153994ms)
  step 0/295: loss=1.049162 (506ms)
  step 1/295: loss=1.214669 (512ms)
  step 2/295: loss=1.241797 (510ms)
  step 100/295: loss=1.228577 (516ms)
  step 200/295: loss=1.115203 (510ms)
Epoch 7/80: loss=1.135407 lr=0.000996 (153924ms)
  step 0/295: loss=0.978308 (513ms)
  step 1/295: loss=1.225725 (512ms)
  step 2/295: loss=1.459219 (519ms)
  step 100/295: loss=1.109329 (507ms)
  step 200/295: loss=1.110251 (507ms)
Epoch 8/80: loss=1.083863 lr=0.000993 (154111ms)
  step 0/295: loss=0.938581 (498ms)
  step 1/295: loss=0.879263 (509ms)
  step 2/295: loss=0.985286 (500ms)
  step 100/295: loss=0.991026 (520ms)
  step 200/295: loss=1.200812 (516ms)
Epoch 9/80: loss=1.042181 lr=0.000990 (154323ms)
  step 0/295: loss=0.919989 (511ms)
  step 1/295: loss=0.895209 (510ms)
  step 2/295: loss=0.757693 (518ms)
  step 100/295: loss=0.995558 (494ms)
  step 200/295: loss=0.910930 (510ms)
Epoch 10/80: loss=1.012544 lr=0.000985 (154133ms)
  val accuracy (running BN): 2928/3904 = 75.000000%
  step 0/295: loss=1.051202 (498ms)
  step 1/295: loss=0.778902 (509ms)
  step 2/295: loss=0.926839 (499ms)
  step 100/295: loss=1.248502 (517ms)
  step 200/295: loss=0.869326 (489ms)
Epoch 11/80: loss=0.969369 lr=0.000980 (153657ms)
  step 0/295: loss=1.065860 (515ms)
  step 1/295: loss=0.770043 (511ms)
  step 2/295: loss=0.881243 (510ms)
  step 100/295: loss=0.946979 (508ms)
  step 200/295: loss=0.825330 (511ms)
Epoch 12/80: loss=0.933724 lr=0.000974 (153798ms)
  step 0/295: loss=1.119187 (511ms)
  step 1/295: loss=0.870927 (492ms)
  step 2/295: loss=1.058225 (510ms)
  step 100/295: loss=0.882168 (501ms)
  step 200/295: loss=1.041626 (508ms)
Epoch 13/80: loss=0.900619 lr=0.000967 (153904ms)
  step 0/295: loss=0.875620 (509ms)
  step 1/295: loss=0.869193 (492ms)
  step 2/295: loss=0.791127 (495ms)
  step 100/295: loss=0.813125 (511ms)
  step 200/295: loss=0.859842 (500ms)
Epoch 14/80: loss=0.873323 lr=0.000959 (153942ms)
  step 0/295: loss=0.867769 (484ms)
  step 1/295: loss=0.852502 (514ms)
  step 2/295: loss=0.716520 (510ms)
  step 100/295: loss=0.753590 (498ms)
  step 200/295: loss=0.880874 (513ms)
Epoch 15/80: loss=0.837843 lr=0.000950 (153798ms)
  step 0/295: loss=1.019793 (516ms)
  step 1/295: loss=0.793053 (515ms)
  step 2/295: loss=0.718886 (507ms)
  step 100/295: loss=0.754872 (505ms)
  step 200/295: loss=0.721047 (510ms)
Epoch 16/80: loss=0.816181 lr=0.000941 (154252ms)
  step 0/295: loss=0.789176 (513ms)
  step 1/295: loss=0.809267 (510ms)
  step 2/295: loss=0.829735 (510ms)
  step 100/295: loss=0.663499 (512ms)
  step 200/295: loss=0.709821 (513ms)
Epoch 17/80: loss=0.789447 lr=0.000931 (154637ms)
  step 0/295: loss=0.700666 (508ms)
  step 1/295: loss=0.588843 (500ms)
  step 2/295: loss=0.788466 (491ms)
  step 100/295: loss=0.784151 (518ms)
  step 200/295: loss=0.731085 (502ms)
Epoch 18/80: loss=0.767210 lr=0.000921 (154364ms)
  step 0/295: loss=0.707583 (514ms)
  step 1/295: loss=0.662070 (505ms)
  step 2/295: loss=0.822848 (512ms)
  step 100/295: loss=0.721686 (521ms)
  step 200/295: loss=0.786601 (498ms)
Epoch 19/80: loss=0.749183 lr=0.000909 (154531ms)
  step 0/295: loss=0.714749 (516ms)
  step 1/295: loss=0.730449 (517ms)
  step 2/295: loss=0.796707 (518ms)
  step 100/295: loss=0.655103 (500ms)
  step 200/295: loss=0.674797 (517ms)
Epoch 20/80: loss=0.714702 lr=0.000897 (154596ms)
  val accuracy (running BN): 3091/3904 = 79.175205%
  step 0/295: loss=0.650143 (500ms)
  step 1/295: loss=0.644252 (508ms)
  step 2/295: loss=0.637444 (498ms)
  step 100/295: loss=0.669383 (513ms)
  step 200/295: loss=0.727171 (517ms)
Epoch 21/80: loss=0.704672 lr=0.000884 (153281ms)
  step 0/295: loss=0.655752 (503ms)
  step 1/295: loss=0.758209 (514ms)
  step 2/295: loss=0.681056 (517ms)
  step 100/295: loss=0.833195 (502ms)
  step 200/295: loss=0.675953 (509ms)
Epoch 22/80: loss=0.690139 lr=0.000871 (153518ms)
  step 0/295: loss=0.728861 (508ms)
  step 1/295: loss=0.574768 (505ms)
  step 2/295: loss=0.628299 (517ms)
  step 100/295: loss=0.741103 (522ms)
  step 200/295: loss=0.706512 (509ms)
Epoch 23/80: loss=0.673990 lr=0.000857 (154014ms)
  step 0/295: loss=0.753618 (519ms)
  step 1/295: loss=0.683516 (503ms)
  step 2/295: loss=0.557334 (515ms)
  step 100/295: loss=0.774687 (519ms)
  step 200/295: loss=0.766475 (512ms)
Epoch 24/80: loss=0.664578 lr=0.000843 (153979ms)
  step 0/295: loss=0.643720 (517ms)
  step 1/295: loss=0.607986 (515ms)
  step 2/295: loss=0.731483 (511ms)
  step 100/295: loss=0.688730 (512ms)
  step 200/295: loss=0.670692 (512ms)
Epoch 25/80: loss=0.642811 lr=0.000827 (154282ms)
  step 0/295: loss=0.634642 (504ms)
  step 1/295: loss=0.603553 (502ms)
  step 2/295: loss=0.599382 (510ms)
  step 100/295: loss=0.548731 (511ms)
  step 200/295: loss=0.670245 (512ms)
Epoch 26/80: loss=0.623152 lr=0.000812 (153989ms)
  step 0/295: loss=0.698905 (520ms)
  step 1/295: loss=0.698509 (511ms)
  step 2/295: loss=0.609248 (486ms)
  step 100/295: loss=0.593371 (507ms)
  step 200/295: loss=0.663720 (516ms)
Epoch 27/80: loss=0.632252 lr=0.000796 (154234ms)
  step 0/295: loss=0.622233 (515ms)
  step 1/295: loss=0.572202 (502ms)
  step 2/295: loss=0.596283 (507ms)
  step 100/295: loss=0.585309 (504ms)
  step 200/295: loss=0.694378 (514ms)
Epoch 28/80: loss=0.608996 lr=0.000779 (154252ms)
  step 0/295: loss=0.783841 (514ms)
  step 1/295: loss=0.698718 (512ms)
  step 2/295: loss=0.595664 (516ms)
  step 100/295: loss=0.588285 (502ms)
  step 200/295: loss=0.620185 (502ms)
Epoch 29/80: loss=0.609100 lr=0.000762 (153878ms)
  step 0/295: loss=0.562010 (492ms)
  step 1/295: loss=0.612480 (505ms)
  step 2/295: loss=0.618837 (515ms)
  step 100/295: loss=0.539940 (490ms)
  step 200/295: loss=0.755629 (494ms)
Epoch 30/80: loss=0.605408 lr=0.000744 (154072ms)
  val accuracy (running BN): 3210/3904 = 82.223361%
  step 0/295: loss=0.652176 (511ms)
  step 1/295: loss=0.675691 (501ms)
  step 2/295: loss=0.560687 (511ms)
  step 100/295: loss=0.712518 (511ms)
  step 200/295: loss=0.581467 (509ms)
Epoch 31/80: loss=0.603413 lr=0.000726 (153237ms)
  step 0/295: loss=0.551374 (516ms)
  step 1/295: loss=0.586977 (517ms)
  step 2/295: loss=0.568169 (496ms)
  step 100/295: loss=0.531815 (497ms)
  step 200/295: loss=0.559573 (511ms)
Epoch 32/80: loss=0.582941 lr=0.000708 (154048ms)
  step 0/295: loss=0.533679 (493ms)
  step 1/295: loss=0.581978 (499ms)
  step 2/295: loss=0.543322 (512ms)
  step 100/295: loss=0.564182 (489ms)
  step 200/295: loss=0.596375 (509ms)
Epoch 33/80: loss=0.581328 lr=0.000689 (154108ms)
  step 0/295: loss=0.517339 (513ms)
  step 1/295: loss=0.575486 (494ms)
  step 2/295: loss=0.528945 (489ms)
  step 100/295: loss=0.518883 (505ms)
  step 200/295: loss=0.575357 (519ms)
Epoch 34/80: loss=0.569623 lr=0.000670 (154101ms)
  step 0/295: loss=0.538769 (503ms)
  step 1/295: loss=0.614825 (510ms)
  step 2/295: loss=0.526413 (517ms)
  step 100/295: loss=0.677989 (507ms)
  step 200/295: loss=0.564994 (517ms)
Epoch 35/80: loss=0.574220 lr=0.000651 (154266ms)
  step 0/295: loss=0.535243 (515ms)
  step 1/295: loss=0.635612 (512ms)
  step 2/295: loss=0.637387 (499ms)
  step 100/295: loss=0.521274 (499ms)
  step 200/295: loss=0.525232 (496ms)
Epoch 36/80: loss=0.561464 lr=0.000631 (154478ms)
  step 0/295: loss=0.567726 (525ms)
  step 1/295: loss=0.521204 (501ms)
  step 2/295: loss=0.523499 (506ms)
  step 100/295: loss=0.536909 (500ms)
  step 200/295: loss=0.525095 (518ms)
Epoch 37/80: loss=0.557346 lr=0.000611 (154255ms)
  step 0/295: loss=0.547251 (510ms)
  step 1/295: loss=0.568473 (511ms)
  step 2/295: loss=0.601797 (513ms)
  step 100/295: loss=0.561092 (520ms)
  step 200/295: loss=0.512061 (512ms)
Epoch 38/80: loss=0.560384 lr=0.000591 (154117ms)
  step 0/295: loss=0.526553 (505ms)
  step 1/295: loss=0.560457 (515ms)
  step 2/295: loss=0.530134 (515ms)
  step 100/295: loss=0.515506 (523ms)
  step 200/295: loss=0.557359 (515ms)
Epoch 39/80: loss=0.555237 lr=0.000571 (154163ms)
  step 0/295: loss=0.549058 (517ms)
  step 1/295: loss=0.550470 (507ms)
  step 2/295: loss=0.525416 (517ms)
  step 100/295: loss=0.571327 (510ms)
  step 200/295: loss=0.513127 (517ms)
Epoch 40/80: loss=0.549215 lr=0.000551 (154234ms)
  val accuracy (running BN): 3220/3904 = 82.479508%
  step 0/295: loss=0.537762 (518ms)
  step 1/295: loss=0.528609 (520ms)
  step 2/295: loss=0.519550 (513ms)
  step 100/295: loss=0.551211 (506ms)
  step 200/295: loss=0.516168 (517ms)
Epoch 41/80: loss=0.543136 lr=0.000531 (153791ms)
  step 0/295: loss=0.537026 (503ms)
  step 1/295: loss=0.513109 (511ms)
  step 2/295: loss=0.547945 (492ms)
  step 100/295: loss=0.538804 (493ms)
  step 200/295: loss=0.518955 (493ms)
Epoch 42/80: loss=0.542554 lr=0.000510 (153972ms)
  step 0/295: loss=0.535374 (507ms)
  step 1/295: loss=0.518183 (518ms)
  step 2/295: loss=0.529980 (494ms)
  step 100/295: loss=0.511508 (513ms)
  step 200/295: loss=0.513424 (514ms)
Epoch 43/80: loss=0.536364 lr=0.000490 (153704ms)
  step 0/295: loss=0.513044 (512ms)
  step 1/295: loss=0.544808 (517ms)
  step 2/295: loss=0.509499 (499ms)
  step 100/295: loss=0.513460 (515ms)
  step 200/295: loss=0.511928 (518ms)
Epoch 44/80: loss=0.534683 lr=0.000469 (154352ms)
  step 0/295: loss=0.519795 (525ms)
  step 1/295: loss=0.514492 (518ms)
  step 2/295: loss=0.517740 (504ms)
  step 100/295: loss=0.511331 (514ms)
  step 200/295: loss=0.516627 (522ms)
Epoch 45/80: loss=0.530211 lr=0.000449 (154384ms)
  step 0/295: loss=0.546240 (513ms)
  step 1/295: loss=0.512772 (519ms)
  step 2/295: loss=0.510167 (524ms)
  step 100/295: loss=0.539224 (511ms)
  step 200/295: loss=0.602477 (518ms)
Epoch 46/80: loss=0.531278 lr=0.000429 (154599ms)
  step 0/295: loss=0.511474 (521ms)
  step 1/295: loss=0.520763 (516ms)
  step 2/295: loss=0.515660 (507ms)
  step 100/295: loss=0.539874 (515ms)
  step 200/295: loss=0.509420 (513ms)
Epoch 47/80: loss=0.526543 lr=0.000409 (154466ms)
  step 0/295: loss=0.530382 (509ms)
  step 1/295: loss=0.550602 (509ms)
  step 2/295: loss=0.508418 (515ms)
  step 100/295: loss=0.506639 (518ms)
  step 200/295: loss=0.537309 (509ms)
Epoch 48/80: loss=0.524886 lr=0.000389 (154093ms)
  step 0/295: loss=0.555405 (501ms)
  step 1/295: loss=0.506847 (503ms)
  step 2/295: loss=0.511907 (519ms)
  step 100/295: loss=0.522831 (519ms)
  step 200/295: loss=0.509459 (511ms)
Epoch 49/80: loss=0.524825 lr=0.000369 (154604ms)
  step 0/295: loss=0.508939 (506ms)
  step 1/295: loss=0.511917 (524ms)
  step 2/295: loss=0.524076 (513ms)
  step 100/295: loss=0.507134 (519ms)
  step 200/295: loss=0.561104 (495ms)
Epoch 50/80: loss=0.523886 lr=0.000349 (154304ms)
  val accuracy (running BN): 3246/3904 = 83.145492%
  step 0/295: loss=0.508659 (495ms)
  step 1/295: loss=0.520461 (503ms)
  step 2/295: loss=0.513721 (509ms)
  step 100/295: loss=0.510778 (503ms)
  step 200/295: loss=0.539288 (500ms)
Epoch 51/80: loss=0.522745 lr=0.000330 (153558ms)
  step 0/295: loss=0.508911 (510ms)
  step 1/295: loss=0.539442 (504ms)
  step 2/295: loss=0.507087 (505ms)
  step 100/295: loss=0.508525 (514ms)
  step 200/295: loss=0.511352 (518ms)
Epoch 52/80: loss=0.519053 lr=0.000311 (154206ms)
  step 0/295: loss=0.507350 (516ms)
  step 1/295: loss=0.512390 (491ms)
  step 2/295: loss=0.519586 (496ms)
  step 100/295: loss=0.534282 (523ms)
  step 200/295: loss=0.505522 (516ms)
Epoch 53/80: loss=0.520879 lr=0.000292 (154328ms)
  step 0/295: loss=0.513099 (520ms)
  step 1/295: loss=0.507936 (515ms)
  step 2/295: loss=0.508134 (514ms)
  step 100/295: loss=0.504036 (519ms)
  step 200/295: loss=0.506661 (514ms)
Epoch 54/80: loss=0.514544 lr=0.000274 (154265ms)
  step 0/295: loss=0.505467 (515ms)
  step 1/295: loss=0.510731 (520ms)
  step 2/295: loss=0.504598 (507ms)
  step 100/295: loss=0.503683 (518ms)
  step 200/295: loss=0.507259 (514ms)
Epoch 55/80: loss=0.513843 lr=0.000256 (155244ms)
  step 0/295: loss=0.507740 (514ms)
  step 1/295: loss=0.508913 (500ms)
  step 2/295: loss=0.503981 (510ms)
  step 100/295: loss=0.508275 (518ms)
  step 200/295: loss=0.504191 (496ms)
Epoch 56/80: loss=0.512708 lr=0.000238 (153999ms)
  step 0/295: loss=0.505198 (516ms)
  step 1/295: loss=0.504300 (509ms)
  step 2/295: loss=0.503877 (528ms)
  step 100/295: loss=0.543537 (511ms)
  step 200/295: loss=0.503862 (517ms)
Epoch 57/80: loss=0.513533 lr=0.000221 (154494ms)
  step 0/295: loss=0.538508 (525ms)
  step 1/295: loss=0.503923 (510ms)
  step 2/295: loss=0.508749 (512ms)
  step 100/295: loss=0.513177 (509ms)
  step 200/295: loss=0.507825 (508ms)
Epoch 58/80: loss=0.511264 lr=0.000204 (154307ms)
  step 0/295: loss=0.502994 (510ms)
  step 1/295: loss=0.508329 (516ms)
  step 2/295: loss=0.517910 (512ms)
  step 100/295: loss=0.505005 (493ms)
  step 200/295: loss=0.507522 (515ms)
Epoch 59/80: loss=0.509438 lr=0.000188 (154259ms)
  step 0/295: loss=0.505658 (515ms)
  step 1/295: loss=0.513347 (490ms)
  step 2/295: loss=0.529155 (510ms)
  step 100/295: loss=0.505553 (501ms)
  step 200/295: loss=0.503789 (501ms)
Epoch 60/80: loss=0.510762 lr=0.000173 (154368ms)
  val accuracy (running BN): 3296/3904 = 84.426230%
  step 0/295: loss=0.525324 (509ms)
  step 1/295: loss=0.502972 (497ms)
  step 2/295: loss=0.505229 (506ms)
  step 100/295: loss=0.503137 (507ms)
  step 200/295: loss=0.536677 (527ms)
Epoch 61/80: loss=0.509086 lr=0.000157 (153311ms)
  step 0/295: loss=0.504438 (502ms)
  step 1/295: loss=0.503236 (483ms)
  step 2/295: loss=0.503479 (509ms)
  step 100/295: loss=0.503409 (511ms)
  step 200/295: loss=0.539515 (516ms)
Epoch 62/80: loss=0.508170 lr=0.000143 (153696ms)
  step 0/295: loss=0.505357 (513ms)
  step 1/295: loss=0.504710 (502ms)
  step 2/295: loss=0.505066 (486ms)
  step 100/295: loss=0.505979 (494ms)
  step 200/295: loss=0.503688 (498ms)
Epoch 63/80: loss=0.506676 lr=0.000129 (154055ms)
  step 0/295: loss=0.504001 (513ms)
  step 1/295: loss=0.508640 (502ms)
  step 2/295: loss=0.507334 (512ms)
  step 100/295: loss=0.504734 (509ms)
  step 200/295: loss=0.504341 (513ms)
Epoch 64/80: loss=0.506684 lr=0.000116 (153948ms)
  step 0/295: loss=0.503901 (515ms)
  step 1/295: loss=0.502948 (512ms)
  step 2/295: loss=0.514024 (516ms)
  step 100/295: loss=0.504982 (520ms)
  step 200/295: loss=0.504836 (518ms)
Epoch 65/80: loss=0.506070 lr=0.000103 (153946ms)
  step 0/295: loss=0.503182 (510ms)
  step 1/295: loss=0.504129 (512ms)
  step 2/295: loss=0.504279 (511ms)
  step 100/295: loss=0.502682 (488ms)
  step 200/295: loss=0.502580 (517ms)
Epoch 66/80: loss=0.506196 lr=0.000091 (153870ms)
  step 0/295: loss=0.502453 (513ms)
  step 1/295: loss=0.508613 (514ms)
  step 2/295: loss=0.506756 (508ms)
  step 100/295: loss=0.506793 (516ms)
  step 200/295: loss=0.505343 (505ms)
Epoch 67/80: loss=0.506019 lr=0.000079 (153680ms)
  step 0/295: loss=0.505421 (508ms)
  step 1/295: loss=0.601189 (521ms)
  step 2/295: loss=0.506126 (501ms)
  step 100/295: loss=0.503688 (512ms)
  step 200/295: loss=0.502444 (522ms)
Epoch 68/80: loss=0.505855 lr=0.000069 (154065ms)
  step 0/295: loss=0.505043 (513ms)
  step 1/295: loss=0.505121 (511ms)
  step 2/295: loss=0.502804 (498ms)
  step 100/295: loss=0.502523 (498ms)
  step 200/295: loss=0.504929 (525ms)
Epoch 69/80: loss=0.505926 lr=0.000059 (154034ms)
  step 0/295: loss=0.503224 (505ms)
  step 1/295: loss=0.502998 (488ms)
  step 2/295: loss=0.503974 (510ms)
  step 100/295: loss=0.507482 (505ms)
  step 200/295: loss=0.502915 (508ms)
Epoch 70/80: loss=0.504374 lr=0.000050 (153940ms)
  val accuracy (running BN): 3312/3904 = 84.836066%
  step 0/295: loss=0.501869 (494ms)
  step 1/295: loss=0.502866 (509ms)
  step 2/295: loss=0.504044 (508ms)
  step 100/295: loss=0.504529 (484ms)
  step 200/295: loss=0.502035 (510ms)
Epoch 71/80: loss=0.505192 lr=0.000041 (153679ms)
  step 0/295: loss=0.501942 (503ms)
  step 1/295: loss=0.508875 (497ms)
  step 2/295: loss=0.503462 (497ms)
  step 100/295: loss=0.506753 (486ms)
  step 200/295: loss=0.504905 (510ms)
Epoch 72/80: loss=0.504637 lr=0.000033 (154256ms)
  step 0/295: loss=0.503887 (515ms)
  step 1/295: loss=0.510115 (515ms)
  step 2/295: loss=0.502538 (512ms)
  step 100/295: loss=0.502389 (514ms)
  step 200/295: loss=0.502267 (515ms)
Epoch 73/80: loss=0.504906 lr=0.000026 (153923ms)
  step 0/295: loss=0.502005 (519ms)
  step 1/295: loss=0.536082 (512ms)
  step 2/295: loss=0.501563 (512ms)
  step 100/295: loss=0.501915 (512ms)
  step 200/295: loss=0.503317 (519ms)
Epoch 74/80: loss=0.504393 lr=0.000020 (153972ms)
  step 0/295: loss=0.503045 (502ms)
  step 1/295: loss=0.501874 (503ms)
  step 2/295: loss=0.502789 (516ms)
  step 100/295: loss=0.502353 (517ms)
  step 200/295: loss=0.502449 (503ms)
Epoch 75/80: loss=0.504434 lr=0.000015 (154008ms)
  step 0/295: loss=0.504783 (510ms)
  step 1/295: loss=0.505933 (511ms)
  step 2/295: loss=0.502233 (508ms)
  step 100/295: loss=0.533707 (517ms)
  step 200/295: loss=0.502267 (514ms)
Epoch 76/80: loss=0.504045 lr=0.000010 (153800ms)
  step 0/295: loss=0.502138 (514ms)
  step 1/295: loss=0.503172 (505ms)
  step 2/295: loss=0.503704 (513ms)
  step 100/295: loss=0.504118 (514ms)
  step 200/295: loss=0.502163 (520ms)
Epoch 77/80: loss=0.503941 lr=0.000007 (154084ms)
  step 0/295: loss=0.529664 (517ms)
  step 1/295: loss=0.503526 (508ms)
  step 2/295: loss=0.503697 (502ms)
  step 100/295: loss=0.502096 (511ms)
  step 200/295: loss=0.503392 (503ms)
Epoch 78/80: loss=0.503886 lr=0.000004 (153796ms)
  step 0/295: loss=0.501571 (517ms)
  step 1/295: loss=0.503572 (509ms)
  step 2/295: loss=0.502155 (519ms)
  step 100/295: loss=0.501751 (506ms)
  step 200/295: loss=0.508503 (514ms)
Epoch 79/80: loss=0.504290 lr=0.000002 (154063ms)
  step 0/295: loss=0.503774 (516ms)
  step 1/295: loss=0.501655 (513ms)
  step 2/295: loss=0.503258 (520ms)
  step 100/295: loss=0.502629 (505ms)
  step 200/295: loss=0.502299 (508ms)
Epoch 80/80: loss=0.504152 lr=0.000000 (153959ms)
  val accuracy (running BN): 3302/3904 = 84.579918%
Saved params + BN stats.
