step 1
step 2: load IREE session
  creating session...
  session loaded (104ms)
step 3: load data from data/imagenette
  train: 9469 images (1861681152 floats, 256×256)
  loaded (3479ms)
step 4: init params
  21289802 params + 21289802 velocity (162 MB)
step 5: training (591 batches/epoch, batch=16, BN, momentum=0.9, label_smooth=0.1, wd=5e-4)
  step 0/591: loss=3.351530 (759ms)
  step 1/591: loss=3.621329 (748ms)
  step 2/591: loss=3.175227 (760ms)
  step 100/591: loss=2.160631 (690ms)
  step 200/591: loss=2.234428 (709ms)
  step 300/591: loss=1.689271 (704ms)
  step 400/591: loss=1.996052 (724ms)
  step 500/591: loss=1.527465 (720ms)
Epoch 1/80: loss=1.986314 lr=0.002000 (430874ms)
  step 0/591: loss=1.514976 (727ms)
  step 1/591: loss=1.822840 (708ms)
  step 2/591: loss=1.443445 (714ms)
  step 100/591: loss=1.623269 (702ms)
  step 200/591: loss=2.098243 (702ms)
  step 300/591: loss=1.659079 (724ms)
  step 400/591: loss=1.719114 (710ms)
  step 500/591: loss=1.531690 (710ms)
Epoch 2/80: loss=1.600549 lr=0.001975 (433614ms)
  step 0/591: loss=1.598288 (725ms)
  step 1/591: loss=1.228767 (731ms)
  step 2/591: loss=1.799472 (717ms)
  step 100/591: loss=1.267273 (708ms)
  step 200/591: loss=1.462349 (707ms)
  step 300/591: loss=1.345969 (725ms)
  step 400/591: loss=1.030279 (721ms)
  step 500/591: loss=1.331880 (720ms)
Epoch 3/80: loss=1.386713 lr=0.001950 (432741ms)
  step 0/591: loss=1.833299 (730ms)
  step 1/591: loss=1.163959 (715ms)
  step 2/591: loss=1.333619 (727ms)
  step 100/591: loss=1.184246 (692ms)
  step 200/591: loss=1.274096 (697ms)
  step 300/591: loss=1.039541 (701ms)
  step 400/591: loss=1.294844 (728ms)
  step 500/591: loss=1.455263 (704ms)
Epoch 4/80: loss=1.303748 lr=0.001925 (431629ms)
  step 0/591: loss=1.322320 (756ms)
  step 1/591: loss=0.981060 (709ms)
  step 2/591: loss=1.722253 (715ms)
  step 100/591: loss=0.904236 (724ms)
  step 200/591: loss=1.551620 (712ms)
  step 300/591: loss=1.609327 (709ms)
  step 400/591: loss=1.025159 (702ms)
  step 500/591: loss=1.204636 (685ms)
Epoch 5/80: loss=1.217578 lr=0.001900 (431901ms)
  step 0/591: loss=1.019562 (739ms)
  step 1/591: loss=1.191973 (716ms)
  step 2/591: loss=1.063127 (722ms)
  step 100/591: loss=1.343076 (707ms)
  step 200/591: loss=0.893703 (706ms)
  step 300/591: loss=1.323650 (711ms)
  step 400/591: loss=1.302985 (700ms)
  step 500/591: loss=1.352700 (704ms)
Epoch 6/80: loss=1.142760 lr=0.001875 (432588ms)
  step 0/591: loss=1.424445 (710ms)
  step 1/591: loss=0.843505 (720ms)
  step 2/591: loss=1.378592 (716ms)
  step 100/591: loss=0.985202 (701ms)
  step 200/591: loss=1.323113 (711ms)
  step 300/591: loss=1.403218 (714ms)
  step 400/591: loss=1.051930 (709ms)
  step 500/591: loss=1.152563 (716ms)
Epoch 7/80: loss=1.101725 lr=0.001850 (432464ms)
  step 0/591: loss=0.956573 (715ms)
  step 1/591: loss=0.807168 (706ms)
  step 2/591: loss=1.188952 (706ms)
  step 100/591: loss=0.917171 (726ms)
  step 200/591: loss=1.046659 (724ms)
  step 300/591: loss=1.074294 (721ms)
  step 400/591: loss=0.981446 (721ms)
  step 500/591: loss=1.005394 (723ms)
Epoch 8/80: loss=1.057310 lr=0.001825 (432270ms)
  step 0/591: loss=1.306165 (720ms)
  step 1/591: loss=1.184430 (719ms)
  step 2/591: loss=0.983742 (699ms)
  step 100/591: loss=1.231397 (721ms)
  step 200/591: loss=0.881919 (715ms)
  step 300/591: loss=1.041412 (709ms)
  step 400/591: loss=1.403435 (710ms)
  step 500/591: loss=1.071725 (703ms)
Epoch 9/80: loss=1.029860 lr=0.001800 (431881ms)
  step 0/591: loss=1.081598 (739ms)
  step 1/591: loss=0.895553 (715ms)
  step 2/591: loss=1.008497 (714ms)
  step 100/591: loss=0.868934 (712ms)
  step 200/591: loss=1.366147 (693ms)
  step 300/591: loss=1.167951 (702ms)
  step 400/591: loss=0.983994 (708ms)
  step 500/591: loss=0.831777 (715ms)
Epoch 10/80: loss=1.001462 lr=0.001775 (432927ms)
  val accuracy: 963/3920 = 24.566327%
  step 0/591: loss=0.788940 (718ms)
  step 1/591: loss=1.356565 (699ms)
  step 2/591: loss=0.729501 (720ms)
  step 100/591: loss=1.062912 (712ms)
  step 200/591: loss=1.527355 (694ms)
  step 300/591: loss=0.916610 (695ms)
  step 400/591: loss=0.881612 (714ms)
  step 500/591: loss=1.371054 (704ms)
Epoch 11/80: loss=0.966789 lr=0.001750 (430276ms)
  step 0/591: loss=0.812758 (716ms)
  step 1/591: loss=1.075968 (702ms)
  step 2/591: loss=0.909084 (699ms)
  step 100/591: loss=1.016802 (722ms)
  step 200/591: loss=0.868318 (712ms)
  step 300/591: loss=1.378885 (715ms)
  step 400/591: loss=0.828887 (710ms)
  step 500/591: loss=0.864912 (724ms)
Epoch 12/80: loss=0.924719 lr=0.001725 (431765ms)
  step 0/591: loss=1.167429 (718ms)
  step 1/591: loss=0.958918 (695ms)
  step 2/591: loss=0.987922 (698ms)
  step 100/591: loss=1.001862 (719ms)
  step 200/591: loss=0.759329 (701ms)
  step 300/591: loss=1.067593 (705ms)
  step 400/591: loss=0.996284 (718ms)
  step 500/591: loss=0.834592 (713ms)
Epoch 13/80: loss=0.912231 lr=0.001700 (431158ms)
  step 0/591: loss=0.869647 (719ms)
  step 1/591: loss=0.757594 (714ms)
  step 2/591: loss=0.724871 (716ms)
  step 100/591: loss=1.261104 (710ms)
  step 200/591: loss=0.959509 (709ms)
  step 300/591: loss=0.806854 (714ms)
  step 400/591: loss=1.054092 (707ms)
  step 500/591: loss=0.774273 (717ms)
Epoch 14/80: loss=0.871980 lr=0.001675 (432686ms)
  step 0/591: loss=0.804399 (739ms)
  step 1/591: loss=0.779840 (702ms)
  step 2/591: loss=0.982354 (704ms)
  step 100/591: loss=0.897120 (716ms)
  step 200/591: loss=0.807319 (719ms)
  step 300/591: loss=0.764608 (716ms)
  step 400/591: loss=0.745835 (718ms)
  step 500/591: loss=0.671506 (709ms)
Epoch 15/80: loss=0.863523 lr=0.001650 (431931ms)
  step 0/591: loss=1.325902 (731ms)
  step 1/591: loss=0.745678 (706ms)
  step 2/591: loss=0.861428 (712ms)
  step 100/591: loss=1.086251 (711ms)
  step 200/591: loss=0.710122 (720ms)
  step 300/591: loss=0.824559 (716ms)
  step 400/591: loss=0.781360 (714ms)
  step 500/591: loss=0.902502 (713ms)
Epoch 16/80: loss=0.831256 lr=0.001625 (432580ms)
  step 0/591: loss=0.876514 (725ms)
  step 1/591: loss=0.688989 (712ms)
  step 2/591: loss=0.778367 (721ms)
  step 100/591: loss=0.829614 (722ms)
  step 200/591: loss=0.687476 (724ms)
  step 300/591: loss=0.778255 (708ms)
  step 400/591: loss=0.751394 (719ms)
  step 500/591: loss=0.668222 (725ms)
Epoch 17/80: loss=0.814718 lr=0.001600 (432481ms)
  step 0/591: loss=0.705785 (729ms)
  step 1/591: loss=0.852160 (710ms)
  step 2/591: loss=0.727620 (721ms)
  step 100/591: loss=0.838075 (708ms)
  step 200/591: loss=0.755532 (719ms)
  step 300/591: loss=0.648944 (707ms)
  step 400/591: loss=0.762332 (712ms)
  step 500/591: loss=0.748070 (712ms)
Epoch 18/80: loss=0.795370 lr=0.001575 (432399ms)
  step 0/591: loss=0.773968 (742ms)
  step 1/591: loss=0.808595 (722ms)
  step 2/591: loss=0.750440 (715ms)
  step 100/591: loss=0.629472 (712ms)
  step 200/591: loss=0.667536 (722ms)
  step 300/591: loss=0.942797 (699ms)
  step 400/591: loss=0.743851 (711ms)
  step 500/591: loss=0.744721 (726ms)
Epoch 19/80: loss=0.779329 lr=0.001550 (432589ms)
  step 0/591: loss=0.817592 (731ms)
  step 1/591: loss=0.693470 (726ms)
  step 2/591: loss=0.672050 (721ms)
  step 100/591: loss=0.646508 (708ms)
  step 200/591: loss=0.718517 (706ms)
  step 300/591: loss=0.653209 (713ms)
  step 400/591: loss=0.672125 (725ms)
  step 500/591: loss=0.821569 (710ms)
Epoch 20/80: loss=0.754704 lr=0.001525 (432647ms)
  val accuracy: 1040/3920 = 26.530612%
  step 0/591: loss=0.609238 (717ms)
  step 1/591: loss=0.708940 (697ms)
  step 2/591: loss=0.617731 (718ms)
  step 100/591: loss=0.895793 (713ms)
  step 200/591: loss=0.620570 (710ms)
  step 300/591: loss=0.644302 (708ms)
  step 400/591: loss=0.699522 (714ms)
  step 500/591: loss=0.754627 (718ms)
Epoch 21/80: loss=0.738365 lr=0.001500 (431131ms)
  step 0/591: loss=0.680081 (744ms)
  step 1/591: loss=0.732941 (715ms)
  step 2/591: loss=0.874221 (718ms)
  step 100/591: loss=0.873264 (711ms)
  step 200/591: loss=0.603130 (698ms)
  step 300/591: loss=0.841270 (708ms)
  step 400/591: loss=0.673901 (704ms)
  step 500/591: loss=0.630058 (723ms)
Epoch 22/80: loss=0.728642 lr=0.001475 (431751ms)
  step 0/591: loss=0.758913 (721ms)
  step 1/591: loss=0.699940 (705ms)
  step 2/591: loss=0.618356 (705ms)
  step 100/591: loss=0.685483 (700ms)
  step 200/591: loss=0.677077 (721ms)
  step 300/591: loss=0.715014 (717ms)
  step 400/591: loss=0.656501 (722ms)
  step 500/591: loss=0.896850 (738ms)
Epoch 23/80: loss=0.707552 lr=0.001450 (431671ms)
  step 0/591: loss=0.647769 (737ms)
  step 1/591: loss=0.686725 (715ms)
  step 2/591: loss=0.914741 (704ms)
  step 100/591: loss=0.927264 (721ms)
