ResNet-34: 21289802 params
Generating train step MLIR...
  517912 chars
Compiling vmfbs...
  forward compiled
  eval forward (fixed BN) compiled
  compiled
  session loaded
  train: 9469 images (256×256)
  21289802 params + m + v (243 MB)
training: 295 batches/epoch, batch=32, Adam, lr=0.001000, cosine, label_smooth=0.1, wd=1e-4
  BN layers: 36, BN stat floats: 17024
  step 0/295: loss=3.581499 (1478ms)
  step 1/295: loss=4.840736 (1553ms)
  step 2/295: loss=2.892358 (1440ms)
  step 100/295: loss=2.215860 (1359ms)
  step 200/295: loss=1.566532 (1418ms)
Epoch 1/80: loss=1.812683 lr=0.000333 (423692ms)
  step 0/295: loss=1.579412 (1433ms)
  step 1/295: loss=1.416196 (1422ms)
  step 2/295: loss=1.136843 (1414ms)
  step 100/295: loss=1.533190 (1410ms)
  step 200/295: loss=1.308549 (1411ms)
Epoch 2/80: loss=1.512727 lr=0.000667 (423510ms)
  step 0/295: loss=1.233691 (1404ms)
  step 1/295: loss=1.758291 (1409ms)
  step 2/295: loss=1.270558 (1388ms)
  step 100/295: loss=1.201028 (1414ms)
  step 200/295: loss=1.196952 (1416ms)
Epoch 3/80: loss=1.393462 lr=0.001000 (423488ms)
  step 0/295: loss=1.336747 (1421ms)
  step 1/295: loss=0.992534 (1401ms)
  step 2/295: loss=1.218045 (1400ms)
  step 100/295: loss=1.311529 (1402ms)
  step 200/295: loss=1.172731 (1415ms)
Epoch 4/80: loss=1.266066 lr=0.001000 (423226ms)
  step 0/295: loss=1.088150 (1422ms)
  step 1/295: loss=1.322619 (1403ms)
  step 2/295: loss=1.155361 (1398ms)
  step 100/295: loss=1.548189 (1407ms)
  step 200/295: loss=1.075141 (1416ms)
Epoch 5/80: loss=1.180034 lr=0.001000 (423832ms)
  step 0/295: loss=1.117389 (1424ms)
  step 1/295: loss=0.997030 (1409ms)
  step 2/295: loss=1.010600 (1423ms)
  step 100/295: loss=1.217677 (1390ms)
  step 200/295: loss=1.174460 (1426ms)
Epoch 6/80: loss=1.118000 lr=0.000998 (423748ms)
  step 0/295: loss=1.013851 (1390ms)
  step 1/295: loss=1.099757 (1390ms)
  step 2/295: loss=1.063534 (1412ms)
  step 100/295: loss=1.129100 (1418ms)
  step 200/295: loss=1.015124 (1403ms)
Epoch 7/80: loss=1.083919 lr=0.000996 (423852ms)
  step 0/295: loss=0.989828 (1421ms)
  step 1/295: loss=1.224578 (1408ms)
  step 2/295: loss=1.244712 (1416ms)
  step 100/295: loss=1.039014 (1416ms)
  step 200/295: loss=1.083543 (1418ms)
Epoch 8/80: loss=1.046569 lr=0.000993 (424278ms)
  step 0/295: loss=1.153549 (1407ms)
  step 1/295: loss=0.945737 (1423ms)
  step 2/295: loss=1.212983 (1402ms)
  step 100/295: loss=0.745184 (1427ms)
  step 200/295: loss=1.072515 (1418ms)
Epoch 9/80: loss=1.014544 lr=0.000990 (424143ms)
  step 0/295: loss=0.956909 (1402ms)
  step 1/295: loss=0.956990 (1395ms)
  step 2/295: loss=0.891102 (1415ms)
  step 100/295: loss=1.107090 (1405ms)
  step 200/295: loss=0.926939 (1426ms)
Epoch 10/80: loss=0.992648 lr=0.000985 (424268ms)
  val accuracy (running BN): 2957/3904 = 75.742828%
  step 0/295: loss=0.933174 (1416ms)
  step 1/295: loss=0.917994 (1421ms)
  step 2/295: loss=0.892593 (1410ms)
  step 100/295: loss=1.280877 (1414ms)
  step 200/295: loss=0.848400 (1387ms)
Epoch 11/80: loss=0.969945 lr=0.000980 (423579ms)
  step 0/295: loss=1.055158 (1409ms)
  step 1/295: loss=0.746130 (1396ms)
  step 2/295: loss=0.826172 (1420ms)
  step 100/295: loss=0.869388 (1405ms)
  step 200/295: loss=0.777239 (1412ms)
Epoch 12/80: loss=0.933652 lr=0.000974 (423832ms)
  step 0/295: loss=1.123892 (1386ms)
  step 1/295: loss=0.928961 (1412ms)
  step 2/295: loss=1.017023 (1409ms)
  step 100/295: loss=0.927719 (1406ms)
  step 200/295: loss=0.973046 (1401ms)
Epoch 13/80: loss=0.910196 lr=0.000967 (423489ms)
  step 0/295: loss=0.779780 (1401ms)
  step 1/295: loss=0.849171 (1412ms)
  step 2/295: loss=0.938545 (1405ms)
  step 100/295: loss=0.836451 (1402ms)
  step 200/295: loss=0.838528 (1408ms)
Epoch 14/80: loss=0.894008 lr=0.000959 (423195ms)
  step 0/295: loss=0.883484 (1416ms)
  step 1/295: loss=0.941875 (1405ms)
  step 2/295: loss=0.757225 (1419ms)
  step 100/295: loss=0.855569 (1434ms)
  step 200/295: loss=0.694265 (1427ms)
Epoch 15/80: loss=0.868668 lr=0.000950 (424607ms)
  step 0/295: loss=0.926647 (1407ms)
  step 1/295: loss=0.908538 (1416ms)
  step 2/295: loss=0.746006 (1400ms)
  step 100/295: loss=0.800214 (1415ms)
  step 200/295: loss=0.717006 (1414ms)
Epoch 16/80: loss=0.847076 lr=0.000941 (425272ms)
  step 0/295: loss=0.749029 (1389ms)
  step 1/295: loss=0.938264 (1419ms)
  step 2/295: loss=0.858710 (1426ms)
  step 100/295: loss=0.671308 (1435ms)
  step 200/295: loss=0.910009 (1422ms)
Epoch 17/80: loss=0.843553 lr=0.000931 (425055ms)
  step 0/295: loss=0.683322 (1387ms)
  step 1/295: loss=0.687044 (1412ms)
  step 2/295: loss=0.815352 (1383ms)
  step 100/295: loss=0.795264 (1419ms)
  step 200/295: loss=0.755771 (1406ms)
Epoch 18/80: loss=0.811059 lr=0.000921 (425307ms)
  step 0/295: loss=0.712881 (1418ms)
  step 1/295: loss=0.641255 (1393ms)
  step 2/295: loss=0.890933 (1413ms)
  step 100/295: loss=0.691280 (1409ms)
  step 200/295: loss=0.823341 (1420ms)
Epoch 19/80: loss=0.788185 lr=0.000909 (425670ms)
  step 0/295: loss=0.799261 (1426ms)
  step 1/295: loss=0.824407 (1411ms)
  step 2/295: loss=0.857087 (1427ms)
  step 100/295: loss=0.748023 (1463ms)
  step 200/295: loss=0.762226 (1396ms)
Epoch 20/80: loss=0.770738 lr=0.000897 (425800ms)
  val accuracy (running BN): 3201/3904 = 81.992828%
  step 0/295: loss=0.677169 (1361ms)
  step 1/295: loss=0.678239 (1380ms)
  step 2/295: loss=0.705723 (1422ms)
  step 100/295: loss=0.666742 (1457ms)
  step 200/295: loss=0.646497 (1399ms)
Epoch 21/80: loss=0.762730 lr=0.000884 (424655ms)
  step 0/295: loss=0.617720 (1412ms)
  step 1/295: loss=0.790664 (1406ms)
  step 2/295: loss=0.797809 (1421ms)
  step 100/295: loss=0.859245 (1409ms)
  step 200/295: loss=0.855203 (1447ms)
Epoch 22/80: loss=0.742804 lr=0.000871 (425231ms)
  step 0/295: loss=0.842670 (1427ms)
  step 1/295: loss=0.649931 (1404ms)
  step 2/295: loss=0.732157 (1414ms)
  step 100/295: loss=0.757985 (1411ms)
  step 200/295: loss=0.776469 (1405ms)
Epoch 23/80: loss=0.731567 lr=0.000857 (426094ms)
  step 0/295: loss=0.925002 (1410ms)
  step 1/295: loss=0.738062 (1425ms)
  step 2/295: loss=0.704858 (1419ms)
  step 100/295: loss=0.719943 (1497ms)
  step 200/295: loss=0.758394 (1431ms)
Epoch 24/80: loss=0.714618 lr=0.000843 (426547ms)
  step 0/295: loss=0.606662 (1408ms)
  step 1/295: loss=0.675430 (1413ms)
  step 2/295: loss=0.693289 (1432ms)
  step 100/295: loss=0.655337 (1438ms)
  step 200/295: loss=0.785872 (1404ms)
Epoch 25/80: loss=0.699382 lr=0.000827 (425880ms)
  step 0/295: loss=0.729727 (1430ms)
  step 1/295: loss=0.597700 (1406ms)
  step 2/295: loss=0.649084 (1414ms)
  step 100/295: loss=0.619961 (1425ms)
  step 200/295: loss=0.845203 (1446ms)
Epoch 26/80: loss=0.675723 lr=0.000812 (427474ms)
  step 0/295: loss=0.675814 (1400ms)
  step 1/295: loss=0.711811 (1411ms)
  step 2/295: loss=0.633870 (1442ms)
  step 100/295: loss=0.578774 (1417ms)
  step 200/295: loss=0.665504 (1447ms)
Epoch 27/80: loss=0.679047 lr=0.000796 (427321ms)
  step 0/295: loss=0.584119 (1418ms)
  step 1/295: loss=0.592072 (1422ms)
  step 2/295: loss=0.621315 (1420ms)
  step 100/295: loss=0.681758 (1441ms)
  step 200/295: loss=0.709596 (1429ms)
Epoch 28/80: loss=0.653019 lr=0.000779 (428160ms)
  step 0/295: loss=0.607340 (1426ms)
  step 1/295: loss=0.603591 (1414ms)
  step 2/295: loss=0.560185 (1434ms)
  step 100/295: loss=0.595809 (1421ms)
  step 200/295: loss=0.559783 (1450ms)
Epoch 29/80: loss=0.652634 lr=0.000762 (427768ms)
  step 0/295: loss=0.623912 (1408ms)
  step 1/295: loss=0.645789 (1425ms)
  step 2/295: loss=0.798058 (1439ms)
  step 100/295: loss=0.585797 (1414ms)
  step 200/295: loss=0.661988 (1434ms)
Epoch 30/80: loss=0.648033 lr=0.000744 (426680ms)
  val accuracy (running BN): 3428/3904 = 87.807377%
  step 0/295: loss=0.689762 (1410ms)
  step 1/295: loss=0.863495 (1428ms)
  step 2/295: loss=0.633534 (1395ms)
  step 100/295: loss=0.648060 (1417ms)
  step 200/295: loss=0.613134 (1408ms)
Epoch 31/80: loss=0.627129 lr=0.000726 (422544ms)
  step 0/295: loss=0.551023 (1373ms)
  step 1/295: loss=0.590770 (1412ms)
  step 2/295: loss=0.709570 (1411ms)
  step 100/295: loss=0.551504 (1367ms)
  step 200/295: loss=0.577478 (1407ms)
Epoch 32/80: loss=0.615955 lr=0.000708 (422184ms)
  step 0/295: loss=0.582431 (1395ms)
  step 1/295: loss=0.572907 (1422ms)
  step 2/295: loss=0.580926 (1405ms)
  step 100/295: loss=0.590355 (1432ms)
  step 200/295: loss=0.634633 (1393ms)
Epoch 33/80: loss=0.605774 lr=0.000689 (422544ms)
  step 0/295: loss=0.552909 (1369ms)
  step 1/295: loss=0.642286 (1396ms)
  step 2/295: loss=0.619289 (1384ms)
  step 100/295: loss=0.627707 (1428ms)
  step 200/295: loss=0.607347 (1432ms)
Epoch 34/80: loss=0.593340 lr=0.000670 (422195ms)
  step 0/295: loss=0.556022 (1414ms)
  step 1/295: loss=0.572110 (1408ms)
  step 2/295: loss=0.535010 (1429ms)
  step 100/295: loss=0.569019 (1421ms)
  step 200/295: loss=0.545914 (1444ms)
Epoch 35/80: loss=0.593126 lr=0.000651 (425576ms)
  step 0/295: loss=0.574194 (1418ms)
  step 1/295: loss=0.568767 (1434ms)
  step 2/295: loss=0.566521 (1405ms)
  step 100/295: loss=0.593028 (1450ms)
  step 200/295: loss=0.589518 (1411ms)
Epoch 36/80: loss=0.589402 lr=0.000631 (424995ms)
  step 0/295: loss=0.544139 (1394ms)
  step 1/295: loss=0.548498 (1430ms)
  step 2/295: loss=0.540274 (1444ms)
  step 100/295: loss=0.575925 (1411ms)
  step 200/295: loss=0.602579 (1401ms)
Epoch 37/80: loss=0.574909 lr=0.000611 (425293ms)
  step 0/295: loss=0.530662 (1420ms)
  step 1/295: loss=0.567801 (1407ms)
  step 2/295: loss=0.519066 (1433ms)
  step 100/295: loss=0.529893 (1408ms)
  step 200/295: loss=0.536032 (1399ms)
Epoch 38/80: loss=0.570269 lr=0.000591 (424884ms)
  step 0/295: loss=0.550042 (1412ms)
  step 1/295: loss=0.581957 (1419ms)
  step 2/295: loss=0.525163 (1414ms)
  step 100/295: loss=0.547377 (1435ms)
  step 200/295: loss=0.612333 (1404ms)
Epoch 39/80: loss=0.559534 lr=0.000571 (424630ms)
  step 0/295: loss=0.561286 (1417ms)
  step 1/295: loss=0.518174 (1396ms)
  step 2/295: loss=0.545499 (1411ms)
  step 100/295: loss=0.539612 (1403ms)
  step 200/295: loss=0.541872 (1381ms)
Epoch 40/80: loss=0.549213 lr=0.000551 (425027ms)
  val accuracy (running BN): 3398/3904 = 87.038934%
  step 0/295: loss=0.567205 (1400ms)
  step 1/295: loss=0.526049 (1407ms)
  step 2/295: loss=0.569650 (1407ms)
  step 100/295: loss=0.520217 (1381ms)
  step 200/295: loss=0.534576 (1392ms)
Epoch 41/80: loss=0.552598 lr=0.000531 (424529ms)
  step 0/295: loss=0.516405 (1400ms)
  step 1/295: loss=0.516928 (1392ms)
  step 2/295: loss=0.535142 (1387ms)
  step 100/295: loss=0.520073 (1425ms)
  step 200/295: loss=0.526682 (1401ms)
Epoch 42/80: loss=0.553387 lr=0.000510 (423971ms)
  step 0/295: loss=0.616700 (1424ms)
  step 1/295: loss=0.556113 (1413ms)
  step 2/295: loss=0.643119 (1405ms)
  step 100/295: loss=0.586483 (1387ms)
  step 200/295: loss=0.547554 (1410ms)
Epoch 43/80: loss=0.550700 lr=0.000490 (423706ms)
  step 0/295: loss=0.524718 (1377ms)
  step 1/295: loss=0.540851 (1379ms)
  step 2/295: loss=0.526694 (1407ms)
  step 100/295: loss=0.536118 (1415ms)
  step 200/295: loss=0.520993 (1420ms)
Epoch 44/80: loss=0.543194 lr=0.000469 (422989ms)
  step 0/295: loss=0.519381 (1417ms)
  step 1/295: loss=0.518952 (1391ms)
  step 2/295: loss=0.524740 (1406ms)
  step 100/295: loss=0.533827 (1423ms)
  step 200/295: loss=0.544468 (1404ms)
Epoch 45/80: loss=0.535240 lr=0.000449 (423232ms)
  step 0/295: loss=0.545989 (1413ms)
  step 1/295: loss=0.540353 (1363ms)
  step 2/295: loss=0.527467 (1423ms)
  step 100/295: loss=0.518299 (1419ms)
  step 200/295: loss=0.624454 (1412ms)
Epoch 46/80: loss=0.533729 lr=0.000429 (422952ms)
  step 0/295: loss=0.517238 (1412ms)
  step 1/295: loss=0.527346 (1411ms)
  step 2/295: loss=0.519815 (1408ms)
  step 100/295: loss=0.528943 (1414ms)
  step 200/295: loss=0.509164 (1436ms)
Epoch 47/80: loss=0.523783 lr=0.000409 (424029ms)
  step 0/295: loss=0.555213 (1421ms)
  step 1/295: loss=0.515684 (1416ms)
  step 2/295: loss=0.511451 (1439ms)
  step 100/295: loss=0.521629 (1409ms)
  step 200/295: loss=0.543181 (1396ms)
Epoch 48/80: loss=0.527177 lr=0.000389 (424927ms)
  step 0/295: loss=0.607088 (1418ms)
  step 1/295: loss=0.520782 (1427ms)
  step 2/295: loss=0.527675 (1407ms)
  step 100/295: loss=0.539034 (1406ms)
  step 200/295: loss=0.518593 (1415ms)
Epoch 49/80: loss=0.524282 lr=0.000369 (425336ms)
  step 0/295: loss=0.512265 (1414ms)
  step 1/295: loss=0.512587 (1410ms)
  step 2/295: loss=0.528980 (1405ms)
  step 100/295: loss=0.510180 (1428ms)
  step 200/295: loss=0.512565 (1424ms)
Epoch 50/80: loss=0.520710 lr=0.000349 (426196ms)
  val accuracy (running BN): 3472/3904 = 88.934426%
  step 0/295: loss=0.517875 (1406ms)
  step 1/295: loss=0.510222 (1406ms)
  step 2/295: loss=0.510992 (1413ms)
  step 100/295: loss=0.603299 (1417ms)
  step 200/295: loss=0.529651 (1402ms)
Epoch 51/80: loss=0.522634 lr=0.000330 (424134ms)
  step 0/295: loss=0.511039 (1429ms)
  step 1/295: loss=0.518825 (1417ms)
  step 2/295: loss=0.516441 (1412ms)
  step 100/295: loss=0.517245 (1391ms)
  step 200/295: loss=0.509820 (1403ms)
Epoch 52/80: loss=0.515356 lr=0.000311 (424483ms)
  step 0/295: loss=0.509884 (1429ms)
  step 1/295: loss=0.508133 (1415ms)
  step 2/295: loss=0.506961 (1407ms)
  step 100/295: loss=0.560267 (1421ms)
  step 200/295: loss=0.567262 (1416ms)
Epoch 53/80: loss=0.516847 lr=0.000292 (424186ms)
  step 0/295: loss=0.509284 (1424ms)
  step 1/295: loss=0.517660 (1408ms)
  step 2/295: loss=0.512364 (1393ms)
  step 100/295: loss=0.517225 (1432ms)
  step 200/295: loss=0.513025 (1415ms)
Epoch 54/80: loss=0.514304 lr=0.000274 (424197ms)
  step 0/295: loss=0.506089 (1419ms)
  step 1/295: loss=0.521858 (1413ms)
  step 2/295: loss=0.509065 (1412ms)
  step 100/295: loss=0.508282 (1402ms)
  step 200/295: loss=0.510804 (1420ms)
Epoch 55/80: loss=0.512700 lr=0.000256 (424621ms)
  step 0/295: loss=0.505990 (1380ms)
  step 1/295: loss=0.509816 (1412ms)
  step 2/295: loss=0.507233 (1426ms)
  step 100/295: loss=0.506990 (1422ms)
  step 200/295: loss=0.513862 (1416ms)
Epoch 56/80: loss=0.512640 lr=0.000238 (424531ms)
  step 0/295: loss=0.504082 (1426ms)
  step 1/295: loss=0.508629 (1410ms)
  step 2/295: loss=0.505670 (1427ms)
  step 100/295: loss=0.562705 (1413ms)
  step 200/295: loss=0.506494 (1442ms)
Epoch 57/80: loss=0.511720 lr=0.000221 (424721ms)
  step 0/295: loss=0.509305 (1418ms)
  step 1/295: loss=0.507052 (1426ms)
  step 2/295: loss=0.508029 (1418ms)
  step 100/295: loss=0.508852 (1401ms)
  step 200/295: loss=0.504335 (1417ms)
Epoch 58/80: loss=0.510705 lr=0.000204 (424278ms)
  step 0/295: loss=0.508510 (1429ms)
  step 1/295: loss=0.505695 (1410ms)
  step 2/295: loss=0.507573 (1403ms)
  step 100/295: loss=0.511966 (1391ms)
  step 200/295: loss=0.515601 (1409ms)
Epoch 59/80: loss=0.511159 lr=0.000188 (423713ms)
  step 0/295: loss=0.503173 (1417ms)
  step 1/295: loss=0.507299 (1408ms)
  step 2/295: loss=0.527327 (1414ms)
  step 100/295: loss=0.506522 (1413ms)
  step 200/295: loss=0.505977 (1444ms)
Epoch 60/80: loss=0.510082 lr=0.000173 (424007ms)
  val accuracy (running BN): 3519/3904 = 90.138320%
  step 0/295: loss=0.511625 (1404ms)
  step 1/295: loss=0.504741 (1381ms)
  step 2/295: loss=0.504031 (1404ms)
  step 100/295: loss=0.503283 (1412ms)
  step 200/295: loss=0.511180 (1396ms)
Epoch 61/80: loss=0.509468 lr=0.000157 (424669ms)
  step 0/295: loss=0.505941 (1418ms)
  step 1/295: loss=0.503947 (1427ms)
  step 2/295: loss=0.504223 (1407ms)
  step 100/295: loss=0.506090 (1421ms)
  step 200/295: loss=0.506321 (1430ms)
Epoch 62/80: loss=0.506829 lr=0.000143 (424911ms)
  step 0/295: loss=0.503613 (1394ms)
  step 1/295: loss=0.503471 (1417ms)
  step 2/295: loss=0.506186 (1417ms)
  step 100/295: loss=0.508875 (1421ms)
  step 200/295: loss=0.503315 (1408ms)
Epoch 63/80: loss=0.506530 lr=0.000129 (425483ms)
  step 0/295: loss=0.502647 (1407ms)
  step 1/295: loss=0.513128 (1421ms)
  step 2/295: loss=0.504027 (1440ms)
  step 100/295: loss=0.504686 (1424ms)
  step 200/295: loss=0.505185 (1418ms)
Epoch 64/80: loss=0.504694 lr=0.000116 (426207ms)
  step 0/295: loss=0.502968 (1429ms)
  step 1/295: loss=0.507300 (1423ms)
  step 2/295: loss=0.507395 (1413ms)
  step 100/295: loss=0.503868 (1431ms)
  step 200/295: loss=0.502614 (1439ms)
Epoch 65/80: loss=0.504260 lr=0.000103 (425373ms)
  step 0/295: loss=0.503991 (1409ms)
  step 1/295: loss=0.504651 (1397ms)
  step 2/295: loss=0.503797 (1406ms)
  step 100/295: loss=0.504714 (1422ms)
  step 200/295: loss=0.503139 (1432ms)
Epoch 66/80: loss=0.504141 lr=0.000091 (425652ms)
  step 0/295: loss=0.503150 (1420ms)
  step 1/295: loss=0.502925 (1419ms)
  step 2/295: loss=0.502648 (1412ms)
  step 100/295: loss=0.502663 (1397ms)
  step 200/295: loss=0.502373 (1423ms)
Epoch 67/80: loss=0.504054 lr=0.000079 (426423ms)
  step 0/295: loss=0.503918 (1400ms)
  step 1/295: loss=0.503784 (1417ms)
  step 2/295: loss=0.502877 (1431ms)
  step 100/295: loss=0.502699 (1414ms)
  step 200/295: loss=0.504395 (1426ms)
Epoch 68/80: loss=0.503964 lr=0.000069 (426032ms)
  step 0/295: loss=0.503191 (1426ms)
  step 1/295: loss=0.501934 (1414ms)
  step 2/295: loss=0.502901 (1407ms)
  step 100/295: loss=0.502048 (1442ms)
  step 200/295: loss=0.501835 (1438ms)
Epoch 69/80: loss=0.503139 lr=0.000059 (426338ms)
  step 0/295: loss=0.502981 (1421ms)
  step 1/295: loss=0.501973 (1432ms)
  step 2/295: loss=0.502407 (1419ms)
  step 100/295: loss=0.503030 (1407ms)
  step 200/295: loss=0.502226 (1431ms)
Epoch 70/80: loss=0.503087 lr=0.000050 (426436ms)
  val accuracy (running BN): 3521/3904 = 90.189549%
  step 0/295: loss=0.502033 (1425ms)
  step 1/295: loss=0.501601 (1400ms)
  step 2/295: loss=0.502690 (1417ms)
  step 100/295: loss=0.506464 (1417ms)
  step 200/295: loss=0.503503 (1407ms)
Epoch 71/80: loss=0.502951 lr=0.000041 (427878ms)
  step 0/295: loss=0.501662 (1440ms)
  step 1/295: loss=0.501932 (1443ms)
  step 2/295: loss=0.502687 (1416ms)
  step 100/295: loss=0.504653 (1412ms)
  step 200/295: loss=0.502600 (1423ms)
Epoch 72/80: loss=0.503218 lr=0.000033 (428435ms)
  step 0/295: loss=0.503329 (1422ms)
  step 1/295: loss=0.502451 (1434ms)
  step 2/295: loss=0.502305 (1430ms)
  step 100/295: loss=0.509389 (1439ms)
  step 200/295: loss=0.501887 (1427ms)
Epoch 73/80: loss=0.503228 lr=0.000026 (428074ms)
  step 0/295: loss=0.501757 (1422ms)
  step 1/295: loss=0.502401 (1405ms)
  step 2/295: loss=0.501565 (1396ms)
  step 100/295: loss=0.501922 (1401ms)
  step 200/295: loss=0.502448 (1422ms)
Epoch 74/80: loss=0.503075 lr=0.000020 (427228ms)
  step 0/295: loss=0.502926 (1423ms)
  step 1/295: loss=0.501627 (1412ms)
  step 2/295: loss=0.501561 (1436ms)
  step 100/295: loss=0.502040 (1419ms)
  step 200/295: loss=0.502578 (1431ms)
Epoch 75/80: loss=0.502856 lr=0.000015 (427578ms)
  step 0/295: loss=0.501911 (1412ms)
  step 1/295: loss=0.503897 (1398ms)
  step 2/295: loss=0.504035 (1430ms)
  step 100/295: loss=0.502451 (1437ms)
  step 200/295: loss=0.501580 (1408ms)
Epoch 76/80: loss=0.502432 lr=0.000010 (425985ms)
  step 0/295: loss=0.501947 (1435ms)
  step 1/295: loss=0.502466 (1399ms)
  step 2/295: loss=0.502290 (1440ms)
  step 100/295: loss=0.515960 (1414ms)
  step 200/295: loss=0.501686 (1414ms)
Epoch 77/80: loss=0.502578 lr=0.000007 (427200ms)
  step 0/295: loss=0.501608 (1424ms)
  step 1/295: loss=0.503034 (1414ms)
  step 2/295: loss=0.502283 (1431ms)
  step 100/295: loss=0.501385 (1405ms)
  step 200/295: loss=0.502021 (1423ms)
Epoch 78/80: loss=0.502628 lr=0.000004 (426600ms)
  step 0/295: loss=0.501362 (1430ms)
  step 1/295: loss=0.502225 (1411ms)
  step 2/295: loss=0.501427 (1429ms)
  step 100/295: loss=0.501613 (1417ms)
  step 200/295: loss=0.501681 (1421ms)
Epoch 79/80: loss=0.502615 lr=0.000002 (427378ms)
  step 0/295: loss=0.502396 (1432ms)
  step 1/295: loss=0.501486 (1444ms)
  step 2/295: loss=0.503663 (1423ms)
  step 100/295: loss=0.501739 (1424ms)
  step 200/295: loss=0.503939 (1421ms)
Epoch 80/80: loss=0.502586 lr=0.000000 (427151ms)
  val accuracy (running BN): 3525/3904 = 90.292008%
Saved params + BN stats.
