step 1
step 2: load IREE session
  creating session...
  session loaded (114ms)
step 3: load data from data/imagenette
  train: 9469 images (1425349632 floats)
  loaded (2646ms)
step 4: init params
  21289802 params + 21289802 velocity (162 MB)
step 5: training (591 batches/epoch, batch=16, BN, momentum=0.9)
  step 0/591: loss=3.311736 (786ms)
  step 1/591: loss=3.590923 (788ms)
  step 2/591: loss=3.243064 (768ms)
  step 100/591: loss=1.924339 (711ms)
  step 200/591: loss=1.989055 (710ms)
  step 300/591: loss=1.827367 (736ms)
  step 400/591: loss=1.911106 (711ms)
  step 500/591: loss=1.084347 (697ms)
Epoch 1/80: loss=1.882728 lr=0.002000 (430693ms)
  step 0/591: loss=1.336983 (724ms)
  step 1/591: loss=1.747756 (713ms)
  step 2/591: loss=1.217764 (723ms)
  step 100/591: loss=1.552326 (718ms)
  step 200/591: loss=1.989619 (719ms)
  step 300/591: loss=1.763221 (712ms)
  step 400/591: loss=1.081592 (708ms)
  step 500/591: loss=0.986654 (726ms)
Epoch 2/80: loss=1.356748 lr=0.001975 (434251ms)
  step 0/591: loss=1.461661 (724ms)
  step 1/591: loss=0.908909 (721ms)
  step 2/591: loss=1.541689 (733ms)
  step 100/591: loss=0.711755 (708ms)
  step 200/591: loss=1.055129 (720ms)
  step 300/591: loss=1.228509 (730ms)
  step 400/591: loss=0.720165 (702ms)
  step 500/591: loss=1.257598 (711ms)
Epoch 3/80: loss=1.057047 lr=0.001950 (434094ms)
  step 0/591: loss=1.012392 (714ms)
  step 1/591: loss=0.459402 (709ms)
  step 2/591: loss=0.721809 (707ms)
  step 100/591: loss=0.838220 (710ms)
  step 200/591: loss=0.845608 (726ms)
  step 300/591: loss=0.526088 (726ms)
  step 400/591: loss=1.093812 (724ms)
  step 500/591: loss=1.173271 (736ms)
Epoch 4/80: loss=0.914508 lr=0.001925 (433789ms)
  step 0/591: loss=1.075775 (740ms)
  step 1/591: loss=0.376999 (728ms)
  step 2/591: loss=1.280625 (721ms)
  step 100/591: loss=0.602486 (690ms)
  step 200/591: loss=1.112652 (703ms)
  step 300/591: loss=1.112548 (712ms)
  step 400/591: loss=0.668336 (721ms)
  step 500/591: loss=0.848144 (726ms)
Epoch 5/80: loss=0.790613 lr=0.001900 (432920ms)
  step 0/591: loss=0.854076 (728ms)
  step 1/591: loss=0.723803 (709ms)
  step 2/591: loss=0.733374 (706ms)
  step 100/591: loss=1.242826 (711ms)
  step 200/591: loss=0.415464 (718ms)
  step 300/591: loss=0.604554 (722ms)
  step 400/591: loss=0.757523 (711ms)
  step 500/591: loss=0.800677 (721ms)
Epoch 6/80: loss=0.664788 lr=0.001875 (433402ms)
  step 0/591: loss=0.975148 (709ms)
  step 1/591: loss=0.445073 (717ms)
  step 2/591: loss=0.760140 (715ms)
  step 100/591: loss=0.539539 (727ms)
  step 200/591: loss=0.816394 (711ms)
  step 300/591: loss=1.088790 (720ms)
  step 400/591: loss=0.664439 (706ms)
  step 500/591: loss=0.856140 (696ms)
Epoch 7/80: loss=0.597835 lr=0.001850 (432636ms)
  step 0/591: loss=0.309544 (712ms)
  step 1/591: loss=0.073300 (724ms)
  step 2/591: loss=0.846599 (712ms)
  step 100/591: loss=0.337261 (720ms)
  step 200/591: loss=0.491414 (721ms)
  step 300/591: loss=0.468152 (699ms)
  step 400/591: loss=0.491638 (715ms)
  step 500/591: loss=0.707649 (722ms)
Epoch 8/80: loss=0.512349 lr=0.001825 (432964ms)
  step 0/591: loss=0.470059 (716ms)
  step 1/591: loss=0.562225 (721ms)
  step 2/591: loss=0.503672 (719ms)
  step 100/591: loss=0.485904 (695ms)
  step 200/591: loss=0.195366 (715ms)
  step 300/591: loss=0.622585 (723ms)
  step 400/591: loss=0.553332 (720ms)
  step 500/591: loss=0.854937 (707ms)
Epoch 9/80: loss=0.438187 lr=0.001800 (432320ms)
  step 0/591: loss=0.555986 (712ms)
  step 1/591: loss=0.115459 (721ms)
  step 2/591: loss=0.321471 (720ms)
  step 100/591: loss=0.382322 (738ms)
  step 200/591: loss=0.860695 (716ms)
  step 300/591: loss=0.412761 (724ms)
  step 400/591: loss=0.058574 (721ms)
  step 500/591: loss=0.076911 (711ms)
Epoch 10/80: loss=0.371803 lr=0.001775 (433328ms)
  val accuracy: 823/3920 = 20.994898%
  step 0/591: loss=0.195489 (727ms)
  step 1/591: loss=0.597448 (702ms)
  step 2/591: loss=0.063567 (719ms)
  step 100/591: loss=0.701098 (700ms)
  step 200/591: loss=0.355049 (704ms)
  step 300/591: loss=0.533553 (717ms)
  step 400/591: loss=0.057721 (706ms)
  step 500/591: loss=0.849613 (723ms)
Epoch 11/80: loss=0.316352 lr=0.001750 (431171ms)
  step 0/591: loss=0.116076 (724ms)
  step 1/591: loss=0.185835 (704ms)
  step 2/591: loss=0.369699 (707ms)
  step 100/591: loss=0.201742 (728ms)
  step 200/591: loss=0.470588 (718ms)
  step 300/591: loss=0.609351 (720ms)
  step 400/591: loss=0.361985 (703ms)
  step 500/591: loss=0.272907 (723ms)
Epoch 12/80: loss=0.263474 lr=0.001725 (432343ms)
  step 0/591: loss=0.646291 (706ms)
  step 1/591: loss=0.146017 (692ms)
  step 2/591: loss=0.175760 (700ms)
  step 100/591: loss=0.467459 (733ms)
  step 200/591: loss=0.151713 (710ms)
  step 300/591: loss=0.123241 (719ms)
  step 400/591: loss=0.083862 (702ms)
  step 500/591: loss=0.301465 (691ms)
Epoch 13/80: loss=0.253378 lr=0.001700 (432605ms)
  step 0/591: loss=0.145691 (706ms)
  step 1/591: loss=0.045964 (714ms)
  step 2/591: loss=0.151448 (713ms)
  step 100/591: loss=0.295306 (722ms)
  step 200/591: loss=0.039836 (698ms)
  step 300/591: loss=0.402237 (697ms)
  step 400/591: loss=0.172973 (711ms)
  step 500/591: loss=0.085841 (720ms)
Epoch 14/80: loss=0.201341 lr=0.001675 (432400ms)
  step 0/591: loss=0.038252 (713ms)
  step 1/591: loss=0.220458 (699ms)
  step 2/591: loss=0.112231 (714ms)
  step 100/591: loss=0.101965 (710ms)
  step 200/591: loss=0.114095 (708ms)
  step 300/591: loss=0.051032 (720ms)
  step 400/591: loss=0.018086 (717ms)
  step 500/591: loss=0.105784 (712ms)
Epoch 15/80: loss=0.158138 lr=0.001650 (431901ms)
  step 0/591: loss=0.419779 (719ms)
  step 1/591: loss=0.114759 (719ms)
  step 2/591: loss=0.017869 (710ms)
  step 100/591: loss=0.477248 (712ms)
  step 200/591: loss=0.077440 (730ms)
  step 300/591: loss=0.028925 (713ms)
  step 400/591: loss=0.164347 (718ms)
  step 500/591: loss=0.056275 (703ms)
Epoch 16/80: loss=0.134106 lr=0.001625 (431957ms)
  step 0/591: loss=0.226612 (716ms)
  step 1/591: loss=0.062045 (728ms)
  step 2/591: loss=0.037657 (691ms)
  step 100/591: loss=0.188173 (720ms)
  step 200/591: loss=0.174332 (726ms)
  step 300/591: loss=0.036716 (692ms)
  step 400/591: loss=0.037180 (725ms)
  step 500/591: loss=0.014256 (701ms)
Epoch 17/80: loss=0.111701 lr=0.001600 (431061ms)
  step 0/591: loss=0.072864 (705ms)
  step 1/591: loss=0.580714 (715ms)
  step 2/591: loss=0.003036 (686ms)
  step 100/591: loss=0.118966 (711ms)
  step 200/591: loss=0.195601 (721ms)
  step 300/591: loss=0.286468 (715ms)
  step 400/591: loss=0.087127 (727ms)
  step 500/591: loss=0.127391 (705ms)
Epoch 18/80: loss=0.090070 lr=0.001575 (431720ms)
  step 0/591: loss=0.204901 (705ms)
  step 1/591: loss=0.067684 (715ms)
  step 2/591: loss=0.186705 (697ms)
  step 100/591: loss=0.037673 (713ms)
  step 200/591: loss=0.022252 (715ms)
  step 300/591: loss=0.227034 (709ms)
  step 400/591: loss=0.040059 (720ms)
  step 500/591: loss=0.034825 (700ms)
Epoch 19/80: loss=0.078736 lr=0.001550 (431883ms)
  step 0/591: loss=0.265635 (704ms)
  step 1/591: loss=0.006097 (705ms)
  step 2/591: loss=0.006727 (704ms)
  step 100/591: loss=0.003303 (715ms)
  step 200/591: loss=0.071797 (721ms)
  step 300/591: loss=0.049947 (724ms)
  step 400/591: loss=0.021947 (721ms)
  step 500/591: loss=0.023611 (703ms)
Epoch 20/80: loss=0.062594 lr=0.001525 (432415ms)
  val accuracy: 854/3920 = 21.785714%
  step 0/591: loss=0.002253 (732ms)
  step 1/591: loss=0.143387 (724ms)
  step 2/591: loss=0.016343 (717ms)
  step 100/591: loss=0.046830 (717ms)
  step 200/591: loss=0.074998 (730ms)
  step 300/591: loss=0.061035 (701ms)
  step 400/591: loss=0.004850 (689ms)
  step 500/591: loss=0.100521 (703ms)
Epoch 21/80: loss=0.057450 lr=0.001500 (432354ms)
  step 0/591: loss=0.146067 (700ms)
  step 1/591: loss=0.013620 (715ms)
  step 2/591: loss=0.022132 (710ms)
  step 100/591: loss=0.004013 (712ms)
  step 200/591: loss=0.004379 (709ms)
  step 300/591: loss=0.022759 (723ms)
  step 400/591: loss=0.008833 (727ms)
  step 500/591: loss=0.013113 (718ms)
Epoch 22/80: loss=0.048843 lr=0.001475 (432503ms)
  step 0/591: loss=0.123586 (709ms)
  step 1/591: loss=0.181168 (714ms)
  step 2/591: loss=0.000164 (700ms)
  step 100/591: loss=0.011943 (708ms)
  step 200/591: loss=0.171995 (700ms)
  step 300/591: loss=0.007536 (724ms)
  step 400/591: loss=0.073442 (713ms)
  step 500/591: loss=0.028573 (724ms)
Epoch 23/80: loss=0.034456 lr=0.001450 (431647ms)
  step 0/591: loss=0.209483 (725ms)
  step 1/591: loss=0.020262 (725ms)
  step 2/591: loss=0.008061 (713ms)
  step 100/591: loss=0.026394 (715ms)
  step 200/591: loss=0.019220 (697ms)
  step 300/591: loss=0.002236 (724ms)
  step 400/591: loss=0.064464 (719ms)
  step 500/591: loss=0.905040 (703ms)
Epoch 24/80: loss=0.031665 lr=0.001425 (433021ms)
  step 0/591: loss=0.001985 (737ms)
  step 1/591: loss=0.004227 (721ms)
  step 2/591: loss=0.049518 (728ms)
  step 100/591: loss=0.009094 (715ms)
  step 200/591: loss=0.001488 (715ms)
  step 300/591: loss=0.033595 (716ms)
  step 400/591: loss=0.003329 (717ms)
  step 500/591: loss=0.002607 (706ms)
Epoch 25/80: loss=0.028482 lr=0.001400 (432077ms)
  step 0/591: loss=0.259721 (702ms)
  step 1/591: loss=0.166095 (725ms)
  step 2/591: loss=0.002276 (714ms)
  step 100/591: loss=0.003053 (716ms)
  step 200/591: loss=0.005397 (702ms)
  step 300/591: loss=0.008859 (724ms)
  step 400/591: loss=0.014192 (707ms)
  step 500/591: loss=0.001338 (726ms)
Epoch 26/80: loss=0.031658 lr=0.001375 (432673ms)
  step 0/591: loss=0.011356 (739ms)
  step 1/591: loss=0.046688 (715ms)
  step 2/591: loss=0.001781 (719ms)
  step 100/591: loss=0.004886 (704ms)
  step 200/591: loss=0.001058 (720ms)
  step 300/591: loss=0.035439 (706ms)
  step 400/591: loss=0.094632 (721ms)
  step 500/591: loss=0.011825 (725ms)
Epoch 27/80: loss=0.026642 lr=0.001350 (432964ms)
  step 0/591: loss=0.002055 (715ms)
  step 1/591: loss=0.012260 (700ms)
  step 2/591: loss=0.002098 (729ms)
  step 100/591: loss=0.002173 (725ms)
  step 200/591: loss=0.008203 (701ms)
  step 300/591: loss=0.002973 (723ms)
  step 400/591: loss=0.028243 (706ms)
  step 500/591: loss=0.002588 (723ms)
Epoch 28/80: loss=0.018413 lr=0.001325 (432916ms)
  step 0/591: loss=0.019886 (701ms)
  step 1/591: loss=0.002325 (699ms)
  step 2/591: loss=0.003661 (713ms)
  step 100/591: loss=0.006919 (707ms)
  step 200/591: loss=0.146732 (702ms)
  step 300/591: loss=0.003002 (718ms)
  step 400/591: loss=0.006679 (720ms)
  step 500/591: loss=0.018769 (725ms)
Epoch 29/80: loss=0.013690 lr=0.001300 (432945ms)
  step 0/591: loss=0.010098 (707ms)
  step 1/591: loss=0.000155 (732ms)
  step 2/591: loss=0.001082 (708ms)
  step 100/591: loss=0.006136 (716ms)
  step 200/591: loss=0.001372 (718ms)
  step 300/591: loss=0.014210 (699ms)
  step 400/591: loss=0.000461 (723ms)
  step 500/591: loss=0.004255 (710ms)
Epoch 30/80: loss=0.014270 lr=0.001275 (433679ms)
  val accuracy: 923/3920 = 23.545918%
  step 0/591: loss=0.001984 (730ms)
  step 1/591: loss=0.001496 (718ms)
  step 2/591: loss=0.047267 (719ms)
  step 100/591: loss=0.001008 (720ms)
  step 200/591: loss=0.008498 (719ms)
  step 300/591: loss=0.018713 (722ms)
  step 400/591: loss=0.011618 (706ms)
  step 500/591: loss=0.000040 (721ms)
Epoch 31/80: loss=0.013725 lr=0.001250 (432453ms)
  step 0/591: loss=0.001822 (725ms)
  step 1/591: loss=0.000178 (718ms)
  step 2/591: loss=0.005683 (705ms)
  step 100/591: loss=0.000758 (704ms)
  step 200/591: loss=0.000985 (730ms)
  step 300/591: loss=0.001727 (708ms)
  step 400/591: loss=0.000270 (694ms)
  step 500/591: loss=0.017359 (712ms)
Epoch 32/80: loss=0.009717 lr=0.001225 (431058ms)
  step 0/591: loss=0.000342 (694ms)
  step 1/591: loss=0.000231 (701ms)
  step 2/591: loss=0.000540 (715ms)
  step 100/591: loss=0.000058 (719ms)
  step 200/591: loss=0.001169 (733ms)
  step 300/591: loss=0.000597 (722ms)
  step 400/591: loss=0.087061 (717ms)
  step 500/591: loss=0.111311 (711ms)
Epoch 33/80: loss=0.008581 lr=0.001200 (432331ms)
  step 0/591: loss=0.005695 (714ms)
  step 1/591: loss=0.004899 (720ms)
  step 2/591: loss=0.003477 (719ms)
  step 100/591: loss=0.007508 (721ms)
  step 200/591: loss=0.000683 (707ms)
  step 300/591: loss=0.003426 (710ms)
  step 400/591: loss=0.016290 (722ms)
  step 500/591: loss=0.000863 (714ms)
Epoch 34/80: loss=0.007493 lr=0.001175 (433318ms)
  step 0/591: loss=0.005499 (712ms)
  step 1/591: loss=0.000290 (730ms)
  step 2/591: loss=0.092522 (728ms)
  step 100/591: loss=0.068126 (712ms)
  step 200/591: loss=0.000156 (731ms)
  step 300/591: loss=0.001854 (703ms)
  step 400/591: loss=0.000067 (716ms)
  step 500/591: loss=0.000872 (712ms)
Epoch 35/80: loss=0.006595 lr=0.001150 (432160ms)
  step 0/591: loss=0.000743 (711ms)
  step 1/591: loss=0.000320 (709ms)
  step 2/591: loss=0.000484 (710ms)
  step 100/591: loss=0.006713 (722ms)
  step 200/591: loss=0.003716 (728ms)
  step 300/591: loss=0.000514 (720ms)
  step 400/591: loss=0.000089 (711ms)
  step 500/591: loss=0.000072 (720ms)
Epoch 36/80: loss=0.008033 lr=0.001125 (433175ms)
  step 0/591: loss=0.003123 (727ms)
  step 1/591: loss=0.000464 (716ms)
  step 2/591: loss=0.000809 (732ms)
  step 100/591: loss=0.000562 (708ms)
  step 200/591: loss=0.000569 (713ms)
  step 300/591: loss=0.000102 (718ms)
  step 400/591: loss=0.000336 (701ms)
  step 500/591: loss=0.000927 (720ms)
Epoch 37/80: loss=0.005404 lr=0.001100 (432304ms)
  step 0/591: loss=0.179724 (718ms)
  step 1/591: loss=0.001655 (724ms)
  step 2/591: loss=0.001134 (728ms)
  step 100/591: loss=0.000168 (711ms)
  step 200/591: loss=0.000286 (698ms)
  step 300/591: loss=0.000775 (719ms)
  step 400/591: loss=0.000067 (729ms)
  step 500/591: loss=0.000230 (721ms)
Epoch 38/80: loss=0.005759 lr=0.001075 (433286ms)
  step 0/591: loss=0.000142 (738ms)
  step 1/591: loss=0.008160 (711ms)
  step 2/591: loss=0.009179 (717ms)
  step 100/591: loss=0.001018 (714ms)
  step 200/591: loss=0.002319 (722ms)
  step 300/591: loss=0.087224 (718ms)
  step 400/591: loss=0.003528 (706ms)
  step 500/591: loss=0.000334 (728ms)
Epoch 39/80: loss=0.005882 lr=0.001050 (433030ms)
  step 0/591: loss=0.000356 (709ms)
  step 1/591: loss=0.090787 (708ms)
  step 2/591: loss=0.000064 (717ms)
  step 100/591: loss=0.002070 (701ms)
  step 200/591: loss=0.008003 (714ms)
  step 300/591: loss=0.001437 (725ms)
  step 400/591: loss=0.000045 (709ms)
  step 500/591: loss=0.001883 (719ms)
Epoch 40/80: loss=0.006167 lr=0.001025 (433384ms)
  val accuracy: 930/3920 = 23.724490%
  step 0/591: loss=0.000919 (738ms)
  step 1/591: loss=0.002679 (710ms)
  step 2/591: loss=0.000849 (716ms)
  step 100/591: loss=0.000066 (710ms)
  step 200/591: loss=0.009786 (719ms)
  step 300/591: loss=0.000035 (705ms)
  step 400/591: loss=0.000061 (715ms)
  step 500/591: loss=0.000306 (719ms)
Epoch 41/80: loss=0.002307 lr=0.001000 (432903ms)
  step 0/591: loss=0.000972 (721ms)
  step 1/591: loss=0.000081 (712ms)
  step 2/591: loss=0.000112 (714ms)
  step 100/591: loss=0.000156 (726ms)
  step 200/591: loss=0.001179 (711ms)
  step 300/591: loss=0.003786 (704ms)
  step 400/591: loss=0.000304 (716ms)
  step 500/591: loss=0.000949 (722ms)
Epoch 42/80: loss=0.002011 lr=0.000975 (433359ms)
  step 0/591: loss=0.008559 (701ms)
  step 1/591: loss=0.000928 (707ms)
  step 2/591: loss=0.000079 (706ms)
  step 100/591: loss=0.000670 (717ms)
  step 200/591: loss=0.000090 (723ms)
  step 300/591: loss=0.000867 (708ms)
  step 400/591: loss=0.000656 (720ms)
  step 500/591: loss=0.000089 (726ms)
Epoch 43/80: loss=0.003422 lr=0.000950 (433846ms)
  step 0/591: loss=0.000188 (703ms)
  step 1/591: loss=0.000285 (701ms)
  step 2/591: loss=0.000603 (714ms)
  step 100/591: loss=0.000075 (705ms)
  step 200/591: loss=0.001345 (701ms)
  step 300/591: loss=0.001959 (716ms)
  step 400/591: loss=0.000246 (714ms)
  step 500/591: loss=0.000478 (721ms)
Epoch 44/80: loss=0.004336 lr=0.000925 (433514ms)
  step 0/591: loss=0.000051 (723ms)
  step 1/591: loss=0.003935 (720ms)
  step 2/591: loss=0.000266 (718ms)
  step 100/591: loss=0.000552 (705ms)
  step 200/591: loss=0.000312 (730ms)
  step 300/591: loss=0.071606 (721ms)
  step 400/591: loss=0.000492 (716ms)
  step 500/591: loss=0.000899 (725ms)
Epoch 45/80: loss=0.004841 lr=0.000900 (433640ms)
  step 0/591: loss=0.000263 (728ms)
  step 1/591: loss=0.000124 (732ms)
  step 2/591: loss=0.000434 (715ms)
  step 100/591: loss=0.000367 (711ms)
  step 200/591: loss=0.001665 (703ms)
  step 300/591: loss=0.000786 (709ms)
  step 400/591: loss=0.000883 (730ms)
  step 500/591: loss=0.000133 (710ms)
Epoch 46/80: loss=0.003766 lr=0.000875 (434327ms)
  step 0/591: loss=0.000149 (738ms)
  step 1/591: loss=0.000245 (728ms)
  step 2/591: loss=0.008317 (723ms)
  step 100/591: loss=0.012066 (699ms)
  step 200/591: loss=0.000504 (694ms)
  step 300/591: loss=0.000167 (723ms)
  step 400/591: loss=0.000752 (714ms)
  step 500/591: loss=0.000055 (723ms)
Epoch 47/80: loss=0.003733 lr=0.000850 (433521ms)
  step 0/591: loss=0.002620 (730ms)
  step 1/591: loss=0.010569 (712ms)
  step 2/591: loss=0.000288 (704ms)
  step 100/591: loss=0.000069 (720ms)
  step 200/591: loss=0.000356 (705ms)
  step 300/591: loss=0.000498 (710ms)
  step 400/591: loss=0.003698 (723ms)
  step 500/591: loss=0.001191 (704ms)
Epoch 48/80: loss=0.002464 lr=0.000825 (433180ms)
  step 0/591: loss=0.000425 (720ms)
  step 1/591: loss=0.000459 (723ms)
  step 2/591: loss=0.009488 (705ms)
  step 100/591: loss=0.000290 (704ms)
  step 200/591: loss=0.000098 (711ms)
  step 300/591: loss=0.000025 (726ms)
  step 400/591: loss=0.000554 (719ms)
  step 500/591: loss=0.003423 (724ms)
Epoch 49/80: loss=0.001871 lr=0.000800 (433491ms)
  step 0/591: loss=0.000132 (703ms)
  step 1/591: loss=0.004868 (706ms)
  step 2/591: loss=0.000153 (698ms)
  step 100/591: loss=0.000177 (703ms)
  step 200/591: loss=0.000101 (716ms)
  step 300/591: loss=0.000025 (713ms)
  step 400/591: loss=0.000075 (719ms)
  step 500/591: loss=0.001442 (734ms)
Epoch 50/80: loss=0.002335 lr=0.000775 (432986ms)
  val accuracy: 955/3920 = 24.362245%
  step 0/591: loss=0.000079 (750ms)
  step 1/591: loss=0.000253 (708ms)
  step 2/591: loss=0.000072 (727ms)
  step 100/591: loss=0.000541 (719ms)
  step 200/591: loss=0.000302 (692ms)
  step 300/591: loss=0.000037 (714ms)
  step 400/591: loss=0.089967 (723ms)
  step 500/591: loss=0.000065 (721ms)
Epoch 51/80: loss=0.001664 lr=0.000750 (432738ms)
  step 0/591: loss=0.000103 (722ms)
  step 1/591: loss=0.000422 (721ms)
  step 2/591: loss=0.002287 (708ms)
  step 100/591: loss=0.000890 (710ms)
  step 200/591: loss=0.000550 (699ms)
  step 300/591: loss=0.000201 (713ms)
  step 400/591: loss=0.005780 (712ms)
  step 500/591: loss=0.000153 (724ms)
Epoch 52/80: loss=0.001994 lr=0.000725 (433912ms)
  step 0/591: loss=0.000112 (700ms)
  step 1/591: loss=0.000264 (700ms)
  step 2/591: loss=0.014858 (707ms)
  step 100/591: loss=0.000235 (715ms)
  step 200/591: loss=0.000311 (701ms)
  step 300/591: loss=0.000300 (717ms)
  step 400/591: loss=0.000281 (712ms)
  step 500/591: loss=0.000725 (704ms)
Epoch 53/80: loss=0.001334 lr=0.000700 (434360ms)
  step 0/591: loss=0.003992 (735ms)
  step 1/591: loss=0.001404 (727ms)
  step 2/591: loss=0.000386 (724ms)
  step 100/591: loss=0.000038 (710ms)
  step 200/591: loss=0.000218 (716ms)
  step 300/591: loss=0.000613 (706ms)
  step 400/591: loss=0.000033 (734ms)
  step 500/591: loss=0.000727 (705ms)
Epoch 54/80: loss=0.001242 lr=0.000675 (434994ms)
  step 0/591: loss=0.000060 (737ms)
  step 1/591: loss=0.002037 (722ms)
  step 2/591: loss=0.000014 (712ms)
  step 100/591: loss=0.000074 (721ms)
