ResNet-50: 23528522 params
Generating train step MLIR...
  755175 chars
Compiling vmfbs...
  forward compiled
  compiled
  session loaded
  data: 9469 images
  23528522 params + m + v (269 MB)
training: 295 batches/epoch, batch=32, Adam, lr=0.001000, cosine, label_smooth=0.1, wd=1e-4
  step 0/295: loss=3.658165 (2155ms)
  step 1/295: loss=3.941511 (2256ms)
  step 2/295: loss=3.612920 (2140ms)
  step 100/295: loss=2.419666 (2127ms)
  step 200/295: loss=1.784985 (2143ms)
Epoch 1/80: loss=2.070002 lr=0.000333 (638175ms)
  step 0/295: loss=1.716722 (2159ms)
  step 1/295: loss=1.700862 (2156ms)
  step 2/295: loss=1.571562 (2113ms)
  step 100/295: loss=1.880557 (2144ms)
  step 200/295: loss=1.836979 (2114ms)
Epoch 2/80: loss=1.781791 lr=0.000667 (638455ms)
  step 0/295: loss=1.811123 (2133ms)
  step 1/295: loss=2.118695 (2119ms)
  step 2/295: loss=1.507440 (2134ms)
  step 100/295: loss=1.558675 (2138ms)
  step 200/295: loss=1.337893 (2144ms)
Epoch 3/80: loss=1.537010 lr=0.001000 (637957ms)
  step 0/295: loss=1.377282 (2140ms)
  step 1/295: loss=1.199147 (2114ms)
  step 2/295: loss=1.414562 (2105ms)
  step 100/295: loss=1.567622 (2147ms)
  step 200/295: loss=1.295812 (2158ms)
Epoch 4/80: loss=1.369110 lr=0.001000 (638742ms)
  step 0/295: loss=1.134266 (2152ms)
  step 1/295: loss=1.387483 (2149ms)
  step 2/295: loss=1.262614 (2122ms)
  step 100/295: loss=1.462013 (2138ms)
  step 200/295: loss=1.066920 (2139ms)
Epoch 5/80: loss=1.275862 lr=0.001000 (639052ms)
  step 0/295: loss=1.269167 (2129ms)
  step 1/295: loss=1.070944 (2151ms)
  step 2/295: loss=1.150790 (2125ms)
  step 100/295: loss=1.173310 (2088ms)
  step 200/295: loss=1.369908 (2118ms)
Epoch 6/80: loss=1.188393 lr=0.000998 (637998ms)
  step 0/295: loss=1.089611 (2113ms)
  step 1/295: loss=1.281938 (2153ms)
  step 2/295: loss=1.177735 (2129ms)
  step 100/295: loss=1.014798 (2128ms)
  step 200/295: loss=1.152049 (2121ms)
Epoch 7/80: loss=1.155065 lr=0.000996 (638619ms)
  step 0/295: loss=0.968561 (2159ms)
  step 1/295: loss=1.215312 (2118ms)
  step 2/295: loss=1.254840 (2131ms)
  step 100/295: loss=1.362580 (2121ms)
  step 200/295: loss=1.111930 (2162ms)
Epoch 8/80: loss=1.116733 lr=0.000993 (638132ms)
  step 0/295: loss=1.161712 (2110ms)
  step 1/295: loss=1.017769 (2125ms)
  step 2/295: loss=1.127272 (2110ms)
  step 100/295: loss=0.912122 (2141ms)
  step 200/295: loss=1.211330 (2143ms)
Epoch 9/80: loss=1.080491 lr=0.000990 (638887ms)
  step 0/295: loss=0.979966 (2153ms)
  step 1/295: loss=1.067882 (2124ms)
  step 2/295: loss=0.960141 (2143ms)
  step 100/295: loss=1.239522 (2133ms)
  step 200/295: loss=0.905624 (2137ms)
Epoch 10/80: loss=1.063479 lr=0.000985 (637930ms)
  val accuracy: 951/3904 = 24.359631%
  step 0/295: loss=1.081280 (2152ms)
  step 1/295: loss=0.965117 (2128ms)
  step 2/295: loss=0.972364 (2148ms)
  step 100/295: loss=1.333240 (2169ms)
  step 200/295: loss=0.946598 (2142ms)
Epoch 11/80: loss=1.027923 lr=0.000980 (638624ms)
  step 0/295: loss=1.006507 (2134ms)
  step 1/295: loss=0.923254 (2116ms)
  step 2/295: loss=0.986790 (2167ms)
  step 100/295: loss=0.956451 (2128ms)
  step 200/295: loss=0.887388 (2112ms)
Epoch 12/80: loss=1.001432 lr=0.000974 (638275ms)
  step 0/295: loss=1.242989 (2152ms)
  step 1/295: loss=0.981271 (2127ms)
  step 2/295: loss=1.153822 (2137ms)
  step 100/295: loss=1.128332 (2149ms)
  step 200/295: loss=1.052660 (2126ms)
Epoch 13/80: loss=0.980417 lr=0.000967 (639038ms)
  step 0/295: loss=0.905193 (2123ms)
  step 1/295: loss=0.913697 (2121ms)
  step 2/295: loss=0.871394 (2116ms)
  step 100/295: loss=0.999265 (2117ms)
  step 200/295: loss=0.920498 (2128ms)
Epoch 14/80: loss=0.976115 lr=0.000959 (638689ms)
  step 0/295: loss=1.170458 (2155ms)
  step 1/295: loss=1.129002 (2162ms)
  step 2/295: loss=0.880104 (2151ms)
  step 100/295: loss=0.865333 (2136ms)
  step 200/295: loss=0.833713 (2132ms)
Epoch 15/80: loss=0.943883 lr=0.000950 (638655ms)
  step 0/295: loss=1.034619 (2121ms)
  step 1/295: loss=0.890277 (2122ms)
  step 2/295: loss=0.813649 (2160ms)
  step 100/295: loss=0.813124 (2136ms)
  step 200/295: loss=0.717134 (2126ms)
Epoch 16/80: loss=0.916368 lr=0.000941 (639211ms)
  step 0/295: loss=0.808084 (2127ms)
  step 1/295: loss=1.015169 (2122ms)
  step 2/295: loss=0.772924 (2139ms)
  step 100/295: loss=0.703375 (2101ms)
  step 200/295: loss=1.012218 (2117ms)
Epoch 17/80: loss=0.912546 lr=0.000931 (638630ms)
  step 0/295: loss=0.781540 (2128ms)
  step 1/295: loss=0.742263 (2128ms)
  step 2/295: loss=0.842692 (2124ms)
  step 100/295: loss=0.903623 (2127ms)
  step 200/295: loss=0.827736 (2109ms)
Epoch 18/80: loss=0.895517 lr=0.000921 (638390ms)
  step 0/295: loss=0.817401 (2139ms)
  step 1/295: loss=0.684626 (2140ms)
  step 2/295: loss=0.873715 (2118ms)
  step 100/295: loss=0.799829 (2113ms)
  step 200/295: loss=0.938985 (2140ms)
Epoch 19/80: loss=0.875946 lr=0.000909 (638191ms)
  step 0/295: loss=0.895524 (2141ms)
  step 1/295: loss=0.934306 (2108ms)
  step 2/295: loss=0.861726 (2112ms)
  step 100/295: loss=0.886340 (2143ms)
  step 200/295: loss=0.679204 (2139ms)
Epoch 20/80: loss=0.862912 lr=0.000897 (637947ms)
  val accuracy: 960/3904 = 24.590164%
  step 0/295: loss=0.924726 (2158ms)
  step 1/295: loss=0.767876 (2158ms)
  step 2/295: loss=0.729165 (2142ms)
  step 100/295: loss=0.733698 (2152ms)
  step 200/295: loss=0.825407 (2120ms)
Epoch 21/80: loss=0.851464 lr=0.000884 (638565ms)
  step 0/295: loss=0.698713 (2145ms)
  step 1/295: loss=0.859643 (2132ms)
  step 2/295: loss=0.795025 (2158ms)
  step 100/295: loss=1.056291 (2137ms)
  step 200/295: loss=0.994277 (2140ms)
Epoch 22/80: loss=0.852486 lr=0.000871 (638407ms)
  step 0/295: loss=0.932966 (2136ms)
  step 1/295: loss=0.732979 (2148ms)
  step 2/295: loss=0.722437 (2096ms)
  step 100/295: loss=0.842851 (2146ms)
  step 200/295: loss=1.034174 (2138ms)
Epoch 23/80: loss=0.832882 lr=0.000857 (638133ms)
  step 0/295: loss=0.981511 (2134ms)
  step 1/295: loss=0.901325 (2132ms)
  step 2/295: loss=0.732127 (2164ms)
  step 100/295: loss=0.796474 (2170ms)
  step 200/295: loss=0.888633 (2142ms)
Epoch 24/80: loss=0.808479 lr=0.000843 (637057ms)
  step 0/295: loss=0.622892 (2148ms)
  step 1/295: loss=0.850885 (2153ms)
  step 2/295: loss=0.761957 (2154ms)
  step 100/295: loss=0.741831 (2141ms)
  step 200/295: loss=0.832764 (2160ms)
Epoch 25/80: loss=0.801535 lr=0.000827 (639814ms)
  step 0/295: loss=0.771082 (2152ms)
  step 1/295: loss=0.699229 (2169ms)
  step 2/295: loss=0.815723 (2129ms)
