ResNet-50: 23528522 params
Generating train step MLIR...
  760100 chars
Compiling vmfbs...
  forward compiled
  eval forward (fixed BN) compiled
  compiled
  session loaded
  data: 9469 images
  23528522 params + m + v (269 MB)
training: 295 batches/epoch, batch=32, Adam, lr=0.001000, cosine, label_smooth=0.1, wd=1e-4
  BN layers: 53, BN stat floats: 53120
  step 0/295: loss=3.658165 (2203ms)
  step 1/295: loss=3.941511 (2270ms)
  step 2/295: loss=3.612920 (2138ms)
  step 100/295: loss=2.419666 (2136ms)
  step 200/295: loss=1.784985 (2125ms)
Epoch 1/80: loss=2.070002 lr=0.000333 (641473ms)
  step 0/295: loss=1.716722 (2160ms)
  step 1/295: loss=1.700862 (2146ms)
  step 2/295: loss=1.571562 (2134ms)
  step 100/295: loss=1.880557 (2142ms)
  step 200/295: loss=1.836979 (2171ms)
Epoch 2/80: loss=1.781791 lr=0.000667 (643036ms)
  step 0/295: loss=1.811123 (2116ms)
  step 1/295: loss=2.118695 (2136ms)
  step 2/295: loss=1.507440 (2143ms)
  step 100/295: loss=1.558675 (2151ms)
  step 200/295: loss=1.337893 (2136ms)
Epoch 3/80: loss=1.537010 lr=0.001000 (642757ms)
  step 0/295: loss=1.377282 (2163ms)
  step 1/295: loss=1.199147 (2114ms)
  step 2/295: loss=1.414562 (2174ms)
  step 100/295: loss=1.567622 (2146ms)
  step 200/295: loss=1.295812 (2117ms)
Epoch 4/80: loss=1.369110 lr=0.001000 (643989ms)
  step 0/295: loss=1.134266 (2174ms)
  step 1/295: loss=1.387483 (2154ms)
  step 2/295: loss=1.262614 (2140ms)
  step 100/295: loss=1.462013 (2152ms)
  step 200/295: loss=1.066920 (2148ms)
Epoch 5/80: loss=1.275862 lr=0.001000 (645149ms)
  step 0/295: loss=1.269167 (2224ms)
  step 1/295: loss=1.070944 (2173ms)
  step 2/295: loss=1.150790 (2150ms)
  step 100/295: loss=1.173310 (2189ms)
  step 200/295: loss=1.369908 (2125ms)
Epoch 6/80: loss=1.188393 lr=0.000998 (645083ms)
  step 0/295: loss=1.089611 (2166ms)
  step 1/295: loss=1.281938 (2125ms)
  step 2/295: loss=1.177735 (2147ms)
  step 100/295: loss=1.014798 (2181ms)
  step 200/295: loss=1.152049 (2158ms)
Epoch 7/80: loss=1.155065 lr=0.000996 (644905ms)
  step 0/295: loss=0.968561 (2152ms)
  step 1/295: loss=1.215312 (2148ms)
  step 2/295: loss=1.254840 (2180ms)
  step 100/295: loss=1.362580 (2144ms)
  step 200/295: loss=1.111930 (2187ms)
Epoch 8/80: loss=1.116733 lr=0.000993 (645872ms)
  step 0/295: loss=1.161712 (2145ms)
  step 1/295: loss=1.017769 (2164ms)
  step 2/295: loss=1.127272 (2174ms)
  step 100/295: loss=0.912122 (2147ms)
  step 200/295: loss=1.211330 (2172ms)
Epoch 9/80: loss=1.080491 lr=0.000990 (645310ms)
  step 0/295: loss=0.979966 (2173ms)
  step 1/295: loss=1.067882 (2146ms)
  step 2/295: loss=0.960141 (2132ms)
  step 100/295: loss=1.239522 (2183ms)
  step 200/295: loss=0.905624 (2159ms)
Epoch 10/80: loss=1.063479 lr=0.000985 (647510ms)
  val accuracy (running BN): 2884/3904 = 73.872951%
  step 0/295: loss=1.081280 (2190ms)
  step 1/295: loss=0.965117 (2170ms)
  step 2/295: loss=0.972364 (2181ms)
  step 100/295: loss=1.333240 (2145ms)
  step 200/295: loss=0.946598 (2133ms)
Epoch 11/80: loss=1.027923 lr=0.000980 (644158ms)
  step 0/295: loss=1.006507 (2127ms)
  step 1/295: loss=0.923254 (2141ms)
  step 2/295: loss=0.986790 (2126ms)
  step 100/295: loss=0.956451 (2125ms)
  step 200/295: loss=0.887388 (2158ms)
Epoch 12/80: loss=1.001432 lr=0.000974 (640801ms)
  step 0/295: loss=1.242989 (2139ms)
  step 1/295: loss=0.981271 (2150ms)
  step 2/295: loss=1.153822 (2122ms)
  step 100/295: loss=1.128332 (2137ms)
  step 200/295: loss=1.052660 (2137ms)
Epoch 13/80: loss=0.980417 lr=0.000967 (639169ms)
  step 0/295: loss=0.905193 (2163ms)
  step 1/295: loss=0.913697 (2178ms)
  step 2/295: loss=0.871394 (2108ms)
  step 100/295: loss=0.999265 (2159ms)
  step 200/295: loss=0.920498 (2170ms)
Epoch 14/80: loss=0.976115 lr=0.000959 (641789ms)
  step 0/295: loss=1.170458 (2131ms)
  step 1/295: loss=1.129002 (2134ms)
  step 2/295: loss=0.880104 (2106ms)
  step 100/295: loss=0.865333 (2131ms)
  step 200/295: loss=0.833713 (2137ms)
Epoch 15/80: loss=0.943883 lr=0.000950 (642090ms)
  step 0/295: loss=1.034619 (2125ms)
  step 1/295: loss=0.890277 (2127ms)
  step 2/295: loss=0.813649 (2158ms)
  step 100/295: loss=0.813124 (2150ms)
  step 200/295: loss=0.717134 (2145ms)
Epoch 16/80: loss=0.916368 lr=0.000941 (642115ms)
  step 0/295: loss=0.808084 (2165ms)
  step 1/295: loss=1.015169 (2135ms)
  step 2/295: loss=0.772924 (2140ms)
  step 100/295: loss=0.703375 (2138ms)
  step 200/295: loss=1.012218 (2153ms)
Epoch 17/80: loss=0.912546 lr=0.000931 (642431ms)
  step 0/295: loss=0.781540 (2140ms)
  step 1/295: loss=0.742263 (2137ms)
  step 2/295: loss=0.842692 (2139ms)
  step 100/295: loss=0.903623 (2125ms)
  step 200/295: loss=0.827736 (2128ms)
Epoch 18/80: loss=0.895517 lr=0.000921 (641191ms)
  step 0/295: loss=0.817401 (2138ms)
  step 1/295: loss=0.684626 (2150ms)
  step 2/295: loss=0.873715 (2146ms)
  step 100/295: loss=0.799829 (2139ms)
  step 200/295: loss=0.938985 (2131ms)
Epoch 19/80: loss=0.875946 lr=0.000909 (641324ms)
  step 0/295: loss=0.895524 (2130ms)
  step 1/295: loss=0.934306 (2126ms)
  step 2/295: loss=0.861726 (2135ms)
  step 100/295: loss=0.886340 (2130ms)
  step 200/295: loss=0.679204 (2129ms)
Epoch 20/80: loss=0.862912 lr=0.000897 (641062ms)
  val accuracy (running BN): 3012/3904 = 77.151639%
  step 0/295: loss=0.924726 (2127ms)
  step 1/295: loss=0.767876 (2131ms)
  step 2/295: loss=0.729165 (2156ms)
  step 100/295: loss=0.733698 (2126ms)
  step 200/295: loss=0.825407 (2154ms)
Epoch 21/80: loss=0.851464 lr=0.000884 (639326ms)
  step 0/295: loss=0.698713 (2134ms)
  step 1/295: loss=0.859643 (2140ms)
  step 2/295: loss=0.795025 (2157ms)
  step 100/295: loss=1.056291 (2146ms)
  step 200/295: loss=0.994277 (2144ms)
Epoch 22/80: loss=0.852486 lr=0.000871 (639694ms)
  step 0/295: loss=0.932966 (2140ms)
  step 1/295: loss=0.732979 (2133ms)
  step 2/295: loss=0.722437 (2115ms)
  step 100/295: loss=0.842851 (2155ms)
  step 200/295: loss=1.034174 (2144ms)
Epoch 23/80: loss=0.832882 lr=0.000857 (642968ms)
  step 0/295: loss=0.981511 (2134ms)
  step 1/295: loss=0.901325 (2176ms)
  step 2/295: loss=0.732127 (2163ms)
  step 100/295: loss=0.796474 (2129ms)
  step 200/295: loss=0.888633 (2146ms)
Epoch 24/80: loss=0.808479 lr=0.000843 (643020ms)
  step 0/295: loss=0.622892 (2210ms)
  step 1/295: loss=0.850885 (2147ms)
  step 2/295: loss=0.761957 (2133ms)
  step 100/295: loss=0.741831 (2136ms)
  step 200/295: loss=0.832764 (2142ms)
Epoch 25/80: loss=0.801535 lr=0.000827 (642222ms)
  step 0/295: loss=0.771082 (2157ms)
  step 1/295: loss=0.699229 (2178ms)
  step 2/295: loss=0.815723 (2119ms)
  step 100/295: loss=0.729084 (2158ms)
  step 200/295: loss=0.948130 (2132ms)
Epoch 26/80: loss=0.768211 lr=0.000812 (640454ms)
  step 0/295: loss=0.743586 (2168ms)
  step 1/295: loss=0.743851 (2174ms)
  step 2/295: loss=0.660735 (2155ms)
  step 100/295: loss=0.687273 (2146ms)
  step 200/295: loss=0.777816 (2132ms)
Epoch 27/80: loss=0.776327 lr=0.000796 (641080ms)
  step 0/295: loss=0.612318 (2166ms)
  step 1/295: loss=0.733192 (2170ms)
  step 2/295: loss=0.906814 (2138ms)
  step 100/295: loss=0.727915 (2106ms)
  step 200/295: loss=0.883362 (2158ms)
Epoch 28/80: loss=0.767813 lr=0.000779 (641322ms)
  step 0/295: loss=0.759357 (2152ms)
  step 1/295: loss=0.669702 (2106ms)
  step 2/295: loss=0.663359 (2124ms)
  step 100/295: loss=0.693639 (2149ms)
  step 200/295: loss=0.617433 (2127ms)
Epoch 29/80: loss=0.739961 lr=0.000762 (640775ms)
  step 0/295: loss=0.683938 (2175ms)
  step 1/295: loss=0.771173 (2157ms)
  step 2/295: loss=0.725789 (2159ms)
  step 100/295: loss=0.661453 (2104ms)
  step 200/295: loss=0.833368 (2135ms)
Epoch 30/80: loss=0.728629 lr=0.000744 (640765ms)
  val accuracy (running BN): 3321/3904 = 85.066598%
  step 0/295: loss=0.639330 (2143ms)
  step 1/295: loss=0.906733 (2131ms)
  step 2/295: loss=0.671954 (2141ms)
  step 100/295: loss=0.783622 (2134ms)
  step 200/295: loss=0.926817 (2155ms)
Epoch 31/80: loss=0.712565 lr=0.000726 (640511ms)
  step 0/295: loss=0.601836 (2158ms)
  step 1/295: loss=0.798665 (2151ms)
  step 2/295: loss=0.726008 (2151ms)
  step 100/295: loss=0.701734 (2156ms)
  step 200/295: loss=0.646093 (2159ms)
Epoch 32/80: loss=0.691620 lr=0.000708 (641062ms)
  step 0/295: loss=0.579571 (2121ms)
  step 1/295: loss=0.665248 (2122ms)
  step 2/295: loss=0.625939 (2148ms)
  step 100/295: loss=0.662547 (2131ms)
  step 200/295: loss=0.801182 (2155ms)
Epoch 33/80: loss=0.683185 lr=0.000689 (642362ms)
  step 0/295: loss=0.566085 (2161ms)
  step 1/295: loss=0.602002 (2119ms)
  step 2/295: loss=0.596502 (2131ms)
  step 100/295: loss=0.616882 (2151ms)
  step 200/295: loss=0.673187 (2128ms)
Epoch 34/80: loss=0.667689 lr=0.000670 (642435ms)
  step 0/295: loss=0.657614 (2172ms)
  step 1/295: loss=0.631435 (2135ms)
  step 2/295: loss=0.568456 (2142ms)
  step 100/295: loss=0.551890 (2143ms)
  step 200/295: loss=0.612055 (2179ms)
Epoch 35/80: loss=0.659019 lr=0.000651 (642652ms)
  step 0/295: loss=0.575996 (2150ms)
  step 1/295: loss=0.642043 (2180ms)
  step 2/295: loss=0.564798 (2137ms)
  step 100/295: loss=0.612685 (2114ms)
  step 200/295: loss=0.712238 (2169ms)
Epoch 36/80: loss=0.651290 lr=0.000631 (642443ms)
  step 0/295: loss=0.599219 (2159ms)
  step 1/295: loss=0.555799 (2146ms)
  step 2/295: loss=0.649671 (2124ms)
  step 100/295: loss=0.632180 (2135ms)
  step 200/295: loss=0.668851 (2165ms)
Epoch 37/80: loss=0.653226 lr=0.000611 (642437ms)
  step 0/295: loss=0.620050 (2162ms)
  step 1/295: loss=0.576473 (2162ms)
  step 2/295: loss=0.582526 (2153ms)
  step 100/295: loss=0.601514 (2163ms)
  step 200/295: loss=0.576853 (2147ms)
Epoch 38/80: loss=0.641978 lr=0.000591 (643583ms)
  step 0/295: loss=0.562339 (2149ms)
  step 1/295: loss=0.646719 (2154ms)
  step 2/295: loss=0.589161 (2165ms)
  step 100/295: loss=0.645361 (2151ms)
  step 200/295: loss=0.656121 (2176ms)
Epoch 39/80: loss=0.618574 lr=0.000571 (645200ms)
  step 0/295: loss=0.589293 (2167ms)
  step 1/295: loss=0.603794 (2139ms)
  step 2/295: loss=0.568316 (2160ms)
  step 100/295: loss=0.641270 (2172ms)
  step 200/295: loss=0.616230 (2164ms)
Epoch 40/80: loss=0.607013 lr=0.000551 (644528ms)
  val accuracy (running BN): 3415/3904 = 87.474385%
  step 0/295: loss=0.577133 (2169ms)
  step 1/295: loss=0.538444 (2140ms)
  step 2/295: loss=0.638691 (2128ms)
  step 100/295: loss=0.566509 (2164ms)
  step 200/295: loss=0.590403 (2145ms)
Epoch 41/80: loss=0.590632 lr=0.000531 (643453ms)
  step 0/295: loss=0.582769 (2159ms)
  step 1/295: loss=0.540892 (2157ms)
  step 2/295: loss=0.605136 (2141ms)
  step 100/295: loss=0.611783 (2137ms)
  step 200/295: loss=0.728035 (2127ms)
Epoch 42/80: loss=0.607288 lr=0.000510 (643921ms)
  step 0/295: loss=0.624033 (2180ms)
  step 1/295: loss=0.586236 (2158ms)
  step 2/295: loss=0.555751 (2179ms)
  step 100/295: loss=0.558688 (2162ms)
  step 200/295: loss=0.537318 (2179ms)
Epoch 43/80: loss=0.594575 lr=0.000490 (643753ms)
  step 0/295: loss=0.570880 (2180ms)
  step 1/295: loss=0.562668 (2151ms)
  step 2/295: loss=0.577340 (2174ms)
  step 100/295: loss=0.547913 (2162ms)
  step 200/295: loss=0.544934 (2141ms)
Epoch 44/80: loss=0.576139 lr=0.000469 (644407ms)
  step 0/295: loss=0.546049 (2163ms)
  step 1/295: loss=0.571370 (2154ms)
  step 2/295: loss=0.559642 (2146ms)
  step 100/295: loss=0.563428 (2172ms)
  step 200/295: loss=0.570138 (2175ms)
Epoch 45/80: loss=0.574404 lr=0.000449 (645745ms)
  step 0/295: loss=0.561123 (2171ms)
  step 1/295: loss=0.546238 (2181ms)
  step 2/295: loss=0.538524 (2170ms)
  step 100/295: loss=0.569450 (2164ms)
  step 200/295: loss=0.590711 (2144ms)
Epoch 46/80: loss=0.569499 lr=0.000429 (645537ms)
  step 0/295: loss=0.555921 (2173ms)
  step 1/295: loss=0.563627 (2146ms)
  step 2/295: loss=0.582851 (2168ms)
  step 100/295: loss=0.541186 (2147ms)
  step 200/295: loss=0.539427 (2131ms)
Epoch 47/80: loss=0.561241 lr=0.000409 (644069ms)
  step 0/295: loss=0.632063 (2157ms)
  step 1/295: loss=0.557122 (2141ms)
  step 2/295: loss=0.543223 (2140ms)
  step 100/295: loss=0.560512 (2168ms)
  step 200/295: loss=0.561482 (2152ms)
Epoch 48/80: loss=0.546578 lr=0.000389 (643284ms)
  step 0/295: loss=0.539912 (2137ms)
  step 1/295: loss=0.535148 (2153ms)
  step 2/295: loss=0.525863 (2160ms)
  step 100/295: loss=0.548559 (2112ms)
  step 200/295: loss=0.519945 (2181ms)
Epoch 49/80: loss=0.545472 lr=0.000369 (642916ms)
  step 0/295: loss=0.620136 (2140ms)
  step 1/295: loss=0.527266 (2156ms)
  step 2/295: loss=0.543448 (2171ms)
  step 100/295: loss=0.539742 (2155ms)
  step 200/295: loss=0.527441 (2161ms)
Epoch 50/80: loss=0.542503 lr=0.000349 (643523ms)
  val accuracy (running BN): 3452/3904 = 88.422131%
  step 0/295: loss=0.514441 (2190ms)
  step 1/295: loss=0.525519 (2175ms)
  step 2/295: loss=0.524821 (2152ms)
  step 100/295: loss=0.523445 (2136ms)
  step 200/295: loss=0.556536 (2129ms)
Epoch 51/80: loss=0.537713 lr=0.000330 (644127ms)
  step 0/295: loss=0.527385 (2177ms)
  step 1/295: loss=0.527615 (2160ms)
  step 2/295: loss=0.545430 (2158ms)
  step 100/295: loss=0.548913 (2140ms)
  step 200/295: loss=0.526463 (2158ms)
Epoch 52/80: loss=0.537308 lr=0.000311 (643250ms)
  step 0/295: loss=0.515484 (2129ms)
  step 1/295: loss=0.561361 (2162ms)
  step 2/295: loss=0.516546 (2145ms)
  step 100/295: loss=0.526487 (2162ms)
  step 200/295: loss=0.537930 (2135ms)
Epoch 53/80: loss=0.535201 lr=0.000292 (643475ms)
  step 0/295: loss=0.534639 (2154ms)
  step 1/295: loss=0.603665 (2161ms)
  step 2/295: loss=0.528799 (2145ms)
  step 100/295: loss=0.512777 (2170ms)
  step 200/295: loss=0.515009 (2146ms)
Epoch 54/80: loss=0.531025 lr=0.000274 (643587ms)
  step 0/295: loss=0.528395 (2174ms)
  step 1/295: loss=0.546132 (2160ms)
  step 2/295: loss=0.520284 (2161ms)
  step 100/295: loss=0.519168 (2150ms)
  step 200/295: loss=0.521644 (2132ms)
Epoch 55/80: loss=0.526351 lr=0.000256 (643138ms)
  step 0/295: loss=0.512839 (2142ms)
  step 1/295: loss=0.509340 (2136ms)
  step 2/295: loss=0.510925 (2146ms)
  step 100/295: loss=0.514859 (2147ms)
  step 200/295: loss=0.522041 (2152ms)
Epoch 56/80: loss=0.521560 lr=0.000238 (643510ms)
  step 0/295: loss=0.514037 (2170ms)
  step 1/295: loss=0.523891 (2152ms)
  step 2/295: loss=0.517991 (2167ms)
  step 100/295: loss=0.528397 (2168ms)
  step 200/295: loss=0.515016 (2141ms)
Epoch 57/80: loss=0.520369 lr=0.000221 (644043ms)
  step 0/295: loss=0.539644 (2172ms)
  step 1/295: loss=0.512669 (2168ms)
  step 2/295: loss=0.515372 (2163ms)
  step 100/295: loss=0.512613 (2165ms)
  step 200/295: loss=0.507112 (2163ms)
Epoch 58/80: loss=0.520894 lr=0.000204 (645144ms)
  step 0/295: loss=0.532870 (2162ms)
  step 1/295: loss=0.531735 (2149ms)
  step 2/295: loss=0.580144 (2138ms)
  step 100/295: loss=0.509390 (2140ms)
  step 200/295: loss=0.508863 (2189ms)
Epoch 59/80: loss=0.517088 lr=0.000188 (644396ms)
  step 0/295: loss=0.512106 (2156ms)
  step 1/295: loss=0.511412 (2159ms)
  step 2/295: loss=0.535291 (2137ms)
  step 100/295: loss=0.523999 (2148ms)
  step 200/295: loss=0.608105 (2171ms)
Epoch 60/80: loss=0.515467 lr=0.000173 (644023ms)
  val accuracy (running BN): 3479/3904 = 89.113730%
  step 0/295: loss=0.517400 (2179ms)
  step 1/295: loss=0.514292 (2164ms)
  step 2/295: loss=0.508060 (2162ms)
  step 100/295: loss=0.513176 (2185ms)
  step 200/295: loss=0.519889 (2132ms)
Epoch 61/80: loss=0.514423 lr=0.000157 (644672ms)
  step 0/295: loss=0.508701 (2173ms)
  step 1/295: loss=0.508599 (2145ms)
  step 2/295: loss=0.511203 (2180ms)
  step 100/295: loss=0.505580 (2156ms)
  step 200/295: loss=0.538022 (2120ms)
Epoch 62/80: loss=0.512406 lr=0.000143 (644770ms)
  step 0/295: loss=0.507217 (2146ms)
  step 1/295: loss=0.507891 (2155ms)
  step 2/295: loss=0.512734 (2134ms)
  step 100/295: loss=0.509126 (2192ms)
  step 200/295: loss=0.506358 (2162ms)
Epoch 63/80: loss=0.510652 lr=0.000129 (644673ms)
  step 0/295: loss=0.507027 (2146ms)
  step 1/295: loss=0.508434 (2167ms)
  step 2/295: loss=0.507761 (2156ms)
  step 100/295: loss=0.513968 (2159ms)
  step 200/295: loss=0.506132 (2147ms)
Epoch 64/80: loss=0.509168 lr=0.000116 (644330ms)
  step 0/295: loss=0.506644 (2158ms)
  step 1/295: loss=0.505566 (2167ms)
  step 2/295: loss=0.506165 (2146ms)
  step 100/295: loss=0.507841 (2170ms)
  step 200/295: loss=0.562759 (2171ms)
Epoch 65/80: loss=0.510798 lr=0.000103 (644076ms)
  step 0/295: loss=0.504706 (2151ms)
  step 1/295: loss=0.505816 (2178ms)
  step 2/295: loss=0.504780 (2141ms)
  step 100/295: loss=0.505200 (2145ms)
  step 200/295: loss=0.506462 (2136ms)
Epoch 66/80: loss=0.508535 lr=0.000091 (644158ms)
  step 0/295: loss=0.504127 (2166ms)
  step 1/295: loss=0.510470 (2144ms)
  step 2/295: loss=0.505127 (2155ms)
  step 100/295: loss=0.504064 (2128ms)
  step 200/295: loss=0.505244 (2147ms)
Epoch 67/80: loss=0.507532 lr=0.000079 (643857ms)
  step 0/295: loss=0.509827 (2181ms)
  step 1/295: loss=0.504927 (2137ms)
  step 2/295: loss=0.507930 (2194ms)
  step 100/295: loss=0.503695 (2143ms)
  step 200/295: loss=0.514764 (2163ms)
Epoch 68/80: loss=0.507104 lr=0.000069 (644239ms)
  step 0/295: loss=0.504248 (2139ms)
  step 1/295: loss=0.507175 (2141ms)
  step 2/295: loss=0.504763 (2152ms)
  step 100/295: loss=0.504403 (2134ms)
  step 200/295: loss=0.506930 (2146ms)
Epoch 69/80: loss=0.507451 lr=0.000059 (644123ms)
  step 0/295: loss=0.504187 (2162ms)
  step 1/295: loss=0.502676 (2152ms)
  step 2/295: loss=0.504999 (2182ms)
  step 100/295: loss=0.505994 (2111ms)
  step 200/295: loss=0.505491 (2133ms)
Epoch 70/80: loss=0.506557 lr=0.000050 (642561ms)
  val accuracy (running BN): 3503/3904 = 89.728484%
  step 0/295: loss=0.504668 (2156ms)
  step 1/295: loss=0.502862 (2157ms)
  step 2/295: loss=0.505753 (2159ms)
  step 100/295: loss=0.506237 (2166ms)
  step 200/295: loss=0.503561 (2153ms)
Epoch 71/80: loss=0.506412 lr=0.000041 (639885ms)
  step 0/295: loss=0.504587 (2173ms)
  step 1/295: loss=0.504410 (2164ms)
  step 2/295: loss=0.503649 (2138ms)
  step 100/295: loss=0.512559 (2135ms)
  step 200/295: loss=0.504404 (2134ms)
Epoch 72/80: loss=0.505951 lr=0.000033 (640639ms)
  step 0/295: loss=0.505878 (2157ms)
  step 1/295: loss=0.505044 (2137ms)
  step 2/295: loss=0.505246 (2143ms)
  step 100/295: loss=0.505568 (2144ms)
  step 200/295: loss=0.504086 (2144ms)
Epoch 73/80: loss=0.505300 lr=0.000026 (641182ms)
  step 0/295: loss=0.506787 (2162ms)
  step 1/295: loss=0.506272 (2174ms)
  step 2/295: loss=0.502794 (2164ms)
  step 100/295: loss=0.502346 (2180ms)
  step 200/295: loss=0.502845 (2144ms)
Epoch 74/80: loss=0.504969 lr=0.000020 (644682ms)
  step 0/295: loss=0.502551 (2155ms)
  step 1/295: loss=0.502734 (2167ms)
  step 2/295: loss=0.503708 (2144ms)
  step 100/295: loss=0.503753 (2136ms)
  step 200/295: loss=0.503618 (2181ms)
Epoch 75/80: loss=0.505052 lr=0.000015 (645229ms)
  step 0/295: loss=0.502993 (2114ms)
  step 1/295: loss=0.504209 (2163ms)
  step 2/295: loss=0.503129 (2135ms)
  step 100/295: loss=0.522726 (2142ms)
  step 200/295: loss=0.502514 (2161ms)
Epoch 76/80: loss=0.504669 lr=0.000010 (645407ms)
  step 0/295: loss=0.502832 (2162ms)
  step 1/295: loss=0.504478 (2143ms)
  step 2/295: loss=0.504029 (2178ms)
  step 100/295: loss=0.505654 (2135ms)
  step 200/295: loss=0.503161 (2143ms)
Epoch 77/80: loss=0.504454 lr=0.000007 (646030ms)
  step 0/295: loss=0.502590 (2186ms)
  step 1/295: loss=0.506551 (2167ms)
  step 2/295: loss=0.513099 (2161ms)
  step 100/295: loss=0.503545 (2190ms)
  step 200/295: loss=0.502814 (2168ms)
Epoch 78/80: loss=0.504372 lr=0.000004 (647024ms)
  step 0/295: loss=0.502546 (2168ms)
  step 1/295: loss=0.502951 (2158ms)
  step 2/295: loss=0.502092 (2167ms)
  step 100/295: loss=0.503230 (2181ms)
  step 200/295: loss=0.508878 (2181ms)
Epoch 79/80: loss=0.504751 lr=0.000002 (646850ms)
  step 0/295: loss=0.502966 (2138ms)
  step 1/295: loss=0.502517 (2163ms)
  step 2/295: loss=0.504787 (2135ms)
  step 100/295: loss=0.503030 (2148ms)
  step 200/295: loss=0.504054 (2157ms)
Epoch 80/80: loss=0.504537 lr=0.000000 (643924ms)
  val accuracy (running BN): 3490/3904 = 89.395492%
Saved params + BN stats.
