ResNet-50: 23528522 params
Generating train step MLIR...
  533054 chars
Compiling vmfbs...
  forward compiled
  compiled
  session loaded
  data: 9469 images
  23528522 params + 23528522 velocity (179 MB)
training: 591 batches/epoch, batch=16, momentum=0.9
  step 0/591: loss=3.822511 (1090ms)
  step 1/591: loss=2.966117 (1143ms)
  step 2/591: loss=2.426087 (1083ms)
  step 100/591: loss=2.675799 (1063ms)
  step 200/591: loss=3.147444 (1046ms)
  step 300/591: loss=2.386476 (1022ms)
  step 400/591: loss=2.148177 (1058ms)
  step 500/591: loss=1.817821 (1056ms)
Epoch 1/80: loss=2.542205 lr=0.002000 (629990ms)
  step 0/591: loss=1.491149 (1050ms)
  step 1/591: loss=1.828166 (1065ms)
  step 2/591: loss=1.667371 (1052ms)
  step 100/591: loss=1.542959 (1050ms)
  step 200/591: loss=2.994403 (1050ms)
  step 300/591: loss=2.133165 (1042ms)
  step 400/591: loss=1.485919 (1046ms)
  step 500/591: loss=1.794359 (1070ms)
Epoch 2/80: loss=1.918967 lr=0.001975 (633024ms)
  step 0/591: loss=2.308086 (1046ms)
  step 1/591: loss=1.794822 (1069ms)
  step 2/591: loss=2.319306 (1049ms)
  step 100/591: loss=1.716764 (1037ms)
  step 200/591: loss=1.387717 (1058ms)
  step 300/591: loss=0.914193 (1037ms)
  step 400/591: loss=1.694089 (1057ms)
  step 500/591: loss=1.726276 (1063ms)
Epoch 3/80: loss=1.641630 lr=0.001950 (633290ms)
  step 0/591: loss=1.698288 (1025ms)
  step 1/591: loss=1.545535 (1061ms)
  step 2/591: loss=1.092998 (1022ms)
  step 100/591: loss=1.018806 (1031ms)
  step 200/591: loss=1.234323 (1035ms)
  step 300/591: loss=1.624831 (1048ms)
  step 400/591: loss=1.388862 (1034ms)
  step 500/591: loss=1.455693 (1059ms)
Epoch 4/80: loss=1.418867 lr=0.001925 (632398ms)
  step 0/591: loss=1.998336 (1045ms)
  step 1/591: loss=0.760213 (1053ms)
  step 2/591: loss=1.793389 (1052ms)
  step 100/591: loss=0.749760 (1067ms)
  step 200/591: loss=1.355913 (1048ms)
  step 300/591: loss=1.154887 (1046ms)
  step 400/591: loss=0.902438 (1041ms)
  step 500/591: loss=1.240262 (1070ms)
Epoch 5/80: loss=1.256364 lr=0.001900 (633500ms)
  step 0/591: loss=0.993479 (1061ms)
  step 1/591: loss=1.166116 (1069ms)
  step 2/591: loss=1.385379 (1063ms)
  step 100/591: loss=1.447103 (1061ms)
  step 200/591: loss=0.704014 (1051ms)
  step 300/591: loss=1.204520 (1043ms)
  step 400/591: loss=1.299486 (1062ms)
  step 500/591: loss=1.208379 (1047ms)
Epoch 6/80: loss=1.134795 lr=0.001875 (633494ms)
  step 0/591: loss=1.485728 (1045ms)
  step 1/591: loss=0.523920 (1061ms)
  step 2/591: loss=1.328096 (1046ms)
  step 100/591: loss=0.974454 (1053ms)
  step 200/591: loss=1.365108 (1047ms)
  step 300/591: loss=1.545276 (1040ms)
  step 400/591: loss=1.041758 (1032ms)
  step 500/591: loss=1.029043 (1069ms)
Epoch 7/80: loss=1.060005 lr=0.001850 (633464ms)
  step 0/591: loss=0.584761 (1068ms)
  step 1/591: loss=0.389119 (1071ms)
  step 2/591: loss=0.664057 (1045ms)
  step 100/591: loss=0.752168 (1050ms)
  step 200/591: loss=1.097945 (1066ms)
  step 300/591: loss=0.968959 (1049ms)
  step 400/591: loss=1.096620 (1053ms)
  step 500/591: loss=0.856525 (1040ms)
Epoch 8/80: loss=0.966234 lr=0.001825 (633753ms)
  step 0/591: loss=1.080580 (1069ms)
  step 1/591: loss=0.913941 (1068ms)
  step 2/591: loss=0.788797 (1062ms)
  step 100/591: loss=1.291203 (1043ms)
  step 200/591: loss=0.637167 (1077ms)
  step 300/591: loss=0.956525 (1034ms)
  step 400/591: loss=1.253195 (1051ms)
  step 500/591: loss=1.501920 (1063ms)
Epoch 9/80: loss=0.946886 lr=0.001800 (633845ms)
  step 0/591: loss=1.194613 (1071ms)
  step 1/591: loss=0.891826 (1040ms)
  step 2/591: loss=0.655639 (1051ms)
  step 100/591: loss=0.842724 (1055ms)
  step 200/591: loss=1.917586 (1047ms)
  step 300/591: loss=1.224964 (1054ms)
  step 400/591: loss=0.583598 (1037ms)
  step 500/591: loss=0.840343 (1040ms)
Epoch 10/80: loss=0.885178 lr=0.001775 (633936ms)
  val accuracy: 726/3920 = 18.520408%
  step 0/591: loss=0.433901 (1043ms)
  step 1/591: loss=0.875347 (1058ms)
  step 2/591: loss=0.477854 (1049ms)
  step 100/591: loss=1.267993 (1048ms)
  step 200/591: loss=1.610239 (1044ms)
  step 300/591: loss=0.719671 (1074ms)
  step 400/591: loss=0.323024 (1040ms)
  step 500/591: loss=1.416956 (1068ms)
Epoch 11/80: loss=0.785855 lr=0.001750 (633425ms)
  step 0/591: loss=0.434253 (1027ms)
  step 1/591: loss=0.761587 (1041ms)
  step 2/591: loss=0.530625 (1020ms)
  step 100/591: loss=0.735692 (1053ms)
  step 200/591: loss=0.671853 (1075ms)
  step 300/591: loss=1.790358 (1038ms)
  step 400/591: loss=0.592005 (1053ms)
  step 500/591: loss=0.763445 (1038ms)
Epoch 12/80: loss=0.706650 lr=0.001725 (632626ms)
  step 0/591: loss=1.212937 (1041ms)
  step 1/591: loss=0.685875 (1047ms)
  step 2/591: loss=0.389758 (1063ms)
  step 100/591: loss=0.856104 (1068ms)
  step 200/591: loss=0.548430 (1056ms)
  step 300/591: loss=1.103607 (1071ms)
  step 400/591: loss=1.061659 (1047ms)
  step 500/591: loss=0.526641 (1057ms)
Epoch 13/80: loss=0.688453 lr=0.001700 (632876ms)
  step 0/591: loss=0.506759 (1067ms)
  step 1/591: loss=0.373177 (1046ms)
  step 2/591: loss=0.431488 (1075ms)
  step 100/591: loss=0.924720 (1059ms)
  step 200/591: loss=0.567496 (1069ms)
  step 300/591: loss=0.320594 (1052ms)
  step 400/591: loss=0.512765 (1056ms)
  step 500/591: loss=0.505475 (1071ms)
Epoch 14/80: loss=0.659302 lr=0.001675 (633721ms)
  step 0/591: loss=0.541610 (1078ms)
  step 1/591: loss=1.080596 (1058ms)
  step 2/591: loss=1.073539 (1072ms)
  step 100/591: loss=0.810322 (1056ms)
  step 200/591: loss=0.271011 (1058ms)
  step 300/591: loss=0.301664 (1070ms)
  step 400/591: loss=0.366028 (1063ms)
  step 500/591: loss=0.224565 (1054ms)
Epoch 15/80: loss=0.629327 lr=0.001650 (634032ms)
  step 0/591: loss=0.977861 (1051ms)
  step 1/591: loss=0.187972 (1044ms)
  step 2/591: loss=0.445170 (1058ms)
  step 100/591: loss=0.940466 (1045ms)
  step 200/591: loss=0.355779 (1052ms)
  step 300/591: loss=0.345988 (1059ms)
  step 400/591: loss=0.502892 (1054ms)
  step 500/591: loss=0.691723 (1061ms)
Epoch 16/80: loss=0.518432 lr=0.001625 (633733ms)
  step 0/591: loss=0.541554 (1064ms)
  step 1/591: loss=0.295410 (1046ms)
  step 2/591: loss=0.396220 (1027ms)
  step 100/591: loss=0.553857 (1026ms)
  step 200/591: loss=0.212643 (1058ms)
  step 300/591: loss=0.227080 (1054ms)
  step 400/591: loss=0.539832 (1045ms)
  step 500/591: loss=0.307630 (1066ms)
Epoch 17/80: loss=0.477261 lr=0.001600 (632706ms)
  step 0/591: loss=0.166921 (1052ms)
  step 1/591: loss=0.696445 (1064ms)
  step 2/591: loss=0.164503 (1038ms)
  step 100/591: loss=0.552797 (1075ms)
  step 200/591: loss=0.596406 (1016ms)
  step 300/591: loss=0.339135 (1065ms)
  step 400/591: loss=0.222712 (1063ms)
  step 500/591: loss=0.726228 (1041ms)
Epoch 18/80: loss=0.440965 lr=0.001575 (633348ms)
  step 0/591: loss=0.233931 (1065ms)
  step 1/591: loss=0.233056 (1066ms)
  step 2/591: loss=0.452854 (1066ms)
  step 100/591: loss=0.143748 (1031ms)
  step 200/591: loss=0.090139 (1065ms)
  step 300/591: loss=0.915028 (1030ms)
  step 400/591: loss=0.359608 (1037ms)
  step 500/591: loss=0.376482 (1045ms)
Epoch 19/80: loss=0.406062 lr=0.001550 (633545ms)
  step 0/591: loss=0.532312 (1069ms)
  step 1/591: loss=0.286136 (1054ms)
  step 2/591: loss=0.150914 (1066ms)
  step 100/591: loss=0.771014 (1041ms)
  step 200/591: loss=0.263865 (1015ms)
  step 300/591: loss=0.120073 (1064ms)
  step 400/591: loss=0.291550 (1042ms)
  step 500/591: loss=0.374019 (1038ms)
Epoch 20/80: loss=0.356821 lr=0.001525 (634055ms)
  val accuracy: 705/3920 = 17.984694%
  step 0/591: loss=0.119752 (1061ms)
  step 1/591: loss=0.384245 (1041ms)
  step 2/591: loss=0.218465 (1047ms)
  step 100/591: loss=0.357171 (1052ms)
  step 200/591: loss=0.171310 (1054ms)
  step 300/591: loss=0.258277 (1055ms)
  step 400/591: loss=0.143082 (1042ms)
  step 500/591: loss=0.505687 (1049ms)
Epoch 21/80: loss=0.319005 lr=0.001500 (632631ms)
  step 0/591: loss=0.071399 (1043ms)
  step 1/591: loss=0.282521 (1073ms)
  step 2/591: loss=0.171239 (1078ms)
  step 100/591: loss=0.746572 (1030ms)
  step 200/591: loss=0.427876 (1062ms)
  step 300/591: loss=0.336148 (1069ms)
  step 400/591: loss=0.444030 (1061ms)
  step 500/591: loss=0.091561 (1034ms)
Epoch 22/80: loss=0.288293 lr=0.001475 (633621ms)
  step 0/591: loss=0.487768 (1067ms)
  step 1/591: loss=0.078631 (1054ms)
  step 2/591: loss=0.220209 (1067ms)
  step 100/591: loss=0.126244 (1073ms)
  step 200/591: loss=0.111975 (1063ms)
  step 300/591: loss=0.608436 (1066ms)
  step 400/591: loss=0.308379 (1045ms)
  step 500/591: loss=0.579389 (1048ms)
Epoch 23/80: loss=0.262159 lr=0.001450 (633654ms)
  step 0/591: loss=0.569697 (1032ms)
  step 1/591: loss=0.203142 (1052ms)
  step 2/591: loss=0.268748 (1056ms)
  step 100/591: loss=0.313699 (1044ms)
  step 200/591: loss=0.296486 (1056ms)
  step 300/591: loss=0.311319 (1039ms)
  step 400/591: loss=0.302599 (1059ms)
  step 500/591: loss=0.779450 (1067ms)
Epoch 24/80: loss=0.235983 lr=0.001425 (633690ms)
  step 0/591: loss=0.018132 (1026ms)
  step 1/591: loss=0.568192 (1060ms)
  step 2/591: loss=0.418399 (1066ms)
  step 100/591: loss=0.036083 (1039ms)
  step 200/591: loss=0.020204 (1071ms)
  step 300/591: loss=0.256188 (1049ms)
  step 400/591: loss=0.140436 (1043ms)
  step 500/591: loss=0.818422 (1057ms)
Epoch 25/80: loss=0.207518 lr=0.001400 (633966ms)
  step 0/591: loss=0.284819 (1052ms)
  step 1/591: loss=0.024584 (1071ms)
  step 2/591: loss=0.171939 (1053ms)
  step 100/591: loss=0.464734 (1060ms)
  step 200/591: loss=0.009477 (1079ms)
  step 300/591: loss=0.326984 (1053ms)
  step 400/591: loss=0.130881 (1046ms)
  step 500/591: loss=0.165710 (1065ms)
Epoch 26/80: loss=0.191745 lr=0.001375 (634451ms)
  step 0/591: loss=0.056203 (1040ms)
  step 1/591: loss=0.292931 (1044ms)
  step 2/591: loss=0.114750 (1050ms)
  step 100/591: loss=0.141462 (1057ms)
  step 200/591: loss=0.023252 (1049ms)
  step 300/591: loss=0.014650 (1037ms)
  step 400/591: loss=0.113292 (1035ms)
  step 500/591: loss=0.040852 (1039ms)
Epoch 27/80: loss=0.165596 lr=0.001350 (634900ms)
  step 0/591: loss=0.081598 (1030ms)
  step 1/591: loss=0.017827 (1047ms)
  step 2/591: loss=0.041808 (1046ms)
  step 100/591: loss=0.019424 (1049ms)
  step 200/591: loss=0.150143 (1034ms)
  step 300/591: loss=0.326950 (1060ms)
  step 400/591: loss=0.064064 (1053ms)
  step 500/591: loss=0.489457 (1072ms)
Epoch 28/80: loss=0.147636 lr=0.001325 (633607ms)
  step 0/591: loss=0.238189 (1041ms)
  step 1/591: loss=0.022373 (1030ms)
  step 2/591: loss=0.025793 (1044ms)
  step 100/591: loss=0.256874 (1064ms)
  step 200/591: loss=0.247577 (1051ms)
  step 300/591: loss=0.223374 (1048ms)
  step 400/591: loss=0.038519 (1064ms)
  step 500/591: loss=0.006005 (1061ms)
Epoch 29/80: loss=0.153943 lr=0.001300 (633615ms)
  step 0/591: loss=0.021333 (1078ms)
  step 1/591: loss=0.085565 (1062ms)
  step 2/591: loss=0.012656 (1059ms)
  step 100/591: loss=0.085289 (1030ms)
  step 200/591: loss=0.004167 (1055ms)
  step 300/591: loss=0.028021 (1068ms)
  step 400/591: loss=0.126437 (1069ms)
  step 500/591: loss=0.115304 (1041ms)
Epoch 30/80: loss=0.132245 lr=0.001275 (633892ms)
  val accuracy: 766/3920 = 19.540816%
  step 0/591: loss=0.045094 (1058ms)
  step 1/591: loss=0.050507 (1044ms)
  step 2/591: loss=0.036338 (1041ms)
  step 100/591: loss=0.164578 (1068ms)
  step 200/591: loss=0.248267 (1055ms)
  step 300/591: loss=0.012695 (1039ms)
  step 400/591: loss=0.144654 (1074ms)
  step 500/591: loss=0.010643 (1058ms)
Epoch 31/80: loss=0.102163 lr=0.001250 (634166ms)
  step 0/591: loss=0.014113 (1054ms)
  step 1/591: loss=0.000631 (1056ms)
  step 2/591: loss=0.339571 (1047ms)
  step 100/591: loss=0.014492 (1076ms)
  step 200/591: loss=0.041913 (1073ms)
  step 300/591: loss=0.030604 (1046ms)
  step 400/591: loss=0.067650 (1058ms)
  step 500/591: loss=0.028110 (1054ms)
Epoch 32/80: loss=0.098521 lr=0.001225 (634717ms)
  step 0/591: loss=0.009153 (1065ms)
  step 1/591: loss=0.156815 (1076ms)
  step 2/591: loss=0.342688 (1052ms)
  step 100/591: loss=0.092086 (1040ms)
  step 200/591: loss=0.051250 (1046ms)
  step 300/591: loss=0.030430 (1057ms)
  step 400/591: loss=0.005749 (1059ms)
  step 500/591: loss=0.227772 (1026ms)
Epoch 33/80: loss=0.099909 lr=0.001200 (634143ms)
  step 0/591: loss=0.506252 (1059ms)
  step 1/591: loss=0.045213 (1069ms)
  step 2/591: loss=0.253214 (1066ms)
  step 100/591: loss=0.016375 (1073ms)
  step 200/591: loss=0.208560 (1041ms)
  step 300/591: loss=0.241108 (1079ms)
  step 400/591: loss=0.191203 (1058ms)
  step 500/591: loss=0.174267 (1058ms)
Epoch 34/80: loss=0.098311 lr=0.001175 (634170ms)
  step 0/591: loss=0.012800 (1076ms)
  step 1/591: loss=0.008598 (1064ms)
  step 2/591: loss=0.041828 (1058ms)
  step 100/591: loss=0.061378 (1068ms)
  step 200/591: loss=0.008626 (1049ms)
  step 300/591: loss=0.335769 (1038ms)
  step 400/591: loss=0.013147 (1033ms)
  step 500/591: loss=0.012351 (1059ms)
Epoch 35/80: loss=0.058048 lr=0.001150 (633495ms)
  step 0/591: loss=0.118971 (1042ms)
  step 1/591: loss=0.068784 (1045ms)
  step 2/591: loss=0.023955 (1039ms)
  step 100/591: loss=0.142945 (1057ms)
  step 200/591: loss=0.003879 (1071ms)
  step 300/591: loss=0.007257 (1063ms)
  step 400/591: loss=0.003357 (1039ms)
  step 500/591: loss=0.003318 (1071ms)
Epoch 36/80: loss=0.048963 lr=0.001125 (634024ms)
  step 0/591: loss=0.084659 (1034ms)
  step 1/591: loss=0.007084 (1034ms)
  step 2/591: loss=0.071572 (1040ms)
  step 100/591: loss=0.004136 (1040ms)
  step 200/591: loss=0.024237 (1042ms)
  step 300/591: loss=0.012766 (1063ms)
