ViT-Tiny: 5526346 params
Generating train step MLIR...
  742145 chars
Compiling vmfbs...
  forward compiled
  eval forward compiled
  train step compiled
  session loaded
  train: 9469 images (256×256)
  5526346 params + m + v (63 MB)
training: 295 batches/epoch, batch=32, Adam, lr=0.000300, cosine, label_smooth=0.1, wd=1e-4
  no BN (LayerNorm only)
  step 0/295: loss=2.302585 (366ms)
  step 1/295: loss=2.302700 (356ms)
  step 2/295: loss=2.302750 (362ms)
  step 100/295: loss=2.295560 (338ms)
  step 200/295: loss=2.271639 (337ms)
Epoch 1/80: loss=2.279414 lr=0.000060 (100880ms)
  step 0/295: loss=2.249130 (324ms)
  step 1/295: loss=2.225852 (320ms)
  step 2/295: loss=2.264072 (323ms)
  step 100/295: loss=2.154802 (322ms)
  step 200/295: loss=2.054049 (321ms)
Epoch 2/80: loss=2.131861 lr=0.000120 (100706ms)
  step 0/295: loss=2.100135 (333ms)
  step 1/295: loss=2.146010 (326ms)
  step 2/295: loss=2.046494 (342ms)
  step 100/295: loss=1.950740 (339ms)
  step 200/295: loss=1.853746 (333ms)
Epoch 3/80: loss=1.900674 lr=0.000180 (101296ms)
  step 0/295: loss=1.898017 (320ms)
  step 1/295: loss=1.755438 (322ms)
  step 2/295: loss=1.889935 (349ms)
  step 100/295: loss=1.792498 (315ms)
  step 200/295: loss=1.687874 (329ms)
Epoch 4/80: loss=1.761711 lr=0.000240 (101139ms)
  step 0/295: loss=1.579781 (331ms)
  step 1/295: loss=1.686974 (315ms)
  step 2/295: loss=1.682401 (350ms)
  step 100/295: loss=1.775211 (336ms)
  step 200/295: loss=1.603876 (343ms)
Epoch 5/80: loss=1.718505 lr=0.000300 (101179ms)
  step 0/295: loss=1.819126 (336ms)
  step 1/295: loss=1.531358 (344ms)
  step 2/295: loss=1.668181 (338ms)
  step 100/295: loss=1.517109 (340ms)
  step 200/295: loss=2.040154 (322ms)
Epoch 6/80: loss=1.645924 lr=0.000300 (101818ms)
  step 0/295: loss=1.605416 (351ms)
  step 1/295: loss=1.725927 (327ms)
  step 2/295: loss=1.562786 (308ms)
  step 100/295: loss=1.527163 (336ms)
  step 200/295: loss=1.581337 (310ms)
Epoch 7/80: loss=1.617578 lr=0.000300 (101704ms)
  step 0/295: loss=1.427615 (360ms)
  step 1/295: loss=1.582602 (350ms)
  step 2/295: loss=1.781300 (348ms)
  step 100/295: loss=1.688713 (337ms)
  step 200/295: loss=1.511902 (329ms)
Epoch 8/80: loss=1.588797 lr=0.000299 (101884ms)
  step 0/295: loss=1.386677 (351ms)
  step 1/295: loss=1.450180 (339ms)
  step 2/295: loss=1.599965 (309ms)
  step 100/295: loss=1.542581 (335ms)
  step 200/295: loss=1.586918 (329ms)
Epoch 9/80: loss=1.574211 lr=0.000299 (101929ms)
  step 0/295: loss=1.355600 (340ms)
  step 1/295: loss=1.442023 (306ms)
  step 2/295: loss=1.464131 (339ms)
  step 100/295: loss=1.821187 (323ms)
  step 200/295: loss=1.568101 (332ms)
Epoch 10/80: loss=1.552973 lr=0.000298 (102247ms)
  val accuracy: 2121/3904 = 54.328893%
  step 0/295: loss=1.576776 (335ms)
  step 1/295: loss=1.308787 (315ms)
  step 2/295: loss=1.418363 (335ms)
  step 100/295: loss=1.606709 (347ms)
  step 200/295: loss=1.356321 (351ms)
Epoch 11/80: loss=1.528790 lr=0.000297 (101817ms)
  step 0/295: loss=1.451977 (346ms)
  step 1/295: loss=1.693476 (317ms)
  step 2/295: loss=1.342421 (337ms)
  step 100/295: loss=1.581584 (342ms)
  step 200/295: loss=1.240322 (345ms)
Epoch 12/80: loss=1.503734 lr=0.000295 (102055ms)
  step 0/295: loss=1.728709 (323ms)
  step 1/295: loss=1.334436 (306ms)
  step 2/295: loss=1.543272 (343ms)
  step 100/295: loss=1.562938 (325ms)
  step 200/295: loss=1.668489 (331ms)
Epoch 13/80: loss=1.496854 lr=0.000294 (101545ms)
  step 0/295: loss=1.334241 (346ms)
  step 1/295: loss=1.446029 (343ms)
  step 2/295: loss=1.596042 (339ms)
  step 100/295: loss=1.594974 (345ms)
  step 200/295: loss=1.518499 (335ms)
Epoch 14/80: loss=1.475098 lr=0.000292 (101430ms)
  step 0/295: loss=1.486021 (339ms)
  step 1/295: loss=1.666943 (340ms)
  step 2/295: loss=1.332587 (346ms)
  step 100/295: loss=1.473474 (348ms)
  step 200/295: loss=1.426905 (314ms)
Epoch 15/80: loss=1.473328 lr=0.000289 (102496ms)
  step 0/295: loss=1.589072 (318ms)
  step 1/295: loss=1.420363 (343ms)
  step 2/295: loss=1.426312 (335ms)
  step 100/295: loss=1.610197 (350ms)
  step 200/295: loss=1.362246 (316ms)
Epoch 16/80: loss=1.444930 lr=0.000287 (102382ms)
  step 0/295: loss=1.162979 (349ms)
  step 1/295: loss=1.614840 (343ms)
  step 2/295: loss=1.316625 (318ms)
  step 100/295: loss=1.222869 (334ms)
  step 200/295: loss=1.441471 (342ms)
Epoch 17/80: loss=1.438138 lr=0.000284 (102213ms)
  step 0/295: loss=1.343351 (340ms)
  step 1/295: loss=1.350389 (325ms)
  step 2/295: loss=1.372168 (317ms)
  step 100/295: loss=1.514297 (332ms)
  step 200/295: loss=1.058273 (309ms)
Epoch 18/80: loss=1.416346 lr=0.000281 (99622ms)
  step 0/295: loss=1.374594 (340ms)
  step 1/295: loss=1.502161 (324ms)
  step 2/295: loss=1.521595 (312ms)
  step 100/295: loss=1.357250 (326ms)
  step 200/295: loss=1.636851 (334ms)
Epoch 19/80: loss=1.401558 lr=0.000278 (99772ms)
  step 0/295: loss=1.508287 (325ms)
  step 1/295: loss=1.652297 (310ms)
  step 2/295: loss=1.466464 (315ms)
  step 100/295: loss=1.393847 (326ms)
  step 200/295: loss=1.487857 (336ms)
Epoch 20/80: loss=1.384668 lr=0.000275 (100662ms)
  val accuracy: 2258/3904 = 57.838115%
  step 0/295: loss=1.688737 (327ms)
  step 1/295: loss=1.156338 (319ms)
  step 2/295: loss=1.136927 (333ms)
  step 100/295: loss=1.325077 (332ms)
  step 200/295: loss=1.357286 (342ms)
Epoch 21/80: loss=1.376601 lr=0.000271 (101994ms)
  step 0/295: loss=1.409963 (319ms)
  step 1/295: loss=1.564157 (330ms)
  step 2/295: loss=1.104654 (345ms)
  step 100/295: loss=1.687631 (336ms)
  step 200/295: loss=1.401903 (343ms)
Epoch 22/80: loss=1.369035 lr=0.000268 (101653ms)
  step 0/295: loss=1.551665 (342ms)
  step 1/295: loss=1.435541 (338ms)
  step 2/295: loss=1.101794 (338ms)
  step 100/295: loss=1.358599 (334ms)
  step 200/295: loss=1.628609 (320ms)
Epoch 23/80: loss=1.358270 lr=0.000264 (101583ms)
  step 0/295: loss=1.490301 (319ms)
  step 1/295: loss=1.442435 (321ms)
  step 2/295: loss=1.208912 (323ms)
  step 100/295: loss=1.459579 (328ms)
  step 200/295: loss=1.646654 (333ms)
Epoch 24/80: loss=1.340317 lr=0.000259 (101812ms)
  step 0/295: loss=1.417724 (332ms)
  step 1/295: loss=1.567329 (333ms)
  step 2/295: loss=1.114968 (312ms)
  step 100/295: loss=1.366859 (324ms)
  step 200/295: loss=1.085932 (344ms)
Epoch 25/80: loss=1.325052 lr=0.000255 (101816ms)
  step 0/295: loss=1.090358 (347ms)
  step 1/295: loss=1.251682 (341ms)
  step 2/295: loss=1.333363 (356ms)
  step 100/295: loss=1.404086 (322ms)
  step 200/295: loss=1.643097 (333ms)
Epoch 26/80: loss=1.315818 lr=0.000250 (102064ms)
  step 0/295: loss=1.365557 (345ms)
  step 1/295: loss=1.156889 (330ms)
  step 2/295: loss=1.284926 (318ms)
  step 100/295: loss=1.207819 (333ms)
  step 200/295: loss=1.418998 (344ms)
Epoch 27/80: loss=1.298667 lr=0.000246 (102270ms)
  step 0/295: loss=1.307002 (304ms)
  step 1/295: loss=1.289557 (323ms)
  step 2/295: loss=1.691112 (342ms)
  step 100/295: loss=1.383561 (333ms)
  step 200/295: loss=1.351118 (350ms)
Epoch 28/80: loss=1.281305 lr=0.000241 (102307ms)
  step 0/295: loss=1.235436 (343ms)
  step 1/295: loss=1.332547 (313ms)
  step 2/295: loss=1.096383 (338ms)
  step 100/295: loss=1.180188 (340ms)
  step 200/295: loss=1.103163 (334ms)
Epoch 29/80: loss=1.269962 lr=0.000236 (102466ms)
  step 0/295: loss=1.199881 (360ms)
  step 1/295: loss=1.497495 (342ms)
  step 2/295: loss=1.342059 (336ms)
  step 100/295: loss=1.129354 (315ms)
  step 200/295: loss=1.264162 (355ms)
Epoch 30/80: loss=1.279769 lr=0.000230 (102261ms)
  val accuracy: 2514/3904 = 64.395492%
  step 0/295: loss=1.267298 (341ms)
  step 1/295: loss=1.140807 (332ms)
  step 2/295: loss=1.245870 (334ms)
  step 100/295: loss=1.156383 (345ms)
  step 200/295: loss=1.476671 (325ms)
Epoch 31/80: loss=1.253383 lr=0.000225 (102611ms)
  step 0/295: loss=1.201894 (330ms)
  step 1/295: loss=1.319877 (344ms)
  step 2/295: loss=1.513846 (324ms)
  step 100/295: loss=1.014416 (320ms)
  step 200/295: loss=1.266586 (326ms)
Epoch 32/80: loss=1.253740 lr=0.000219 (102230ms)
  step 0/295: loss=1.168415 (350ms)
  step 1/295: loss=1.032487 (329ms)
  step 2/295: loss=1.164674 (302ms)
  step 100/295: loss=1.465307 (332ms)
  step 200/295: loss=1.396148 (336ms)
Epoch 33/80: loss=1.238054 lr=0.000214 (102012ms)
  step 0/295: loss=1.001802 (358ms)
  step 1/295: loss=1.641804 (325ms)
  step 2/295: loss=1.091715 (335ms)
  step 100/295: loss=1.171190 (341ms)
  step 200/295: loss=1.216831 (314ms)
Epoch 34/80: loss=1.240260 lr=0.000208 (102386ms)
  step 0/295: loss=1.112191 (329ms)
  step 1/295: loss=1.319612 (334ms)
  step 2/295: loss=1.307326 (345ms)
  step 100/295: loss=1.370988 (335ms)
  step 200/295: loss=0.991160 (317ms)
Epoch 35/80: loss=1.219611 lr=0.000202 (101907ms)
  step 0/295: loss=1.462719 (352ms)
  step 1/295: loss=1.056707 (341ms)
  step 2/295: loss=0.934108 (341ms)
  step 100/295: loss=1.149202 (315ms)
  step 200/295: loss=1.333000 (347ms)
Epoch 36/80: loss=1.212836 lr=0.000196 (101797ms)
  step 0/295: loss=1.388309 (349ms)
  step 1/295: loss=1.146837 (324ms)
  step 2/295: loss=1.277313 (335ms)
  step 100/295: loss=1.474212 (327ms)
  step 200/295: loss=1.362146 (347ms)
Epoch 37/80: loss=1.200026 lr=0.000190 (102139ms)
  step 0/295: loss=1.230899 (319ms)
  step 1/295: loss=1.036032 (316ms)
  step 2/295: loss=0.957420 (336ms)
  step 100/295: loss=1.408397 (338ms)
  step 200/295: loss=1.273347 (345ms)
Epoch 38/80: loss=1.194507 lr=0.000184 (102575ms)
  step 0/295: loss=1.071703 (328ms)
  step 1/295: loss=1.186847 (312ms)
  step 2/295: loss=1.060809 (320ms)
  step 100/295: loss=1.105623 (334ms)
  step 200/295: loss=1.253018 (353ms)
Epoch 39/80: loss=1.186151 lr=0.000178 (101967ms)
  step 0/295: loss=0.999323 (343ms)
  step 1/295: loss=1.029130 (348ms)
  step 2/295: loss=1.150437 (347ms)
  step 100/295: loss=1.167959 (341ms)
  step 200/295: loss=0.997737 (351ms)
Epoch 40/80: loss=1.178420 lr=0.000172 (102352ms)
  val accuracy: 2642/3904 = 67.674180%
  step 0/295: loss=1.044402 (346ms)
  step 1/295: loss=1.049616 (345ms)
  step 2/295: loss=1.093196 (334ms)
  step 100/295: loss=1.178635 (336ms)
  step 200/295: loss=1.027648 (334ms)
Epoch 41/80: loss=1.158611 lr=0.000166 (101833ms)
  step 0/295: loss=1.081973 (341ms)
  step 1/295: loss=0.964268 (327ms)
  step 2/295: loss=1.287508 (335ms)
  step 100/295: loss=1.260750 (322ms)
  step 200/295: loss=1.162372 (337ms)
Epoch 42/80: loss=1.154398 lr=0.000159 (102084ms)
  step 0/295: loss=1.217673 (318ms)
  step 1/295: loss=1.046347 (325ms)
  step 2/295: loss=1.213524 (345ms)
  step 100/295: loss=1.109225 (316ms)
  step 200/295: loss=1.093780 (319ms)
Epoch 43/80: loss=1.155085 lr=0.000153 (102369ms)
  step 0/295: loss=1.143943 (341ms)
  step 1/295: loss=1.123040 (335ms)
  step 2/295: loss=1.101046 (343ms)
  step 100/295: loss=1.277835 (350ms)
  step 200/295: loss=1.084337 (309ms)
Epoch 44/80: loss=1.142879 lr=0.000147 (102274ms)
  step 0/295: loss=1.173170 (350ms)
  step 1/295: loss=0.918007 (343ms)
  step 2/295: loss=1.227309 (346ms)
  step 100/295: loss=1.177315 (325ms)
  step 200/295: loss=1.213444 (338ms)
Epoch 45/80: loss=1.135652 lr=0.000141 (102051ms)
  step 0/295: loss=1.157081 (349ms)
  step 1/295: loss=0.943665 (328ms)
  step 2/295: loss=1.196842 (339ms)
  step 100/295: loss=1.193164 (343ms)
  step 200/295: loss=1.044260 (323ms)
Epoch 46/80: loss=1.127693 lr=0.000134 (102248ms)
  step 0/295: loss=1.010513 (345ms)
  step 1/295: loss=0.971460 (337ms)
  step 2/295: loss=1.531481 (348ms)
  step 100/295: loss=1.217098 (329ms)
  step 200/295: loss=0.991472 (313ms)
Epoch 47/80: loss=1.122695 lr=0.000128 (102213ms)
  step 0/295: loss=1.313393 (339ms)
  step 1/295: loss=1.084874 (350ms)
  step 2/295: loss=0.987701 (351ms)
  step 100/295: loss=1.179626 (321ms)
  step 200/295: loss=1.109388 (339ms)
Epoch 48/80: loss=1.107298 lr=0.000122 (102325ms)
  step 0/295: loss=1.117133 (327ms)
  step 1/295: loss=1.012274 (309ms)
  step 2/295: loss=1.097652 (323ms)
  step 100/295: loss=1.074979 (317ms)
  step 200/295: loss=1.304082 (336ms)
Epoch 49/80: loss=1.102781 lr=0.000116 (101955ms)
  step 0/295: loss=1.019545 (324ms)
  step 1/295: loss=0.985771 (341ms)
  step 2/295: loss=1.066452 (336ms)
  step 100/295: loss=0.844851 (331ms)
  step 200/295: loss=1.157371 (342ms)
Epoch 50/80: loss=1.102763 lr=0.000110 (102075ms)
  val accuracy: 2703/3904 = 69.236680%
  step 0/295: loss=1.053983 (336ms)
  step 1/295: loss=1.005570 (361ms)
  step 2/295: loss=1.221060 (317ms)
  step 100/295: loss=0.768143 (333ms)
  step 200/295: loss=1.053838 (313ms)
Epoch 51/80: loss=1.093240 lr=0.000104 (101617ms)
  step 0/295: loss=1.063763 (329ms)
  step 1/295: loss=1.202012 (332ms)
  step 2/295: loss=1.256897 (343ms)
  step 100/295: loss=0.940416 (325ms)
  step 200/295: loss=1.016508 (314ms)
Epoch 52/80: loss=1.084050 lr=0.000098 (102126ms)
  step 0/295: loss=0.995635 (333ms)
  step 1/295: loss=1.078683 (350ms)
  step 2/295: loss=1.070437 (330ms)
  step 100/295: loss=1.241940 (341ms)
  step 200/295: loss=1.147121 (329ms)
Epoch 53/80: loss=1.081245 lr=0.000092 (102471ms)
  step 0/295: loss=0.862381 (331ms)
  step 1/295: loss=1.001341 (341ms)
  step 2/295: loss=1.091846 (324ms)
  step 100/295: loss=1.255626 (343ms)
  step 200/295: loss=1.053808 (334ms)
Epoch 54/80: loss=1.078949 lr=0.000086 (102397ms)
  step 0/295: loss=0.968818 (341ms)
  step 1/295: loss=1.158179 (327ms)
  step 2/295: loss=1.177914 (326ms)
  step 100/295: loss=1.088527 (342ms)
  step 200/295: loss=1.012482 (334ms)
Epoch 55/80: loss=1.067585 lr=0.000081 (102295ms)
  step 0/295: loss=0.992044 (347ms)
  step 1/295: loss=1.079928 (339ms)
  step 2/295: loss=0.991531 (348ms)
  step 100/295: loss=0.998295 (357ms)
  step 200/295: loss=1.142969 (333ms)
Epoch 56/80: loss=1.063535 lr=0.000075 (102380ms)
  step 0/295: loss=1.008253 (334ms)
  step 1/295: loss=0.910194 (332ms)
  step 2/295: loss=1.175329 (312ms)
  step 100/295: loss=1.074181 (321ms)
  step 200/295: loss=1.017039 (335ms)
Epoch 57/80: loss=1.061141 lr=0.000070 (102052ms)
  step 0/295: loss=1.060199 (322ms)
  step 1/295: loss=1.234858 (315ms)
  step 2/295: loss=0.976268 (336ms)
  step 100/295: loss=1.000009 (343ms)
  step 200/295: loss=0.943949 (327ms)
Epoch 58/80: loss=1.048440 lr=0.000064 (102139ms)
  step 0/295: loss=0.936400 (325ms)
  step 1/295: loss=1.195344 (349ms)
  step 2/295: loss=1.191362 (353ms)
  step 100/295: loss=1.137398 (336ms)
  step 200/295: loss=1.014008 (343ms)
Epoch 59/80: loss=1.047122 lr=0.000059 (102689ms)
  step 0/295: loss=0.950973 (328ms)
  step 1/295: loss=1.258356 (336ms)
  step 2/295: loss=1.215218 (352ms)
  step 100/295: loss=1.110661 (317ms)
  step 200/295: loss=1.113979 (333ms)
Epoch 60/80: loss=1.042742 lr=0.000054 (102175ms)
  val accuracy: 2779/3904 = 71.183402%
  step 0/295: loss=1.039853 (332ms)
  step 1/295: loss=1.029263 (340ms)
  step 2/295: loss=0.946830 (345ms)
  step 100/295: loss=1.033267 (328ms)
  step 200/295: loss=0.864984 (352ms)
Epoch 61/80: loss=1.033200 lr=0.000050 (101922ms)
  step 0/295: loss=0.860142 (343ms)
  step 1/295: loss=0.931987 (345ms)
  step 2/295: loss=1.035273 (339ms)
  step 100/295: loss=0.998207 (318ms)
  step 200/295: loss=1.351497 (343ms)
Epoch 62/80: loss=1.027212 lr=0.000045 (102152ms)
  step 0/295: loss=1.151152 (332ms)
  step 1/295: loss=0.878527 (351ms)
  step 2/295: loss=1.238421 (337ms)
  step 100/295: loss=1.046873 (333ms)
  step 200/295: loss=1.048158 (336ms)
Epoch 63/80: loss=1.026046 lr=0.000041 (102201ms)
  step 0/295: loss=0.921813 (330ms)
  step 1/295: loss=1.008428 (322ms)
  step 2/295: loss=1.265107 (351ms)
  step 100/295: loss=0.886064 (321ms)
  step 200/295: loss=1.025084 (359ms)
Epoch 64/80: loss=1.027581 lr=0.000036 (101880ms)
  step 0/295: loss=0.978861 (342ms)
  step 1/295: loss=1.193641 (328ms)
  step 2/295: loss=0.912984 (323ms)
  step 100/295: loss=0.996663 (330ms)
  step 200/295: loss=0.817262 (301ms)
Epoch 65/80: loss=1.015682 lr=0.000032 (102353ms)
  step 0/295: loss=0.852395 (354ms)
  step 1/295: loss=0.908342 (342ms)
  step 2/295: loss=0.776737 (322ms)
  step 100/295: loss=1.137183 (321ms)
  step 200/295: loss=0.945042 (346ms)
Epoch 66/80: loss=1.013007 lr=0.000029 (102312ms)
  step 0/295: loss=0.992145 (313ms)
  step 1/295: loss=1.044710 (330ms)
  step 2/295: loss=1.062249 (327ms)
  step 100/295: loss=0.867854 (342ms)
  step 200/295: loss=0.947734 (322ms)
Epoch 67/80: loss=1.013240 lr=0.000025 (102734ms)
  step 0/295: loss=0.904035 (343ms)
  step 1/295: loss=0.944095 (317ms)
  step 2/295: loss=1.030190 (339ms)
  step 100/295: loss=0.939151 (330ms)
  step 200/295: loss=1.257923 (347ms)
Epoch 68/80: loss=1.008771 lr=0.000022 (102206ms)
  step 0/295: loss=1.013884 (348ms)
  step 1/295: loss=0.873995 (338ms)
  step 2/295: loss=1.043407 (331ms)
  step 100/295: loss=1.027688 (350ms)
  step 200/295: loss=1.105268 (318ms)
Epoch 69/80: loss=1.005195 lr=0.000019 (102551ms)
  step 0/295: loss=1.030738 (350ms)
  step 1/295: loss=1.003699 (336ms)
  step 2/295: loss=0.779942 (337ms)
  step 100/295: loss=0.911749 (324ms)
  step 200/295: loss=1.126580 (327ms)
Epoch 70/80: loss=1.000569 lr=0.000016 (102210ms)
  val accuracy: 2801/3904 = 71.746926%
  step 0/295: loss=0.882733 (334ms)
  step 1/295: loss=1.039757 (321ms)
  step 2/295: loss=1.019266 (342ms)
  step 100/295: loss=1.006130 (347ms)
  step 200/295: loss=0.981146 (305ms)
Epoch 71/80: loss=1.001974 lr=0.000013 (102119ms)
  step 0/295: loss=1.062947 (324ms)
  step 1/295: loss=0.942575 (320ms)
  step 2/295: loss=1.089900 (354ms)
  step 100/295: loss=0.990802 (352ms)
  step 200/295: loss=0.933359 (343ms)
Epoch 72/80: loss=0.995157 lr=0.000011 (102121ms)
  step 0/295: loss=0.764085 (359ms)
  step 1/295: loss=1.020940 (348ms)
  step 2/295: loss=0.894758 (335ms)
  step 100/295: loss=0.851630 (309ms)
  step 200/295: loss=1.137288 (354ms)
Epoch 73/80: loss=0.994567 lr=0.000008 (102625ms)
  step 0/295: loss=0.773547 (331ms)
  step 1/295: loss=0.825036 (342ms)
  step 2/295: loss=0.940152 (338ms)
  step 100/295: loss=0.814961 (313ms)
  step 200/295: loss=1.087690 (321ms)
Epoch 74/80: loss=0.989604 lr=0.000006 (102168ms)
  step 0/295: loss=1.206061 (342ms)
  step 1/295: loss=0.979420 (340ms)
  step 2/295: loss=0.776296 (340ms)
  step 100/295: loss=0.964065 (330ms)
  step 200/295: loss=0.848136 (344ms)
Epoch 75/80: loss=0.994144 lr=0.000005 (102380ms)
  step 0/295: loss=0.833455 (330ms)
  step 1/295: loss=0.914618 (335ms)
  step 2/295: loss=1.142074 (328ms)
  step 100/295: loss=1.084420 (341ms)
  step 200/295: loss=0.757451 (317ms)
Epoch 76/80: loss=0.988075 lr=0.000003 (101933ms)
  step 0/295: loss=0.816394 (331ms)
  step 1/295: loss=1.297440 (347ms)
  step 2/295: loss=1.123224 (355ms)
  step 100/295: loss=1.051824 (326ms)
  step 200/295: loss=0.801945 (347ms)
Epoch 77/80: loss=0.991380 lr=0.000002 (102305ms)
  step 0/295: loss=1.042229 (342ms)
  step 1/295: loss=1.222822 (345ms)
  step 2/295: loss=1.214024 (333ms)
  step 100/295: loss=0.830841 (334ms)
  step 200/295: loss=0.972162 (318ms)
Epoch 78/80: loss=0.982744 lr=0.000001 (102411ms)
  step 0/295: loss=0.879785 (333ms)
  step 1/295: loss=1.055974 (314ms)
  step 2/295: loss=0.826921 (343ms)
  step 100/295: loss=1.214209 (334ms)
  step 200/295: loss=0.901219 (309ms)
Epoch 79/80: loss=0.985847 lr=0.000001 (102093ms)
  step 0/295: loss=0.922580 (328ms)
  step 1/295: loss=1.149407 (319ms)
  step 2/295: loss=0.993033 (353ms)
  step 100/295: loss=0.942429 (336ms)
  step 200/295: loss=0.975221 (320ms)
Epoch 80/80: loss=0.986243 lr=0.000000 (102234ms)
  val accuracy: 2799/3904 = 71.695697%
Saved params.
