1781971520 ════════ cifar8w (wide head) — SGD (lr 0.1) ════════
1781971520 Deeper CIFAR-10 CNN, MNIST-style wide head (8 convs, [16,16,32,32], 4 pools 32→2 → 128→512→512→10) via the VERIFIED renderer → IREE FFI → GPU
1781971520   iree-compile verified_mlir/cifar8w_sgd_train_step.mlir
1781971520   iree-compile verified_mlir/cifar8w_fwd.mlir
1781971520   train 50000, test 10000; bs 128, CIFAR-CNN8-wide sgd (cosine+warmup 3ep, baseLR 0.100000), He init
1781971520   step 0/390: loss=3.365332
1781971521   step 1/390: loss=3.263742
1781971521   step 2/390: loss=3.228693
1781971524   step 100/390: loss=2.223793
1781971528   step 200/390: loss=2.230535
1781971531   step 300/390: loss=2.475327
1781971535 Epoch 1/40: loss=2.134647 lr=0.033333
1781971535   epoch 1: test_acc = 3385/9984 = 33.904247%
1781971535   step 0/390: loss=1.865092
1781971535   step 1/390: loss=1.818849
1781971535   step 2/390: loss=1.916744
1781971538   step 100/390: loss=1.722931
1781971542   step 200/390: loss=1.837214
1781971546   step 300/390: loss=1.709423
1781971549 Epoch 2/40: loss=1.805860 lr=0.066667
1781971549   epoch 2: test_acc = 2831/9984 = 28.355369%
1781971550   step 0/390: loss=2.066325
1781971550   step 1/390: loss=1.848822
1781971550   step 2/390: loss=1.657433
1781971553   step 100/390: loss=1.578285
1781971557   step 200/390: loss=1.983130
1781971560   step 300/390: loss=1.627086
1781971564 Epoch 3/40: loss=1.632718 lr=0.100000
1781971564   epoch 3: test_acc = 3492/9984 = 34.975962%
1781971564   step 0/390: loss=1.998398
1781971564   step 1/390: loss=1.833362
1781971564   step 2/390: loss=1.666914
1781971567   step 100/390: loss=1.713882
1781971571   step 200/390: loss=1.373608
1781971574   step 300/390: loss=1.441839
1781971578 Epoch 4/40: loss=1.499188 lr=0.099820
1781971578   epoch 4: test_acc = 4748/9984 = 47.556090%
1781971578   step 0/390: loss=1.270463
1781971578   step 1/390: loss=1.394293
1781971578   step 2/390: loss=1.592420
1781971582   step 100/390: loss=1.280141
1781971585   step 200/390: loss=1.273376
1781971589   step 300/390: loss=1.261123
1781971592 Epoch 5/40: loss=1.382725 lr=0.099281
1781971592   epoch 5: test_acc = 5147/9984 = 51.552484%
1781971593   step 0/390: loss=1.410755
1781971593   step 1/390: loss=1.187354
1781971593   step 2/390: loss=1.375902
1781971596   step 100/390: loss=1.252431
1781971600   step 200/390: loss=1.509858
1781971604   step 300/390: loss=1.279669
1781971608 Epoch 6/40: loss=1.309103 lr=0.098387
1781971608   epoch 6: test_acc = 5133/9984 = 51.412260%
1781971608   step 0/390: loss=1.181315
1781971608   step 1/390: loss=1.208595
1781971608   step 2/390: loss=1.328463
1781971611   step 100/390: loss=1.256740
1781971615   step 200/390: loss=1.212945
1781971619   step 300/390: loss=1.449531
1781971623 Epoch 7/40: loss=1.245614 lr=0.097144
1781971623   epoch 7: test_acc = 5789/9984 = 57.982772%
1781971623   step 0/390: loss=1.183998
1781971623   step 1/390: loss=1.246293
1781971623   step 2/390: loss=1.036408
1781971626   step 100/390: loss=1.180258
1781971630   step 200/390: loss=1.003061
1781971633   step 300/390: loss=1.250449
1781971637 Epoch 8/40: loss=1.184290 lr=0.095561
1781971637   epoch 8: test_acc = 5792/9984 = 58.012821%
1781971637   step 0/390: loss=1.127647
1781971637   step 1/390: loss=1.068339
1781971637   step 2/390: loss=0.956981
1781971640   step 100/390: loss=1.000509
1781971644   step 200/390: loss=1.106882
1781971647   step 300/390: loss=1.134791
1781971651 Epoch 9/40: loss=1.130486 lr=0.093651
1781971651   epoch 9: test_acc = 5831/9984 = 58.403446%
1781971651   step 0/390: loss=1.102733
1781971651   step 1/390: loss=1.303773
1781971651   step 2/390: loss=1.104817
1781971654   step 100/390: loss=1.149269
1781971658   step 200/390: loss=1.238174
1781971661   step 300/390: loss=0.969690
1781971664 Epoch 10/40: loss=1.088376 lr=0.091425
1781971664   epoch 10: test_acc = 6209/9984 = 62.189503%
1781971664   step 0/390: loss=0.905452
1781971664   step 1/390: loss=0.926054
1781971665   step 2/390: loss=1.232419
1781971668   step 100/390: loss=1.081814
1781971671   step 200/390: loss=0.855931
1781971675   step 300/390: loss=1.015223
1781971678 Epoch 11/40: loss=1.043208 lr=0.088902
1781971678   epoch 11: test_acc = 6254/9984 = 62.640224%
1781971678   step 0/390: loss=0.914124
1781971678   step 1/390: loss=0.946606
1781971678   step 2/390: loss=1.028346
1781971682   step 100/390: loss=1.056844
1781971685   step 200/390: loss=1.033280
1781971689   step 300/390: loss=1.003278
1781971692 Epoch 12/40: loss=1.002157 lr=0.086098
1781971692   epoch 12: test_acc = 6413/9984 = 64.232772%
1781971692   step 0/390: loss=1.032453
1781971692   step 1/390: loss=1.087702
1781971692   step 2/390: loss=0.899010
1781971696   step 100/390: loss=0.980596
1781971699   step 200/390: loss=0.926093
1781971703   step 300/390: loss=1.052826
1781971706 Epoch 13/40: loss=0.961961 lr=0.083034
1781971706   epoch 13: test_acc = 6493/9984 = 65.034054%
1781971706   step 0/390: loss=0.920308
1781971706   step 1/390: loss=0.935506
1781971706   step 2/390: loss=0.972888
1781971710   step 100/390: loss=0.995458
1781971713   step 200/390: loss=0.871009
1781971716   step 300/390: loss=0.857292
1781971720 Epoch 14/40: loss=0.936018 lr=0.079732
1781971720   epoch 14: test_acc = 6440/9984 = 64.503205%
1781971720   step 0/390: loss=0.792612
1781971720   step 1/390: loss=0.864331
1781971720   step 2/390: loss=0.842244
1781971723   step 100/390: loss=0.879619
1781971727   step 200/390: loss=0.915290
1781971730   step 300/390: loss=0.840090
1781971734 Epoch 15/40: loss=0.896080 lr=0.076215
1781971734   epoch 15: test_acc = 6484/9984 = 64.943910%
1781971734   step 0/390: loss=0.714130
1781971734   step 1/390: loss=0.693446
1781971734   step 2/390: loss=0.806730
1781971737   step 100/390: loss=0.903482
1781971741   step 200/390: loss=0.869148
1781971744   step 300/390: loss=0.882509
1781971748 Epoch 16/40: loss=0.866006 lr=0.072510
1781971748   epoch 16: test_acc = 6741/9984 = 67.518029%
1781971748   step 0/390: loss=0.762899
1781971748   step 1/390: loss=0.770961
1781971748   step 2/390: loss=1.059228
1781971751   step 100/390: loss=0.807668
1781971755   step 200/390: loss=1.005958
1781971758   step 300/390: loss=0.878663
1781971762 Epoch 17/40: loss=0.834562 lr=0.068643
1781971762   epoch 17: test_acc = 6835/9984 = 68.459535%
1781971762   step 0/390: loss=0.823885
1781971762   step 1/390: loss=0.878638
1781971762   step 2/390: loss=0.876925
1781971765   step 100/390: loss=0.717203
1781971768   step 200/390: loss=0.778906
1781971772   step 300/390: loss=0.777733
1781971775 Epoch 18/40: loss=0.808863 lr=0.064641
1781971775   epoch 18: test_acc = 6862/9984 = 68.729968%
1781971775   step 0/390: loss=0.881051
1781971775   step 1/390: loss=0.840729
1781971775   step 2/390: loss=0.684318
1781971779   step 100/390: loss=0.846454
1781971782   step 200/390: loss=0.700419
1781971786   step 300/390: loss=0.901658
1781971789 Epoch 19/40: loss=0.783440 lr=0.060534
1781971789   epoch 19: test_acc = 6841/9984 = 68.519631%
1781971789   step 0/390: loss=0.947131
1781971789   step 1/390: loss=0.755796
1781971789   step 2/390: loss=0.580261
1781971793   step 100/390: loss=0.773694
1781971796   step 200/390: loss=0.722900
1781971800   step 300/390: loss=0.789997
1781971803 Epoch 20/40: loss=0.761878 lr=0.056351
1781971803   epoch 20: test_acc = 7002/9984 = 70.132212%
1781971803   step 0/390: loss=0.681839
1781971803   step 1/390: loss=0.751850
1781971803   step 2/390: loss=0.738275
1781971807   step 100/390: loss=0.658019
1781971810   step 200/390: loss=0.587378
1781971813   step 300/390: loss=0.623583
1781971817 Epoch 21/40: loss=0.732401 lr=0.052122
1781971817   epoch 21: test_acc = 7031/9984 = 70.422676%
1781971817   step 0/390: loss=0.681731
1781971817   step 1/390: loss=0.622190
1781971817   step 2/390: loss=0.753082
1781971820   step 100/390: loss=0.785599
1781971824   step 200/390: loss=0.770487
1781971827   step 300/390: loss=0.594561
1781971831 Epoch 22/40: loss=0.713451 lr=0.047878
1781971831   epoch 22: test_acc = 6958/9984 = 69.691506%
1781971831   step 0/390: loss=0.677447
1781971831   step 1/390: loss=0.756212
1781971831   step 2/390: loss=0.572497
1781971834   step 100/390: loss=0.682195
1781971838   step 200/390: loss=0.702622
1781971841   step 300/390: loss=0.757514
1781971844 Epoch 23/40: loss=0.685234 lr=0.043649
1781971844   epoch 23: test_acc = 7071/9984 = 70.823317%
1781971845   step 0/390: loss=0.700241
1781971845   step 1/390: loss=0.629940
1781971845   step 2/390: loss=0.639153
1781971848   step 100/390: loss=0.608812
1781971851   step 200/390: loss=0.559497
1781971855   step 300/390: loss=0.808593
1781971858 Epoch 24/40: loss=0.659698 lr=0.039466
1781971858   epoch 24: test_acc = 7004/9984 = 70.152244%
1781971858   step 0/390: loss=0.510205
1781971858   step 1/390: loss=0.827547
1781971858   step 2/390: loss=0.587908
1781971862   step 100/390: loss=0.697405
1781971865   step 200/390: loss=0.640499
1781971869   step 300/390: loss=0.538546
1781971872 Epoch 25/40: loss=0.639052 lr=0.035359
1781971872   epoch 25: test_acc = 7021/9984 = 70.322516%
1781971872   step 0/390: loss=0.595645
1781971872   step 1/390: loss=0.702107
1781971872   step 2/390: loss=0.679646
1781971875   step 100/390: loss=0.489027
1781971879   step 200/390: loss=0.506436
1781971882   step 300/390: loss=0.679800
1781971886 Epoch 26/40: loss=0.613740 lr=0.031357
1781971886   epoch 26: test_acc = 7048/9984 = 70.592949%
1781971886   step 0/390: loss=0.553333
1781971886   step 1/390: loss=0.525024
1781971886   step 2/390: loss=0.650357
1781971889   step 100/390: loss=0.738994
1781971893   step 200/390: loss=0.648011
1781971896   step 300/390: loss=0.469999
1781971900 Epoch 27/40: loss=0.594660 lr=0.027490
1781971900   epoch 27: test_acc = 7133/9984 = 71.444311%
1781971900   step 0/390: loss=0.577028
1781971900   step 1/390: loss=0.689929
1781971900   step 2/390: loss=0.542517
1781971903   step 100/390: loss=0.577231
1781971907   step 200/390: loss=0.454730
1781971910   step 300/390: loss=0.586196
1781971913 Epoch 28/40: loss=0.573902 lr=0.023785
1781971913   epoch 28: test_acc = 7095/9984 = 71.063702%
1781971914   step 0/390: loss=0.541633
1781971914   step 1/390: loss=0.615983
1781971914   step 2/390: loss=0.528172
1781971917   step 100/390: loss=0.561133
1781971920   step 200/390: loss=0.529559
1781971924   step 300/390: loss=0.541293
1781971927 Epoch 29/40: loss=0.549861 lr=0.020268
1781971927   epoch 29: test_acc = 7185/9984 = 71.965144%
1781971928   step 0/390: loss=0.466998
1781971928   step 1/390: loss=0.584480
1781971928   step 2/390: loss=0.658162
1781971931   step 100/390: loss=0.581838
1781971934   step 200/390: loss=0.531342
1781971938   step 300/390: loss=0.576893
1781971941 Epoch 30/40: loss=0.531564 lr=0.016966
1781971941   epoch 30: test_acc = 7187/9984 = 71.985176%
1781971941   step 0/390: loss=0.542560
1781971941   step 1/390: loss=0.527906
1781971941   step 2/390: loss=0.506312
1781971945   step 100/390: loss=0.588681
1781971948   step 200/390: loss=0.498839
1781971952   step 300/390: loss=0.561769
1781971955 Epoch 31/40: loss=0.516855 lr=0.013902
1781971955   epoch 31: test_acc = 7150/9984 = 71.614583%
1781971955   step 0/390: loss=0.468212
1781971955   step 1/390: loss=0.417729
1781971955   step 2/390: loss=0.471416
1781971959   step 100/390: loss=0.377461
1781971962   step 200/390: loss=0.572255
1781971965   step 300/390: loss=0.412786
1781971969 Epoch 32/40: loss=0.492451 lr=0.011098
1781971969   epoch 32: test_acc = 7204/9984 = 72.155449%
1781971969   step 0/390: loss=0.447529
1781971969   step 1/390: loss=0.529215
1781971969   step 2/390: loss=0.624456
1781971972   step 100/390: loss=0.546479
1781971976   step 200/390: loss=0.464196
1781971979   step 300/390: loss=0.546799
1781971983 Epoch 33/40: loss=0.475361 lr=0.008575
1781971983   epoch 33: test_acc = 7214/9984 = 72.255609%
1781971983   step 0/390: loss=0.451817
1781971983   step 1/390: loss=0.421704
1781971983   step 2/390: loss=0.377737
1781971986   step 100/390: loss=0.358600
1781971990   step 200/390: loss=0.628458
1781971993   step 300/390: loss=0.445673
1781971997 Epoch 34/40: loss=0.466883 lr=0.006349
1781971997   epoch 34: test_acc = 7184/9984 = 71.955128%
1781971997   step 0/390: loss=0.588012
1781971997   step 1/390: loss=0.416113
1781971997   step 2/390: loss=0.490700
1781972000   step 100/390: loss=0.414064
1781972004   step 200/390: loss=0.331802
1781972007   step 300/390: loss=0.486014
1781972010 Epoch 35/40: loss=0.453562 lr=0.004439
1781972010   epoch 35: test_acc = 7222/9984 = 72.335737%
1781972010   step 0/390: loss=0.494812
1781972011   step 1/390: loss=0.409142
1781972011   step 2/390: loss=0.526966
1781972014   step 100/390: loss=0.403413
1781972017   step 200/390: loss=0.399424
1781972021   step 300/390: loss=0.485435
1781972024 Epoch 36/40: loss=0.441357 lr=0.002856
1781972024   epoch 36: test_acc = 7212/9984 = 72.235577%
1781972024   step 0/390: loss=0.349023
1781972024   step 1/390: loss=0.402924
1781972024   step 2/390: loss=0.471909
1781972028   step 100/390: loss=0.492109
1781972031   step 200/390: loss=0.511919
1781972035   step 300/390: loss=0.433010
1781972038 Epoch 37/40: loss=0.434965 lr=0.001613
1781972038   epoch 37: test_acc = 7228/9984 = 72.395833%
1781972038   step 0/390: loss=0.507639
1781972038   step 1/390: loss=0.452339
1781972038   step 2/390: loss=0.326839
1781972042   step 100/390: loss=0.527363
1781972045   step 200/390: loss=0.511499
1781972049   step 300/390: loss=0.479664
1781972052 Epoch 38/40: loss=0.432007 lr=0.000719
1781972052   epoch 38: test_acc = 7230/9984 = 72.415865%
1781972052   step 0/390: loss=0.316518
1781972052   step 1/390: loss=0.561953
1781972052   step 2/390: loss=0.384876
1781972056   step 100/390: loss=0.317269
1781972059   step 200/390: loss=0.442263
1781972063   step 300/390: loss=0.483721
1781972066 Epoch 39/40: loss=0.430795 lr=0.000180
1781972066   epoch 39: test_acc = 7227/9984 = 72.385817%
1781972066   step 0/390: loss=0.338071
1781972066   step 1/390: loss=0.380558
1781972066   step 2/390: loss=0.437739
1781972069   step 100/390: loss=0.379617
1781972073   step 200/390: loss=0.468386
1781972076   step 300/390: loss=0.366584
1781972080 Epoch 40/40: loss=0.425530 lr=0.000000
1781972080   epoch 40: test_acc = 7227/9984 = 72.385817%
1781972087 done (trained CIFAR-CNN8-wide with AdamW + cosine/warmup via packed threading).
1781972087 ════════ cifar8w (wide head) — Nesterov momentum (μ.9, lr 0.02) ════════
1781972087 Deeper CIFAR-10 CNN, MNIST-style wide head (8 convs, [16,16,32,32], 4 pools 32→2 → 128→512→512→10) via the VERIFIED renderer → IREE FFI → GPU
1781972087   iree-compile verified_mlir/cifar8w_mom_train_step.mlir
1781972087   iree-compile verified_mlir/cifar8w_fwd.mlir
1781972087   train 50000, test 10000; bs 128, CIFAR-CNN8-wide mom (cosine+warmup 3ep, baseLR 0.020000), He init
1781972087   step 0/390: loss=3.365332
1781972087   step 1/390: loss=3.290270
1781972087   step 2/390: loss=3.291737
1781972091   step 100/390: loss=2.118155
1781972094   step 200/390: loss=1.880687
1781972097   step 300/390: loss=1.758424
1781972101 Epoch 1/40: loss=1.956585 lr=0.006667
1781972101   epoch 1: test_acc = 3959/9984 = 39.653446%
1781972101   step 0/390: loss=1.613816
1781972101   step 1/390: loss=1.630046
1781972101   step 2/390: loss=1.593062
1781972104   step 100/390: loss=1.569265
1781972108   step 200/390: loss=1.423133
1781972111   step 300/390: loss=1.451272
1781972115 Epoch 2/40: loss=1.491981 lr=0.013333
1781972115   epoch 2: test_acc = 4970/9984 = 49.779647%
1781972115   step 0/390: loss=1.370872
1781972115   step 1/390: loss=1.460612
1781972115   step 2/390: loss=1.318174
1781972118   step 100/390: loss=1.170899
1781972122   step 200/390: loss=1.387756
1781972125   step 300/390: loss=1.286391
1781972129 Epoch 3/40: loss=1.310985 lr=0.020000
1781972129   epoch 3: test_acc = 5408/9984 = 54.166667%
1781972129   step 0/390: loss=1.369956
1781972129   step 1/390: loss=1.239381
1781972129   step 2/390: loss=1.007669
1781972132   step 100/390: loss=1.171435
1781972136   step 200/390: loss=1.082889
1781972139   step 300/390: loss=1.169010
1781972142 Epoch 4/40: loss=1.162960 lr=0.019964
1781972142   epoch 4: test_acc = 5909/9984 = 59.184696%
1781972143   step 0/390: loss=1.040112
1781972143   step 1/390: loss=1.151294
1781972143   step 2/390: loss=1.131293
1781972146   step 100/390: loss=0.927693
1781972149   step 200/390: loss=0.983273
1781972153   step 300/390: loss=0.859394
1781972156 Epoch 5/40: loss=1.042482 lr=0.019856
1781972156   epoch 5: test_acc = 6399/9984 = 64.092548%
1781972156   step 0/390: loss=1.079315
1781972156   step 1/390: loss=0.779222
1781972157   step 2/390: loss=0.976508
1781972160   step 100/390: loss=0.987248
1781972163   step 200/390: loss=1.047258
1781972167   step 300/390: loss=1.032309
1781972170 Epoch 6/40: loss=0.966777 lr=0.019677
1781972170   epoch 6: test_acc = 6538/9984 = 65.484776%
1781972170   step 0/390: loss=0.877071
1781972170   step 1/390: loss=0.916845
1781972170   step 2/390: loss=1.021928
1781972174   step 100/390: loss=0.960132
1781972177   step 200/390: loss=0.837935
1781972181   step 300/390: loss=0.989232
1781972184 Epoch 7/40: loss=0.918521 lr=0.019429
1781972184   epoch 7: test_acc = 6763/9984 = 67.738381%
1781972184   step 0/390: loss=1.001614
1781972184   step 1/390: loss=0.817427
1781972184   step 2/390: loss=0.777557
1781972188   step 100/390: loss=0.808499
1781972191   step 200/390: loss=0.766438
1781972195   step 300/390: loss=0.940904
1781972198 Epoch 8/40: loss=0.877698 lr=0.019112
1781972198   epoch 8: test_acc = 6829/9984 = 68.399439%
1781972198   step 0/390: loss=0.739172
1781972198   step 1/390: loss=0.786168
1781972198   step 2/390: loss=0.693265
1781972202   step 100/390: loss=0.668575
1781972205   step 200/390: loss=0.690905
1781972209   step 300/390: loss=0.921101
1781972212 Epoch 9/40: loss=0.844098 lr=0.018730
1781972212   epoch 9: test_acc = 6701/9984 = 67.117388%
1781972212   step 0/390: loss=0.786694
1781972212   step 1/390: loss=0.873867
1781972212   step 2/390: loss=0.676386
1781972216   step 100/390: loss=0.751667
1781972219   step 200/390: loss=0.981192
1781972222   step 300/390: loss=0.735018
1781972226 Epoch 10/40: loss=0.814143 lr=0.018285
1781972226   epoch 10: test_acc = 6951/9984 = 69.621394%
1781972226   step 0/390: loss=0.753124
1781972226   step 1/390: loss=0.698222
1781972226   step 2/390: loss=0.875722
1781972229   step 100/390: loss=0.750074
1781972233   step 200/390: loss=0.761040
1781972236   step 300/390: loss=0.811461
1781972240 Epoch 11/40: loss=0.787359 lr=0.017780
1781972240   epoch 11: test_acc = 7016/9984 = 70.272436%
1781972240   step 0/390: loss=0.683976
1781972240   step 1/390: loss=0.626847
1781972240   step 2/390: loss=0.737067
1781972243   step 100/390: loss=0.832644
1781972247   step 200/390: loss=0.726343
1781972250   step 300/390: loss=0.828129
1781972254 Epoch 12/40: loss=0.769701 lr=0.017220
1781972254   epoch 12: test_acc = 7192/9984 = 72.035256%
1781972254   step 0/390: loss=0.942586
1781972254   step 1/390: loss=0.830561
1781972254   step 2/390: loss=0.697273
1781972257   step 100/390: loss=0.822007
1781972261   step 200/390: loss=0.697348
1781972264   step 300/390: loss=0.815453
1781972268 Epoch 13/40: loss=0.742394 lr=0.016607
1781972268   epoch 13: test_acc = 7171/9984 = 71.824920%
1781972268   step 0/390: loss=0.673853
1781972268   step 1/390: loss=0.724471
1781972268   step 2/390: loss=0.767611
1781972271   step 100/390: loss=0.723826
1781972275   step 200/390: loss=0.657919
1781972278   step 300/390: loss=0.720995
1781972282 Epoch 14/40: loss=0.721407 lr=0.015946
1781972282   epoch 14: test_acc = 7136/9984 = 71.474359%
1781972282   step 0/390: loss=0.613461
1781972282   step 1/390: loss=0.644489
1781972282   step 2/390: loss=0.781762
1781972285   step 100/390: loss=0.673849
1781972289   step 200/390: loss=0.769013
1781972292   step 300/390: loss=0.598305
1781972295 Epoch 15/40: loss=0.699864 lr=0.015243
1781972295   epoch 15: test_acc = 7125/9984 = 71.364183%
1781972296   step 0/390: loss=0.600225
1781972296   step 1/390: loss=0.536978
1781972296   step 2/390: loss=0.714750
1781972299   step 100/390: loss=0.593173
1781972302   step 200/390: loss=0.877844
1781972306   step 300/390: loss=0.636380
1781972309 Epoch 16/40: loss=0.676997 lr=0.014502
1781972309   epoch 16: test_acc = 7271/9984 = 72.826522%
1781972310   step 0/390: loss=0.580475
1781972310   step 1/390: loss=0.588253
1781972310   step 2/390: loss=0.629542
1781972313   step 100/390: loss=0.594566
1781972316   step 200/390: loss=0.749049
1781972320   step 300/390: loss=0.677993
1781972323 Epoch 17/40: loss=0.660618 lr=0.013729
1781972323   epoch 17: test_acc = 7290/9984 = 73.016827%
1781972323   step 0/390: loss=0.615733
1781972323   step 1/390: loss=0.718893
1781972323   step 2/390: loss=0.597505
1781972327   step 100/390: loss=0.716498
1781972330   step 200/390: loss=0.586377
1781972334   step 300/390: loss=0.611870
1781972337 Epoch 18/40: loss=0.641002 lr=0.012928
1781972337   epoch 18: test_acc = 7365/9984 = 73.768029%
1781972337   step 0/390: loss=0.685719
1781972337   step 1/390: loss=0.785254
1781972337   step 2/390: loss=0.633084
1781972341   step 100/390: loss=0.565559
1781972344   step 200/390: loss=0.552077
1781972348   step 300/390: loss=0.674443
1781972351 Epoch 19/40: loss=0.621947 lr=0.012107
1781972351   epoch 19: test_acc = 7304/9984 = 73.157051%
1781972351   step 0/390: loss=0.862774
1781972351   step 1/390: loss=0.631434
1781972351   step 2/390: loss=0.577048
1781972355   step 100/390: loss=0.689944
1781972358   step 200/390: loss=0.551016
1781972362   step 300/390: loss=0.632873
1781972365 Epoch 20/40: loss=0.596881 lr=0.011270
1781972365   epoch 20: test_acc = 7465/9984 = 74.769631%
1781972365   step 0/390: loss=0.534334
1781972365   step 1/390: loss=0.535119
1781972365   step 2/390: loss=0.491263
1781972369   step 100/390: loss=0.517124
1781972372   step 200/390: loss=0.548308
1781972375   step 300/390: loss=0.518709
1781972379 Epoch 21/40: loss=0.582776 lr=0.010424
1781972379   epoch 21: test_acc = 7498/9984 = 75.100160%
1781972379   step 0/390: loss=0.414310
1781972379   step 1/390: loss=0.557191
1781972379   step 2/390: loss=0.634125
1781972382   step 100/390: loss=0.729850
1781972386   step 200/390: loss=0.541774
1781972389   step 300/390: loss=0.594168
1781972393 Epoch 22/40: loss=0.551147 lr=0.009576
1781972393   epoch 22: test_acc = 7476/9984 = 74.879808%
1781972393   step 0/390: loss=0.512157
1781972393   step 1/390: loss=0.677079
1781972393   step 2/390: loss=0.461642
1781972396   step 100/390: loss=0.506062
1781972400   step 200/390: loss=0.641413
1781972403   step 300/390: loss=0.551323
1781972407 Epoch 23/40: loss=0.537131 lr=0.008730
1781972407   epoch 23: test_acc = 7522/9984 = 75.340545%
1781972407   step 0/390: loss=0.508591
1781972407   step 1/390: loss=0.497958
1781972407   step 2/390: loss=0.602093
1781972410   step 100/390: loss=0.532488
1781972413   step 200/390: loss=0.436324
1781972417   step 300/390: loss=0.652785
1781972420 Epoch 24/40: loss=0.510693 lr=0.007893
1781972420   epoch 24: test_acc = 7532/9984 = 75.440705%
1781972420   step 0/390: loss=0.352601
1781972420   step 1/390: loss=0.490688
1781972420   step 2/390: loss=0.417488
1781972424   step 100/390: loss=0.538245
1781972427   step 200/390: loss=0.477452
1781972431   step 300/390: loss=0.480087
1781972434 Epoch 25/40: loss=0.491049 lr=0.007072
1781972434   epoch 25: test_acc = 7612/9984 = 76.241987%
1781972434   step 0/390: loss=0.459463
1781972434   step 1/390: loss=0.480888
1781972434   step 2/390: loss=0.509541
1781972438   step 100/390: loss=0.375356
1781972441   step 200/390: loss=0.404406
1781972445   step 300/390: loss=0.411140
1781972448 Epoch 26/40: loss=0.463067 lr=0.006271
1781972448   epoch 26: test_acc = 7541/9984 = 75.530849%
1781972449   step 0/390: loss=0.376281
1781972449   step 1/390: loss=0.446849
1781972449   step 2/390: loss=0.572000
1781972452   step 100/390: loss=0.565852
1781972456   step 200/390: loss=0.632829
1781972459   step 300/390: loss=0.279675
1781972463 Epoch 27/40: loss=0.440468 lr=0.005498
1781972463   epoch 27: test_acc = 7598/9984 = 76.101763%
1781972463   step 0/390: loss=0.397394
1781972463   step 1/390: loss=0.512663
1781972463   step 2/390: loss=0.353502
1781972466   step 100/390: loss=0.432069
1781972470   step 200/390: loss=0.241173
1781972474   step 300/390: loss=0.476423
1781972477 Epoch 28/40: loss=0.417558 lr=0.004757
1781972477   epoch 28: test_acc = 7656/9984 = 76.682692%
1781972477   step 0/390: loss=0.420026
1781972477   step 1/390: loss=0.419487
1781972477   step 2/390: loss=0.423762
1781972481   step 100/390: loss=0.375207
1781972484   step 200/390: loss=0.414741
1781972488   step 300/390: loss=0.369937
1781972491 Epoch 29/40: loss=0.393845 lr=0.004054
1781972491   epoch 29: test_acc = 7656/9984 = 76.682692%
1781972492   step 0/390: loss=0.359457
1781972492   step 1/390: loss=0.511341
1781972492   step 2/390: loss=0.434595
1781972495   step 100/390: loss=0.365836
1781972499   step 200/390: loss=0.414639
1781972502   step 300/390: loss=0.360136
1781972506 Epoch 30/40: loss=0.362923 lr=0.003393
1781972506   epoch 30: test_acc = 7664/9984 = 76.762821%
1781972506   step 0/390: loss=0.385772
1781972506   step 1/390: loss=0.391884
1781972506   step 2/390: loss=0.350464
1781972509   step 100/390: loss=0.434789
1781972513   step 200/390: loss=0.354218
1781972517   step 300/390: loss=0.327449
1781972520 Epoch 31/40: loss=0.343505 lr=0.002780
1781972520   epoch 31: test_acc = 7673/9984 = 76.852965%
1781972520   step 0/390: loss=0.337081
1781972520   step 1/390: loss=0.257166
1781972520   step 2/390: loss=0.331191
1781972524   step 100/390: loss=0.244437
1781972527   step 200/390: loss=0.425626
1781972531   step 300/390: loss=0.289529
1781972534 Epoch 32/40: loss=0.319173 lr=0.002220
1781972534   epoch 32: test_acc = 7648/9984 = 76.602564%
1781972534   step 0/390: loss=0.301929
1781972535   step 1/390: loss=0.294269
1781972535   step 2/390: loss=0.283273
1781972538   step 100/390: loss=0.317684
1781972542   step 200/390: loss=0.306987
1781972545   step 300/390: loss=0.350408
1781972549 Epoch 33/40: loss=0.298733 lr=0.001715
1781972549   epoch 33: test_acc = 7657/9984 = 76.692708%
1781972549   step 0/390: loss=0.244747
1781972549   step 1/390: loss=0.280819
1781972549   step 2/390: loss=0.197610
1781972552   step 100/390: loss=0.277001
1781972556   step 200/390: loss=0.345713
1781972560   step 300/390: loss=0.224601
1781972563 Epoch 34/40: loss=0.278857 lr=0.001270
1781972563   epoch 34: test_acc = 7648/9984 = 76.602564%
1781972563   step 0/390: loss=0.294531
1781972563   step 1/390: loss=0.236011
1781972563   step 2/390: loss=0.225290
1781972567   step 100/390: loss=0.203631
1781972570   step 200/390: loss=0.151886
1781972574   step 300/390: loss=0.288974
1781972577 Epoch 35/40: loss=0.257238 lr=0.000888
1781972577   epoch 35: test_acc = 7666/9984 = 76.782853%
1781972578   step 0/390: loss=0.258293
1781972578   step 1/390: loss=0.262053
1781972578   step 2/390: loss=0.309808
1781972581   step 100/390: loss=0.179476
1781972585   step 200/390: loss=0.197324
1781972588   step 300/390: loss=0.258565
1781972592 Epoch 36/40: loss=0.245000 lr=0.000571
1781972592   epoch 36: test_acc = 7649/9984 = 76.612580%
1781972592   step 0/390: loss=0.213813
1781972592   step 1/390: loss=0.204999
1781972592   step 2/390: loss=0.295013
1781972596   step 100/390: loss=0.263571
1781972599   step 200/390: loss=0.305280
1781972603   step 300/390: loss=0.220415
1781972606 Epoch 37/40: loss=0.234164 lr=0.000323
1781972606   epoch 37: test_acc = 7643/9984 = 76.552484%
1781972606   step 0/390: loss=0.199024
1781972606   step 1/390: loss=0.271812
1781972607   step 2/390: loss=0.217288
1781972610   step 100/390: loss=0.262493
1781972614   step 200/390: loss=0.192650
1781972617   step 300/390: loss=0.204452
1781972621 Epoch 38/40: loss=0.228498 lr=0.000144
1781972621   epoch 38: test_acc = 7651/9984 = 76.632612%
1781972621   step 0/390: loss=0.257884
1781972621   step 1/390: loss=0.219390
1781972621   step 2/390: loss=0.170167
1781972624   step 100/390: loss=0.156043
1781972628   step 200/390: loss=0.166875
1781972632   step 300/390: loss=0.221863
1781972635 Epoch 39/40: loss=0.222873 lr=0.000036
1781972635   epoch 39: test_acc = 7665/9984 = 76.772837%
1781972635   step 0/390: loss=0.157888
1781972635   step 1/390: loss=0.275007
1781972635   step 2/390: loss=0.168021
1781972639   step 100/390: loss=0.246031
1781972642   step 200/390: loss=0.260756
1781972646   step 300/390: loss=0.249203
1781972649 Epoch 40/40: loss=NaN lr=0.000000
1781972649   epoch 40: test_acc = 7658/9984 = 76.702724%
1781972657 done (trained CIFAR-CNN8-wide with AdamW + cosine/warmup via packed threading).
1781972657 ════════ cifar8w (wide head) — AdamW (lr 1e-3) ════════
1781972657 Deeper CIFAR-10 CNN, MNIST-style wide head (8 convs, [16,16,32,32], 4 pools 32→2 → 128→512→512→10) via the VERIFIED renderer → IREE FFI → GPU
1781972657   iree-compile verified_mlir/cifar8w_adam_train_step.mlir
1781972657   iree-compile verified_mlir/cifar8w_fwd.mlir
1781972657   train 50000, test 10000; bs 128, CIFAR-CNN8-wide adam (cosine+warmup 3ep, baseLR 0.001000), He init
1781972657   step 0/390: loss=3.365332
1781972657   step 1/390: loss=3.303370
1781972657   step 2/390: loss=3.345875
1781972661   step 100/390: loss=2.165100
1781972664   step 200/390: loss=1.946172
1781972668   step 300/390: loss=1.831936
1781972671 Epoch 1/40: loss=2.040744 lr=0.000333
1781972671   epoch 1: test_acc = 4080/9984 = 40.865385%
1781972671   step 0/390: loss=1.631166
1781972672   step 1/390: loss=1.645841
1781972672   step 2/390: loss=1.571301
1781972675   step 100/390: loss=1.497898
1781972679   step 200/390: loss=1.577128
1781972682   step 300/390: loss=1.525292
1781972686 Epoch 2/40: loss=1.545272 lr=0.000667
1781972686   epoch 2: test_acc = 4698/9984 = 47.055288%
1781972686   step 0/390: loss=1.475806
1781972686   step 1/390: loss=1.526304
1781972686   step 2/390: loss=1.335015
1781972690   step 100/390: loss=1.283298
1781972693   step 200/390: loss=1.450573
1781972697   step 300/390: loss=1.273657
1781972701 Epoch 3/40: loss=1.372541 lr=0.001000
1781972701   epoch 3: test_acc = 5328/9984 = 53.365385%
1781972701   step 0/390: loss=1.344370
1781972701   step 1/390: loss=1.315390
1781972701   step 2/390: loss=1.178065
1781972704   step 100/390: loss=1.287864
1781972708   step 200/390: loss=1.186444
1781972712   step 300/390: loss=1.343113
1781972715 Epoch 4/40: loss=1.254047 lr=0.000998
1781972715   epoch 4: test_acc = 5817/9984 = 58.263221%
1781972715   step 0/390: loss=1.103260
1781972715   step 1/390: loss=1.222643
1781972715   step 2/390: loss=1.293895
1781972719   step 100/390: loss=1.084525
1781972722   step 200/390: loss=1.068887
1781972726   step 300/390: loss=0.980065
1781972730 Epoch 5/40: loss=1.144261 lr=0.000993
1781972730   epoch 5: test_acc = 5960/9984 = 59.695513%
1781972730   step 0/390: loss=1.129431
1781972730   step 1/390: loss=0.979882
1781972730   step 2/390: loss=1.158293
1781972733   step 100/390: loss=1.026358
1781972737   step 200/390: loss=1.333511
1781972741   step 300/390: loss=1.076412
1781972744 Epoch 6/40: loss=1.066707 lr=0.000984
1781972744   epoch 6: test_acc = 6106/9984 = 61.157853%
1781972744   step 0/390: loss=0.983228
1781972744   step 1/390: loss=1.067577
1781972744   step 2/390: loss=1.069215
1781972748   step 100/390: loss=1.054837
1781972752   step 200/390: loss=0.922350
1781972755   step 300/390: loss=1.086110
1781972759 Epoch 7/40: loss=1.008575 lr=0.000971
1781972759   epoch 7: test_acc = 6331/9984 = 63.411458%
1781972759   step 0/390: loss=1.028385
1781972759   step 1/390: loss=0.969230
1781972759   step 2/390: loss=0.751041
1781972763   step 100/390: loss=0.891534
1781972766   step 200/390: loss=0.841410
1781972770   step 300/390: loss=1.044584
1781972773 Epoch 8/40: loss=0.960373 lr=0.000956
1781972773   epoch 8: test_acc = 6559/9984 = 65.695112%
1781972774   step 0/390: loss=0.842672
1781972774   step 1/390: loss=0.795068
1781972774   step 2/390: loss=0.694939
1781972777   step 100/390: loss=0.881924
1781972781   step 200/390: loss=0.846084
1781972784   step 300/390: loss=1.000009
1781972788 Epoch 9/40: loss=0.908032 lr=0.000937
1781972788   epoch 9: test_acc = 6510/9984 = 65.204327%
1781972788   step 0/390: loss=1.047980
1781972788   step 1/390: loss=0.890080
1781972788   step 2/390: loss=0.772972
1781972792   step 100/390: loss=1.045251
1781972795   step 200/390: loss=1.026790
1781972799   step 300/390: loss=0.849014
1781972803 Epoch 10/40: loss=0.871900 lr=0.000914
1781972803   epoch 10: test_acc = 6840/9984 = 68.509615%
1781972803   step 0/390: loss=0.679603
1781972803   step 1/390: loss=0.803003
1781972803   step 2/390: loss=0.880221
1781972806   step 100/390: loss=0.776111
1781972810   step 200/390: loss=0.810246
1781972813   step 300/390: loss=0.821342
1781972817 Epoch 11/40: loss=0.827814 lr=0.000889
1781972817   epoch 11: test_acc = 6817/9984 = 68.279247%
1781972817   step 0/390: loss=0.773685
1781972817   step 1/390: loss=0.659427
1781972817   step 2/390: loss=0.689058
1781972821   step 100/390: loss=0.802041
1781972824   step 200/390: loss=0.729451
1781972828   step 300/390: loss=0.753731
1781972831 Epoch 12/40: loss=0.792346 lr=0.000861
1781972831   epoch 12: test_acc = 6782/9984 = 67.928686%
1781972832   step 0/390: loss=0.864920
1781972832   step 1/390: loss=0.843041
1781972832   step 2/390: loss=0.799178
1781972835   step 100/390: loss=0.754387
1781972839   step 200/390: loss=0.801093
1781972842   step 300/390: loss=0.795244
1781972846 Epoch 13/40: loss=0.770224 lr=0.000830
1781972846   epoch 13: test_acc = 6915/9984 = 69.260817%
1781972846   step 0/390: loss=0.805957
1781972846   step 1/390: loss=0.620087
1781972846   step 2/390: loss=0.825158
1781972849   step 100/390: loss=0.699777
1781972853   step 200/390: loss=0.675137
1781972857   step 300/390: loss=0.845874
1781972860 Epoch 14/40: loss=0.737944 lr=0.000797
1781972860   epoch 14: test_acc = 7048/9984 = 70.592949%
1781972860   step 0/390: loss=0.661825
1781972860   step 1/390: loss=0.726377
1781972861   step 2/390: loss=0.834270
1781972864   step 100/390: loss=0.756362
1781972868   step 200/390: loss=0.757428
1781972871   step 300/390: loss=0.673700
1781972875 Epoch 15/40: loss=0.707105 lr=0.000762
1781972875   epoch 15: test_acc = 7043/9984 = 70.542869%
1781972875   step 0/390: loss=0.541124
1781972875   step 1/390: loss=0.509282
1781972875   step 2/390: loss=0.638695
1781972879   step 100/390: loss=0.600450
1781972882   step 200/390: loss=0.756825
1781972886   step 300/390: loss=0.570925
1781972890 Epoch 16/40: loss=0.682136 lr=0.000725
1781972890   epoch 16: test_acc = 7154/9984 = 71.654647%
1781972890   step 0/390: loss=0.614309
1781972890   step 1/390: loss=0.581099
1781972890   step 2/390: loss=0.768183
1781972893   step 100/390: loss=0.722473
1781972897   step 200/390: loss=0.711822
1781972901   step 300/390: loss=0.645061
1781972904 Epoch 17/40: loss=0.646473 lr=0.000686
1781972904   epoch 17: test_acc = 7197/9984 = 72.085337%
1781972904   step 0/390: loss=0.614393
1781972904   step 1/390: loss=0.632559
1781972904   step 2/390: loss=0.646665
1781972908   step 100/390: loss=0.590397
1781972912   step 200/390: loss=0.613505
1781972915   step 300/390: loss=0.553354
1781972919 Epoch 18/40: loss=0.620044 lr=0.000646
1781972919   epoch 18: test_acc = 7133/9984 = 71.444311%
1781972919   step 0/390: loss=0.563370
1781972919   step 1/390: loss=0.732327
1781972919   step 2/390: loss=0.587731
1781972923   step 100/390: loss=0.614946
1781972926   step 200/390: loss=0.436304
1781972930   step 300/390: loss=0.590085
1781972934 Epoch 19/40: loss=0.589062 lr=0.000605
1781972934   epoch 19: test_acc = 7148/9984 = 71.594551%
1781972934   step 0/390: loss=0.679562
1781972934   step 1/390: loss=0.529665
1781972934   step 2/390: loss=0.485749
1781972937   step 100/390: loss=0.506377
1781972941   step 200/390: loss=0.558376
1781972945   step 300/390: loss=0.443717
1781972948 Epoch 20/40: loss=0.561291 lr=0.000564
1781972948   epoch 20: test_acc = 7298/9984 = 73.096955%
1781972948   step 0/390: loss=0.465472
1781972948   step 1/390: loss=0.407720
1781972948   step 2/390: loss=0.553721
1781972952   step 100/390: loss=0.450395
1781972956   step 200/390: loss=0.391414
1781972959   step 300/390: loss=0.488063
1781972963 Epoch 21/40: loss=0.529864 lr=0.000521
1781972963   epoch 21: test_acc = 7294/9984 = 73.056891%
1781972963   step 0/390: loss=0.423975
1781972963   step 1/390: loss=0.496110
1781972963   step 2/390: loss=0.449681
1781972966   step 100/390: loss=0.615676
1781972970   step 200/390: loss=0.511850
1781972974   step 300/390: loss=0.451479
1781972977 Epoch 22/40: loss=0.500630 lr=0.000479
1781972977   epoch 22: test_acc = 7315/9984 = 73.267228%
1781972977   step 0/390: loss=0.510132
1781972977   step 1/390: loss=0.614131
1781972977   step 2/390: loss=0.389780
1781972981   step 100/390: loss=0.436002
1781972985   step 200/390: loss=0.407780
1781972988   step 300/390: loss=0.451829
1781972992 Epoch 23/40: loss=0.472990 lr=0.000436
1781972992   epoch 23: test_acc = 7334/9984 = 73.457532%
1781972992   step 0/390: loss=0.416624
1781972992   step 1/390: loss=0.399761
1781972992   step 2/390: loss=0.484469
1781972996   step 100/390: loss=0.383194
1781972999   step 200/390: loss=0.438436
1781973003   step 300/390: loss=0.507428
1781973006 Epoch 24/40: loss=0.443751 lr=0.000395
1781973006   epoch 24: test_acc = 7288/9984 = 72.996795%
1781973006   step 0/390: loss=0.388077
1781973006   step 1/390: loss=0.506378
1781973007   step 2/390: loss=0.391091
1781973010   step 100/390: loss=0.384737
1781973014   step 200/390: loss=0.416160
1781973017   step 300/390: loss=0.383723
1781973021 Epoch 25/40: loss=0.411752 lr=0.000354
1781973021   epoch 25: test_acc = 7256/9984 = 72.676282%
1781973021   step 0/390: loss=0.384491
1781973021   step 1/390: loss=0.417762
1781973021   step 2/390: loss=0.432134
1781973025   step 100/390: loss=0.327156
1781973028   step 200/390: loss=0.410192
1781973032   step 300/390: loss=0.407179
1781973035 Epoch 26/40: loss=0.382969 lr=0.000314
1781973035   epoch 26: test_acc = 7299/9984 = 73.106971%
1781973036   step 0/390: loss=0.245069
1781973036   step 1/390: loss=0.383089
1781973036   step 2/390: loss=0.381590
1781973039   step 100/390: loss=0.347964
1781973043   step 200/390: loss=0.391233
1781973046   step 300/390: loss=0.274006
1781973050 Epoch 27/40: loss=0.347298 lr=0.000275
1781973050   epoch 27: test_acc = 7283/9984 = 72.946715%
1781973050   step 0/390: loss=0.337800
1781973050   step 1/390: loss=0.418211
1781973050   step 2/390: loss=0.320395
1781973054   step 100/390: loss=0.277322
1781973057   step 200/390: loss=0.233415
1781973061   step 300/390: loss=0.332943
1781973065 Epoch 28/40: loss=0.323400 lr=0.000238
1781973065   epoch 28: test_acc = 7333/9984 = 73.447516%
1781973065   step 0/390: loss=0.357946
1781973065   step 1/390: loss=0.365003
1781973065   step 2/390: loss=0.331797
1781973068   step 100/390: loss=0.310379
1781973072   step 200/390: loss=0.300316
1781973076   step 300/390: loss=0.225632
1781973079 Epoch 29/40: loss=0.291040 lr=0.000203
1781973079   epoch 29: test_acc = 7346/9984 = 73.577724%
1781973079   step 0/390: loss=0.231178
1781973079   step 1/390: loss=0.236092
1781973079   step 2/390: loss=0.293513
1781973083   step 100/390: loss=0.230890
1781973087   step 200/390: loss=0.343153
1781973090   step 300/390: loss=0.220953
1781973094 Epoch 30/40: loss=0.270212 lr=0.000170
1781973094   epoch 30: test_acc = 7309/9984 = 73.207131%
1781973094   step 0/390: loss=0.175751
1781973094   step 1/390: loss=0.263994
1781973094   step 2/390: loss=0.196555
1781973097   step 100/390: loss=0.306094
1781973101   step 200/390: loss=0.170754
1781973105   step 300/390: loss=0.226610
1781973108 Epoch 31/40: loss=0.243955 lr=0.000139
1781973108   epoch 31: test_acc = 7332/9984 = 73.437500%
1781973108   step 0/390: loss=0.267478
1781973108   step 1/390: loss=0.257841
1781973108   step 2/390: loss=0.254944
1781973112   step 100/390: loss=0.151607
1781973115   step 200/390: loss=0.237307
1781973119   step 300/390: loss=0.204945
1781973123 Epoch 32/40: loss=0.226204 lr=0.000111
1781973123   epoch 32: test_acc = 7339/9984 = 73.507612%
1781973123   step 0/390: loss=0.167364
1781973123   step 1/390: loss=0.150043
1781973123   step 2/390: loss=0.291961
1781973126   step 100/390: loss=0.243216
1781973130   step 200/390: loss=0.155689
1781973134   step 300/390: loss=0.267794
1781973137 Epoch 33/40: loss=0.208870 lr=0.000086
1781973137   epoch 33: test_acc = 7346/9984 = 73.577724%
1781973137   step 0/390: loss=0.176910
1781973137   step 1/390: loss=0.176223
1781973137   step 2/390: loss=0.132762
1781973141   step 100/390: loss=0.192507
1781973145   step 200/390: loss=0.340421
1781973148   step 300/390: loss=0.145209
1781973152 Epoch 34/40: loss=0.191906 lr=0.000063
1781973152   epoch 34: test_acc = 7358/9984 = 73.697917%
1781973152   step 0/390: loss=0.254115
1781973152   step 1/390: loss=0.195964
1781973152   step 2/390: loss=0.185272
1781973155   step 100/390: loss=0.124103
1781973159   step 200/390: loss=0.125478
1781973163   step 300/390: loss=0.177929
1781973166 Epoch 35/40: loss=0.181697 lr=0.000044
1781973166   epoch 35: test_acc = 7333/9984 = 73.447516%
1781973166   step 0/390: loss=0.137599
1781973166   step 1/390: loss=0.162494
1781973166   step 2/390: loss=0.251526
1781973170   step 100/390: loss=0.173812
1781973174   step 200/390: loss=0.150914
1781973177   step 300/390: loss=0.225721
1781973181 Epoch 36/40: loss=0.167485 lr=0.000029
1781973181   epoch 36: test_acc = 7354/9984 = 73.657853%
1781973181   step 0/390: loss=0.105122
1781973181   step 1/390: loss=0.173230
1781973181   step 2/390: loss=0.198492
1781973184   step 100/390: loss=0.155668
1781973188   step 200/390: loss=0.189996
1781973192   step 300/390: loss=0.117619
1781973195 Epoch 37/40: loss=0.163124 lr=0.000016
1781973195   epoch 37: test_acc = 7340/9984 = 73.517628%
1781973195   step 0/390: loss=0.188972
1781973195   step 1/390: loss=0.199571
1781973195   step 2/390: loss=0.100406
1781973199   step 100/390: loss=0.172142
1781973202   step 200/390: loss=0.113903
1781973206   step 300/390: loss=0.129536
1781973210 Epoch 38/40: loss=0.156607 lr=0.000007
1781973210   epoch 38: test_acc = 7340/9984 = 73.517628%
1781973210   step 0/390: loss=0.125129
1781973210   step 1/390: loss=0.224734
1781973210   step 2/390: loss=0.152795
1781973213   step 100/390: loss=0.082061
1781973217   step 200/390: loss=0.110716
1781973221   step 300/390: loss=0.175512
1781973224 Epoch 39/40: loss=0.155453 lr=0.000002
1781973224   epoch 39: test_acc = 7345/9984 = 73.567708%
1781973224   step 0/390: loss=0.133978
1781973224   step 1/390: loss=0.130988
1781973224   step 2/390: loss=0.147594
1781973228   step 100/390: loss=0.144078
1781973232   step 200/390: loss=0.121843
1781973235   step 300/390: loss=0.159401
1781973239 Epoch 40/40: loss=0.152782 lr=0.000000
1781973239   epoch 40: test_acc = 7345/9984 = 73.567708%
1781973239 done (trained CIFAR-CNN8-wide with AdamW + cosine/warmup via packed threading).
