DDPM UNet sincos-t bottleneck-attn (CIFAR 32x32x3): 2679427 params (epochs=30)
Generating train step MLIR...
  250858 chars
Compiling vmfb...
  train step compiled
Loading CIFAR-10...
  train: 50000 images (centered to [-1, 1])
  2679427 params, 30 MB
  session loaded
training: 1562 batches/epoch, batch=32, lr=0.000100
  step 0/1562: loss=1.905912 (204ms)
  step 1/1562: loss=1.802194 (195ms)
  step 2/1562: loss=1.721192 (210ms)
  step 200/1562: loss=0.405611 (194ms)
  step 400/1562: loss=0.278641 (200ms)
  step 600/1562: loss=0.217655 (201ms)
  step 800/1562: loss=0.181409 (194ms)
  step 1000/1562: loss=0.156844 (193ms)
  step 1200/1562: loss=0.175804 (201ms)
  step 1400/1562: loss=0.160323 (200ms)
Epoch 1/30: avg loss=0.269672 (324357ms)
  step 0/1562: loss=0.108688 (190ms)
  step 1/1562: loss=0.137250 (193ms)
  step 2/1562: loss=0.170946 (188ms)
  step 200/1562: loss=0.094068 (199ms)
  step 400/1562: loss=0.160249 (194ms)
  step 600/1562: loss=0.092153 (206ms)
  step 800/1562: loss=0.150106 (185ms)
  step 1000/1562: loss=0.077336 (196ms)
  step 1200/1562: loss=0.097982 (194ms)
  step 1400/1562: loss=0.117099 (201ms)
Epoch 2/30: avg loss=0.126152 (326578ms)
  step 0/1562: loss=0.106477 (205ms)
  step 1/1562: loss=0.133624 (196ms)
  step 2/1562: loss=0.103148 (194ms)
  step 200/1562: loss=0.123497 (186ms)
  step 400/1562: loss=0.162003 (209ms)
  step 600/1562: loss=0.083724 (189ms)
  step 800/1562: loss=0.065369 (198ms)
  step 1000/1562: loss=0.096027 (196ms)
  step 1200/1562: loss=0.118252 (190ms)
  step 1400/1562: loss=0.085913 (187ms)
Epoch 3/30: avg loss=0.106320 (326947ms)
  step 0/1562: loss=0.090813 (188ms)
  step 1/1562: loss=0.097507 (199ms)
  step 2/1562: loss=0.158525 (201ms)
  step 200/1562: loss=0.064986 (198ms)
  step 400/1562: loss=0.082949 (202ms)
  step 600/1562: loss=0.090864 (194ms)
  step 800/1562: loss=0.134425 (197ms)
  step 1000/1562: loss=0.064914 (200ms)
  step 1200/1562: loss=0.064999 (196ms)
  step 1400/1562: loss=0.068094 (195ms)
Epoch 4/30: avg loss=0.094500 (326121ms)
  step 0/1562: loss=0.061985 (212ms)
  step 1/1562: loss=0.086556 (210ms)
  step 2/1562: loss=0.109177 (289ms)
  step 200/1562: loss=0.089165 (198ms)
  step 400/1562: loss=0.072699 (191ms)
  step 600/1562: loss=0.076017 (200ms)
  step 800/1562: loss=0.097885 (196ms)
  step 1000/1562: loss=0.087962 (200ms)
  step 1200/1562: loss=0.092165 (197ms)
  step 1400/1562: loss=0.123962 (197ms)
Epoch 5/30: avg loss=0.089778 (322359ms)
  step 0/1562: loss=0.123518 (201ms)
  step 1/1562: loss=0.100283 (207ms)
  step 2/1562: loss=0.097600 (190ms)
  step 200/1562: loss=0.087420 (200ms)
  step 400/1562: loss=0.101138 (186ms)
  step 600/1562: loss=0.108150 (205ms)
  step 800/1562: loss=0.066241 (194ms)
  step 1000/1562: loss=0.054887 (190ms)
  step 1200/1562: loss=0.078672 (196ms)
  step 1400/1562: loss=0.093812 (196ms)
Epoch 6/30: avg loss=0.085710 (323495ms)
  step 0/1562: loss=0.115089 (181ms)
  step 1/1562: loss=0.063391 (187ms)
  step 2/1562: loss=0.055813 (200ms)
  step 200/1562: loss=0.097197 (198ms)
  step 400/1562: loss=0.061447 (196ms)
  step 600/1562: loss=0.099096 (196ms)
  step 800/1562: loss=0.117856 (186ms)
  step 1000/1562: loss=0.076953 (189ms)
  step 1200/1562: loss=0.092303 (201ms)
  step 1400/1562: loss=0.076292 (198ms)
Epoch 7/30: avg loss=0.083261 (323873ms)
  step 0/1562: loss=0.086387 (197ms)
  step 1/1562: loss=0.057932 (193ms)
  step 2/1562: loss=0.114751 (200ms)
  step 200/1562: loss=0.087765 (200ms)
  step 400/1562: loss=0.062062 (202ms)
  step 600/1562: loss=0.077786 (197ms)
  step 800/1562: loss=0.062728 (196ms)
  step 1000/1562: loss=0.079954 (195ms)
  step 1200/1562: loss=0.072811 (193ms)
  step 1400/1562: loss=0.056736 (187ms)
Epoch 8/30: avg loss=0.080151 (323820ms)
  step 0/1562: loss=0.094567 (188ms)
  step 1/1562: loss=0.081100 (187ms)
  step 2/1562: loss=0.071269 (191ms)
  step 200/1562: loss=0.066259 (193ms)
  step 400/1562: loss=0.087576 (190ms)
  step 600/1562: loss=0.064277 (193ms)
  step 800/1562: loss=0.080740 (205ms)
  step 1000/1562: loss=0.076234 (199ms)
  step 1200/1562: loss=0.077821 (207ms)
  step 1400/1562: loss=0.073932 (204ms)
Epoch 9/30: avg loss=0.078718 (324059ms)
  step 0/1562: loss=0.059428 (197ms)
  step 1/1562: loss=0.078161 (200ms)
  step 2/1562: loss=0.098847 (189ms)
  step 200/1562: loss=0.064326 (193ms)
  step 400/1562: loss=0.057287 (191ms)
  step 600/1562: loss=0.069210 (196ms)
  step 800/1562: loss=0.068805 (199ms)
  step 1000/1562: loss=0.063718 (190ms)
  step 1200/1562: loss=0.084528 (196ms)
  step 1400/1562: loss=0.058059 (204ms)
Epoch 10/30: avg loss=0.076656 (324334ms)
  step 0/1562: loss=0.083132 (196ms)
  step 1/1562: loss=0.112572 (204ms)
  step 2/1562: loss=0.047462 (201ms)
  step 200/1562: loss=0.090902 (194ms)
  step 400/1562: loss=0.060793 (192ms)
  step 600/1562: loss=0.051397 (198ms)
  step 800/1562: loss=0.039992 (200ms)
  step 1000/1562: loss=0.066226 (202ms)
  step 1200/1562: loss=0.051647 (198ms)
  step 1400/1562: loss=0.110898 (200ms)
Epoch 11/30: avg loss=0.076100 (324054ms)
  step 0/1562: loss=0.071411 (204ms)
  step 1/1562: loss=0.072224 (206ms)
  step 2/1562: loss=0.085478 (194ms)
  step 200/1562: loss=0.064613 (193ms)
  step 400/1562: loss=0.091969 (197ms)
  step 600/1562: loss=0.083011 (199ms)
  step 800/1562: loss=0.103286 (207ms)
  step 1000/1562: loss=0.077273 (198ms)
  step 1200/1562: loss=0.048563 (202ms)
  step 1400/1562: loss=0.069247 (191ms)
Epoch 12/30: avg loss=0.074940 (324694ms)
  step 0/1562: loss=0.097518 (197ms)
  step 1/1562: loss=0.105028 (192ms)
  step 2/1562: loss=0.077956 (200ms)
  step 200/1562: loss=0.094887 (198ms)
  step 400/1562: loss=0.062527 (197ms)
  step 600/1562: loss=0.056505 (193ms)
  step 800/1562: loss=0.058749 (193ms)
  step 1000/1562: loss=0.057883 (197ms)
  step 1200/1562: loss=0.115492 (193ms)
  step 1400/1562: loss=0.073480 (205ms)
Epoch 13/30: avg loss=0.074170 (323530ms)
  step 0/1562: loss=0.082538 (199ms)
  step 1/1562: loss=0.072087 (193ms)
  step 2/1562: loss=0.058133 (198ms)
  step 200/1562: loss=0.084738 (195ms)
  step 400/1562: loss=0.052759 (199ms)
  step 600/1562: loss=0.084499 (205ms)
  step 800/1562: loss=0.094612 (195ms)
  step 1000/1562: loss=0.040252 (201ms)
  step 1200/1562: loss=0.066418 (194ms)
  step 1400/1562: loss=0.059054 (188ms)
Epoch 14/30: avg loss=0.073443 (323207ms)
  step 0/1562: loss=0.061311 (196ms)
  step 1/1562: loss=0.097917 (196ms)
  step 2/1562: loss=0.060837 (194ms)
  step 200/1562: loss=0.103878 (196ms)
  step 400/1562: loss=0.051658 (202ms)
  step 600/1562: loss=0.063386 (199ms)
  step 800/1562: loss=0.068314 (199ms)
  step 1000/1562: loss=0.116616 (198ms)
  step 1200/1562: loss=0.067331 (203ms)
  step 1400/1562: loss=0.056596 (204ms)
Epoch 15/30: avg loss=0.072965 (324299ms)
  step 0/1562: loss=0.073058 (191ms)
  step 1/1562: loss=0.063085 (195ms)
  step 2/1562: loss=0.104616 (212ms)
  step 200/1562: loss=0.074189 (194ms)
  step 400/1562: loss=0.059835 (196ms)
  step 600/1562: loss=0.065399 (194ms)
  step 800/1562: loss=0.053267 (206ms)
  step 1000/1562: loss=0.073143 (197ms)
  step 1200/1562: loss=0.101654 (204ms)
  step 1400/1562: loss=0.079041 (198ms)
Epoch 16/30: avg loss=0.072131 (324041ms)
  step 0/1562: loss=0.038132 (188ms)
  step 1/1562: loss=0.065831 (196ms)
  step 2/1562: loss=0.048584 (200ms)
  step 200/1562: loss=0.064764 (195ms)
  step 400/1562: loss=0.125119 (195ms)
  step 600/1562: loss=0.100874 (194ms)
  step 800/1562: loss=0.059803 (193ms)
  step 1000/1562: loss=0.062425 (197ms)
  step 1200/1562: loss=0.061877 (185ms)
  step 1400/1562: loss=0.047660 (206ms)
Epoch 17/30: avg loss=0.073077 (324836ms)
  step 0/1562: loss=0.095056 (205ms)
  step 1/1562: loss=0.073866 (205ms)
  step 2/1562: loss=0.079858 (192ms)
  step 200/1562: loss=0.042610 (200ms)
  step 400/1562: loss=0.078205 (195ms)
  step 600/1562: loss=0.086851 (192ms)
  step 800/1562: loss=0.078616 (188ms)
  step 1000/1562: loss=0.066579 (199ms)
  step 1200/1562: loss=0.046847 (195ms)
  step 1400/1562: loss=0.080429 (200ms)
Epoch 18/30: avg loss=0.071777 (325510ms)
  step 0/1562: loss=0.057188 (206ms)
  step 1/1562: loss=0.092430 (197ms)
  step 2/1562: loss=0.046558 (199ms)
  step 200/1562: loss=0.101216 (196ms)
  step 400/1562: loss=0.058975 (202ms)
  step 600/1562: loss=0.071438 (195ms)
  step 800/1562: loss=0.074732 (190ms)
  step 1000/1562: loss=0.059371 (197ms)
  step 1200/1562: loss=0.065396 (194ms)
  step 1400/1562: loss=0.053740 (196ms)
Epoch 19/30: avg loss=0.070916 (323782ms)
  step 0/1562: loss=0.085336 (201ms)
  step 1/1562: loss=0.079429 (203ms)
  step 2/1562: loss=0.072895 (197ms)
  step 200/1562: loss=0.076933 (203ms)
  step 400/1562: loss=0.073320 (194ms)
  step 600/1562: loss=0.088486 (194ms)
  step 800/1562: loss=0.069216 (199ms)
  step 1000/1562: loss=0.062742 (192ms)
  step 1200/1562: loss=0.055516 (205ms)
  step 1400/1562: loss=0.069933 (192ms)
Epoch 20/30: avg loss=0.069841 (323047ms)
  step 0/1562: loss=0.052539 (195ms)
  step 1/1562: loss=0.104105 (194ms)
  step 2/1562: loss=0.094715 (203ms)
  step 200/1562: loss=0.093171 (198ms)
  step 400/1562: loss=0.044699 (197ms)
  step 600/1562: loss=0.071436 (197ms)
  step 800/1562: loss=0.044238 (198ms)
  step 1000/1562: loss=0.067878 (199ms)
  step 1200/1562: loss=0.074123 (201ms)
  step 1400/1562: loss=0.096711 (194ms)
Epoch 21/30: avg loss=0.070237 (323620ms)
  step 0/1562: loss=0.084180 (198ms)
  step 1/1562: loss=0.078725 (204ms)
  step 2/1562: loss=0.067002 (200ms)
  step 200/1562: loss=0.060299 (193ms)
  step 400/1562: loss=0.076333 (205ms)
  step 600/1562: loss=0.058353 (193ms)
  step 800/1562: loss=0.067194 (196ms)
  step 1000/1562: loss=0.073450 (193ms)
  step 1200/1562: loss=0.074219 (196ms)
  step 1400/1562: loss=0.072385 (193ms)
Epoch 22/30: avg loss=0.069711 (323626ms)
  step 0/1562: loss=0.094572 (199ms)
  step 1/1562: loss=0.052324 (193ms)
  step 2/1562: loss=0.085699 (191ms)
  step 200/1562: loss=0.075524 (198ms)
  step 400/1562: loss=0.048234 (199ms)
  step 600/1562: loss=0.046366 (191ms)
  step 800/1562: loss=0.067949 (199ms)
  step 1000/1562: loss=0.093993 (199ms)
  step 1200/1562: loss=0.094132 (194ms)
  step 1400/1562: loss=0.038871 (204ms)
Epoch 23/30: avg loss=0.069853 (323501ms)
  step 0/1562: loss=0.056229 (196ms)
  step 1/1562: loss=0.075779 (192ms)
  step 2/1562: loss=0.065265 (202ms)
  step 200/1562: loss=0.100862 (186ms)
  step 400/1562: loss=0.077599 (194ms)
  step 600/1562: loss=0.082629 (187ms)
  step 800/1562: loss=0.077968 (198ms)
  step 1000/1562: loss=0.053770 (208ms)
  step 1200/1562: loss=0.058564 (191ms)
  step 1400/1562: loss=0.062675 (203ms)
Epoch 24/30: avg loss=0.069747 (325322ms)
  step 0/1562: loss=0.066780 (196ms)
  step 1/1562: loss=0.072527 (200ms)
  step 2/1562: loss=0.069786 (196ms)
  step 200/1562: loss=0.068174 (187ms)
  step 400/1562: loss=0.081612 (202ms)
  step 600/1562: loss=0.070847 (192ms)
  step 800/1562: loss=0.074994 (188ms)
  step 1000/1562: loss=0.053795 (194ms)
  step 1200/1562: loss=0.063040 (197ms)
  step 1400/1562: loss=0.052080 (201ms)
Epoch 25/30: avg loss=0.068963 (324806ms)
  step 0/1562: loss=0.089190 (188ms)
  step 1/1562: loss=0.077694 (190ms)
  step 2/1562: loss=0.065151 (188ms)
  step 200/1562: loss=0.061440 (194ms)
  step 400/1562: loss=0.054985 (202ms)
  step 600/1562: loss=0.073411 (190ms)
  step 800/1562: loss=0.054127 (200ms)
  step 1000/1562: loss=0.029306 (184ms)
  step 1200/1562: loss=0.042044 (188ms)
  step 1400/1562: loss=0.052884 (194ms)
Epoch 26/30: avg loss=0.068160 (321467ms)
  step 0/1562: loss=0.061231 (204ms)
  step 1/1562: loss=0.110831 (203ms)
  step 2/1562: loss=0.056584 (197ms)
  step 200/1562: loss=0.041642 (200ms)
  step 400/1562: loss=0.045309 (189ms)
  step 600/1562: loss=0.073355 (193ms)
  step 800/1562: loss=0.068523 (193ms)
  step 1000/1562: loss=0.063540 (195ms)
  step 1200/1562: loss=0.054335 (197ms)
  step 1400/1562: loss=0.056442 (191ms)
Epoch 27/30: avg loss=0.068971 (323204ms)
  step 0/1562: loss=0.053649 (208ms)
  step 1/1562: loss=0.103331 (196ms)
  step 2/1562: loss=0.067839 (202ms)
  step 200/1562: loss=0.048693 (198ms)
  step 400/1562: loss=0.059507 (202ms)
  step 600/1562: loss=0.070668 (188ms)
  step 800/1562: loss=0.076848 (196ms)
  step 1000/1562: loss=0.063713 (194ms)
  step 1200/1562: loss=0.065825 (196ms)
  step 1400/1562: loss=0.031977 (190ms)
Epoch 28/30: avg loss=0.068150 (323976ms)
  step 0/1562: loss=0.092245 (193ms)
  step 1/1562: loss=0.049038 (198ms)
  step 2/1562: loss=0.072720 (193ms)
  step 200/1562: loss=0.072703 (185ms)
  step 400/1562: loss=0.078331 (198ms)
  step 600/1562: loss=0.058065 (190ms)
  step 800/1562: loss=0.076985 (200ms)
  step 1000/1562: loss=0.046278 (200ms)
  step 1200/1562: loss=0.084883 (199ms)
  step 1400/1562: loss=0.039631 (198ms)
Epoch 29/30: avg loss=0.068102 (323271ms)
  step 0/1562: loss=0.059632 (196ms)
  step 1/1562: loss=0.070262 (198ms)
  step 2/1562: loss=0.074329 (194ms)
  step 200/1562: loss=0.054170 (192ms)
  step 400/1562: loss=0.053878 (197ms)
  step 600/1562: loss=0.072962 (186ms)
  step 800/1562: loss=0.058553 (196ms)
  step 1000/1562: loss=0.048472 (204ms)
  step 1200/1562: loss=0.092189 (197ms)
  step 1400/1562: loss=0.078357 (200ms)
Epoch 30/30: avg loss=0.067776 (323802ms)
Saved params + BN stats.
