DDPM UNet sincos-t bottleneck-attn (CIFAR 32x32x3): 2679427 params (epochs=50)
Generating train step MLIR...
  250858 chars
Compiling vmfb...
  train step compiled
Loading CIFAR-10...
  train: 50000 images (centered to [-1, 1])
  2679427 params, 30 MB
  session loaded
training: 1562 batches/epoch, batch=32, lr=0.000500
  step 0/1562: loss=1.905912 (194ms)
  step 1/1562: loss=1.711099 (202ms)
  step 2/1562: loss=1.488707 (199ms)
  step 200/1562: loss=0.211107 (197ms)
  step 400/1562: loss=0.146645 (193ms)
  step 600/1562: loss=0.104733 (195ms)
  step 800/1562: loss=0.109733 (199ms)
  step 1000/1562: loss=0.096394 (189ms)
  step 1200/1562: loss=0.121262 (198ms)
  step 1400/1562: loss=0.105492 (198ms)
Epoch 1/50: avg loss=0.155792 (324610ms)
  step 0/1562: loss=0.073063 (197ms)
  step 1/1562: loss=0.092907 (195ms)
  step 2/1562: loss=0.130485 (198ms)
  step 200/1562: loss=0.076717 (202ms)
  step 400/1562: loss=0.124453 (195ms)
  step 600/1562: loss=0.064869 (204ms)
  step 800/1562: loss=0.110446 (189ms)
  step 1000/1562: loss=0.060798 (204ms)
  step 1200/1562: loss=0.070630 (195ms)
  step 1400/1562: loss=0.090940 (195ms)
Epoch 2/50: avg loss=0.097245 (324974ms)
  step 0/1562: loss=0.081435 (191ms)
  step 1/1562: loss=0.107886 (199ms)
  step 2/1562: loss=0.079307 (201ms)
  step 200/1562: loss=0.099293 (194ms)
  step 400/1562: loss=0.132379 (203ms)
  step 600/1562: loss=0.075778 (196ms)
  step 800/1562: loss=0.053146 (189ms)
  step 1000/1562: loss=0.079905 (199ms)
  step 1200/1562: loss=0.103112 (199ms)
  step 1400/1562: loss=0.069134 (201ms)
Epoch 3/50: avg loss=0.088705 (323029ms)
  step 0/1562: loss=0.077504 (196ms)
  step 1/1562: loss=0.081474 (192ms)
  step 2/1562: loss=0.134147 (201ms)
  step 200/1562: loss=0.053690 (193ms)
  step 400/1562: loss=0.071682 (198ms)
  step 600/1562: loss=0.078827 (195ms)
  step 800/1562: loss=0.115465 (199ms)
  step 1000/1562: loss=0.053129 (193ms)
  step 1200/1562: loss=0.056073 (195ms)
  step 1400/1562: loss=0.057524 (196ms)
Epoch 4/50: avg loss=0.080662 (322815ms)
  step 0/1562: loss=0.050543 (197ms)
  step 1/1562: loss=0.075332 (199ms)
  step 2/1562: loss=0.095432 (192ms)
  step 200/1562: loss=0.076972 (198ms)
  step 400/1562: loss=0.062673 (198ms)
  step 600/1562: loss=0.066390 (193ms)
  step 800/1562: loss=0.084787 (200ms)
  step 1000/1562: loss=0.077011 (202ms)
  step 1200/1562: loss=0.080328 (198ms)
  step 1400/1562: loss=0.108781 (200ms)
Epoch 5/50: avg loss=0.078650 (324010ms)
  step 0/1562: loss=0.109696 (192ms)
  step 1/1562: loss=0.089419 (195ms)
  step 2/1562: loss=0.087500 (189ms)
  step 200/1562: loss=0.076739 (197ms)
  step 400/1562: loss=0.089500 (194ms)
  step 600/1562: loss=0.096875 (198ms)
  step 800/1562: loss=0.057478 (187ms)
  step 1000/1562: loss=0.049590 (194ms)
  step 1200/1562: loss=0.068862 (197ms)
  step 1400/1562: loss=0.086192 (192ms)
Epoch 6/50: avg loss=0.077332 (323848ms)
  step 0/1562: loss=0.105016 (200ms)
  step 1/1562: loss=0.058466 (190ms)
  step 2/1562: loss=0.049705 (196ms)
  step 200/1562: loss=0.087836 (194ms)
  step 400/1562: loss=0.056147 (198ms)
  step 600/1562: loss=0.089551 (201ms)
  step 800/1562: loss=0.104658 (187ms)
  step 1000/1562: loss=0.068629 (201ms)
  step 1200/1562: loss=0.083088 (184ms)
  step 1400/1562: loss=0.069894 (203ms)
Epoch 7/50: avg loss=0.075357 (323951ms)
  step 0/1562: loss=0.075357 (203ms)
  step 1/1562: loss=0.051960 (196ms)
  step 2/1562: loss=0.101530 (195ms)
  step 200/1562: loss=0.079898 (201ms)
  step 400/1562: loss=0.055587 (190ms)
  step 600/1562: loss=0.071461 (196ms)
  step 800/1562: loss=0.056495 (194ms)
  step 1000/1562: loss=0.072483 (193ms)
  step 1200/1562: loss=0.065283 (203ms)
  step 1400/1562: loss=0.052173 (201ms)
Epoch 8/50: avg loss=0.073414 (324466ms)
  step 0/1562: loss=0.090592 (205ms)
  step 1/1562: loss=0.078042 (185ms)
  step 2/1562: loss=0.069389 (202ms)
  step 200/1562: loss=0.061732 (200ms)
  step 400/1562: loss=0.081787 (191ms)
  step 600/1562: loss=0.057209 (195ms)
  step 800/1562: loss=0.074625 (193ms)
  step 1000/1562: loss=0.070932 (204ms)
  step 1200/1562: loss=0.071884 (190ms)
  step 1400/1562: loss=0.069017 (203ms)
Epoch 9/50: avg loss=0.072597 (324943ms)
  step 0/1562: loss=0.052251 (199ms)
  step 1/1562: loss=0.069274 (193ms)
  step 2/1562: loss=0.089801 (202ms)
  step 200/1562: loss=0.058413 (197ms)
  step 400/1562: loss=0.052925 (199ms)
  step 600/1562: loss=0.064669 (196ms)
  step 800/1562: loss=0.061122 (181ms)
  step 1000/1562: loss=0.058616 (198ms)
  step 1200/1562: loss=0.077545 (202ms)
  step 1400/1562: loss=0.053762 (190ms)
Epoch 10/50: avg loss=0.070757 (324180ms)
  step 0/1562: loss=0.074992 (184ms)
  step 1/1562: loss=0.105512 (192ms)
  step 2/1562: loss=0.041814 (198ms)
  step 200/1562: loss=0.085080 (188ms)
  step 400/1562: loss=0.056723 (190ms)
  step 600/1562: loss=0.047136 (194ms)
  step 800/1562: loss=0.036730 (185ms)
  step 1000/1562: loss=0.060588 (194ms)
  step 1200/1562: loss=0.046374 (194ms)
  step 1400/1562: loss=0.103114 (205ms)
Epoch 11/50: avg loss=0.070547 (323526ms)
  step 0/1562: loss=0.066401 (198ms)
  step 1/1562: loss=0.069293 (204ms)
  step 2/1562: loss=0.079389 (199ms)
  step 200/1562: loss=0.059683 (191ms)
  step 400/1562: loss=0.082765 (197ms)
  step 600/1562: loss=0.077107 (189ms)
  step 800/1562: loss=0.096998 (205ms)
  step 1000/1562: loss=0.073301 (199ms)
  step 1200/1562: loss=0.046394 (199ms)
  step 1400/1562: loss=0.065059 (192ms)
Epoch 12/50: avg loss=0.069756 (326233ms)
  step 0/1562: loss=0.092900 (209ms)
  step 1/1562: loss=0.099851 (194ms)
  step 2/1562: loss=0.075035 (190ms)
  step 200/1562: loss=0.086293 (204ms)
  step 400/1562: loss=0.059538 (200ms)
  step 600/1562: loss=0.053041 (201ms)
  step 800/1562: loss=0.055119 (192ms)
  step 1000/1562: loss=0.053183 (200ms)
  step 1200/1562: loss=0.106857 (191ms)
  step 1400/1562: loss=0.064661 (198ms)
Epoch 13/50: avg loss=0.069388 (325711ms)
  step 0/1562: loss=0.076901 (206ms)
  step 1/1562: loss=0.066710 (200ms)
  step 2/1562: loss=0.054612 (207ms)
  step 200/1562: loss=0.078631 (210ms)
  step 400/1562: loss=0.048690 (197ms)
  step 600/1562: loss=0.078139 (195ms)
  step 800/1562: loss=0.086042 (199ms)
  step 1000/1562: loss=0.036509 (198ms)
  step 1200/1562: loss=0.061187 (204ms)
  step 1400/1562: loss=0.054507 (199ms)
Epoch 14/50: avg loss=0.068963 (328705ms)
  step 0/1562: loss=0.058670 (205ms)
  step 1/1562: loss=0.091942 (209ms)
  step 2/1562: loss=0.056774 (211ms)
  step 200/1562: loss=0.096447 (197ms)
  step 400/1562: loss=0.048868 (202ms)
  step 600/1562: loss=0.059993 (186ms)
  step 800/1562: loss=0.064949 (195ms)
  step 1000/1562: loss=0.109325 (198ms)
  step 1200/1562: loss=0.063197 (191ms)
  step 1400/1562: loss=0.057449 (193ms)
Epoch 15/50: avg loss=0.069908 (329700ms)
  step 0/1562: loss=0.071521 (205ms)
  step 1/1562: loss=0.061390 (201ms)
  step 2/1562: loss=0.101093 (201ms)
  step 200/1562: loss=0.070934 (197ms)
  step 400/1562: loss=0.058254 (191ms)
  step 600/1562: loss=0.062566 (197ms)
  step 800/1562: loss=0.049806 (346ms)
  step 1000/1562: loss=0.070301 (200ms)
  step 1200/1562: loss=0.094388 (195ms)
  step 1400/1562: loss=0.074904 (202ms)
Epoch 16/50: avg loss=0.068634 (339612ms)
  step 0/1562: loss=0.037193 (202ms)
  step 1/1562: loss=0.062841 (197ms)
  step 2/1562: loss=0.045840 (202ms)
  step 200/1562: loss=0.056552 (205ms)
  step 400/1562: loss=0.115862 (210ms)
  step 600/1562: loss=0.095097 (199ms)
  step 800/1562: loss=0.056141 (257ms)
  step 1000/1562: loss=0.058401 (198ms)
  step 1200/1562: loss=0.057110 (186ms)
  step 1400/1562: loss=0.045044 (187ms)
Epoch 17/50: avg loss=0.068394 (342905ms)
  step 0/1562: loss=0.089587 (202ms)
  step 1/1562: loss=0.067353 (203ms)
  step 2/1562: loss=0.076713 (197ms)
  step 200/1562: loss=0.041012 (199ms)
  step 400/1562: loss=0.073692 (189ms)
  step 600/1562: loss=0.081613 (190ms)
  step 800/1562: loss=0.073924 (207ms)
  step 1000/1562: loss=0.063875 (188ms)
  step 1200/1562: loss=0.043631 (197ms)
  step 1400/1562: loss=0.077408 (205ms)
Epoch 18/50: avg loss=0.068243 (327948ms)
  step 0/1562: loss=0.054468 (200ms)
  step 1/1562: loss=0.087183 (191ms)
  step 2/1562: loss=0.042049 (205ms)
  step 200/1562: loss=0.095901 (204ms)
  step 400/1562: loss=0.054313 (193ms)
  step 600/1562: loss=0.067549 (204ms)
  step 800/1562: loss=0.069565 (203ms)
  step 1000/1562: loss=0.057288 (204ms)
  step 1200/1562: loss=0.061707 (199ms)
  step 1400/1562: loss=0.050534 (200ms)
Epoch 19/50: avg loss=0.067184 (327679ms)
  step 0/1562: loss=0.080863 (206ms)
  step 1/1562: loss=0.076757 (208ms)
  step 2/1562: loss=0.069158 (201ms)
  step 200/1562: loss=0.072554 (202ms)
  step 400/1562: loss=0.068881 (206ms)
  step 600/1562: loss=0.085241 (195ms)
  step 800/1562: loss=0.066691 (199ms)
  step 1000/1562: loss=0.059606 (203ms)
  step 1200/1562: loss=0.051675 (186ms)
  step 1400/1562: loss=0.067071 (189ms)
Epoch 20/50: avg loss=0.067019 (324193ms)
  step 0/1562: loss=0.048839 (193ms)
  step 1/1562: loss=0.100906 (190ms)
  step 2/1562: loss=0.091890 (198ms)
  step 200/1562: loss=0.088704 (205ms)
  step 400/1562: loss=0.043038 (198ms)
  step 600/1562: loss=0.067434 (190ms)
  step 800/1562: loss=0.043679 (201ms)
  step 1000/1562: loss=0.064918 (188ms)
  step 1200/1562: loss=0.071063 (194ms)
  step 1400/1562: loss=0.091151 (185ms)
Epoch 21/50: avg loss=0.066952 (325269ms)
  step 0/1562: loss=0.079369 (202ms)
  step 1/1562: loss=0.075240 (192ms)
  step 2/1562: loss=0.064428 (191ms)
  step 200/1562: loss=0.055895 (202ms)
  step 400/1562: loss=0.072135 (200ms)
  step 600/1562: loss=0.056641 (188ms)
  step 800/1562: loss=0.063697 (188ms)
  step 1000/1562: loss=0.070680 (193ms)
  step 1200/1562: loss=0.070996 (190ms)
  step 1400/1562: loss=0.069216 (197ms)
Epoch 22/50: avg loss=0.066301 (321085ms)
  step 0/1562: loss=0.090214 (192ms)
  step 1/1562: loss=0.049997 (191ms)
  step 2/1562: loss=0.082243 (192ms)
  step 200/1562: loss=0.071675 (189ms)
  step 400/1562: loss=0.045085 (198ms)
  step 600/1562: loss=0.044299 (198ms)
  step 800/1562: loss=0.063550 (206ms)
  step 1000/1562: loss=0.090117 (206ms)
  step 1200/1562: loss=0.092633 (188ms)
  step 1400/1562: loss=0.035948 (193ms)
Epoch 23/50: avg loss=0.066582 (324231ms)
  step 0/1562: loss=0.054489 (188ms)
  step 1/1562: loss=0.071816 (200ms)
  step 2/1562: loss=0.062880 (203ms)
  step 200/1562: loss=0.098102 (198ms)
  step 400/1562: loss=0.074009 (202ms)
  step 600/1562: loss=0.078706 (188ms)
  step 800/1562: loss=0.067900 (201ms)
  step 1000/1562: loss=0.051503 (197ms)
  step 1200/1562: loss=0.055544 (193ms)
  step 1400/1562: loss=0.059343 (188ms)
Epoch 24/50: avg loss=0.066261 (321712ms)
  step 0/1562: loss=0.063209 (188ms)
  step 1/1562: loss=0.069722 (185ms)
  step 2/1562: loss=0.065887 (194ms)
  step 200/1562: loss=0.064545 (194ms)
  step 400/1562: loss=0.082839 (194ms)
  step 600/1562: loss=0.068001 (201ms)
  step 800/1562: loss=0.071429 (197ms)
  step 1000/1562: loss=0.051805 (194ms)
  step 1200/1562: loss=0.059626 (195ms)
  step 1400/1562: loss=0.049490 (193ms)
Epoch 25/50: avg loss=0.065970 (322121ms)
  step 0/1562: loss=0.084069 (195ms)
  step 1/1562: loss=0.075013 (199ms)
  step 2/1562: loss=0.062409 (202ms)
  step 200/1562: loss=0.059379 (191ms)
  step 400/1562: loss=0.054015 (203ms)
  step 600/1562: loss=0.070111 (209ms)
  step 800/1562: loss=0.052198 (202ms)
  step 1000/1562: loss=0.027582 (202ms)
  step 1200/1562: loss=0.039481 (202ms)
  step 1400/1562: loss=0.050446 (204ms)
Epoch 26/50: avg loss=0.065216 (323677ms)
  step 0/1562: loss=0.059480 (185ms)
  step 1/1562: loss=0.105753 (189ms)
  step 2/1562: loss=0.055115 (201ms)
  step 200/1562: loss=0.039559 (201ms)
  step 400/1562: loss=0.043951 (192ms)
  step 600/1562: loss=0.070890 (197ms)
  step 800/1562: loss=0.062957 (203ms)
  step 1000/1562: loss=0.061336 (201ms)
  step 1200/1562: loss=0.052048 (207ms)
  step 1400/1562: loss=0.054338 (201ms)
Epoch 27/50: avg loss=0.066067 (322325ms)
  step 0/1562: loss=0.051291 (205ms)
  step 1/1562: loss=0.099059 (204ms)
  step 2/1562: loss=0.064457 (204ms)
  step 200/1562: loss=0.046903 (201ms)
  step 400/1562: loss=0.057504 (201ms)
  step 600/1562: loss=0.066972 (189ms)
  step 800/1562: loss=0.074145 (190ms)
  step 1000/1562: loss=0.060786 (200ms)
  step 1200/1562: loss=0.076934 (194ms)
  step 1400/1562: loss=0.031610 (198ms)
Epoch 28/50: avg loss=0.066064 (321842ms)
  step 0/1562: loss=0.089041 (201ms)
  step 1/1562: loss=0.046600 (200ms)
  step 2/1562: loss=0.069639 (198ms)
  step 200/1562: loss=0.069049 (189ms)
  step 400/1562: loss=0.075242 (201ms)
  step 600/1562: loss=0.055389 (200ms)
  step 800/1562: loss=0.073032 (194ms)
  step 1000/1562: loss=0.045181 (206ms)
  step 1200/1562: loss=0.081768 (260ms)
  step 1400/1562: loss=0.038115 (190ms)
Epoch 29/50: avg loss=0.065511 (329474ms)
  step 0/1562: loss=0.057447 (202ms)
  step 1/1562: loss=0.066565 (195ms)
  step 2/1562: loss=0.072093 (195ms)
  step 200/1562: loss=0.052042 (191ms)
  step 400/1562: loss=0.052038 (193ms)
  step 600/1562: loss=0.070154 (184ms)
  step 800/1562: loss=0.056923 (188ms)
  step 1000/1562: loss=0.046822 (202ms)
  step 1200/1562: loss=0.087973 (191ms)
  step 1400/1562: loss=0.076446 (195ms)
Epoch 30/50: avg loss=0.065136 (323631ms)
  step 0/1562: loss=0.070141 (201ms)
  step 1/1562: loss=0.072633 (194ms)
  step 2/1562: loss=0.037217 (206ms)
  step 200/1562: loss=0.056225 (194ms)
  step 400/1562: loss=0.066084 (205ms)
  step 600/1562: loss=0.066760 (200ms)
  step 800/1562: loss=0.042750 (202ms)
  step 1000/1562: loss=0.070954 (197ms)
  step 1200/1562: loss=0.045498 (194ms)
  step 1400/1562: loss=0.027975 (198ms)
Epoch 31/50: avg loss=0.065475 (333588ms)
  step 0/1562: loss=0.059252 (195ms)
  step 1/1562: loss=0.057800 (196ms)
  step 2/1562: loss=0.048350 (203ms)
  step 200/1562: loss=0.071680 (358ms)
  step 400/1562: loss=0.076177 (193ms)
  step 600/1562: loss=0.055182 (202ms)
  step 800/1562: loss=0.076235 (204ms)
  step 1000/1562: loss=0.054965 (202ms)
  step 1200/1562: loss=0.067005 (190ms)
  step 1400/1562: loss=0.090834 (200ms)
Epoch 32/50: avg loss=0.064876 (331379ms)
  step 0/1562: loss=0.067663 (204ms)
  step 1/1562: loss=0.090061 (201ms)
  step 2/1562: loss=0.082629 (199ms)
  step 200/1562: loss=0.055917 (201ms)
  step 400/1562: loss=0.093380 (198ms)
  step 600/1562: loss=0.056498 (189ms)
  step 800/1562: loss=0.056091 (183ms)
  step 1000/1562: loss=0.061902 (194ms)
  step 1200/1562: loss=0.098318 (194ms)
  step 1400/1562: loss=0.070576 (192ms)
Epoch 33/50: avg loss=0.065284 (323088ms)
  step 0/1562: loss=0.071087 (195ms)
  step 1/1562: loss=0.052199 (207ms)
  step 2/1562: loss=0.049061 (194ms)
  step 200/1562: loss=0.082051 (188ms)
  step 400/1562: loss=0.072345 (201ms)
  step 600/1562: loss=0.044586 (203ms)
  step 800/1562: loss=0.039294 (193ms)
  step 1000/1562: loss=0.041377 (198ms)
  step 1200/1562: loss=0.046150 (200ms)
  step 1400/1562: loss=0.046001 (203ms)
Epoch 34/50: avg loss=0.064660 (324438ms)
  step 0/1562: loss=0.057774 (196ms)
  step 1/1562: loss=0.077398 (196ms)
  step 2/1562: loss=0.058461 (187ms)
  step 200/1562: loss=0.042912 (204ms)
  step 400/1562: loss=0.091250 (197ms)
  step 600/1562: loss=0.063799 (203ms)
  step 800/1562: loss=0.091449 (192ms)
  step 1000/1562: loss=0.061817 (194ms)
  step 1200/1562: loss=0.075470 (195ms)
  step 1400/1562: loss=0.073910 (202ms)
Epoch 35/50: avg loss=0.065146 (323152ms)
  step 0/1562: loss=0.066959 (194ms)
  step 1/1562: loss=0.056404 (191ms)
  step 2/1562: loss=0.091942 (196ms)
  step 200/1562: loss=0.101044 (195ms)
  step 400/1562: loss=0.075604 (191ms)
  step 600/1562: loss=0.072103 (200ms)
  step 800/1562: loss=0.056550 (209ms)
  step 1000/1562: loss=0.044819 (195ms)
  step 1200/1562: loss=0.083088 (195ms)
  step 1400/1562: loss=0.045418 (202ms)
Epoch 36/50: avg loss=0.064811 (322498ms)
  step 0/1562: loss=0.058152 (199ms)
  step 1/1562: loss=0.059577 (202ms)
  step 2/1562: loss=0.091530 (204ms)
  step 200/1562: loss=0.060200 (202ms)
  step 400/1562: loss=0.055074 (202ms)
  step 600/1562: loss=0.030277 (198ms)
  step 800/1562: loss=0.083442 (200ms)
  step 1000/1562: loss=0.077874 (200ms)
  step 1200/1562: loss=0.056352 (190ms)
  step 1400/1562: loss=0.049151 (196ms)
Epoch 37/50: avg loss=0.064727 (324827ms)
  step 0/1562: loss=0.061250 (196ms)
  step 1/1562: loss=0.046578 (203ms)
  step 2/1562: loss=0.078837 (200ms)
  step 200/1562: loss=0.062650 (202ms)
  step 400/1562: loss=0.118503 (193ms)
  step 600/1562: loss=0.061791 (197ms)
  step 800/1562: loss=0.088331 (196ms)
  step 1000/1562: loss=0.065095 (203ms)
  step 1200/1562: loss=0.069957 (191ms)
  step 1400/1562: loss=0.073310 (199ms)
Epoch 38/50: avg loss=0.065757 (322710ms)
  step 0/1562: loss=0.067046 (205ms)
  step 1/1562: loss=0.071146 (204ms)
  step 2/1562: loss=0.073370 (193ms)
  step 200/1562: loss=0.064513 (193ms)
  step 400/1562: loss=0.089847 (199ms)
  step 600/1562: loss=0.052413 (191ms)
  step 800/1562: loss=0.074140 (204ms)
  step 1000/1562: loss=0.046787 (202ms)
  step 1200/1562: loss=0.053873 (195ms)
  step 1400/1562: loss=0.058920 (202ms)
Epoch 39/50: avg loss=0.064815 (322882ms)
  step 0/1562: loss=0.049848 (190ms)
  step 1/1562: loss=0.085132 (196ms)
  step 2/1562: loss=0.065739 (200ms)
  step 200/1562: loss=0.081714 (196ms)
  step 400/1562: loss=0.047175 (209ms)
  step 600/1562: loss=0.074292 (201ms)
  step 800/1562: loss=0.083263 (194ms)
  step 1000/1562: loss=0.034542 (203ms)
  step 1200/1562: loss=0.071423 (196ms)
  step 1400/1562: loss=0.050099 (192ms)
Epoch 40/50: avg loss=0.064471 (322590ms)
  step 0/1562: loss=0.046658 (196ms)
  step 1/1562: loss=0.058062 (195ms)
  step 2/1562: loss=0.052896 (204ms)
  step 200/1562: loss=0.060158 (201ms)
  step 400/1562: loss=0.068232 (195ms)
  step 600/1562: loss=0.056461 (201ms)
  step 800/1562: loss=0.050756 (183ms)
  step 1000/1562: loss=0.069712 (200ms)
  step 1200/1562: loss=0.071506 (202ms)
  step 1400/1562: loss=0.074685 (191ms)
Epoch 41/50: avg loss=0.066266 (322339ms)
  step 0/1562: loss=0.042059 (197ms)
  step 1/1562: loss=0.115652 (200ms)
  step 2/1562: loss=0.085599 (193ms)
  step 200/1562: loss=0.052134 (193ms)
  step 400/1562: loss=0.086623 (197ms)
  step 600/1562: loss=0.047554 (191ms)
  step 800/1562: loss=0.067184 (203ms)
  step 1000/1562: loss=0.043132 (190ms)
  step 1200/1562: loss=0.069522 (195ms)
  step 1400/1562: loss=0.050041 (191ms)
Epoch 42/50: avg loss=0.063790 (322916ms)
  step 0/1562: loss=0.064351 (198ms)
  step 1/1562: loss=0.062350 (196ms)
  step 2/1562: loss=0.082658 (195ms)
  step 200/1562: loss=0.060788 (188ms)
  step 400/1562: loss=0.077555 (205ms)
  step 600/1562: loss=0.048435 (202ms)
  step 800/1562: loss=0.068777 (205ms)
  step 1000/1562: loss=0.051217 (198ms)
  step 1200/1562: loss=0.069986 (202ms)
  step 1400/1562: loss=0.053082 (202ms)
Epoch 43/50: avg loss=0.064249 (327928ms)
  step 0/1562: loss=0.082619 (205ms)
  step 1/1562: loss=0.083166 (197ms)
  step 2/1562: loss=0.068333 (193ms)
  step 200/1562: loss=0.035372 (193ms)
  step 400/1562: loss=0.063407 (197ms)
  step 600/1562: loss=0.074937 (195ms)
  step 800/1562: loss=0.091359 (197ms)
  step 1000/1562: loss=0.059726 (198ms)
  step 1200/1562: loss=0.049046 (187ms)
  step 1400/1562: loss=0.047805 (198ms)
Epoch 44/50: avg loss=0.063455 (323851ms)
  step 0/1562: loss=0.053759 (198ms)
  step 1/1562: loss=0.057313 (196ms)
  step 2/1562: loss=0.062636 (195ms)
  step 200/1562: loss=0.045728 (190ms)
  step 400/1562: loss=0.060053 (193ms)
  step 600/1562: loss=0.056053 (191ms)
  step 800/1562: loss=0.051346 (190ms)
  step 1000/1562: loss=0.058086 (194ms)
  step 1200/1562: loss=0.047808 (196ms)
  step 1400/1562: loss=0.067256 (193ms)
Epoch 45/50: avg loss=0.064347 (323027ms)
  step 0/1562: loss=0.059398 (187ms)
  step 1/1562: loss=0.066888 (191ms)
  step 2/1562: loss=0.085151 (190ms)
  step 200/1562: loss=0.095890 (198ms)
  step 400/1562: loss=0.051410 (192ms)
  step 600/1562: loss=0.056247 (202ms)
  step 800/1562: loss=0.075605 (197ms)
  step 1000/1562: loss=0.040136 (200ms)
  step 1200/1562: loss=0.077454 (192ms)
  step 1400/1562: loss=0.057680 (202ms)
Epoch 46/50: avg loss=0.064449 (322733ms)
  step 0/1562: loss=0.066101 (195ms)
  step 1/1562: loss=0.073828 (200ms)
  step 2/1562: loss=0.065076 (205ms)
  step 200/1562: loss=0.089176 (197ms)
  step 400/1562: loss=0.075793 (196ms)
  step 600/1562: loss=0.055807 (193ms)
  step 800/1562: loss=0.046932 (203ms)
  step 1000/1562: loss=0.063826 (195ms)
  step 1200/1562: loss=0.047039 (190ms)
  step 1400/1562: loss=0.062392 (194ms)
Epoch 47/50: avg loss=0.064187 (322259ms)
  step 0/1562: loss=0.073421 (194ms)
  step 1/1562: loss=0.065184 (193ms)
  step 2/1562: loss=0.049328 (195ms)
  step 200/1562: loss=0.075589 (199ms)
  step 400/1562: loss=0.071673 (198ms)
  step 600/1562: loss=0.062737 (194ms)
  step 800/1562: loss=0.054831 (196ms)
  step 1000/1562: loss=0.058240 (191ms)
  step 1200/1562: loss=0.042990 (193ms)
  step 1400/1562: loss=0.056278 (205ms)
Epoch 48/50: avg loss=0.065285 (322495ms)
  step 0/1562: loss=0.073914 (197ms)
  step 1/1562: loss=0.071723 (197ms)
  step 2/1562: loss=0.066456 (181ms)
  step 200/1562: loss=0.053984 (193ms)
  step 400/1562: loss=0.059537 (197ms)
  step 600/1562: loss=0.066437 (190ms)
  step 800/1562: loss=0.066115 (206ms)
  step 1000/1562: loss=0.115379 (192ms)
  step 1200/1562: loss=0.050915 (201ms)
  step 1400/1562: loss=0.059407 (195ms)
Epoch 49/50: avg loss=0.064132 (322531ms)
  step 0/1562: loss=0.058027 (189ms)
  step 1/1562: loss=0.088787 (191ms)
  step 2/1562: loss=0.054510 (191ms)
  step 200/1562: loss=0.058583 (197ms)
  step 400/1562: loss=0.037152 (184ms)
  step 600/1562: loss=0.051591 (194ms)
  step 800/1562: loss=0.125101 (189ms)
  step 1000/1562: loss=0.064397 (194ms)
  step 1200/1562: loss=0.037387 (186ms)
  step 1400/1562: loss=0.062674 (199ms)
Epoch 50/50: avg loss=0.063926 (322536ms)
Saved params + BN stats.
